2016-12-04T22:52:59.206-05:00 INFO    Replica is UP! 
2016-12-04T22:52:59.212-05:00 INFO    ReplicaUmer UDP Server Is UP! 
2016-12-04T22:52:59.575-05:00 INFO    Executing Opernation : heatBeat, on Server :Montreal 
2016-12-04T22:53:21.613-05:00 INFO    Replica is UP! 
2016-12-04T22:53:21.619-05:00 INFO    ReplicaUmer UDP Server Is UP! 
2016-12-04T22:53:21.979-05:00 INFO    Executing Opernation : heatBeat, on Server :Montreal 
2016-12-04T22:53:23.470-05:00 INFO    Executing Opernation : heatBeat, on Server :Montreal 
2016-12-04T22:53:24.971-05:00 INFO    Executing Opernation : heatBeat, on Server :Montreal 
2016-12-04T22:53:26.470-05:00 INFO    Executing Opernation : heatBeat, on Server :Montreal 
2016-12-04T22:53:27.972-05:00 INFO    Executing Opernation : heatBeat, on Server :Montreal 
2016-12-04T22:53:29.472-05:00 INFO    Executing Opernation : heatBeat, on Server :Montreal 
2016-12-04T22:53:30.972-05:00 INFO    Executing Opernation : heatBeat, on Server :Montreal 
2016-12-04T22:53:32.472-05:00 INFO    Executing Opernation : heatBeat, on Server :Montreal 
2016-12-04T22:55:16.905-05:00 INFO    Replica is UP! 
2016-12-04T22:55:16.911-05:00 INFO    ReplicaUmer UDP Server Is UP! 
2016-12-04T22:55:17.284-05:00 INFO    Executing Opernation : heatBeat, on Server :Montreal 
2016-12-04T22:59:13.861-05:00 INFO    Replica is UP! 
2016-12-04T22:59:13.868-05:00 INFO    ReplicaUmer UDP Server Is UP! 
2016-12-04T22:59:14.224-05:00 INFO    Executing Opernation : heatBeat, on Server :Montreal 
2016-12-04T22:59:54.243-05:00 INFO    Replica is UP! 
2016-12-04T22:59:54.249-05:00 INFO    ReplicaUmer UDP Server Is UP! 
2016-12-04T22:59:54.591-05:00 INFO    Executing Opernation : heatBeat, on Server :Montreal 
2016-12-04T23:00:07.618-05:00 INFO    Replica is UP! 
2016-12-04T23:00:07.622-05:00 INFO    ReplicaUmer UDP Server Is UP! 
2016-12-04T23:00:07.968-05:00 INFO    Executing Opernation : heatBeat, on Server :Montreal 
2016-12-04T23:01:53.446-05:00 INFO    Replica is UP! 
2016-12-04T23:01:53.451-05:00 INFO    ReplicaUmer UDP Server Is UP! 
2016-12-04T23:01:53.786-05:00 INFO    Executing Opernation : heatBeat, on Server :Montreal 
2016-12-04T23:02:11.505-05:00 INFO    Replica is UP! 
2016-12-04T23:02:11.509-05:00 INFO    ReplicaUmer UDP Server Is UP! 
2016-12-04T23:02:11.856-05:00 INFO    Executing Opernation : heatBeat, on Server :Montreal 
2016-12-04T23:02:36.028-05:00 INFO    Replica is UP! 
2016-12-04T23:02:36.038-05:00 INFO    ReplicaUmer UDP Server Is UP! 
2016-12-04T23:02:41.364-05:00 INFO    Executing Opernation : heatBeat, on Server :Montreal 
2016-12-04T23:03:30.289-05:00 INFO    Replica is UP! 
2016-12-04T23:03:30.298-05:00 INFO    ReplicaUmer UDP Server Is UP! 
2016-12-04T23:03:47.476-05:00 INFO    Executing Opernation : heatBeat, on Server :Montreal 
2016-12-04T23:04:42.602-05:00 INFO    Executing Opernation : heatBeat, on Server :Montreal 
2016-12-04T23:04:44.819-05:00 INFO    Executing Opernation : heatBeat, on Server :Montreal 
2016-12-04T23:04:52.954-05:00 INFO    Replica is UP! 
2016-12-04T23:04:52.960-05:00 INFO    ReplicaUmer UDP Server Is UP! 
2016-12-04T23:04:53.338-05:00 INFO    Executing Opernation : heatBeat, on Server :Montreal 
2016-12-04T23:05:27.798-05:00 INFO    Replica is UP! 
2016-12-04T23:05:27.802-05:00 INFO    ReplicaUmer UDP Server Is UP! 
2016-12-04T23:05:28.145-05:00 INFO    Executing Opernation : heatBeat, on Server :Montreal 
2016-12-04T23:05:43.140-05:00 INFO    Executing Opernation : heatBeat, on Server :Montreal 
2016-12-04T23:05:58.140-05:00 INFO    Executing Opernation : heatBeat, on Server :Montreal 
2016-12-04T23:06:13.140-05:00 INFO    Executing Opernation : heatBeat, on Server :Montreal 
2016-12-04T23:06:28.141-05:00 INFO    Executing Opernation : heatBeat, on Server :Montreal 
2016-12-04T23:06:43.143-05:00 INFO    Executing Opernation : heatBeat, on Server :Montreal 
2016-12-04T23:06:58.143-05:00 INFO    Executing Opernation : heatBeat, on Server :Montreal 
2016-12-04T23:07:13.142-05:00 INFO    Executing Opernation : heatBeat, on Server :Montreal 
2016-12-04T23:07:28.143-05:00 INFO    Executing Opernation : heatBeat, on Server :Montreal 
2016-12-04T23:07:43.143-05:00 INFO    Executing Opernation : heatBeat, on Server :Montreal 
2016-12-04T23:07:58.144-05:00 INFO    Executing Opernation : heatBeat, on Server :Montreal 
2016-12-04T23:08:13.144-05:00 INFO    Executing Opernation : heatBeat, on Server :Montreal 
2016-12-04T23:08:28.144-05:00 INFO    Executing Opernation : heatBeat, on Server :Montreal 
2016-12-04T23:08:43.144-05:00 INFO    Executing Opernation : heatBeat, on Server :Montreal 
2016-12-04T23:08:58.144-05:00 INFO    Executing Opernation : heatBeat, on Server :Montreal 
2016-12-04T23:09:13.144-05:00 INFO    Executing Opernation : heatBeat, on Server :Montreal 
2016-12-04T23:09:28.145-05:00 INFO    Executing Opernation : heatBeat, on Server :Montreal 
2016-12-04T23:09:43.144-05:00 INFO    Executing Opernation : heatBeat, on Server :Montreal 
2016-12-04T23:09:58.145-05:00 INFO    Executing Opernation : heatBeat, on Server :Montreal 
2016-12-04T23:10:13.145-05:00 INFO    Executing Opernation : heatBeat, on Server :Montreal 
2016-12-04T23:10:28.147-05:00 INFO    Executing Opernation : heatBeat, on Server :Montreal 
2016-12-04T23:10:43.147-05:00 INFO    Executing Opernation : heatBeat, on Server :Montreal 
2016-12-04T23:10:58.147-05:00 INFO    Executing Opernation : heatBeat, on Server :Montreal 
2016-12-04T23:11:13.148-05:00 INFO    Executing Opernation : heatBeat, on Server :Montreal 
2016-12-04T23:11:28.149-05:00 INFO    Executing Opernation : heatBeat, on Server :Montreal 
2016-12-04T23:11:43.149-05:00 INFO    Executing Opernation : heatBeat, on Server :Montreal 
2016-12-04T23:11:58.148-05:00 INFO    Executing Opernation : heatBeat, on Server :Montreal 
2016-12-04T23:12:13.149-05:00 INFO    Executing Opernation : heatBeat, on Server :Montreal 
2016-12-04T23:12:28.149-05:00 INFO    Executing Opernation : heatBeat, on Server :Montreal 
2016-12-04T23:12:43.149-05:00 INFO    Executing Opernation : heatBeat, on Server :Montreal 
2016-12-04T23:12:58.149-05:00 INFO    Executing Opernation : heatBeat, on Server :Montreal 
2016-12-04T23:13:13.149-05:00 INFO    Executing Opernation : heatBeat, on Server :Montreal 
2016-12-04T23:13:28.149-05:00 INFO    Executing Opernation : heatBeat, on Server :Montreal 
2016-12-04T23:13:43.150-05:00 INFO    Executing Opernation : heatBeat, on Server :Montreal 
2016-12-04T23:13:58.151-05:00 INFO    Executing Opernation : heatBeat, on Server :Montreal 
2016-12-04T23:14:13.150-05:00 INFO    Executing Opernation : heatBeat, on Server :Montreal 
2016-12-04T23:14:28.151-05:00 INFO    Executing Opernation : heatBeat, on Server :Montreal 
2016-12-04T23:14:43.151-05:00 INFO    Executing Opernation : heatBeat, on Server :Montreal 
2016-12-04T23:14:58.150-05:00 INFO    Executing Opernation : heatBeat, on Server :Montreal 
2016-12-04T23:15:13.150-05:00 INFO    Executing Opernation : heatBeat, on Server :Montreal 
2016-12-04T23:15:28.151-05:00 INFO    Executing Opernation : heatBeat, on Server :Montreal 
2016-12-04T23:15:43.152-05:00 INFO    Executing Opernation : heatBeat, on Server :Montreal 
2016-12-04T23:15:58.151-05:00 INFO    Executing Opernation : heatBeat, on Server :Montreal 
2016-12-04T23:16:13.152-05:00 INFO    Executing Opernation : heatBeat, on Server :Montreal 
2016-12-04T23:16:28.152-05:00 INFO    Executing Opernation : heatBeat, on Server :Montreal 
2016-12-04T23:16:43.152-05:00 INFO    Executing Opernation : heatBeat, on Server :Montreal 
2016-12-04T23:16:58.153-05:00 INFO    Executing Opernation : heatBeat, on Server :Montreal 
2016-12-04T23:17:13.153-05:00 INFO    Executing Opernation : heatBeat, on Server :Montreal 
2016-12-04T23:17:28.154-05:00 INFO    Executing Opernation : heatBeat, on Server :Montreal 
2016-12-04T23:17:43.154-05:00 INFO    Executing Opernation : heatBeat, on Server :Montreal 
2016-12-04T23:17:58.154-05:00 INFO    Executing Opernation : heatBeat, on Server :Montreal 
2016-12-04T23:18:13.155-05:00 INFO    Executing Opernation : heatBeat, on Server :Montreal 
2016-12-04T23:18:28.155-05:00 INFO    Executing Opernation : heatBeat, on Server :Montreal 
2016-12-04T23:18:43.156-05:00 INFO    Executing Opernation : heatBeat, on Server :Montreal 
2016-12-04T23:18:58.157-05:00 INFO    Executing Opernation : heatBeat, on Server :Montreal 
2016-12-04T23:19:13.157-05:00 INFO    Executing Opernation : heatBeat, on Server :Montreal 
2016-12-04T23:19:28.158-05:00 INFO    Executing Opernation : heatBeat, on Server :Montreal 
2016-12-04T23:19:43.157-05:00 INFO    Executing Opernation : heatBeat, on Server :Montreal 
2016-12-04T23:19:58.157-05:00 INFO    Executing Opernation : heatBeat, on Server :Montreal 
2016-12-04T23:20:13.158-05:00 INFO    Executing Opernation : heatBeat, on Server :Montreal 
2016-12-04T23:20:28.158-05:00 INFO    Executing Opernation : heatBeat, on Server :Montreal 
2016-12-04T23:20:43.159-05:00 INFO    Executing Opernation : heatBeat, on Server :Montreal 
2016-12-04T23:20:58.159-05:00 INFO    Executing Opernation : heatBeat, on Server :Montreal 
2016-12-04T23:21:13.160-05:00 INFO    Executing Opernation : heatBeat, on Server :Montreal 
2016-12-04T23:21:28.161-05:00 INFO    Executing Opernation : heatBeat, on Server :Montreal 
2016-12-04T23:21:43.160-05:00 INFO    Executing Opernation : heatBeat, on Server :Montreal 
2016-12-04T23:21:58.161-05:00 INFO    Executing Opernation : heatBeat, on Server :Montreal 
2016-12-04T23:22:13.161-05:00 INFO    Executing Opernation : heatBeat, on Server :Montreal 
2016-12-04T23:22:28.161-05:00 INFO    Executing Opernation : heatBeat, on Server :Montreal 
2016-12-04T23:22:43.162-05:00 INFO    Executing Opernation : heatBeat, on Server :Montreal 
2016-12-04T23:22:58.161-05:00 INFO    Executing Opernation : heatBeat, on Server :Montreal 
2016-12-04T23:23:13.161-05:00 INFO    Executing Opernation : heatBeat, on Server :Montreal 
2016-12-04T23:23:28.162-05:00 INFO    Executing Opernation : heatBeat, on Server :Montreal 
2016-12-04T23:23:43.162-05:00 INFO    Executing Opernation : heatBeat, on Server :Montreal 
2016-12-04T23:23:58.163-05:00 INFO    Executing Opernation : heatBeat, on Server :Montreal 
2016-12-04T23:24:13.163-05:00 INFO    Executing Opernation : heatBeat, on Server :Montreal 
2016-12-04T23:24:28.163-05:00 INFO    Executing Opernation : heatBeat, on Server :Montreal 
2016-12-04T23:24:43.163-05:00 INFO    Executing Opernation : heatBeat, on Server :Montreal 
2016-12-04T23:24:58.164-05:00 INFO    Executing Opernation : heatBeat, on Server :Montreal 
2016-12-04T23:25:13.163-05:00 INFO    Executing Opernation : heatBeat, on Server :Montreal 
2016-12-04T23:25:28.163-05:00 INFO    Executing Opernation : heatBeat, on Server :Montreal 
2016-12-04T23:25:43.164-05:00 INFO    Executing Opernation : heatBeat, on Server :Montreal 
2016-12-04T23:25:58.163-05:00 INFO    Executing Opernation : heatBeat, on Server :Montreal 
2016-12-04T23:26:13.163-05:00 INFO    Executing Opernation : heatBeat, on Server :Montreal 
2016-12-04T23:26:28.163-05:00 INFO    Executing Opernation : heatBeat, on Server :Montreal 
2016-12-04T23:26:43.166-05:00 INFO    Executing Opernation : heatBeat, on Server :Montreal 
2016-12-04T23:26:58.165-05:00 INFO    Executing Opernation : heatBeat, on Server :Montreal 
2016-12-04T23:27:13.164-05:00 INFO    Executing Opernation : heatBeat, on Server :Montreal 
2016-12-04T23:27:28.165-05:00 INFO    Executing Opernation : heatBeat, on Server :Montreal 
2016-12-04T23:27:43.166-05:00 INFO    Executing Opernation : heatBeat, on Server :Montreal 
2016-12-04T23:27:58.166-05:00 INFO    Executing Opernation : heatBeat, on Server :Montreal 
2016-12-04T23:28:13.166-05:00 INFO    Executing Opernation : heatBeat, on Server :Montreal 
2016-12-04T23:28:28.167-05:00 INFO    Executing Opernation : heatBeat, on Server :Montreal 
2016-12-04T23:28:43.166-05:00 INFO    Executing Opernation : heatBeat, on Server :Montreal 
2016-12-04T23:28:58.167-05:00 INFO    Executing Opernation : heatBeat, on Server :Montreal 
2016-12-04T23:29:13.166-05:00 INFO    Executing Opernation : heatBeat, on Server :Montreal 
2016-12-04T23:29:28.167-05:00 INFO    Executing Opernation : heatBeat, on Server :Montreal 
2016-12-04T23:29:43.166-05:00 INFO    Executing Opernation : heatBeat, on Server :Montreal 
2016-12-04T23:29:58.166-05:00 INFO    Executing Opernation : heatBeat, on Server :Montreal 
2016-12-04T23:30:13.167-05:00 INFO    Executing Opernation : heatBeat, on Server :Montreal 
2016-12-04T23:30:28.166-05:00 INFO    Executing Opernation : heatBeat, on Server :Montreal 
2016-12-04T23:30:43.167-05:00 INFO    Executing Opernation : heatBeat, on Server :Montreal 
2016-12-04T23:30:58.167-05:00 INFO    Executing Opernation : heatBeat, on Server :Montreal 
2016-12-04T23:31:13.167-05:00 INFO    Executing Opernation : heatBeat, on Server :Montreal 
2016-12-04T23:31:28.168-05:00 INFO    Executing Opernation : heatBeat, on Server :Montreal 
2016-12-04T23:31:43.168-05:00 INFO    Executing Opernation : heatBeat, on Server :Montreal 
2016-12-04T23:31:58.168-05:00 INFO    Executing Opernation : heatBeat, on Server :Montreal 
2016-12-04T23:32:13.168-05:00 INFO    Executing Opernation : heatBeat, on Server :Montreal 
2016-12-04T23:32:28.168-05:00 INFO    Executing Opernation : heatBeat, on Server :Montreal 
2016-12-04T23:32:43.168-05:00 INFO    Executing Opernation : heatBeat, on Server :Montreal 
2016-12-04T23:32:58.169-05:00 INFO    Executing Opernation : heatBeat, on Server :Montreal 
2016-12-04T23:33:13.169-05:00 INFO    Executing Opernation : heatBeat, on Server :Montreal 
2016-12-04T23:33:28.170-05:00 INFO    Executing Opernation : heatBeat, on Server :Montreal 
2016-12-04T23:33:43.170-05:00 INFO    Executing Opernation : heatBeat, on Server :Montreal 
2016-12-04T23:33:58.170-05:00 INFO    Executing Opernation : heatBeat, on Server :Montreal 
2016-12-04T23:34:13.171-05:00 INFO    Executing Opernation : heatBeat, on Server :Montreal 
2016-12-04T23:34:28.171-05:00 INFO    Executing Opernation : heatBeat, on Server :Montreal 
2016-12-04T23:34:43.171-05:00 INFO    Executing Opernation : heatBeat, on Server :Montreal 
2016-12-04T23:34:58.171-05:00 INFO    Executing Opernation : heatBeat, on Server :Montreal 
2016-12-04T23:35:13.171-05:00 INFO    Executing Opernation : heatBeat, on Server :Montreal 
2016-12-04T23:35:28.171-05:00 INFO    Executing Opernation : heatBeat, on Server :Montreal 
2016-12-04T23:35:43.172-05:00 INFO    Executing Opernation : heatBeat, on Server :Montreal 
2016-12-04T23:35:58.172-05:00 INFO    Executing Opernation : heatBeat, on Server :Montreal 
2016-12-04T23:36:13.171-05:00 INFO    Executing Opernation : heatBeat, on Server :Montreal 
2016-12-04T23:36:28.171-05:00 INFO    Executing Opernation : heatBeat, on Server :Montreal 
2016-12-04T23:36:43.171-05:00 INFO    Executing Opernation : heatBeat, on Server :Montreal 
2016-12-04T23:36:58.171-05:00 INFO    Executing Opernation : heatBeat, on Server :Montreal 
2016-12-04T23:37:13.172-05:00 INFO    Executing Opernation : heatBeat, on Server :Montreal 
2016-12-04T23:37:28.173-05:00 INFO    Executing Opernation : heatBeat, on Server :Montreal 
2016-12-04T23:37:43.173-05:00 INFO    Executing Opernation : heatBeat, on Server :Montreal 
2016-12-04T23:37:58.173-05:00 INFO    Executing Opernation : heatBeat, on Server :Montreal 
2016-12-04T23:38:13.173-05:00 INFO    Executing Opernation : heatBeat, on Server :Montreal 
2016-12-04T23:38:28.174-05:00 INFO    Executing Opernation : heatBeat, on Server :Montreal 
2016-12-04T23:38:43.175-05:00 INFO    Executing Opernation : heatBeat, on Server :Montreal 
2016-12-04T23:38:58.175-05:00 INFO    Executing Opernation : heatBeat, on Server :Montreal 
2016-12-04T23:39:13.176-05:00 INFO    Executing Opernation : heatBeat, on Server :Montreal 
2016-12-04T23:39:28.175-05:00 INFO    Executing Opernation : heatBeat, on Server :Montreal 
2016-12-04T23:39:43.175-05:00 INFO    Executing Opernation : heatBeat, on Server :Montreal 
2016-12-04T23:39:58.175-05:00 INFO    Executing Opernation : heatBeat, on Server :Montreal 
2016-12-04T23:40:13.175-05:00 INFO    Executing Opernation : heatBeat, on Server :Montreal 
2016-12-04T23:40:28.176-05:00 INFO    Executing Opernation : heatBeat, on Server :Montreal 
2016-12-04T23:40:43.176-05:00 INFO    Executing Opernation : heatBeat, on Server :Montreal 
2016-12-04T23:40:58.176-05:00 INFO    Executing Opernation : heatBeat, on Server :Montreal 
2016-12-04T23:41:13.175-05:00 INFO    Executing Opernation : heatBeat, on Server :Montreal 
2016-12-04T23:41:28.175-05:00 INFO    Executing Opernation : heatBeat, on Server :Montreal 
2016-12-04T23:41:43.175-05:00 INFO    Executing Opernation : heatBeat, on Server :Montreal 
2016-12-04T23:41:58.176-05:00 INFO    Executing Opernation : heatBeat, on Server :Montreal 
2016-12-04T23:42:13.176-05:00 INFO    Executing Opernation : heatBeat, on Server :Montreal 
2016-12-04T23:42:28.177-05:00 INFO    Executing Opernation : heatBeat, on Server :Montreal 
2016-12-04T23:42:43.177-05:00 INFO    Executing Opernation : heatBeat, on Server :Montreal 
2016-12-04T23:42:58.178-05:00 INFO    Executing Opernation : heatBeat, on Server :Montreal 
2016-12-04T23:43:13.178-05:00 INFO    Executing Opernation : heatBeat, on Server :Montreal 
2016-12-04T23:43:28.178-05:00 INFO    Executing Opernation : heatBeat, on Server :Montreal 
2016-12-04T23:43:43.178-05:00 INFO    Executing Opernation : heatBeat, on Server :Montreal 
2016-12-04T23:43:58.178-05:00 INFO    Executing Opernation : heatBeat, on Server :Montreal 
2016-12-04T23:44:13.178-05:00 INFO    Executing Opernation : heatBeat, on Server :Montreal 
2016-12-04T23:44:28.178-05:00 INFO    Executing Opernation : heatBeat, on Server :Montreal 
2016-12-04T23:44:43.179-05:00 INFO    Executing Opernation : heatBeat, on Server :Montreal 
2016-12-04T23:44:58.179-05:00 INFO    Executing Opernation : heatBeat, on Server :Montreal 
2016-12-04T23:45:13.179-05:00 INFO    Executing Opernation : heatBeat, on Server :Montreal 
2016-12-04T23:45:28.179-05:00 INFO    Executing Opernation : heatBeat, on Server :Montreal 
2016-12-04T23:45:43.179-05:00 INFO    Executing Opernation : heatBeat, on Server :Montreal 
2016-12-04T23:45:58.180-05:00 INFO    Executing Opernation : heatBeat, on Server :Montreal 
2016-12-04T23:46:13.179-05:00 INFO    Executing Opernation : heatBeat, on Server :Montreal 
2016-12-04T23:46:28.179-05:00 INFO    Executing Opernation : heatBeat, on Server :Montreal 
2016-12-04T23:46:43.180-05:00 INFO    Executing Opernation : heatBeat, on Server :Montreal 
2016-12-04T23:46:58.180-05:00 INFO    Executing Opernation : heatBeat, on Server :Montreal 
2016-12-04T23:47:13.180-05:00 INFO    Executing Opernation : heatBeat, on Server :Montreal 
2016-12-04T23:47:28.182-05:00 INFO    Executing Opernation : heatBeat, on Server :Montreal 
2016-12-04T23:47:43.182-05:00 INFO    Executing Opernation : heatBeat, on Server :Montreal 
2016-12-04T23:47:58.182-05:00 INFO    Executing Opernation : heatBeat, on Server :Montreal 
2016-12-04T23:48:13.182-05:00 INFO    Executing Opernation : heatBeat, on Server :Montreal 
2016-12-04T23:48:28.182-05:00 INFO    Executing Opernation : heatBeat, on Server :Montreal 
2016-12-04T23:48:43.183-05:00 INFO    Executing Opernation : heatBeat, on Server :Montreal 
2016-12-04T23:48:58.185-05:00 INFO    Executing Opernation : heatBeat, on Server :Montreal 
2016-12-04T23:49:13.183-05:00 INFO    Executing Opernation : heatBeat, on Server :Montreal 
2016-12-04T23:49:28.183-05:00 INFO    Executing Opernation : heatBeat, on Server :Montreal 
2016-12-04T23:49:43.184-05:00 INFO    Executing Opernation : heatBeat, on Server :Montreal 
2016-12-04T23:49:58.184-05:00 INFO    Executing Opernation : heatBeat, on Server :Montreal 
2016-12-04T23:50:13.184-05:00 INFO    Executing Opernation : heatBeat, on Server :Montreal 
2016-12-04T23:50:28.185-05:00 INFO    Executing Opernation : heatBeat, on Server :Montreal 
2016-12-04T23:50:43.185-05:00 INFO    Executing Opernation : heatBeat, on Server :Montreal 
2016-12-04T23:50:58.185-05:00 INFO    Executing Opernation : heatBeat, on Server :Montreal 
2016-12-04T23:51:13.186-05:00 INFO    Executing Opernation : heatBeat, on Server :Montreal 
2016-12-04T23:51:28.186-05:00 INFO    Executing Opernation : heatBeat, on Server :Montreal 
2016-12-04T23:51:43.186-05:00 INFO    Executing Opernation : heatBeat, on Server :Montreal 
2016-12-04T23:51:58.187-05:00 INFO    Executing Opernation : heatBeat, on Server :Montreal 
2016-12-04T23:52:13.187-05:00 INFO    Executing Opernation : heatBeat, on Server :Montreal 
2016-12-04T23:52:28.190-05:00 INFO    Executing Opernation : heatBeat, on Server :Montreal 
2016-12-04T23:52:43.189-05:00 INFO    Executing Opernation : heatBeat, on Server :Montreal 
2016-12-04T23:52:58.189-05:00 INFO    Executing Opernation : heatBeat, on Server :Montreal 
2016-12-04T23:53:13.189-05:00 INFO    Executing Opernation : heatBeat, on Server :Montreal 
2016-12-04T23:53:28.190-05:00 INFO    Executing Opernation : heatBeat, on Server :Montreal 
2016-12-04T23:53:43.190-05:00 INFO    Executing Opernation : heatBeat, on Server :Montreal 
2016-12-04T23:53:58.189-05:00 INFO    Executing Opernation : heatBeat, on Server :Montreal 
2016-12-04T23:54:13.189-05:00 INFO    Executing Opernation : heatBeat, on Server :Montreal 
2016-12-04T23:54:28.190-05:00 INFO    Executing Opernation : heatBeat, on Server :Montreal 
2016-12-04T23:54:43.190-05:00 INFO    Executing Opernation : heatBeat, on Server :Montreal 
2016-12-04T23:54:58.190-05:00 INFO    Executing Opernation : heatBeat, on Server :Montreal 
2016-12-04T23:55:13.191-05:00 INFO    Executing Opernation : heatBeat, on Server :Montreal 
2016-12-04T23:55:28.192-05:00 INFO    Executing Opernation : heatBeat, on Server :Montreal 
2016-12-04T23:55:43.193-05:00 INFO    Executing Opernation : heatBeat, on Server :Montreal 
2016-12-04T23:55:58.193-05:00 INFO    Executing Opernation : heatBeat, on Server :Montreal 
2016-12-04T23:56:13.193-05:00 INFO    Executing Opernation : heatBeat, on Server :Montreal 
2016-12-04T23:56:28.194-05:00 INFO    Executing Opernation : heatBeat, on Server :Montreal 
2016-12-04T23:56:43.194-05:00 INFO    Executing Opernation : heatBeat, on Server :Montreal 
2016-12-04T23:56:58.195-05:00 INFO    Executing Opernation : heatBeat, on Server :Montreal 
2016-12-04T23:57:13.195-05:00 INFO    Executing Opernation : heatBeat, on Server :Montreal 
2016-12-04T23:57:28.195-05:00 INFO    Executing Opernation : heatBeat, on Server :Montreal 
2016-12-04T23:57:43.195-05:00 INFO    Executing Opernation : heatBeat, on Server :Montreal 
2016-12-04T23:57:58.195-05:00 INFO    Executing Opernation : heatBeat, on Server :Montreal 
2016-12-04T23:58:13.196-05:00 INFO    Executing Opernation : heatBeat, on Server :Montreal 
2016-12-04T23:58:28.196-05:00 INFO    Executing Opernation : heatBeat, on Server :Montreal 
2016-12-04T23:58:43.196-05:00 INFO    Executing Opernation : heatBeat, on Server :Montreal 
2016-12-04T23:58:58.196-05:00 INFO    Executing Opernation : heatBeat, on Server :Montreal 
2016-12-04T23:59:13.197-05:00 INFO    Executing Opernation : heatBeat, on Server :Montreal 
2016-12-04T23:59:28.200-05:00 INFO    Executing Opernation : heatBeat, on Server :Montreal 
2016-12-04T23:59:43.198-05:00 INFO    Executing Opernation : heatBeat, on Server :Montreal 
2016-12-04T23:59:58.198-05:00 INFO    Executing Opernation : heatBeat, on Server :Montreal 
2016-12-05T00:00:13.199-05:00 INFO    Executing Opernation : heatBeat, on Server :Montreal 
2016-12-05T00:00:28.199-05:00 INFO    Executing Opernation : heatBeat, on Server :Montreal 
2016-12-05T00:00:43.199-05:00 INFO    Executing Opernation : heatBeat, on Server :Montreal 
2016-12-05T00:00:58.199-05:00 INFO    Executing Opernation : heatBeat, on Server :Montreal 
2016-12-05T00:01:13.200-05:00 INFO    Executing Opernation : heatBeat, on Server :Montreal 
2016-12-05T00:01:28.200-05:00 INFO    Executing Opernation : heatBeat, on Server :Montreal 
2016-12-05T00:01:43.201-05:00 INFO    Executing Opernation : heatBeat, on Server :Montreal 
2016-12-05T00:01:58.202-05:00 INFO    Executing Opernation : heatBeat, on Server :Montreal 
2016-12-05T00:02:13.200-05:00 INFO    Executing Opernation : heatBeat, on Server :Montreal 
2016-12-05T00:02:28.200-05:00 INFO    Executing Opernation : heatBeat, on Server :Montreal 
2016-12-05T00:02:43.201-05:00 INFO    Executing Opernation : heatBeat, on Server :Montreal 
2016-12-05T00:02:58.201-05:00 INFO    Executing Opernation : heatBeat, on Server :Montreal 
2016-12-05T00:03:13.201-05:00 INFO    Executing Opernation : heatBeat, on Server :Montreal 
2016-12-05T00:03:28.201-05:00 INFO    Executing Opernation : heatBeat, on Server :Montreal 
2016-12-05T00:03:43.201-05:00 INFO    Executing Opernation : heatBeat, on Server :Montreal 
2016-12-05T00:03:58.201-05:00 INFO    Executing Opernation : heatBeat, on Server :Montreal 
2016-12-05T00:04:13.202-05:00 INFO    Executing Opernation : heatBeat, on Server :Montreal 
2016-12-05T00:04:28.203-05:00 INFO    Executing Opernation : heatBeat, on Server :Montreal 
2016-12-05T00:04:43.204-05:00 INFO    Executing Opernation : heatBeat, on Server :Montreal 
2016-12-05T00:04:58.204-05:00 INFO    Executing Opernation : heatBeat, on Server :Montreal 
2016-12-05T00:05:13.203-05:00 INFO    Executing Opernation : heatBeat, on Server :Montreal 
2016-12-05T00:05:28.205-05:00 INFO    Executing Opernation : heatBeat, on Server :Montreal 
2016-12-05T00:05:43.205-05:00 INFO    Executing Opernation : heatBeat, on Server :Montreal 
2016-12-05T00:05:58.205-05:00 INFO    Executing Opernation : heatBeat, on Server :Montreal 
2016-12-05T00:06:13.205-05:00 INFO    Executing Opernation : heatBeat, on Server :Montreal 
2016-12-05T00:06:28.205-05:00 INFO    Executing Opernation : heatBeat, on Server :Montreal 
2016-12-05T00:06:43.205-05:00 INFO    Executing Opernation : heatBeat, on Server :Montreal 
2016-12-05T00:06:58.206-05:00 INFO    Executing Opernation : heatBeat, on Server :Montreal 
2016-12-05T00:07:13.206-05:00 INFO    Executing Opernation : heatBeat, on Server :Montreal 
2016-12-05T00:07:28.206-05:00 INFO    Executing Opernation : heatBeat, on Server :Montreal 
2016-12-05T00:07:43.207-05:00 INFO    Executing Opernation : heatBeat, on Server :Montreal 
2016-12-05T00:07:58.208-05:00 INFO    Executing Opernation : heatBeat, on Server :Montreal 
2016-12-05T00:08:13.208-05:00 INFO    Executing Opernation : heatBeat, on Server :Montreal 
2016-12-05T00:08:28.207-05:00 INFO    Executing Opernation : heatBeat, on Server :Montreal 
2016-12-05T00:08:43.208-05:00 INFO    Executing Opernation : heatBeat, on Server :Montreal 
2016-12-05T00:08:58.208-05:00 INFO    Executing Opernation : heatBeat, on Server :Montreal 
2016-12-05T00:09:13.208-05:00 INFO    Executing Opernation : heatBeat, on Server :Montreal 
2016-12-05T00:09:28.208-05:00 INFO    Executing Opernation : heatBeat, on Server :Montreal 
2016-12-05T00:09:43.208-05:00 INFO    Executing Opernation : heatBeat, on Server :Montreal 
2016-12-05T00:09:58.208-05:00 INFO    Executing Opernation : heatBeat, on Server :Montreal 
2016-12-05T00:10:13.208-05:00 INFO    Executing Opernation : heatBeat, on Server :Montreal 
2016-12-05T00:10:28.208-05:00 INFO    Executing Opernation : heatBeat, on Server :Montreal 
2016-12-05T00:10:43.208-05:00 INFO    Executing Opernation : heatBeat, on Server :Montreal 
2016-12-05T00:10:58.209-05:00 INFO    Executing Opernation : heatBeat, on Server :Montreal 
2016-12-05T00:11:13.209-05:00 INFO    Executing Opernation : heatBeat, on Server :Montreal 
2016-12-05T00:11:28.209-05:00 INFO    Executing Opernation : heatBeat, on Server :Montreal 
2016-12-05T00:11:43.209-05:00 INFO    Executing Opernation : heatBeat, on Server :Montreal 
2016-12-05T00:11:58.209-05:00 INFO    Executing Opernation : heatBeat, on Server :Montreal 
2016-12-05T00:12:13.209-05:00 INFO    Executing Opernation : heatBeat, on Server :Montreal 
2016-12-05T00:12:28.210-05:00 INFO    Executing Opernation : heatBeat, on Server :Montreal 
2016-12-05T00:12:43.209-05:00 INFO    Executing Opernation : heatBeat, on Server :Montreal 
2016-12-05T00:12:58.210-05:00 INFO    Executing Opernation : heatBeat, on Server :Montreal 
2016-12-05T00:13:13.209-05:00 INFO    Executing Opernation : heatBeat, on Server :Montreal 
2016-12-05T00:13:28.211-05:00 INFO    Executing Opernation : heatBeat, on Server :Montreal 
2016-12-05T00:13:43.210-05:00 INFO    Executing Opernation : heatBeat, on Server :Montreal 
2016-12-05T00:13:58.211-05:00 INFO    Executing Opernation : heatBeat, on Server :Montreal 
2016-12-05T00:14:13.211-05:00 INFO    Executing Opernation : heatBeat, on Server :Montreal 
2016-12-05T00:18:49.633-05:00 INFO    Replica is UP! 
2016-12-05T00:18:49.749-05:00 INFO    ReplicaUmer UDP Server Is UP! 
2016-12-05T00:18:50.183-05:00 INFO    Executing Opernation : heatBeat, on Server :Montreal 
2016-12-05T00:19:05.177-05:00 INFO    Executing Opernation : heatBeat, on Server :Montreal 
2016-12-05T00:19:20.178-05:00 INFO    Executing Opernation : heatBeat, on Server :Montreal 
2016-12-05T00:19:35.178-05:00 INFO    Executing Opernation : heatBeat, on Server :Montreal 
2016-12-05T00:36:09.102-05:00 INFO    Replica is UP! 
2016-12-05T00:36:09.126-05:00 INFO    ReplicaUmer UDP Server Is UP! 
2016-12-05T00:36:10.113-05:00 INFO    Executing Opernation : heatBeat, on Server :Montreal 
2016-12-05T00:36:25.081-05:00 INFO    Executing Opernation : heatBeat, on Server :Montreal 
2016-12-05T00:36:40.080-05:00 INFO    Executing Opernation : heatBeat, on Server :Montreal 
2016-12-05T00:36:55.080-05:00 INFO    Executing Opernation : heatBeat, on Server :Montreal 
2016-12-05T00:37:10.080-05:00 INFO    Executing Opernation : heatBeat, on Server :Montreal 
2016-12-05T00:37:25.080-05:00 INFO    Executing Opernation : heatBeat, on Server :Montreal 
2016-12-05T00:37:40.080-05:00 INFO    Executing Opernation : heatBeat, on Server :Montreal 
2016-12-05T00:37:55.080-05:00 INFO    Executing Opernation : heatBeat, on Server :Montreal 
2016-12-05T00:38:10.081-05:00 INFO    Executing Opernation : heatBeat, on Server :Montreal 
2016-12-05T00:38:20.483-05:00 INFO    Replica is UP! 
2016-12-05T00:38:20.497-05:00 INFO    ReplicaUmer UDP Server Is UP! 
2016-12-05T00:38:20.978-05:00 INFO    Executing Opernation : heatBeat, on Server :Montreal 
2016-12-05T00:38:35.972-05:00 INFO    Executing Opernation : heatBeat, on Server :Montreal 
2016-12-05T00:38:50.973-05:00 INFO    Executing Opernation : heatBeat, on Server :Montreal 
2016-12-05T00:39:05.973-05:00 INFO    Executing Opernation : heatBeat, on Server :Montreal 
2016-12-05T00:39:20.974-05:00 INFO    Executing Opernation : heatBeat, on Server :Montreal 
2016-12-05T00:39:35.973-05:00 INFO    Executing Opernation : heatBeat, on Server :Montreal 
2016-12-05T00:39:50.974-05:00 INFO    Executing Opernation : heatBeat, on Server :Montreal 
2016-12-05T00:40:05.974-05:00 INFO    Executing Opernation : heatBeat, on Server :Montreal 
2016-12-05T00:40:20.975-05:00 INFO    Executing Opernation : heatBeat, on Server :Montreal 
2016-12-05T00:40:35.975-05:00 INFO    Executing Opernation : heatBeat, on Server :Montreal 
2016-12-05T00:40:50.975-05:00 INFO    Executing Opernation : heatBeat, on Server :Montreal 
2016-12-05T00:41:05.975-05:00 INFO    Executing Opernation : heatBeat, on Server :Montreal 
2016-12-05T00:41:20.975-05:00 INFO    Executing Opernation : heatBeat, on Server :Montreal 
2016-12-05T00:41:35.976-05:00 INFO    Executing Opernation : heatBeat, on Server :Montreal 
2016-12-05T00:41:50.975-05:00 INFO    Executing Opernation : heatBeat, on Server :Montreal 
2016-12-05T00:42:05.975-05:00 INFO    Executing Opernation : heatBeat, on Server :Montreal 
2016-12-05T00:42:20.976-05:00 INFO    Executing Opernation : heatBeat, on Server :Montreal 
2016-12-05T00:42:35.975-05:00 INFO    Executing Opernation : heatBeat, on Server :Montreal 
2016-12-05T00:43:58.860-05:00 INFO    Replica is UP! 
2016-12-05T00:43:58.865-05:00 INFO    ReplicaUmer UDP Server Is UP! 
2016-12-05T00:44:00.178-05:00 INFO    Executing Opernation : heatBeat, on Server :Montreal 
2016-12-05T00:44:11.511-05:00 INFO    Replica is UP! 
2016-12-05T00:44:11.515-05:00 INFO    ReplicaUmer UDP Server Is UP! 
2016-12-05T00:44:11.921-05:00 INFO    Executing Opernation : heatBeat, on Server :Montreal 
2016-12-05T00:44:26.916-05:00 INFO    Executing Opernation : heatBeat, on Server :Montreal 
2016-12-05T00:44:41.916-05:00 INFO    Executing Opernation : heatBeat, on Server :Montreal 
2016-12-05T00:44:56.916-05:00 INFO    Executing Opernation : heatBeat, on Server :Montreal 
2016-12-05T00:45:11.916-05:00 INFO    Executing Opernation : heatBeat, on Server :Montreal 
2016-12-05T00:45:26.917-05:00 INFO    Executing Opernation : heatBeat, on Server :Montreal 
2016-12-05T00:45:41.917-05:00 INFO    Executing Opernation : heatBeat, on Server :Montreal 
2016-12-05T00:45:56.917-05:00 INFO    Executing Opernation : heatBeat, on Server :Montreal 
2016-12-05T00:46:11.917-05:00 INFO    Executing Opernation : heatBeat, on Server :Montreal 
2016-12-05T00:46:26.917-05:00 INFO    Executing Opernation : heatBeat, on Server :Montreal 
2016-12-05T00:46:41.917-05:00 INFO    Executing Opernation : heatBeat, on Server :Montreal 
2016-12-05T00:46:56.917-05:00 INFO    Executing Opernation : heatBeat, on Server :Montreal 
2016-12-05T00:47:11.917-05:00 INFO    Executing Opernation : heatBeat, on Server :Montreal 
2016-12-05T00:47:26.918-05:00 INFO    Executing Opernation : heatBeat, on Server :Montreal 
2016-12-05T00:47:41.917-05:00 INFO    Executing Opernation : heatBeat, on Server :Montreal 
2016-12-05T00:47:56.918-05:00 INFO    Executing Opernation : heatBeat, on Server :Montreal 
2016-12-05T00:48:11.919-05:00 INFO    Executing Opernation : heatBeat, on Server :Montreal 
2016-12-05T00:48:26.918-05:00 INFO    Executing Opernation : heatBeat, on Server :Montreal 
2016-12-05T00:48:41.918-05:00 INFO    Executing Opernation : heatBeat, on Server :Montreal 
2016-12-05T00:48:56.918-05:00 INFO    Executing Opernation : heatBeat, on Server :Montreal 
2016-12-05T00:49:11.918-05:00 INFO    Executing Opernation : heatBeat, on Server :Montreal 
2016-12-05T00:49:26.918-05:00 INFO    Executing Opernation : heatBeat, on Server :Montreal 
2016-12-05T00:49:41.918-05:00 INFO    Executing Opernation : heatBeat, on Server :Montreal 
2016-12-05T00:49:56.918-05:00 INFO    Executing Opernation : heatBeat, on Server :Montreal 
2016-12-05T00:50:11.918-05:00 INFO    Executing Opernation : heatBeat, on Server :Montreal 
2016-12-05T00:50:26.918-05:00 INFO    Executing Opernation : heatBeat, on Server :Montreal 
2016-12-05T00:50:41.918-05:00 INFO    Executing Opernation : heatBeat, on Server :Montreal 
2016-12-05T00:50:56.918-05:00 INFO    Executing Opernation : heatBeat, on Server :Montreal 
2016-12-05T00:51:11.917-05:00 INFO    Executing Opernation : heatBeat, on Server :Montreal 
2016-12-05T00:51:26.918-05:00 INFO    Executing Opernation : heatBeat, on Server :Montreal 
2016-12-05T00:51:41.918-05:00 INFO    Executing Opernation : heatBeat, on Server :Montreal 
2016-12-05T00:51:56.918-05:00 INFO    Executing Opernation : heatBeat, on Server :Montreal 
2016-12-05T00:52:11.918-05:00 INFO    Executing Opernation : heatBeat, on Server :Montreal 
2016-12-05T00:52:26.918-05:00 INFO    Executing Opernation : heatBeat, on Server :Montreal 
2016-12-05T00:52:41.919-05:00 INFO    Executing Opernation : heatBeat, on Server :Montreal 
2016-12-05T00:52:56.919-05:00 INFO    Executing Opernation : heatBeat, on Server :Montreal 
2016-12-05T00:53:11.918-05:00 INFO    Executing Opernation : heatBeat, on Server :Montreal 
2016-12-05T00:53:26.919-05:00 INFO    Executing Opernation : heatBeat, on Server :Montreal 
2016-12-05T00:53:41.918-05:00 INFO    Executing Opernation : heatBeat, on Server :Montreal 
2016-12-05T00:53:56.919-05:00 INFO    Executing Opernation : heatBeat, on Server :Montreal 
2016-12-05T00:54:11.920-05:00 INFO    Executing Opernation : heatBeat, on Server :Montreal 
2016-12-05T00:54:26.920-05:00 INFO    Executing Opernation : heatBeat, on Server :Montreal 
2016-12-05T00:54:41.920-05:00 INFO    Executing Opernation : heatBeat, on Server :Montreal 
2016-12-05T00:54:56.921-05:00 INFO    Executing Opernation : heatBeat, on Server :Montreal 
2016-12-05T00:55:11.920-05:00 INFO    Executing Opernation : heatBeat, on Server :Montreal 
2016-12-05T00:55:26.922-05:00 INFO    Executing Opernation : heatBeat, on Server :Montreal 
2016-12-05T00:55:41.921-05:00 INFO    Executing Opernation : heatBeat, on Server :Montreal 
2016-12-05T00:55:56.922-05:00 INFO    Executing Opernation : heatBeat, on Server :Montreal 
2016-12-05T00:56:11.921-05:00 INFO    Executing Opernation : heatBeat, on Server :Montreal 
2016-12-05T00:56:26.922-05:00 INFO    Executing Opernation : heatBeat, on Server :Montreal 
2016-12-05T00:56:41.922-05:00 INFO    Executing Opernation : heatBeat, on Server :Montreal 
2016-12-05T00:56:56.922-05:00 INFO    Executing Opernation : heatBeat, on Server :Montreal 
2016-12-05T00:57:11.923-05:00 INFO    Executing Opernation : heatBeat, on Server :Montreal 
2016-12-05T00:57:26.924-05:00 INFO    Executing Opernation : heatBeat, on Server :Montreal 
2016-12-05T00:57:41.924-05:00 INFO    Executing Opernation : heatBeat, on Server :Montreal 
2016-12-05T00:57:56.925-05:00 INFO    Executing Opernation : heatBeat, on Server :Montreal 
2016-12-05T00:58:11.925-05:00 INFO    Executing Opernation : heatBeat, on Server :Montreal 
2016-12-05T00:58:26.925-05:00 INFO    Executing Opernation : heatBeat, on Server :Montreal 
2016-12-05T00:58:41.925-05:00 INFO    Executing Opernation : heatBeat, on Server :Montreal 
2016-12-05T00:58:56.925-05:00 INFO    Executing Opernation : heatBeat, on Server :Montreal 
2016-12-05T00:59:11.924-05:00 INFO    Executing Opernation : heatBeat, on Server :Montreal 
2016-12-05T00:59:18.814-05:00 INFO    Executing Opernation : editFlightRecord, on Server :Montreal 
2016-12-05T00:59:26.925-05:00 INFO    Executing Opernation : heatBeat, on Server :Montreal 
2016-12-05T00:59:41.926-05:00 INFO    Executing Opernation : heatBeat, on Server :Montreal 
2016-12-05T00:59:56.926-05:00 INFO    Executing Opernation : heatBeat, on Server :Montreal 
2016-12-05T01:00:11.926-05:00 INFO    Executing Opernation : heatBeat, on Server :Montreal 
2016-12-05T01:00:26.926-05:00 INFO    Executing Opernation : heatBeat, on Server :Montreal 
2016-12-05T01:00:41.926-05:00 INFO    Executing Opernation : heatBeat, on Server :Montreal 
2016-12-05T01:00:56.927-05:00 INFO    Executing Opernation : heatBeat, on Server :Montreal 
2016-12-05T01:01:11.926-05:00 INFO    Executing Opernation : heatBeat, on Server :Montreal 
2016-12-05T01:01:26.927-05:00 INFO    Executing Opernation : heatBeat, on Server :Montreal 
2016-12-05T01:01:41.927-05:00 INFO    Executing Opernation : heatBeat, on Server :Montreal 
2016-12-05T01:01:56.927-05:00 INFO    Executing Opernation : heatBeat, on Server :Montreal 
2016-12-05T01:02:11.927-05:00 INFO    Executing Opernation : heatBeat, on Server :Montreal 
2016-12-05T01:02:26.927-05:00 INFO    Executing Opernation : heatBeat, on Server :Montreal 
2016-12-05T01:02:41.928-05:00 INFO    Executing Opernation : heatBeat, on Server :Montreal 
2016-12-05T01:02:56.928-05:00 INFO    Executing Opernation : heatBeat, on Server :Montreal 
2016-12-05T01:03:11.929-05:00 INFO    Executing Opernation : heatBeat, on Server :Montreal 
2016-12-05T01:03:26.928-05:00 INFO    Executing Opernation : heatBeat, on Server :Montreal 
2016-12-05T01:03:41.929-05:00 INFO    Executing Opernation : heatBeat, on Server :Montreal 
2016-12-05T01:03:56.930-05:00 INFO    Executing Opernation : heatBeat, on Server :Montreal 
2016-12-05T01:04:11.930-05:00 INFO    Executing Opernation : heatBeat, on Server :Montreal 
2016-12-05T01:04:26.930-05:00 INFO    Executing Opernation : heatBeat, on Server :Montreal 
2016-12-05T01:04:41.930-05:00 INFO    Executing Opernation : heatBeat, on Server :Montreal 
2016-12-05T01:04:56.930-05:00 INFO    Executing Opernation : heatBeat, on Server :Montreal 
2016-12-05T01:05:11.930-05:00 INFO    Executing Opernation : heatBeat, on Server :Montreal 
2016-12-05T01:05:22.550-05:00 INFO    Executing Opernation : bookFlight, on Server :Montreal 
2016-12-05T01:05:26.930-05:00 INFO    Executing Opernation : heatBeat, on Server :Montreal 
2016-12-05T01:05:41.931-05:00 INFO    Executing Opernation : heatBeat, on Server :Montreal 
2016-12-05T01:05:56.931-05:00 INFO    Executing Opernation : heatBeat, on Server :Montreal 
2016-12-05T01:06:11.931-05:00 INFO    Executing Opernation : heatBeat, on Server :Montreal 
2016-12-05T01:06:26.932-05:00 INFO    Executing Opernation : heatBeat, on Server :Montreal 
2016-12-05T01:06:41.932-05:00 INFO    Executing Opernation : heatBeat, on Server :Montreal 
2016-12-05T01:06:56.932-05:00 INFO    Executing Opernation : heatBeat, on Server :Montreal 
2016-12-05T01:07:11.932-05:00 INFO    Executing Opernation : heatBeat, on Server :Montreal 
2016-12-05T01:07:26.932-05:00 INFO    Executing Opernation : heatBeat, on Server :Montreal 
2016-12-05T01:07:41.931-05:00 INFO    Executing Opernation : heatBeat, on Server :Montreal 
2016-12-05T01:07:56.932-05:00 INFO    Executing Opernation : heatBeat, on Server :Montreal 
2016-12-05T01:08:11.932-05:00 INFO    Executing Opernation : heatBeat, on Server :Montreal 
2016-12-05T01:08:26.932-05:00 INFO    Executing Opernation : heatBeat, on Server :Montreal 
2016-12-05T01:08:41.933-05:00 INFO    Executing Opernation : heatBeat, on Server :Montreal 
2016-12-05T01:08:56.933-05:00 INFO    Executing Opernation : heatBeat, on Server :Montreal 
2016-12-05T01:09:11.933-05:00 INFO    Executing Opernation : heatBeat, on Server :Montreal 
2016-12-05T01:48:50.532-05:00 INFO    Replica is UP! 
2016-12-05T01:48:50.535-05:00 INFO    ReplicaUmer UDP Server Is UP! 
2016-12-05T01:48:50.920-05:00 INFO    Executing Opernation : heatBeat, on Server :Montreal 
2016-12-05T01:49:05.915-05:00 INFO    Executing Opernation : heatBeat, on Server :Montreal 
2016-12-05T01:49:20.915-05:00 INFO    Executing Opernation : heatBeat, on Server :Montreal 
2016-12-05T01:49:35.916-05:00 INFO    Executing Opernation : heatBeat, on Server :Montreal 
2016-12-05T01:50:09.233-05:00 INFO    Replica is UP! 
2016-12-05T01:50:09.241-05:00 INFO    ReplicaUmer UDP Server Is UP! 
2016-12-05T01:50:09.857-05:00 INFO    Executing Opernation : heatBeat, on Server :Montreal 
2016-12-05T01:50:24.851-05:00 INFO    Executing Opernation : heatBeat, on Server :Montreal 
2016-12-05T01:50:27.396-05:00 INFO    Executing Opernation : bookFlight, on Server :Montreal 
2016-12-05T01:50:39.851-05:00 INFO    Executing Opernation : heatBeat, on Server :Montreal 
2016-12-05T01:50:54.851-05:00 INFO    Executing Opernation : heatBeat, on Server :Montreal 
2016-12-05T01:51:09.851-05:00 INFO    Executing Opernation : heatBeat, on Server :Montreal 
2016-12-05T01:51:24.851-05:00 INFO    Executing Opernation : heatBeat, on Server :Montreal 
2016-12-05T02:07:37.344-05:00 INFO    Replica is UP! 
2016-12-05T02:07:37.354-05:00 INFO    ReplicaUmer UDP Server Is UP! 
2016-12-05T02:07:37.813-05:00 INFO    Executing Opernation : heatBeat, on Server :Montreal 
2016-12-05T02:07:52.791-05:00 INFO    Executing Opernation : heatBeat, on Server :Montreal 
2016-12-05T02:08:07.790-05:00 INFO    Executing Opernation : heatBeat, on Server :Montreal 
2016-12-05T15:40:57.693-05:00 INFO    Replica is UP! 
2016-12-05T15:40:57.696-05:00 INFO    ReplicaUmer UDP Server Is UP! 
2016-12-05T15:40:59.115-05:00 INFO    Executing Opernation : heatBeat, on Server :Montreal 
2016-12-05T15:41:15.193-05:00 INFO    Replica is UP! 
2016-12-05T15:41:15.195-05:00 INFO    ReplicaUmer UDP Server Is UP! 
2016-12-05T15:41:15.698-05:00 INFO    Executing Opernation : heatBeat, on Server :Montreal 
2016-12-05T15:43:32.769-05:00 INFO    Executing Opernation : editFlightRecord, on Server :Montreal 
2016-12-05T15:45:07.623-05:00 SEVERE  on starting UDP Server 
2016-12-05T15:59:59.235-05:00 INFO    Replica is UP! 
2016-12-05T15:59:59.240-05:00 INFO    ReplicaUmer UDP Server Is UP! 
2016-12-05T15:59:59.947-05:00 INFO    Executing Opernation : heatBeat, on Server :Montreal 
2016-12-05T16:00:17.610-05:00 INFO    Executing Opernation : editFlightRecord, on Server :Montreal 
2016-12-05T16:00:52.512-05:00 SEVERE  on starting UDP Server 
2016-12-05T16:02:55.345-05:00 INFO    Replica is UP! 
2016-12-05T16:02:55.357-05:00 INFO    ReplicaUmer UDP Server Is UP! 
2016-12-05T16:02:55.986-05:00 INFO    Executing Opernation : heatBeat, on Server :Montreal 
2016-12-05T16:02:59.921-05:00 INFO    Executing Opernation : editFlightRecord, on Server :Montreal 
2016-12-05T16:04:01.220-05:00 SEVERE  on starting UDP Server 
2016-12-05T16:15:46.654-05:00 INFO    Replica is UP! 
2016-12-05T16:15:46.664-05:00 INFO    ReplicaUmer UDP Server Is UP! 
2016-12-05T16:15:47.568-05:00 INFO    Executing Opernation : heatBeat, on Server :Montreal 
2016-12-05T16:16:47.479-05:00 INFO    Executing Opernation : editFlightRecord, on Server :Montreal 
2016-12-05T16:17:00.255-05:00 SEVERE  on starting UDP Server 
2016-12-05T16:17:38.489-05:00 INFO    Replica is UP! 
2016-12-05T16:17:38.501-05:00 INFO    ReplicaUmer UDP Server Is UP! 
2016-12-05T16:17:39.255-05:00 INFO    Executing Opernation : heatBeat, on Server :Montreal 
2016-12-05T16:17:42.474-05:00 INFO    Executing Opernation : editFlightRecord, on Server :Montreal 
2016-12-05T16:19:45.093-05:00 INFO    Replica is UP! 
2016-12-05T16:19:45.107-05:00 INFO    ReplicaUmer UDP Server Is UP! 
2016-12-05T16:19:45.868-05:00 INFO    Executing Opernation : heatBeat, on Server :Montreal 
2016-12-05T16:19:48.811-05:00 INFO    Executing Opernation : editFlightRecord, on Server :Montreal 
2016-12-05T16:25:03.311-05:00 INFO    Replica is UP! 
2016-12-05T16:25:03.318-05:00 INFO    ReplicaUmer UDP Server Is UP! 
2016-12-05T16:25:03.766-05:00 INFO    Executing Opernation : heatBeat, on Server :Montreal 
2016-12-05T16:25:08.167-05:00 INFO    Executing Opernation : transferReservation, on Server :Montreal 
2016-12-05T16:27:00.191-05:00 INFO    Replica is UP! 
2016-12-05T16:27:00.193-05:00 INFO    ReplicaUmer UDP Server Is UP! 
2016-12-05T16:27:01.090-05:00 INFO    Executing Opernation : heatBeat, on Server :Montreal 
2016-12-05T16:27:04.353-05:00 INFO    Executing Opernation : transferReservation, on Server :Montreal 
2016-12-05T16:28:21.514-05:00 INFO    Replica is UP! 
2016-12-05T16:28:21.519-05:00 INFO    ReplicaUmer UDP Server Is UP! 
2016-12-05T16:28:21.951-05:00 INFO    Executing Opernation : heatBeat, on Server :Montreal 
2016-12-05T16:28:26.519-05:00 INFO    Executing Opernation : transferReservation, on Server :Montreal 
2016-12-05T16:28:54.874-05:00 SEVERE  on starting UDP Server 
2016-12-05T18:02:21.504-05:00 INFO    Replica is UP! 
2016-12-05T18:02:21.562-05:00 INFO    ReplicaUmer UDP Server Is UP! 
2016-12-05T18:02:22.205-05:00 INFO    Executing Opernation : heatBeat, on Server :Montreal 
2016-12-05T18:03:29.279-05:00 INFO    Executing Opernation : editFlightRecord, on Server :Montreal 
2016-12-05T18:19:03.982-05:00 INFO    Replica is UP! 
2016-12-05T18:19:03.993-05:00 INFO    ReplicaUmer UDP Server Is UP! 
2016-12-05T18:19:04.374-05:00 INFO    Executing Opernation : heatBeat, on Server :Montreal 
2016-12-05T18:20:10.769-05:00 INFO    Executing Opernation : editFlightRecord, on Server :Montreal 
2016-12-05T18:24:47.164-05:00 INFO    Replica is UP! 
2016-12-05T18:24:47.178-05:00 INFO    ReplicaUmer UDP Server Is UP! 
2016-12-05T18:24:47.554-05:00 INFO    Executing Opernation : heatBeat, on Server :Montreal 
2016-12-05T18:25:26.154-05:00 INFO    Executing Opernation : editFlightRecord, on Server :Montreal 
2016-12-05T18:34:36.560-05:00 INFO    Replica is UP! 
2016-12-05T18:34:36.583-05:00 INFO    ReplicaUmer UDP Server Is UP! 
2016-12-05T18:34:36.962-05:00 INFO    Executing Opernation : heatBeat, on Server :Montreal 
2016-12-05T18:35:19.584-05:00 INFO    Executing Opernation : getBookedFlightCount, on Server :Montreal 
2016-12-05T18:35:19.616-05:00 SEVERE  on starting UDP Server 
2016-12-05T18:39:00.608-05:00 INFO    Replica is UP! 
2016-12-05T18:39:00.624-05:00 INFO    ReplicaUmer UDP Server Is UP! 
2016-12-05T18:39:01.060-05:00 INFO    Executing Opernation : heatBeat, on Server :Montreal 
2016-12-05T18:39:35.808-05:00 INFO    Executing Opernation : getBookedFlightCount, on Server :Montreal 
2016-12-05T18:46:40.762-05:00 INFO    Replica is UP! 
2016-12-05T18:46:40.779-05:00 INFO    ReplicaUmer UDP Server Is UP! 
2016-12-05T18:46:41.169-05:00 INFO    Executing Opernation : heatBeat, on Server :Montreal 
2016-12-05T18:47:16.787-05:00 INFO    Executing Opernation : editFlightRecord, on Server :Montreal 
2016-12-05T18:47:24.244-05:00 INFO    Executing Opernation : getBookedFlightCount, on Server :Montreal 
2016-12-05T18:52:04.858-05:00 INFO    Executing Opernation : editFlightRecord, on Server :Montreal 
2016-12-05T18:53:15.066-05:00 INFO    Executing Opernation : editFlightRecord, on Server :Montreal 
2016-12-05T19:00:59.624-05:00 INFO    Replica is UP! 
2016-12-05T19:00:59.647-05:00 INFO    ReplicaUmer UDP Server Is UP! 
2016-12-05T19:01:00.132-05:00 INFO    Executing Opernation : heatBeat, on Server :Montreal 
2016-12-05T19:01:28.056-05:00 INFO    Executing Opernation : editFlightRecord, on Server :Montreal 
2016-12-05T19:01:28.167-05:00 SEVERE  on starting UDP Server 
2016-12-05T19:02:55.248-05:00 INFO    Replica is UP! 
2016-12-05T19:02:55.266-05:00 INFO    ReplicaUmer UDP Server Is UP! 
2016-12-05T19:02:55.744-05:00 INFO    Executing Opernation : heatBeat, on Server :Montreal 
2016-12-05T19:03:28.002-05:00 INFO    Executing Opernation : editFlightRecord, on Server :Montreal 
2016-12-05T19:04:06.960-05:00 INFO    Executing Opernation : editFlightRecord, on Server :Montreal 
2016-12-05T19:09:37.229-05:00 INFO    Replica is UP! 
2016-12-05T19:09:37.294-05:00 INFO    ReplicaUmer UDP Server Is UP! 
2016-12-05T19:09:37.739-05:00 INFO    Executing Opernation : heatBeat, on Server :Montreal 
2016-12-05T19:10:35.296-05:00 INFO    Executing Opernation : editFlightRecord, on Server :Montreal 
2016-12-05T19:11:09.982-05:00 INFO    Executing Opernation : editFlightRecord, on Server :Montreal 
2016-12-05T19:13:59.028-05:00 INFO    Replica is UP! 
2016-12-05T19:13:59.057-05:00 INFO    ReplicaUmer UDP Server Is UP! 
2016-12-05T19:13:59.440-05:00 INFO    Executing Opernation : heatBeat, on Server :Montreal 
2016-12-05T19:14:39.396-05:00 INFO    Executing Opernation : editFlightRecord, on Server :Montreal 
2016-12-05T19:15:01.210-05:00 INFO    Executing Opernation : editFlightRecord, on Server :Montreal 
2016-12-05T19:15:40.245-05:00 INFO    Executing Opernation : getBookedFlightCount, on Server :Montreal 
2016-12-05T19:16:57.440-05:00 INFO    Executing Opernation : bookFlight, on Server :Montreal 
2016-12-05T19:18:42.515-05:00 INFO    Executing Opernation : editFlightRecord, on Server :Montreal 
2016-12-05T19:19:44.399-05:00 INFO    Replica is UP! 
2016-12-05T19:19:44.415-05:00 INFO    ReplicaUmer UDP Server Is UP! 
2016-12-05T19:19:44.870-05:00 INFO    Executing Opernation : heatBeat, on Server :Montreal 
2016-12-05T19:30:58.897-05:00 INFO    Replica is UP! 
2016-12-05T19:30:58.917-05:00 INFO    ReplicaUmer UDP Server Is UP! 
2016-12-05T19:30:59.297-05:00 INFO    Executing Opernation : heatBeat, on Server :Montreal 
2016-12-05T19:32:09.576-05:00 INFO    Executing Opernation : editFlightRecord, on Server :Montreal 
2016-12-05T19:32:09.722-05:00 INFO    Executing Opernation : editFlightRecord, on Server :Montreal 
2016-12-05T19:38:09.418-05:00 INFO    Executing Opernation : editFlightRecord, on Server :Montreal 
2016-12-05T19:38:09.419-05:00 SEVERE  on starting UDP Server 
2016-12-05T19:41:53.233-05:00 INFO    Replica is UP! 
2016-12-05T19:41:53.280-05:00 INFO    ReplicaUmer UDP Server Is UP! 
2016-12-05T19:41:53.867-05:00 INFO    Executing Opernation : heatBeat, on Server :Montreal 
2016-12-05T19:43:00.169-05:00 INFO    Executing Opernation : editFlightRecord, on Server :Montreal 
2016-12-05T19:43:00.291-05:00 INFO    Executing Opernation : editFlightRecord, on Server :Montreal 
2016-12-05T19:43:00.487-05:00 INFO    Executing Opernation : editFlightRecord, on Server :Montreal 
2016-12-05T19:46:46.150-05:00 INFO    Executing Opernation : editFlightRecord, on Server :Montreal 
2016-12-05T19:48:52.559-05:00 INFO    Executing Opernation : editFlightRecord, on Server :Montreal 
2016-12-05T19:50:30.664-05:00 INFO    Replica is UP! 
2016-12-05T19:50:30.682-05:00 INFO    ReplicaUmer UDP Server Is UP! 
2016-12-05T19:50:31.263-05:00 INFO    Executing Opernation : heatBeat, on Server :Montreal 
2016-12-05T19:50:33.317-05:00 INFO    Executing Opernation : editFlightRecord, on Server :Montreal 
2016-12-05T19:50:33.465-05:00 INFO    Executing Opernation : editFlightRecord, on Server :Montreal 
2016-12-05T19:50:33.647-05:00 INFO    Executing Opernation : editFlightRecord, on Server :Montreal 
2016-12-05T19:50:33.881-05:00 INFO    Executing Opernation : editFlightRecord, on Server :Montreal 
2016-12-05T19:52:36.931-05:00 INFO    Replica is UP! 
2016-12-05T19:52:36.937-05:00 INFO    ReplicaUmer UDP Server Is UP! 
2016-12-05T19:52:37.203-05:00 INFO    Executing Opernation : heatBeat, on Server :Montreal 
2016-12-05T19:52:59.341-05:00 INFO    Executing Opernation : editFlightRecord, on Server :Montreal 
2016-12-05T19:53:59.470-05:00 INFO    Executing Opernation : editFlightRecord, on Server :Montreal 
2016-12-05T19:53:59.603-05:00 INFO    Executing Opernation : editFlightRecord, on Server :Montreal 
2016-12-05T19:53:59.904-05:00 INFO    Executing Opernation : editFlightRecord, on Server :Montreal 
2016-12-05T19:58:41.583-05:00 INFO    Replica is UP! 
2016-12-05T19:58:41.602-05:00 INFO    ReplicaUmer UDP Server Is UP! 
2016-12-05T19:58:41.985-05:00 INFO    Executing Opernation : heatBeat, on Server :Montreal 
2016-12-05T19:59:00.907-05:00 INFO    Executing Opernation : editFlightRecord, on Server :Montreal 
2016-12-05T19:59:01.076-05:00 INFO    Executing Opernation : editFlightRecord, on Server :Montreal 
2016-12-05T19:59:01.221-05:00 INFO    Executing Opernation : editFlightRecord, on Server :Montreal 
2016-12-05T19:59:01.356-05:00 INFO    Executing Opernation : editFlightRecord, on Server :Montreal 
2016-12-05T20:04:53.402-05:00 INFO    Replica is UP! 
2016-12-05T20:04:53.405-05:00 INFO    ReplicaUmer UDP Server Is UP! 
2016-12-05T20:04:53.686-05:00 INFO    Executing Opernation : heatBeat, on Server :Montreal 
2016-12-05T20:05:14.999-05:00 INFO    Executing Opernation : editFlightRecord, on Server :Montreal 
2016-12-05T20:05:15.183-05:00 INFO    Executing Opernation : editFlightRecord, on Server :Montreal 
2016-12-05T20:05:15.344-05:00 INFO    Executing Opernation : editFlightRecord, on Server :Montreal 
2016-12-05T20:05:15.495-05:00 INFO    Executing Opernation : editFlightRecord, on Server :Montreal 
2016-12-05T20:07:31.568-05:00 INFO    Replica is UP! 
2016-12-05T20:07:31.570-05:00 INFO    ReplicaUmer UDP Server Is UP! 
2016-12-05T20:07:31.846-05:00 INFO    Executing Opernation : heatBeat, on Server :Montreal 
2016-12-05T20:07:53.994-05:00 INFO    Executing Opernation : editFlightRecord, on Server :Montreal 
2016-12-05T20:07:54.154-05:00 INFO    Executing Opernation : editFlightRecord, on Server :Montreal 
2016-12-05T20:07:54.313-05:00 INFO    Executing Opernation : editFlightRecord, on Server :Montreal 
2016-12-05T20:07:54.522-05:00 INFO    Executing Opernation : editFlightRecord, on Server :Montreal 
2016-12-05T20:07:54.727-05:00 INFO    Executing Opernation : bookFlight, on Server :Montreal 
2016-12-05T20:11:25.542-05:00 INFO    Replica is UP! 
2016-12-05T20:11:25.553-05:00 INFO    ReplicaUmer UDP Server Is UP! 
2016-12-05T20:11:25.956-05:00 INFO    Executing Opernation : heatBeat, on Server :Montreal 
2016-12-05T20:12:03.646-05:00 INFO    Executing Opernation : editFlightRecord, on Server :Montreal 
2016-12-05T20:12:03.867-05:00 INFO    Executing Opernation : editFlightRecord, on Server :Montreal 
2016-12-05T20:12:04.006-05:00 INFO    Executing Opernation : editFlightRecord, on Server :Montreal 
2016-12-05T20:12:04.185-05:00 INFO    Executing Opernation : editFlightRecord, on Server :Montreal 
2016-12-05T20:12:04.397-05:00 INFO    Executing Opernation : bookFlight, on Server :Montreal 
2016-12-05T20:13:36.793-05:00 INFO    Replica is UP! 
2016-12-05T20:13:36.796-05:00 INFO    ReplicaUmer UDP Server Is UP! 
2016-12-05T20:13:37.094-05:00 INFO    Executing Opernation : heatBeat, on Server :Montreal 
2016-12-05T20:14:28.573-05:00 INFO    Executing Opernation : editFlightRecord, on Server :Montreal 
2016-12-05T20:14:28.723-05:00 INFO    Executing Opernation : editFlightRecord, on Server :Montreal 
2016-12-05T20:14:28.889-05:00 INFO    Executing Opernation : editFlightRecord, on Server :Montreal 
2016-12-05T20:14:29.090-05:00 INFO    Executing Opernation : editFlightRecord, on Server :Montreal 
2016-12-05T20:14:29.318-05:00 INFO    Executing Opernation : bookFlight, on Server :Montreal 
2016-12-05T20:22:27.929-05:00 INFO    Replica is UP! 
2016-12-05T20:22:27.940-05:00 INFO    ReplicaUmer UDP Server Is UP! 
2016-12-05T20:22:28.359-05:00 INFO    Executing Opernation : heatBeat, on Server :Montreal 
2016-12-05T20:22:48.748-05:00 INFO    Executing Opernation : editFlightRecord, on Server :Montreal 
2016-12-05T20:22:48.956-05:00 INFO    Executing Opernation : editFlightRecord, on Server :Montreal 
2016-12-05T20:22:49.121-05:00 INFO    Executing Opernation : editFlightRecord, on Server :Montreal 
2016-12-05T20:22:49.339-05:00 INFO    Executing Opernation : editFlightRecord, on Server :Montreal 
2016-12-05T20:22:49.493-05:00 INFO    Executing Opernation : bookFlight, on Server :Montreal 
2016-12-05T20:22:49.736-05:00 INFO    Executing Opernation : editFlightRecord, on Server :NewDelhi 
2016-12-05T20:22:49.921-05:00 INFO    Executing Opernation : transferReservation, on Server :Montreal 
2016-12-05T20:27:21.337-05:00 INFO    Replica is UP! 
2016-12-05T20:27:21.340-05:00 INFO    ReplicaUmer UDP Server Is UP! 
2016-12-05T20:27:21.644-05:00 INFO    Executing Opernation : heatBeat, on Server :Montreal 
2016-12-05T20:27:41.669-05:00 INFO    Executing Opernation : editFlightRecord, on Server :Montreal 
2016-12-05T20:27:41.771-05:00 INFO    Executing Opernation : editFlightRecord, on Server :Montreal 
2016-12-05T20:27:41.847-05:00 INFO    Executing Opernation : editFlightRecord, on Server :Montreal 
2016-12-05T20:27:42.017-05:00 INFO    Executing Opernation : editFlightRecord, on Server :Montreal 
2016-12-05T20:27:42.167-05:00 INFO    Executing Opernation : bookFlight, on Server :Montreal 
2016-12-05T20:27:42.372-05:00 INFO    Executing Opernation : editFlightRecord, on Server :NewDelhi 
2016-12-05T20:27:42.643-05:00 INFO    Executing Opernation : transferReservation, on Server :Montreal 
2016-12-05T20:31:28.805-05:00 INFO    Replica is UP! 
2016-12-05T20:31:28.809-05:00 INFO    ReplicaUmer UDP Server Is UP! 
2016-12-05T20:31:29.191-05:00 INFO    Executing Opernation : heatBeat, on Server :Montreal 
2016-12-05T20:31:59.471-05:00 INFO    Executing Opernation : editFlightRecord, on Server :Montreal 
2016-12-05T20:31:59.578-05:00 INFO    Executing Opernation : editFlightRecord, on Server :Montreal 
2016-12-05T20:31:59.659-05:00 INFO    Executing Opernation : editFlightRecord, on Server :Montreal 
2016-12-05T20:31:59.930-05:00 INFO    Executing Opernation : editFlightRecord, on Server :Montreal 
2016-12-05T20:32:00.040-05:00 INFO    Executing Opernation : bookFlight, on Server :Montreal 
2016-12-05T20:32:00.245-05:00 INFO    Executing Opernation : editFlightRecord, on Server :NewDelhi 
2016-12-05T20:32:00.426-05:00 INFO    Executing Opernation : transferReservation, on Server :Montreal 
2016-12-05T20:38:46.028-05:00 INFO    Replica is UP! 
2016-12-05T20:38:46.064-05:00 INFO    ReplicaUmer UDP Server Is UP! 
2016-12-05T20:38:46.509-05:00 INFO    Executing Opernation : heatBeat, on Server :Montreal 
2016-12-05T20:39:35.169-05:00 INFO    Executing Opernation : editFlightRecord, on Server :Montreal 
2016-12-05T20:39:35.331-05:00 INFO    Executing Opernation : editFlightRecord, on Server :Montreal 
2016-12-05T20:39:35.465-05:00 INFO    Executing Opernation : editFlightRecord, on Server :Montreal 
2016-12-05T20:39:35.605-05:00 INFO    Executing Opernation : editFlightRecord, on Server :Montreal 
2016-12-05T20:39:35.779-05:00 INFO    Executing Opernation : bookFlight, on Server :Montreal 
2016-12-05T20:40:26.602-05:00 INFO    Executing Opernation : editFlightRecord, on Server :NewDelhi 
2016-12-05T20:40:26.728-05:00 INFO    Executing Opernation : transferReservation, on Server :Montreal 
2016-12-05T20:47:39.836-05:00 INFO    Replica is UP! 
2016-12-05T20:47:39.847-05:00 INFO    ReplicaUmer UDP Server Is UP! 
2016-12-05T20:47:40.238-05:00 INFO    Executing Opernation : heatBeat, on Server :Montreal 
2016-12-05T20:48:43.265-05:00 INFO    Executing Opernation : editFlightRecord, on Server :Montreal 
2016-12-05T20:48:43.510-05:00 INFO    Executing Opernation : editFlightRecord, on Server :Montreal 
2016-12-05T20:48:43.801-05:00 INFO    Executing Opernation : editFlightRecord, on Server :Montreal 
2016-12-05T20:48:44.972-05:00 INFO    Executing Opernation : editFlightRecord, on Server :Montreal 
2016-12-05T20:48:45.183-05:00 INFO    Executing Opernation : bookFlight, on Server :Montreal 
2016-12-05T20:48:45.588-05:00 INFO    Executing Opernation : editFlightRecord, on Server :NewDelhi 
2016-12-05T20:48:46.109-05:00 INFO    Executing Opernation : transferReservation, on Server :Montreal 
2016-12-05T20:56:22.009-05:00 INFO    Replica is UP! 
2016-12-05T20:56:22.021-05:00 INFO    ReplicaUmer UDP Server Is UP! 
2016-12-05T20:56:22.352-05:00 INFO    Executing Opernation : heatBeat, on Server :Montreal 
2016-12-05T20:56:36.991-05:00 INFO    Executing Opernation : editFlightRecord, on Server :Montreal 
2016-12-05T20:56:37.296-05:00 INFO    Executing Opernation : editFlightRecord, on Server :Montreal 
2016-12-05T20:56:37.467-05:00 INFO    Executing Opernation : editFlightRecord, on Server :Montreal 
2016-12-05T20:56:37.762-05:00 INFO    Executing Opernation : editFlightRecord, on Server :Montreal 
2016-12-05T20:56:38.090-05:00 INFO    Executing Opernation : bookFlight, on Server :Montreal 
2016-12-05T20:56:38.404-05:00 INFO    Executing Opernation : editFlightRecord, on Server :NewDelhi 
2016-12-05T20:56:38.628-05:00 INFO    Executing Opernation : transferReservation, on Server :Montreal 
2016-12-05T21:01:23.004-05:00 INFO    Executing Opernation : heatBeat, on Server :Montreal 
2016-12-05T21:02:35.890-05:00 INFO    Replica is UP! 
2016-12-05T21:02:35.913-05:00 INFO    ReplicaUmer UDP Server Is UP! 
2016-12-05T21:02:36.494-05:00 INFO    Executing Opernation : heatBeat, on Server :Montreal 
2016-12-05T21:02:40.615-05:00 INFO    Executing Opernation : editFlightRecord, on Server :Montreal 
2016-12-05T21:02:40.748-05:00 INFO    Executing Opernation : editFlightRecord, on Server :Montreal 
2016-12-05T21:02:40.931-05:00 INFO    Executing Opernation : editFlightRecord, on Server :Montreal 
2016-12-05T21:02:41.133-05:00 INFO    Executing Opernation : editFlightRecord, on Server :Montreal 
2016-12-05T21:02:41.366-05:00 INFO    Executing Opernation : bookFlight, on Server :Montreal 
2016-12-05T21:02:41.758-05:00 INFO    Executing Opernation : editFlightRecord, on Server :NewDelhi 
2016-12-05T21:02:42.001-05:00 INFO    Executing Opernation : transferReservation, on Server :Montreal 
2016-12-05T21:06:45.651-05:00 INFO    Replica is UP! 
2016-12-05T21:06:45.657-05:00 INFO    ReplicaUmer UDP Server Is UP! 
2016-12-05T21:06:45.947-05:00 INFO    Executing Opernation : heatBeat, on Server :Montreal 
2016-12-05T21:07:14.340-05:00 INFO    Executing Opernation : editFlightRecord, on Server :Montreal 
2016-12-05T21:10:13.176-05:00 INFO    Executing Opernation : editFlightRecord, on Server :Montreal 
2016-12-05T21:11:54.247-05:00 INFO    Executing Opernation : editFlightRecord, on Server :Montreal 
2016-12-05T21:14:57.989-05:00 INFO    Executing Opernation : editFlightRecord, on Server :Montreal 
2016-12-05T21:15:38.555-05:00 INFO    Executing Opernation : editFlightRecord, on Server :Montreal 
2016-12-05T21:23:37.866-05:00 INFO    Replica is UP! 
2016-12-05T21:23:37.940-05:00 INFO    ReplicaUmer UDP Server Is UP! 
2016-12-05T21:23:38.812-05:00 INFO    Executing Opernation : heatBeat, on Server :Montreal 
2016-12-05T21:24:27.101-05:00 INFO    Executing Opernation : editFlightRecord, on Server :Montreal 
2016-12-05T21:38:06.634-05:00 INFO    Replica is UP! 
2016-12-05T21:38:06.641-05:00 INFO    ReplicaUmer UDP Server Is UP! 
2016-12-05T21:38:07.096-05:00 INFO    Executing Opernation : heatBeat, on Server :Montreal 
2016-12-05T21:38:49.114-05:00 INFO    Executing Opernation : editFlightRecord, on Server :Montreal 
2016-12-05T21:48:14.674-05:00 INFO    Replica is UP! 
2016-12-05T21:48:14.725-05:00 INFO    ReplicaUmer UDP Server Is UP! 
2016-12-05T21:48:15.407-05:00 INFO    Executing Opernation : heatBeat, on Server :Montreal 
2016-12-05T21:48:48.207-05:00 INFO    Replica is UP! 
2016-12-05T21:48:48.209-05:00 INFO    ReplicaUmer UDP Server Is UP! 
2016-12-05T21:48:48.519-05:00 INFO    Executing Opernation : heatBeat, on Server :Montreal 
2016-12-05T21:49:28.256-05:00 INFO    Replica is UP! 
2016-12-05T21:49:28.268-05:00 INFO    ReplicaUmer UDP Server Is UP! 
2016-12-05T21:49:28.667-05:00 INFO    Executing Opernation : heatBeat, on Server :Montreal 
2016-12-05T21:50:38.939-05:00 INFO    Executing Opernation : editFlightRecord, on Server :Montreal 
2016-12-05T22:10:04.765-05:00 INFO    Replica is UP! 
2016-12-05T22:10:04.803-05:00 INFO    ReplicaUmer UDP Server Is UP! 
2016-12-05T22:10:05.417-05:00 INFO    Executing Opernation : heatBeat, on Server :Montreal 
2016-12-05T22:10:18.138-05:00 INFO    Executing Opernation : editFlightRecord, on Server :Montreal 
2016-12-05T22:10:20.353-05:00 INFO    Executing Opernation : heatBeat, on Server :Montreal 
2016-12-05T22:10:35.354-05:00 INFO    Executing Opernation : heatBeat, on Server :Montreal 
2016-12-05T22:10:50.355-05:00 INFO    Executing Opernation : heatBeat, on Server :Montreal 
2016-12-05T22:13:48.355-05:00 INFO    Replica is UP! 
2016-12-05T22:13:48.363-05:00 INFO    ReplicaUmer UDP Server Is UP! 
2016-12-05T22:13:48.759-05:00 INFO    Executing Opernation : heatBeat, on Server :Montreal 
2016-12-05T22:13:52.045-05:00 INFO    Executing Opernation : editFlightRecord, on Server :Montreal 
2016-12-05T22:13:52.218-05:00 INFO    Executing Opernation : editFlightRecord, on Server :Montreal 
2016-12-05T22:13:52.384-05:00 INFO    Executing Opernation : editFlightRecord, on Server :Montreal 
2016-12-05T22:13:52.631-05:00 INFO    Executing Opernation : editFlightRecord, on Server :Montreal 
2016-12-05T22:13:52.819-05:00 INFO    Executing Opernation : bookFlight, on Server :Montreal 
2016-12-05T22:13:53.192-05:00 INFO    Executing Opernation : editFlightRecord, on Server :NewDelhi 
2016-12-05T22:13:53.316-05:00 INFO    Executing Opernation : transferReservation, on Server :Montreal 
2016-12-05T22:14:03.748-05:00 INFO    Executing Opernation : heatBeat, on Server :Montreal 
2016-12-05T22:14:18.749-05:00 INFO    Executing Opernation : heatBeat, on Server :Montreal 
2016-12-05T22:14:33.750-05:00 INFO    Executing Opernation : heatBeat, on Server :Montreal 
2016-12-05T22:14:48.750-05:00 INFO    Executing Opernation : heatBeat, on Server :Montreal 
2016-12-05T22:15:03.751-05:00 INFO    Executing Opernation : heatBeat, on Server :Montreal 
2016-12-05T22:15:18.752-05:00 INFO    Executing Opernation : heatBeat, on Server :Montreal 
2016-12-05T22:15:33.753-05:00 INFO    Executing Opernation : heatBeat, on Server :Montreal 
2016-12-05T22:15:48.753-05:00 INFO    Executing Opernation : heatBeat, on Server :Montreal 
2016-12-05T22:16:03.754-05:00 INFO    Executing Opernation : heatBeat, on Server :Montreal 
2016-12-05T22:16:18.754-05:00 INFO    Executing Opernation : heatBeat, on Server :Montreal 
2016-12-05T22:16:33.754-05:00 INFO    Executing Opernation : heatBeat, on Server :Montreal 
2016-12-05T22:16:48.755-05:00 INFO    Executing Opernation : heatBeat, on Server :Montreal 
2016-12-05T22:18:13.304-05:00 INFO    Replica is UP! 
2016-12-05T22:18:13.326-05:00 INFO    ReplicaUmer UDP Server Is UP! 
2016-12-05T22:18:13.888-05:00 INFO    Executing Opernation : heatBeat, on Server :Montreal 
2016-12-05T22:18:28.880-05:00 INFO    Executing Opernation : heatBeat, on Server :Montreal 
2016-12-05T22:18:43.880-05:00 INFO    Executing Opernation : heatBeat, on Server :Montreal 
2016-12-05T22:18:46.132-05:00 INFO    Executing Opernation : editFlightRecord, on Server :Montreal 
2016-12-05T22:18:46.339-05:00 INFO    Executing Opernation : editFlightRecord, on Server :Montreal 
2016-12-05T22:18:46.478-05:00 INFO    Executing Opernation : editFlightRecord, on Server :Montreal 
2016-12-05T22:18:46.617-05:00 INFO    Executing Opernation : editFlightRecord, on Server :Montreal 
2016-12-05T22:18:46.764-05:00 INFO    Executing Opernation : bookFlight, on Server :Montreal 
2016-12-05T22:18:46.939-05:00 INFO    Executing Opernation : editFlightRecord, on Server :NewDelhi 
2016-12-05T22:18:47.159-05:00 INFO    Executing Opernation : transferReservation, on Server :Montreal 
2016-12-05T22:18:58.881-05:00 INFO    Executing Opernation : heatBeat, on Server :Montreal 
2016-12-05T22:19:13.882-05:00 INFO    Executing Opernation : heatBeat, on Server :Montreal 
2016-12-05T22:19:28.883-05:00 INFO    Executing Opernation : heatBeat, on Server :Montreal 
2016-12-05T22:19:43.884-05:00 INFO    Executing Opernation : heatBeat, on Server :Montreal 
2016-12-05T22:19:58.899-05:00 INFO    Executing Opernation : heatBeat, on Server :Montreal 
2016-12-05T22:20:13.896-05:00 INFO    Executing Opernation : heatBeat, on Server :Montreal 
2016-12-05T22:20:28.898-05:00 INFO    Executing Opernation : heatBeat, on Server :Montreal 
2016-12-05T22:20:43.899-05:00 INFO    Executing Opernation : heatBeat, on Server :Montreal 
2016-12-05T22:20:58.899-05:00 INFO    Executing Opernation : heatBeat, on Server :Montreal 
2016-12-05T22:21:13.899-05:00 INFO    Executing Opernation : heatBeat, on Server :Montreal 
2016-12-05T22:21:28.901-05:00 INFO    Executing Opernation : heatBeat, on Server :Montreal 
2016-12-05T22:21:43.901-05:00 INFO    Executing Opernation : heatBeat, on Server :Montreal 
2016-12-05T22:21:58.910-05:00 INFO    Executing Opernation : heatBeat, on Server :Montreal 
2016-12-05T22:22:13.911-05:00 INFO    Executing Opernation : heatBeat, on Server :Montreal 
2016-12-05T22:22:28.912-05:00 INFO    Executing Opernation : heatBeat, on Server :Montreal 
2016-12-05T22:22:43.912-05:00 INFO    Executing Opernation : heatBeat, on Server :Montreal 
2016-12-05T22:22:58.913-05:00 INFO    Executing Opernation : heatBeat, on Server :Montreal 
2016-12-05T22:23:55.486-05:00 INFO    Replica is UP! 
2016-12-05T22:23:55.503-05:00 INFO    ReplicaUmer UDP Server Is UP! 
2016-12-05T22:23:55.912-05:00 INFO    Executing Opernation : heatBeat, on Server :Montreal 
2016-12-05T22:24:05.873-05:00 INFO    Executing Opernation : editFlightRecord, on Server :Montreal 
2016-12-05T22:24:05.989-05:00 INFO    Executing Opernation : editFlightRecord, on Server :Montreal 
2016-12-05T22:24:06.135-05:00 INFO    Executing Opernation : editFlightRecord, on Server :Montreal 
2016-12-05T22:24:06.292-05:00 INFO    Executing Opernation : editFlightRecord, on Server :Montreal 
2016-12-05T22:24:06.468-05:00 INFO    Executing Opernation : bookFlight, on Server :Montreal 
2016-12-05T22:24:06.765-05:00 INFO    Executing Opernation : editFlightRecord, on Server :NewDelhi 
2016-12-05T22:24:06.976-05:00 INFO    Executing Opernation : transferReservation, on Server :Montreal 
2016-12-05T22:24:10.902-05:00 INFO    Executing Opernation : heatBeat, on Server :Montreal 
2016-12-05T22:24:25.902-05:00 INFO    Executing Opernation : heatBeat, on Server :Montreal 
2016-12-05T22:24:40.903-05:00 INFO    Executing Opernation : heatBeat, on Server :Montreal 
2016-12-05T22:24:55.904-05:00 INFO    Executing Opernation : heatBeat, on Server :Montreal 
2016-12-05T22:25:10.905-05:00 INFO    Executing Opernation : heatBeat, on Server :Montreal 
2016-12-05T22:25:25.906-05:00 INFO    Executing Opernation : heatBeat, on Server :Montreal 
2016-12-05T22:25:40.907-05:00 INFO    Executing Opernation : heatBeat, on Server :Montreal 
2016-12-05T22:25:55.907-05:00 INFO    Executing Opernation : heatBeat, on Server :Montreal 
2016-12-05T22:26:10.909-05:00 INFO    Executing Opernation : heatBeat, on Server :Montreal 
2016-12-05T22:26:25.909-05:00 INFO    Executing Opernation : heatBeat, on Server :Montreal 
2016-12-05T22:26:40.911-05:00 INFO    Executing Opernation : heatBeat, on Server :Montreal 
2016-12-05T22:26:55.911-05:00 INFO    Executing Opernation : heatBeat, on Server :Montreal 
2016-12-05T22:27:10.913-05:00 INFO    Executing Opernation : heatBeat, on Server :Montreal 
2016-12-05T22:27:25.914-05:00 INFO    Executing Opernation : heatBeat, on Server :Montreal 
2016-12-05T22:27:40.915-05:00 INFO    Executing Opernation : heatBeat, on Server :Montreal 
2016-12-05T22:27:55.915-05:00 INFO    Executing Opernation : heatBeat, on Server :Montreal 
2016-12-05T22:28:10.916-05:00 INFO    Executing Opernation : heatBeat, on Server :Montreal 
2016-12-05T22:28:25.917-05:00 INFO    Executing Opernation : heatBeat, on Server :Montreal 
2016-12-05T22:28:40.917-05:00 INFO    Executing Opernation : heatBeat, on Server :Montreal 
2016-12-05T22:28:55.918-05:00 INFO    Executing Opernation : heatBeat, on Server :Montreal 
2016-12-05T22:29:10.920-05:00 INFO    Executing Opernation : heatBeat, on Server :Montreal 
2016-12-05T22:29:25.921-05:00 INFO    Executing Opernation : heatBeat, on Server :Montreal 
2016-12-05T22:29:40.920-05:00 INFO    Executing Opernation : heatBeat, on Server :Montreal 
2016-12-05T22:29:55.921-05:00 INFO    Executing Opernation : heatBeat, on Server :Montreal 
2016-12-05T22:30:10.922-05:00 INFO    Executing Opernation : heatBeat, on Server :Montreal 
2016-12-05T22:30:25.923-05:00 INFO    Executing Opernation : heatBeat, on Server :Montreal 
2016-12-05T22:30:40.924-05:00 INFO    Executing Opernation : heatBeat, on Server :Montreal 
2016-12-05T22:30:55.925-05:00 INFO    Executing Opernation : heatBeat, on Server :Montreal 
2016-12-05T22:31:10.926-05:00 INFO    Executing Opernation : heatBeat, on Server :Montreal 
2016-12-05T22:31:25.927-05:00 INFO    Executing Opernation : heatBeat, on Server :Montreal 
2016-12-05T22:31:40.928-05:00 INFO    Executing Opernation : heatBeat, on Server :Montreal 
2016-12-05T22:31:55.929-05:00 INFO    Executing Opernation : heatBeat, on Server :Montreal 
2016-12-05T22:32:10.929-05:00 INFO    Executing Opernation : heatBeat, on Server :Montreal 
2016-12-05T22:32:25.930-05:00 INFO    Executing Opernation : heatBeat, on Server :Montreal 
2016-12-05T22:32:40.931-05:00 INFO    Executing Opernation : heatBeat, on Server :Montreal 
2016-12-05T22:32:55.932-05:00 INFO    Executing Opernation : heatBeat, on Server :Montreal 
2016-12-05T22:33:54.740-05:00 INFO    Replica is UP! 
2016-12-05T22:33:54.740-05:00 INFO    ReplicaUmer UDP Server Is UP! 
2016-12-05T22:33:55.036-05:00 INFO    Executing Opernation : heatBeat, on Server :Montreal 
2016-12-05T22:34:10.023-05:00 INFO    Executing Opernation : heatBeat, on Server :Montreal 
2016-12-05T22:34:14.019-05:00 INFO    Executing Opernation : editFlightRecord, on Server :Montreal 
2016-12-05T22:34:14.148-05:00 INFO    Executing Opernation : editFlightRecord, on Server :Montreal 
2016-12-05T22:34:14.272-05:00 INFO    Executing Opernation : editFlightRecord, on Server :Montreal 
2016-12-05T22:34:14.451-05:00 INFO    Executing Opernation : editFlightRecord, on Server :Montreal 
2016-12-05T22:34:14.614-05:00 INFO    Executing Opernation : bookFlight, on Server :Montreal 
2016-12-05T22:34:14.753-05:00 INFO    Executing Opernation : editFlightRecord, on Server :NewDelhi 
2016-12-05T22:34:18.769-05:00 INFO    Executing Opernation : getBookedFlightCount, on Server :Montreal 
2016-12-05T22:34:25.024-05:00 INFO    Executing Opernation : heatBeat, on Server :Montreal 
2016-12-05T22:34:40.025-05:00 INFO    Executing Opernation : heatBeat, on Server :Montreal 
2016-12-05T22:34:55.026-05:00 INFO    Executing Opernation : heatBeat, on Server :Montreal 
2016-12-05T22:35:10.027-05:00 INFO    Executing Opernation : heatBeat, on Server :Montreal 
2016-12-05T22:35:25.028-05:00 INFO    Executing Opernation : heatBeat, on Server :Montreal 
2016-12-05T22:35:40.029-05:00 INFO    Executing Opernation : heatBeat, on Server :Montreal 
2016-12-05T22:35:55.028-05:00 INFO    Executing Opernation : heatBeat, on Server :Montreal 
2016-12-05T22:36:10.029-05:00 INFO    Executing Opernation : heatBeat, on Server :Montreal 
2016-12-05T22:36:25.031-05:00 INFO    Executing Opernation : heatBeat, on Server :Montreal 
2016-12-05T22:36:40.031-05:00 INFO    Executing Opernation : heatBeat, on Server :Montreal 
2016-12-05T22:37:11.834-05:00 INFO    Replica is UP! 
2016-12-05T22:37:11.852-05:00 INFO    ReplicaUmer UDP Server Is UP! 
2016-12-05T22:37:12.345-05:00 INFO    Executing Opernation : heatBeat, on Server :Montreal 
2016-12-05T22:37:27.337-05:00 INFO    Executing Opernation : heatBeat, on Server :Montreal 
2016-12-05T22:37:28.026-05:00 INFO    Executing Opernation : editFlightRecord, on Server :Montreal 
2016-12-05T22:37:28.172-05:00 INFO    Executing Opernation : editFlightRecord, on Server :Montreal 
2016-12-05T22:37:28.362-05:00 INFO    Executing Opernation : editFlightRecord, on Server :Montreal 
2016-12-05T22:37:28.528-05:00 INFO    Executing Opernation : editFlightRecord, on Server :Montreal 
2016-12-05T22:37:28.728-05:00 INFO    Executing Opernation : bookFlight, on Server :Montreal 
2016-12-05T22:37:28.911-05:00 INFO    Executing Opernation : editFlightRecord, on Server :NewDelhi 
2016-12-05T22:37:29.213-05:00 INFO    Executing Opernation : getBookedFlightCount, on Server :Montreal 
2016-12-05T22:37:42.338-05:00 INFO    Executing Opernation : heatBeat, on Server :Montreal 
2016-12-05T22:37:57.339-05:00 INFO    Executing Opernation : heatBeat, on Server :Montreal 
2016-12-05T22:38:12.340-05:00 INFO    Executing Opernation : heatBeat, on Server :Montreal 
2016-12-05T22:38:27.341-05:00 INFO    Executing Opernation : heatBeat, on Server :Montreal 
2016-12-05T22:38:42.342-05:00 INFO    Executing Opernation : heatBeat, on Server :Montreal 
2016-12-05T22:38:57.342-05:00 INFO    Executing Opernation : heatBeat, on Server :Montreal 
2016-12-05T22:39:12.343-05:00 INFO    Executing Opernation : heatBeat, on Server :Montreal 
2016-12-05T22:39:27.343-05:00 INFO    Executing Opernation : heatBeat, on Server :Montreal 
2016-12-05T22:39:42.345-05:00 INFO    Executing Opernation : heatBeat, on Server :Montreal 
2016-12-05T22:39:57.344-05:00 INFO    Executing Opernation : heatBeat, on Server :Montreal 
2016-12-05T22:40:12.346-05:00 INFO    Executing Opernation : heatBeat, on Server :Montreal 
2016-12-05T22:40:27.347-05:00 INFO    Executing Opernation : heatBeat, on Server :Montreal 
2016-12-05T22:40:42.348-05:00 INFO    Executing Opernation : heatBeat, on Server :Montreal 
2016-12-05T22:40:57.348-05:00 INFO    Executing Opernation : heatBeat, on Server :Montreal 
2016-12-05T22:41:12.349-05:00 INFO    Executing Opernation : heatBeat, on Server :Montreal 
2016-12-05T22:41:27.350-05:00 INFO    Executing Opernation : heatBeat, on Server :Montreal 
2016-12-05T22:41:42.352-05:00 INFO    Executing Opernation : heatBeat, on Server :Montreal 
2016-12-05T22:41:57.352-05:00 INFO    Executing Opernation : heatBeat, on Server :Montreal 
2016-12-05T22:42:12.353-05:00 INFO    Executing Opernation : heatBeat, on Server :Montreal 
2016-12-05T22:42:27.353-05:00 INFO    Executing Opernation : heatBeat, on Server :Montreal 
2016-12-05T22:42:42.354-05:00 INFO    Executing Opernation : heatBeat, on Server :Montreal 
2016-12-05T22:42:57.355-05:00 INFO    Executing Opernation : heatBeat, on Server :Montreal 
2016-12-05T22:43:30.817-05:00 INFO    Replica is UP! 
2016-12-05T22:43:30.817-05:00 INFO    ReplicaUmer UDP Server Is UP! 
2016-12-05T22:43:31.098-05:00 INFO    Executing Opernation : heatBeat, on Server :Montreal 
2016-12-05T22:43:46.100-05:00 INFO    Executing Opernation : heatBeat, on Server :Montreal 
2016-12-05T22:44:01.101-05:00 INFO    Executing Opernation : heatBeat, on Server :Montreal 
2016-12-05T22:44:08.258-05:00 INFO    Executing Opernation : editFlightRecord, on Server :Montreal 
2016-12-05T22:44:08.386-05:00 INFO    Executing Opernation : editFlightRecord, on Server :Montreal 
2016-12-05T22:44:08.551-05:00 INFO    Executing Opernation : editFlightRecord, on Server :Montreal 
2016-12-05T22:44:08.765-05:00 INFO    Executing Opernation : editFlightRecord, on Server :Montreal 
2016-12-05T22:44:08.927-05:00 INFO    Executing Opernation : bookFlight, on Server :Montreal 
2016-12-05T22:44:09.255-05:00 INFO    Executing Opernation : editFlightRecord, on Server :NewDelhi 
2016-12-05T22:44:09.394-05:00 INFO    Executing Opernation : getBookedFlightCount, on Server :Montreal 
2016-12-05T22:44:16.101-05:00 INFO    Executing Opernation : heatBeat, on Server :Montreal 
2016-12-05T22:44:31.102-05:00 INFO    Executing Opernation : heatBeat, on Server :Montreal 
2016-12-05T22:44:46.103-05:00 INFO    Executing Opernation : heatBeat, on Server :Montreal 
2016-12-05T22:45:01.104-05:00 INFO    Executing Opernation : heatBeat, on Server :Montreal 
2016-12-05T22:45:16.105-05:00 INFO    Executing Opernation : heatBeat, on Server :Montreal 
2016-12-05T22:45:31.105-05:00 INFO    Executing Opernation : heatBeat, on Server :Montreal 
2016-12-05T22:45:46.106-05:00 INFO    Executing Opernation : heatBeat, on Server :Montreal 
2016-12-05T22:46:01.107-05:00 INFO    Executing Opernation : heatBeat, on Server :Montreal 
2016-12-05T22:46:16.108-05:00 INFO    Executing Opernation : heatBeat, on Server :Montreal 
2016-12-05T22:46:31.110-05:00 INFO    Executing Opernation : heatBeat, on Server :Montreal 
2016-12-05T22:46:46.111-05:00 INFO    Executing Opernation : heatBeat, on Server :Montreal 
2016-12-05T22:47:01.112-05:00 INFO    Executing Opernation : heatBeat, on Server :Montreal 
2016-12-05T22:48:16.990-05:00 INFO    Replica is UP! 
2016-12-05T22:48:17.011-05:00 INFO    ReplicaUmer UDP Server Is UP! 
2016-12-05T22:48:17.437-05:00 INFO    Executing Opernation : heatBeat, on Server :Montreal 
2016-12-05T22:48:27.000-05:00 INFO    Executing Opernation : editFlightRecord, on Server :Montreal 
2016-12-05T22:48:27.168-05:00 INFO    Executing Opernation : editFlightRecord, on Server :Montreal 
2016-12-05T22:48:27.350-05:00 INFO    Executing Opernation : editFlightRecord, on Server :Montreal 
2016-12-05T22:48:27.547-05:00 INFO    Executing Opernation : editFlightRecord, on Server :Montreal 
2016-12-05T22:48:27.709-05:00 INFO    Executing Opernation : bookFlight, on Server :Montreal 
2016-12-05T22:48:27.914-05:00 INFO    Executing Opernation : editFlightRecord, on Server :NewDelhi 
2016-12-05T22:48:28.211-05:00 INFO    Executing Opernation : getBookedFlightCount, on Server :Montreal 
2016-12-05T22:48:32.429-05:00 INFO    Executing Opernation : heatBeat, on Server :Montreal 
2016-12-05T22:48:47.430-05:00 INFO    Executing Opernation : heatBeat, on Server :Montreal 
2016-12-05T22:49:02.431-05:00 INFO    Executing Opernation : heatBeat, on Server :Montreal 
2016-12-05T22:49:42.390-05:00 INFO    Replica is UP! 
2016-12-05T22:49:42.402-05:00 INFO    ReplicaUmer UDP Server Is UP! 
2016-12-05T22:49:42.856-05:00 INFO    Executing Opernation : heatBeat, on Server :Montreal 
2016-12-05T22:49:57.846-05:00 INFO    Executing Opernation : heatBeat, on Server :Montreal 
2016-12-05T22:50:09.602-05:00 INFO    Executing Opernation : editFlightRecord, on Server :Montreal 
2016-12-05T22:50:09.786-05:00 INFO    Executing Opernation : editFlightRecord, on Server :Montreal 
2016-12-05T22:50:09.997-05:00 INFO    Executing Opernation : editFlightRecord, on Server :Montreal 
2016-12-05T22:50:10.161-05:00 INFO    Executing Opernation : editFlightRecord, on Server :Montreal 
2016-12-05T22:50:10.389-05:00 INFO    Executing Opernation : bookFlight, on Server :Montreal 
2016-12-05T22:50:10.551-05:00 INFO    Executing Opernation : editFlightRecord, on Server :NewDelhi 
2016-12-05T22:50:10.725-05:00 INFO    Executing Opernation : getBookedFlightCount, on Server :Montreal 
2016-12-05T22:50:11.105-05:00 INFO    Executing Opernation : transferReservation, on Server :Montreal 
2016-12-05T22:50:12.847-05:00 INFO    Executing Opernation : heatBeat, on Server :Montreal 
2016-12-05T22:50:27.848-05:00 INFO    Executing Opernation : heatBeat, on Server :Montreal 
2016-12-05T22:50:42.849-05:00 INFO    Executing Opernation : heatBeat, on Server :Montreal 
2016-12-05T22:50:57.850-05:00 INFO    Executing Opernation : heatBeat, on Server :Montreal 
2016-12-05T22:51:12.851-05:00 INFO    Executing Opernation : heatBeat, on Server :Montreal 
2016-12-05T22:51:27.852-05:00 INFO    Executing Opernation : heatBeat, on Server :Montreal 
2016-12-05T22:51:42.852-05:00 INFO    Executing Opernation : heatBeat, on Server :Montreal 
2016-12-05T22:51:57.854-05:00 INFO    Executing Opernation : heatBeat, on Server :Montreal 
2016-12-05T22:52:12.854-05:00 INFO    Executing Opernation : heatBeat, on Server :Montreal 
2016-12-05T22:52:27.855-05:00 INFO    Executing Opernation : heatBeat, on Server :Montreal 
2016-12-05T22:52:42.857-05:00 INFO    Executing Opernation : heatBeat, on Server :Montreal 
2016-12-05T22:52:57.858-05:00 INFO    Executing Opernation : heatBeat, on Server :Montreal 
2016-12-05T22:53:12.859-05:00 INFO    Executing Opernation : heatBeat, on Server :Montreal 
2016-12-05T22:53:27.859-05:00 INFO    Executing Opernation : heatBeat, on Server :Montreal 
2016-12-05T22:53:42.860-05:00 INFO    Executing Opernation : heatBeat, on Server :Montreal 
2016-12-05T22:53:57.860-05:00 INFO    Executing Opernation : heatBeat, on Server :Montreal 
2016-12-05T22:54:12.861-05:00 INFO    Executing Opernation : heatBeat, on Server :Montreal 
2016-12-05T22:54:27.863-05:00 INFO    Executing Opernation : heatBeat, on Server :Montreal 
2016-12-05T22:59:31.264-05:00 INFO    Replica is UP! 
2016-12-05T22:59:31.286-05:00 INFO    ReplicaUmer UDP Server Is UP! 
2016-12-05T22:59:31.652-05:00 INFO    Executing Opernation : heatBeat, on Server :Montreal 
2016-12-05T22:59:41.611-05:00 INFO    Executing Opernation : editFlightRecord, on Server :Montreal 
2016-12-05T22:59:41.741-05:00 INFO    Executing Opernation : editFlightRecord, on Server :Montreal 
2016-12-05T22:59:41.898-05:00 INFO    Executing Opernation : editFlightRecord, on Server :Montreal 
2016-12-05T22:59:42.045-05:00 INFO    Executing Opernation : editFlightRecord, on Server :Montreal 
2016-12-05T22:59:42.206-05:00 INFO    Executing Opernation : bookFlight, on Server :Montreal 
2016-12-05T22:59:46.557-05:00 INFO    Executing Opernation : editFlightRecord, on Server :NewDelhi 
2016-12-05T22:59:46.669-05:00 INFO    Executing Opernation : heatBeat, on Server :Montreal 
2016-12-05T22:59:46.811-05:00 INFO    Executing Opernation : getBookedFlightCount, on Server :Montreal 
2016-12-05T22:59:47.137-05:00 INFO    Executing Opernation : transferReservation, on Server :Montreal 
2016-12-05T23:00:01.642-05:00 INFO    Executing Opernation : heatBeat, on Server :Montreal 
2016-12-05T23:00:16.643-05:00 INFO    Executing Opernation : heatBeat, on Server :Montreal 
2016-12-05T23:00:31.644-05:00 INFO    Executing Opernation : heatBeat, on Server :Montreal 
2016-12-05T23:00:46.645-05:00 INFO    Executing Opernation : heatBeat, on Server :Montreal 
2016-12-05T23:01:01.646-05:00 INFO    Executing Opernation : heatBeat, on Server :Montreal 
2016-12-05T23:01:16.647-05:00 INFO    Executing Opernation : heatBeat, on Server :Montreal 
2016-12-05T23:01:31.647-05:00 INFO    Executing Opernation : heatBeat, on Server :Montreal 
2016-12-05T23:01:46.649-05:00 INFO    Executing Opernation : heatBeat, on Server :Montreal 
2016-12-05T23:02:01.650-05:00 INFO    Executing Opernation : heatBeat, on Server :Montreal 
2016-12-05T23:02:16.650-05:00 INFO    Executing Opernation : heatBeat, on Server :Montreal 
2016-12-05T23:02:31.651-05:00 INFO    Executing Opernation : heatBeat, on Server :Montreal 
2016-12-05T23:02:46.651-05:00 INFO    Executing Opernation : heatBeat, on Server :Montreal 
2016-12-05T23:03:01.652-05:00 INFO    Executing Opernation : heatBeat, on Server :Montreal 
2016-12-05T23:03:16.654-05:00 INFO    Executing Opernation : heatBeat, on Server :Montreal 
2016-12-05T23:03:31.654-05:00 INFO    Executing Opernation : heatBeat, on Server :Montreal 
2016-12-05T23:03:46.655-05:00 INFO    Executing Opernation : heatBeat, on Server :Montreal 
2016-12-05T23:04:01.656-05:00 INFO    Executing Opernation : heatBeat, on Server :Montreal 
2016-12-05T23:04:16.656-05:00 INFO    Executing Opernation : heatBeat, on Server :Montreal 
2016-12-05T23:04:31.657-05:00 INFO    Executing Opernation : heatBeat, on Server :Montreal 
2016-12-05T23:04:46.658-05:00 INFO    Executing Opernation : heatBeat, on Server :Montreal 
2016-12-05T23:05:01.660-05:00 INFO    Executing Opernation : heatBeat, on Server :Montreal 
