2016-12-04T18:11:29.926-05:00 INFO     Replica is UP! 
2016-12-04T18:11:29.973-05:00 INFO    ReplicaSajjad UDP Server Is UP! 
2016-12-04T18:33:21.551-05:00 INFO     Replica is UP! 
2016-12-04T18:33:21.567-05:00 INFO    ReplicaSajjad UDP Server Is UP! 
2016-12-04T18:33:21.582-05:00 SEVERE  on starting UDP Server 
2016-12-04T18:33:32.522-05:00 INFO     Replica is UP! 
2016-12-04T18:33:32.554-05:00 INFO    ReplicaSajjad UDP Server Is UP! 
2016-12-04T18:34:19.879-05:00 INFO     Replica is UP! 
2016-12-04T18:34:19.926-05:00 INFO    ReplicaSajjad UDP Server Is UP! 
2016-12-04T18:34:24.149-05:00 INFO     Replica is UP! 
2016-12-04T18:34:24.180-05:00 INFO    ReplicaSajjad UDP Server Is UP! 
2016-12-04T18:34:33.551-05:00 INFO     Replica is UP! 
2016-12-04T18:34:33.582-05:00 INFO    ReplicaSajjad UDP Server Is UP! 
2016-12-04T18:34:33.582-05:00 SEVERE  on starting UDP Server 
2016-12-04T18:35:11.936-05:00 INFO     Replica is UP! 
2016-12-04T18:35:11.967-05:00 INFO    ReplicaSajjad UDP Server Is UP! 
2016-12-04T18:35:11.967-05:00 SEVERE  on starting UDP Server 
2016-12-04T18:36:11.640-05:00 INFO     Replica is UP! 
2016-12-04T18:36:11.686-05:00 INFO    ReplicaSajjad UDP Server Is UP! 
2016-12-04T18:37:05.122-05:00 INFO     Replica is UP! 
2016-12-04T18:38:00.517-05:00 INFO    ReplicaSajjad UDP Server Is UP! 
2016-12-04T20:38:55.979-05:00 INFO    ReplicaManager is UP! 
2016-12-04T20:38:56.068-05:00 INFO    ReplicaSajjad Manager UDP Server Is UP! 
2016-12-04T20:39:55.679-05:00 INFO    ReplicaManager is UP! 
2016-12-04T20:39:55.738-05:00 INFO    ReplicaSajjad Manager UDP Server Is UP! 
2016-12-04T20:41:05.564-05:00 INFO    ReplicaManager is UP! 
2016-12-04T20:41:05.605-05:00 INFO    ReplicaSajjad Manager UDP Server Is UP! 
2016-12-04T20:45:15.669-05:00 INFO    ReplicaManager is UP! 
2016-12-04T20:45:15.722-05:00 INFO    ReplicaSajjad Manager UDP Server Is UP! 
2016-12-04T20:47:12.096-05:00 INFO    ReplicaManager is UP! 
2016-12-04T20:47:12.137-05:00 INFO    ReplicaSajjad Manager UDP Server Is UP! 
2016-12-04T20:47:56.097-05:00 INFO    ReplicaManager is UP! 
2016-12-04T20:47:56.145-05:00 INFO    ReplicaSajjad Manager UDP Server Is UP! 
2016-12-04T20:48:37.108-05:00 INFO    ReplicaManager is UP! 
2016-12-04T20:48:37.148-05:00 INFO    ReplicaSajjad Manager UDP Server Is UP! 
2016-12-04T20:48:47.291-05:00 INFO    ReplicaManager is UP! 
2016-12-04T20:48:47.329-05:00 INFO    ReplicaSajjad Manager UDP Server Is UP! 
2016-12-04T20:48:55.184-05:00 INFO    ReplicaManager is UP! 
2016-12-04T20:48:55.233-05:00 INFO    ReplicaSajjad Manager UDP Server Is UP! 
2016-12-04T20:52:15.742-05:00 INFO    ReplicaManager is UP! 
2016-12-04T20:52:15.768-05:00 INFO    ReplicaSajjad Manager UDP Server Is UP! 
2016-12-04T20:53:05.150-05:00 INFO    ReplicaManager is UP! 
2016-12-04T20:53:05.182-05:00 INFO    ReplicaSajjad Manager UDP Server Is UP! 
2016-12-04T20:55:27.190-05:00 INFO    ReplicaManager is UP! 
2016-12-04T20:55:27.232-05:00 INFO    ReplicaSajjad Manager UDP Server Is UP! 
2016-12-04T20:59:20.326-05:00 INFO    ReplicaManager is UP! 
2016-12-04T20:59:20.368-05:00 INFO    ReplicaSajjad Manager UDP Server Is UP! 
2016-12-04T21:09:44.741-05:00 INFO    ReplicaManager is UP! 
2016-12-04T21:09:44.784-05:00 INFO    ReplicaSajjad Manager UDP Server Is UP! 
2016-12-04T21:10:48.081-05:00 INFO    ReplicaManager is UP! 
2016-12-04T21:10:48.138-05:00 INFO    ReplicaSajjad Manager UDP Server Is UP! 
2016-12-04T21:18:41.449-05:00 INFO    ReplicaManager is UP! 
2016-12-04T21:18:41.486-05:00 INFO    ReplicaSajjad Manager UDP Server Is UP! 
2016-12-04T23:45:48.500-05:00 INFO    ReplicaManager is UP! 
2016-12-04T23:45:48.546-05:00 INFO    ReplicaUmer Manager UDP Server Is UP! 
2016-12-05T00:04:22.474-05:00 INFO    ReplicaManager is UP! 
2016-12-05T00:04:22.553-05:00 INFO    ReplicaSajjad Manager UDP Server Is UP! 
2016-12-05T00:04:57.650-05:00 INFO    ReplicaManager is UP! 
2016-12-05T00:04:57.676-05:00 INFO    ReplicaSajjad Manager UDP Server Is UP! 
2016-12-05T00:19:26.272-05:00 INFO    ReplicaManager is UP! 
2016-12-05T00:19:26.336-05:00 INFO    ReplicaSajjad Manager UDP Server Is UP! 
2016-12-05T00:34:53.158-05:00 INFO    ReplicaManager is UP! 
2016-12-05T00:34:53.205-05:00 INFO    ReplicaSajjad Manager UDP Server Is UP! 
2016-12-05T00:38:41.888-05:00 INFO    ReplicaManager is UP! 
2016-12-05T00:38:41.922-05:00 INFO    ReplicaSajjad Manager UDP Server Is UP! 
2016-12-05T00:44:32.838-05:00 INFO    ReplicaManager is UP! 
2016-12-05T00:44:32.878-05:00 INFO    ReplicaSajjad Manager UDP Server Is UP! 
2016-12-05T01:14:42.144-05:00 INFO    ReplicaManager is UP! 
2016-12-05T01:14:47.997-05:00 INFO    ReplicaSajjad Manager UDP Server Is UP! 
2016-12-05T01:26:05.752-05:00 INFO    ReplicaManager is UP! 
2016-12-05T01:26:05.788-05:00 INFO    ReplicaSajjad Manager UDP Server Is UP! 
2016-12-05T01:34:45.679-05:00 INFO    ReplicaManager is UP! 
2016-12-05T01:34:45.713-05:00 INFO    ReplicaSajjad Manager UDP Server Is UP! 
2016-12-05T01:40:12.059-05:00 INFO    ReplicaManager is UP! 
2016-12-05T01:40:31.985-05:00 INFO    ReplicaSajjad Manager UDP Server Is UP! 
2016-12-05T01:45:06.813-05:00 INFO    ReplicaManager is UP! 
2016-12-05T01:45:06.847-05:00 INFO    ReplicaSajjad Manager UDP Server Is UP! 
2016-12-05T01:45:30.037-05:00 INFO    ReplicaManager is UP! 
2016-12-05T01:45:30.096-05:00 INFO    ReplicaSajjad Manager UDP Server Is UP! 
2016-12-05T01:49:13.003-05:00 INFO    ReplicaManager is UP! 
2016-12-05T01:49:13.064-05:00 INFO    ReplicaSajjad Manager UDP Server Is UP! 
2016-12-05T01:50:00.913-05:00 INFO    ReplicaManager is UP! 
2016-12-05T01:50:00.948-05:00 INFO    ReplicaSajjad Manager UDP Server Is UP! 
2016-12-05T01:52:35.554-05:00 INFO    ReplicaManager is UP! 
2016-12-05T01:52:35.618-05:00 INFO    ReplicaSajjad Manager UDP Server Is UP! 
2016-12-05T01:52:53.443-05:00 INFO    ReplicaManager is UP! 
2016-12-05T01:52:53.478-05:00 INFO    ReplicaSajjad Manager UDP Server Is UP! 
2016-12-05T01:54:03.577-05:00 INFO    ReplicaManager is UP! 
2016-12-05T01:54:03.613-05:00 INFO    ReplicaSajjad Manager UDP Server Is UP! 
2016-12-05T01:56:46.740-05:00 INFO    ReplicaManager is UP! 
2016-12-05T01:56:46.771-05:00 INFO    ReplicaSajjad Manager UDP Server Is UP! 
2016-12-05T01:58:22.800-05:00 INFO    ReplicaManager is UP! 
2016-12-05T01:58:22.833-05:00 INFO    ReplicaSajjad Manager UDP Server Is UP! 
2016-12-05T02:02:10.387-05:00 INFO    ReplicaManager is UP! 
2016-12-05T02:02:10.420-05:00 INFO    ReplicaSajjad Manager UDP Server Is UP! 
2016-12-05T02:03:10.005-05:00 INFO    ReplicaManager is UP! 
2016-12-05T02:03:10.046-05:00 INFO    ReplicaSajjad Manager UDP Server Is UP! 
2016-12-05T02:04:37.511-05:00 INFO    ReplicaManager is UP! 
2016-12-05T02:04:37.561-05:00 INFO    ReplicaSajjad Manager UDP Server Is UP! 
2016-12-05T02:10:32.365-05:00 INFO    ReplicaManager is UP! 
2016-12-05T02:10:32.400-05:00 INFO    ReplicaSajjad Manager UDP Server Is UP! 
2016-12-05T02:14:03.091-05:00 INFO    ReplicaManager is UP! 
2016-12-05T02:14:03.142-05:00 INFO    ReplicaSajjad Manager UDP Server Is UP! 
2016-12-05T02:19:34.678-05:00 INFO    ReplicaManager is UP! 
2016-12-05T02:19:34.713-05:00 INFO    ReplicaSajjad Manager UDP Server Is UP! 
2016-12-05T02:21:36.758-05:00 INFO    ReplicaManager is UP! 
2016-12-05T02:21:36.793-05:00 INFO    ReplicaSajjad Manager UDP Server Is UP! 
2016-12-05T02:22:47.312-05:00 INFO    ReplicaManager is UP! 
2016-12-05T02:22:47.368-05:00 INFO    ReplicaSajjad Manager UDP Server Is UP! 
2016-12-05T02:27:11.182-05:00 INFO    ReplicaManager is UP! 
2016-12-05T02:27:11.215-05:00 INFO    ReplicaSajjad Manager UDP Server Is UP! 
2016-12-05T02:28:29.662-05:00 INFO    ReplicaManager is UP! 
2016-12-05T02:28:29.695-05:00 INFO    ReplicaSajjad Manager UDP Server Is UP! 
2016-12-05T11:11:24.048-05:00 INFO    ReplicaManager is UP! 
2016-12-05T11:11:24.157-05:00 INFO    ReplicaSajjad Manager UDP Server Is UP! 
2016-12-05T11:13:13.509-05:00 INFO    ReplicaManager is UP! 
2016-12-05T11:13:13.541-05:00 INFO    ReplicaSajjad Manager UDP Server Is UP! 
2016-12-05T11:15:23.306-05:00 INFO    ReplicaManager is UP! 
2016-12-05T11:15:23.443-05:00 INFO    ReplicaSajjad Manager UDP Server Is UP! 
2016-12-05T11:18:43.404-05:00 INFO    ReplicaManager is UP! 
2016-12-05T11:18:43.453-05:00 INFO    ReplicaSajjad Manager UDP Server Is UP! 
2016-12-05T11:23:30.495-05:00 INFO    ReplicaManager is UP! 
2016-12-05T11:23:30.546-05:00 INFO    ReplicaSajjad Manager UDP Server Is UP! 
2016-12-05T11:31:50.032-05:00 INFO    ReplicaManager is UP! 
2016-12-05T11:31:50.312-05:00 INFO    ReplicaSajjad Manager UDP Server Is UP! 
2016-12-05T11:32:02.461-05:00 INFO    ReplicaManager is UP! 
2016-12-05T11:32:02.504-05:00 INFO    ReplicaSajjad Manager UDP Server Is UP! 
2016-12-05T11:34:26.320-05:00 INFO    ReplicaManager is UP! 
2016-12-05T11:34:26.364-05:00 INFO    ReplicaSajjad Manager UDP Server Is UP! 
2016-12-05T11:35:42.787-05:00 INFO    ReplicaManager is UP! 
2016-12-05T11:35:42.833-05:00 INFO    ReplicaSajjad Manager UDP Server Is UP! 
2016-12-05T11:36:34.083-05:00 INFO    ReplicaManager is UP! 
2016-12-05T11:36:34.127-05:00 INFO    ReplicaSajjad Manager UDP Server Is UP! 
2016-12-05T11:37:21.983-05:00 INFO    ReplicaManager is UP! 
2016-12-05T11:37:22.030-05:00 INFO    ReplicaSajjad Manager UDP Server Is UP! 
2016-12-05T11:37:50.982-05:00 INFO    ReplicaManager is UP! 
2016-12-05T11:37:51.032-05:00 INFO    ReplicaSajjad Manager UDP Server Is UP! 
2016-12-05T11:59:28.463-05:00 INFO    ReplicaManager is UP! 
2016-12-05T11:59:28.514-05:00 INFO    ReplicaSajjad Manager UDP Server Is UP! 
2016-12-05T12:00:34.813-05:00 INFO    ReplicaManager is UP! 
2016-12-05T12:00:34.855-05:00 INFO    ReplicaSajjad Manager UDP Server Is UP! 
2016-12-05T12:03:48.481-05:00 INFO    ReplicaManager is UP! 
2016-12-05T12:03:48.556-05:00 INFO    ReplicaSajjad Manager UDP Server Is UP! 
2016-12-05T12:09:34.146-05:00 INFO    ReplicaManager is UP! 
2016-12-05T12:09:34.197-05:00 INFO    ReplicaSajjad Manager UDP Server Is UP! 
2016-12-05T12:09:47.130-05:00 INFO    ReplicaManager is UP! 
2016-12-05T12:09:47.177-05:00 INFO    ReplicaSajjad Manager UDP Server Is UP! 
2016-12-05T12:09:51.340-05:00 INFO    ReplicaManager is UP! 
2016-12-05T12:09:51.387-05:00 INFO    ReplicaSajjad Manager UDP Server Is UP! 
2016-12-05T12:11:23.765-05:00 INFO    ReplicaManager is UP! 
2016-12-05T12:11:23.827-05:00 INFO    ReplicaSajjad Manager UDP Server Is UP! 
2016-12-05T12:20:33.159-05:00 INFO    ReplicaManager is UP! 
2016-12-05T12:20:33.244-05:00 INFO    ReplicaSajjad Manager UDP Server Is UP! 
2016-12-05T12:31:05.605-05:00 INFO    ReplicaManager is UP! 
2016-12-05T12:31:05.690-05:00 INFO    ReplicaSajjad Manager UDP Server Is UP! 
2016-12-05T13:11:42.575-05:00 INFO    ReplicaManager is UP! 
2016-12-05T13:11:42.637-05:00 INFO    ReplicaSajjad Manager UDP Server Is UP! 
2016-12-05T13:11:56.388-05:00 INFO    ReplicaManager is UP! 
2016-12-05T13:11:56.439-05:00 INFO    ReplicaSajjad Manager UDP Server Is UP! 
2016-12-05T13:15:31.676-05:00 INFO    ReplicaManager is UP! 
2016-12-05T13:15:31.727-05:00 INFO    ReplicaSajjad Manager UDP Server Is UP! 
2016-12-05T13:18:16.085-05:00 INFO    ReplicaManager is UP! 
2016-12-05T13:18:16.133-05:00 INFO    ReplicaSajjad Manager UDP Server Is UP! 
2016-12-05T13:20:14.634-05:00 INFO    ReplicaManager is UP! 
2016-12-05T13:20:14.678-05:00 INFO    ReplicaSajjad Manager UDP Server Is UP! 
2016-12-05T13:20:47.068-05:00 INFO    ReplicaManager is UP! 
2016-12-05T13:20:47.131-05:00 INFO    ReplicaSajjad Manager UDP Server Is UP! 
2016-12-05T14:43:05.559-05:00 INFO    ReplicaManager is UP! 
2016-12-05T14:43:05.609-05:00 INFO    ReplicaSajjad Manager UDP Server Is UP! 
2016-12-05T14:43:59.998-05:00 INFO    ReplicaManager is UP! 
2016-12-05T14:44:00.068-05:00 INFO    ReplicaSajjad Manager UDP Server Is UP! 
2016-12-05T14:47:54.105-05:00 INFO    ReplicaManager is UP! 
2016-12-05T14:47:54.149-05:00 INFO    ReplicaSajjad Manager UDP Server Is UP! 
2016-12-05T14:48:17.907-05:00 INFO    ReplicaManager is UP! 
2016-12-05T14:48:17.957-05:00 INFO    ReplicaSajjad Manager UDP Server Is UP! 
2016-12-05T14:58:26.627-05:00 INFO    ReplicaManager is UP! 
2016-12-05T14:58:26.700-05:00 INFO    ReplicaSajjad Manager UDP Server Is UP! 
2016-12-05T15:05:11.391-05:00 INFO    ReplicaManager is UP! 
2016-12-05T15:05:11.521-05:00 INFO    ReplicaSajjad Manager UDP Server Is UP! 
2016-12-05T15:10:43.759-05:00 INFO    ReplicaManager is UP! 
2016-12-05T15:10:43.831-05:00 INFO    ReplicaSajjad Manager UDP Server Is UP! 
2016-12-05T16:08:16.315-05:00 INFO    ReplicaManager is UP! 
2016-12-05T16:08:16.377-05:00 INFO    ReplicaSajjad Manager UDP Server Is UP! 
2016-12-05T16:08:41.991-05:00 INFO    ReplicaManager is UP! 
2016-12-05T16:08:42.037-05:00 INFO    ReplicaSajjad Manager UDP Server Is UP! 
2016-12-05T18:02:27.906-05:00 INFO    ReplicaManager is UP! 
2016-12-05T18:02:27.982-05:00 INFO    ReplicaSajjad Manager UDP Server Is UP! 
2016-12-05T18:18:56.314-05:00 INFO    ReplicaManager is UP! 
2016-12-05T18:18:56.393-05:00 INFO    ReplicaSajjad Manager UDP Server Is UP! 
2016-12-05T18:24:43.875-05:00 INFO    ReplicaManager is UP! 
2016-12-05T18:24:43.966-05:00 INFO    ReplicaSajjad Manager UDP Server Is UP! 
2016-12-05T18:34:32.697-05:00 INFO    ReplicaManager is UP! 
2016-12-05T18:34:32.778-05:00 INFO    ReplicaSajjad Manager UDP Server Is UP! 
2016-12-05T18:38:58.052-05:00 INFO    ReplicaManager is UP! 
2016-12-05T18:38:58.119-05:00 INFO    ReplicaSajjad Manager UDP Server Is UP! 
2016-12-05T18:46:38.114-05:00 INFO    ReplicaManager is UP! 
2016-12-05T18:46:38.192-05:00 INFO    ReplicaSajjad Manager UDP Server Is UP! 
2016-12-05T19:02:50.201-05:00 INFO    ReplicaManager is UP! 
2016-12-05T19:02:50.312-05:00 INFO    ReplicaSajjad Manager UDP Server Is UP! 
2016-12-05T19:09:32.125-05:00 INFO    ReplicaManager is UP! 
2016-12-05T19:09:32.196-05:00 INFO    ReplicaSajjad Manager UDP Server Is UP! 
2016-12-05T19:13:52.519-05:00 INFO    ReplicaManager is UP! 
2016-12-05T19:13:52.560-05:00 INFO    ReplicaSajjad Manager UDP Server Is UP! 
2016-12-05T19:30:52.169-05:00 INFO    ReplicaManager is UP! 
2016-12-05T19:30:52.211-05:00 INFO    ReplicaSajjad Manager UDP Server Is UP! 
2016-12-05T19:41:47.922-05:00 INFO    ReplicaManager is UP! 
2016-12-05T19:41:47.975-05:00 INFO    ReplicaSajjad Manager UDP Server Is UP! 
2016-12-05T19:50:25.276-05:00 INFO    ReplicaManager is UP! 
2016-12-05T19:50:25.334-05:00 INFO    ReplicaSajjad Manager UDP Server Is UP! 
2016-12-05T19:52:16.487-05:00 INFO    ReplicaManager is UP! 
2016-12-05T19:52:16.535-05:00 INFO    ReplicaSajjad Manager UDP Server Is UP! 
2016-12-05T19:52:32.124-05:00 INFO    ReplicaManager is UP! 
2016-12-05T19:52:32.182-05:00 INFO    ReplicaSajjad Manager UDP Server Is UP! 
2016-12-05T19:58:39.217-05:00 INFO    ReplicaManager is UP! 
2016-12-05T19:58:39.278-05:00 INFO    ReplicaSajjad Manager UDP Server Is UP! 
2016-12-05T20:04:50.335-05:00 INFO    ReplicaManager is UP! 
2016-12-05T20:04:50.377-05:00 INFO    ReplicaSajjad Manager UDP Server Is UP! 
2016-12-05T20:07:28.702-05:00 INFO    ReplicaManager is UP! 
2016-12-05T20:07:28.745-05:00 INFO    ReplicaSajjad Manager UDP Server Is UP! 
2016-12-05T20:11:22.578-05:00 INFO    ReplicaManager is UP! 
2016-12-05T20:11:22.647-05:00 INFO    ReplicaSajjad Manager UDP Server Is UP! 
2016-12-05T20:13:33.995-05:00 INFO    ReplicaManager is UP! 
2016-12-05T20:13:34.038-05:00 INFO    ReplicaSajjad Manager UDP Server Is UP! 
2016-12-05T20:22:25.053-05:00 INFO    ReplicaManager is UP! 
2016-12-05T20:22:25.101-05:00 INFO    ReplicaSajjad Manager UDP Server Is UP! 
2016-12-05T20:27:02.265-05:00 INFO    ReplicaManager is UP! 
2016-12-05T20:27:02.317-05:00 INFO    ReplicaSajjad Manager UDP Server Is UP! 
2016-12-05T20:31:10.654-05:00 INFO    ReplicaManager is UP! 
2016-12-05T20:31:10.705-05:00 INFO    ReplicaSajjad Manager UDP Server Is UP! 
2016-12-05T20:37:48.437-05:00 INFO    ReplicaManager is UP! 
2016-12-05T20:37:48.485-05:00 INFO    ReplicaSajjad Manager UDP Server Is UP! 
2016-12-05T20:47:23.149-05:00 INFO    ReplicaManager is UP! 
2016-12-05T20:47:23.289-05:00 INFO    ReplicaSajjad Manager UDP Server Is UP! 
2016-12-05T20:56:17.629-05:00 INFO    ReplicaManager is UP! 
2016-12-05T20:56:17.679-05:00 INFO    ReplicaSajjad Manager UDP Server Is UP! 
2016-12-05T21:02:28.144-05:00 INFO    ReplicaManager is UP! 
2016-12-05T21:02:28.195-05:00 INFO    ReplicaSajjad Manager UDP Server Is UP! 
2016-12-05T21:07:01.926-05:00 INFO    ReplicaManager is UP! 
2016-12-05T21:07:01.996-05:00 INFO    ReplicaSajjad Manager UDP Server Is UP! 
2016-12-05T21:23:02.168-05:00 INFO    ReplicaManager is UP! 
2016-12-05T21:23:02.307-05:00 INFO    ReplicaSajjad Manager UDP Server Is UP! 
2016-12-05T21:38:03.538-05:00 INFO    ReplicaManager is UP! 
2016-12-05T21:38:03.605-05:00 INFO    ReplicaSajjad Manager UDP Server Is UP! 
2016-12-05T21:49:35.741-05:00 INFO    ReplicaManager is UP! 
2016-12-05T21:49:35.831-05:00 INFO    ReplicaSajjad Manager UDP Server Is UP! 
2016-12-05T22:10:02.170-05:00 INFO    ReplicaManager is UP! 
2016-12-05T22:10:02.256-05:00 INFO    ReplicaSajjad Manager UDP Server Is UP! 
2016-12-05T22:13:46.795-05:00 INFO    ReplicaManager is UP! 
2016-12-05T22:13:46.865-05:00 INFO    ReplicaSajjad Manager UDP Server Is UP! 
2016-12-05T22:18:16.958-05:00 INFO    ReplicaManager is UP! 
2016-12-05T22:18:17.022-05:00 INFO    ReplicaSajjad Manager UDP Server Is UP! 
2016-12-05T22:23:53.026-05:00 INFO    ReplicaManager is UP! 
2016-12-05T22:23:53.087-05:00 INFO    ReplicaSajjad Manager UDP Server Is UP! 
2016-12-05T22:34:01.782-05:00 INFO    ReplicaManager is UP! 
2016-12-05T22:34:01.850-05:00 INFO    ReplicaSajjad Manager UDP Server Is UP! 
2016-12-05T22:37:01.581-05:00 INFO    ReplicaManager is UP! 
2016-12-05T22:37:01.628-05:00 INFO    ReplicaSajjad Manager UDP Server Is UP! 
2016-12-05T22:43:37.866-05:00 INFO    ReplicaManager is UP! 
2016-12-05T22:43:37.932-05:00 INFO    ReplicaSajjad Manager UDP Server Is UP! 
2016-12-05T22:48:07.497-05:00 INFO    ReplicaManager is UP! 
2016-12-05T22:48:07.578-05:00 INFO    ReplicaSajjad Manager UDP Server Is UP! 
2016-12-05T22:49:46.067-05:00 INFO    ReplicaManager is UP! 
2016-12-05T22:49:46.136-05:00 INFO    ReplicaSajjad Manager UDP Server Is UP! 
2016-12-05T22:59:23.486-05:00 INFO    ReplicaManager is UP! 
2016-12-05T22:59:23.533-05:00 INFO    ReplicaSajjad Manager UDP Server Is UP! 
