2016-10-16T20:38:47.130-04:00 INFO    FlightID   Destination   Source        Date         Time     Fist   Business   Economy  
1          Washington      Montreal      2016/10/16   13:14    5      9          20       
2          NewDelhi      Montreal      2016/10/16   13:14    5      9          20       
 
2016-10-16T20:39:04.508-04:00 INFO    Getting BookedFlightCount for Class ALL.... 
2016-10-16T20:41:56.124-04:00 INFO    Getting BookedFlightCount for Class ALL.... 
2016-10-16T20:41:56.145-04:00 INFO    Montreal has 2.Washington has 2.NewDelhi has 2. 
2016-10-17T21:48:50.385-04:00 INFO    Getting BookedFlightCount for Class Economy.... 
2016-10-17T21:48:50.404-04:00 INFO    Montreal has 4.Washington has 2.NewDelhi has 2. 
2016-10-17T21:49:49.449-04:00 INFO    bookFlight(firstName:asdb, lastName:asd, address:asdas, phone:1234567890, destination:Washington, date:2016/10/16, Class:Economy) 
2016-10-17T21:49:49.454-04:00 INFO    Response [returnID=-1, status=true, message=New recode successfully added.
Flight Seats updated Successfuly] 
2016-10-17T21:50:08.457-04:00 INFO    Getting BookedFlightCount for Class Economy.... 
2016-10-17T21:50:08.472-04:00 INFO    Montreal has 5.Washington has 2.NewDelhi has 2. 
2016-10-17T21:50:26.224-04:00 INFO    Getting BookedFlightCount for Class ALL.... 
2016-10-17T21:50:53.186-04:00 SEVERE  an exception was thrown 
2016-11-03T23:34:21.110-04:00 INFO    Getting BookedFlightCount for Class All.... 
2016-11-04T00:03:45.998-04:00 SEVERE  an exception was thrown 
2016-11-05T16:37:12.370-04:00 INFO    Getting BookedFlightCount for Class All.... 
2016-11-05T16:37:12.450-04:00 INFO    Montreal has 2.Washington has 2.NewDelhi has 2. 
2016-11-05T16:37:22.837-04:00 INFO    Getting BookedFlightCount for Class ALL.... 
2016-11-05T16:37:22.851-04:00 INFO    Montreal has 2.Washington has 2.NewDelhi has 2. 
