2016-12-04T18:11:29.926-05:00 INFO     Replica is UP! 
2016-12-04T18:11:29.973-05:00 INFO    ReplicaSajjad UDP Server Is UP! 
2016-12-04T18:33:21.551-05:00 INFO     Replica is UP! 
2016-12-04T18:33:21.567-05:00 INFO    ReplicaSajjad UDP Server Is UP! 
2016-12-04T18:33:21.582-05:00 SEVERE  on starting UDP Server 
2016-12-04T18:33:32.522-05:00 INFO     Replica is UP! 
2016-12-04T18:33:32.554-05:00 INFO    ReplicaSajjad UDP Server Is UP! 
2016-12-04T18:34:19.879-05:00 INFO     Replica is UP! 
2016-12-04T18:34:19.926-05:00 INFO    ReplicaSajjad UDP Server Is UP! 
2016-12-04T18:34:24.149-05:00 INFO     Replica is UP! 
2016-12-04T18:34:24.180-05:00 INFO    ReplicaSajjad UDP Server Is UP! 
2016-12-04T18:34:33.551-05:00 INFO     Replica is UP! 
2016-12-04T18:34:33.582-05:00 INFO    ReplicaSajjad UDP Server Is UP! 
2016-12-04T18:34:33.582-05:00 SEVERE  on starting UDP Server 
2016-12-04T18:35:11.936-05:00 INFO     Replica is UP! 
2016-12-04T18:35:11.967-05:00 INFO    ReplicaSajjad UDP Server Is UP! 
2016-12-04T18:35:11.967-05:00 SEVERE  on starting UDP Server 
2016-12-04T18:36:11.640-05:00 INFO     Replica is UP! 
2016-12-04T18:36:11.686-05:00 INFO    ReplicaSajjad UDP Server Is UP! 
2016-12-04T18:37:05.122-05:00 INFO     Replica is UP! 
2016-12-04T18:38:00.517-05:00 INFO    ReplicaSajjad UDP Server Is UP! 
2016-12-04T20:38:55.979-05:00 INFO    ReplicaManager is UP! 
2016-12-04T20:38:56.068-05:00 INFO    ReplicaSajjad Manager UDP Server Is UP! 
2016-12-04T20:39:55.679-05:00 INFO    ReplicaManager is UP! 
2016-12-04T20:39:55.738-05:00 INFO    ReplicaSajjad Manager UDP Server Is UP! 
2016-12-04T20:41:05.564-05:00 INFO    ReplicaManager is UP! 
2016-12-04T20:41:05.605-05:00 INFO    ReplicaSajjad Manager UDP Server Is UP! 
2016-12-04T20:45:15.669-05:00 INFO    ReplicaManager is UP! 
2016-12-04T20:45:15.722-05:00 INFO    ReplicaSajjad Manager UDP Server Is UP! 
2016-12-04T20:47:12.096-05:00 INFO    ReplicaManager is UP! 
2016-12-04T20:47:12.137-05:00 INFO    ReplicaSajjad Manager UDP Server Is UP! 
2016-12-04T20:47:56.097-05:00 INFO    ReplicaManager is UP! 
2016-12-04T20:47:56.145-05:00 INFO    ReplicaSajjad Manager UDP Server Is UP! 
2016-12-04T20:48:37.108-05:00 INFO    ReplicaManager is UP! 
2016-12-04T20:48:37.148-05:00 INFO    ReplicaSajjad Manager UDP Server Is UP! 
2016-12-04T20:48:47.291-05:00 INFO    ReplicaManager is UP! 
2016-12-04T20:48:47.329-05:00 INFO    ReplicaSajjad Manager UDP Server Is UP! 
2016-12-04T20:48:55.184-05:00 INFO    ReplicaManager is UP! 
2016-12-04T20:48:55.233-05:00 INFO    ReplicaSajjad Manager UDP Server Is UP! 
2016-12-04T20:52:15.742-05:00 INFO    ReplicaManager is UP! 
2016-12-04T20:52:15.768-05:00 INFO    ReplicaSajjad Manager UDP Server Is UP! 
2016-12-04T20:53:05.150-05:00 INFO    ReplicaManager is UP! 
2016-12-04T20:53:05.182-05:00 INFO    ReplicaSajjad Manager UDP Server Is UP! 
2016-12-04T20:55:27.190-05:00 INFO    ReplicaManager is UP! 
2016-12-04T20:55:27.232-05:00 INFO    ReplicaSajjad Manager UDP Server Is UP! 
2016-12-04T20:59:20.326-05:00 INFO    ReplicaManager is UP! 
2016-12-04T20:59:20.368-05:00 INFO    ReplicaSajjad Manager UDP Server Is UP! 
2016-12-04T21:09:44.741-05:00 INFO    ReplicaManager is UP! 
2016-12-04T21:09:44.784-05:00 INFO    ReplicaSajjad Manager UDP Server Is UP! 
2016-12-04T21:10:48.081-05:00 INFO    ReplicaManager is UP! 
2016-12-04T21:10:48.138-05:00 INFO    ReplicaSajjad Manager UDP Server Is UP! 
2016-12-04T21:18:41.449-05:00 INFO    ReplicaManager is UP! 
2016-12-04T21:18:41.486-05:00 INFO    ReplicaSajjad Manager UDP Server Is UP! 
2016-12-04T23:45:48.500-05:00 INFO    ReplicaManager is UP! 
2016-12-04T23:45:48.546-05:00 INFO    ReplicaUmer Manager UDP Server Is UP! 
2016-12-05T00:04:22.474-05:00 INFO    ReplicaManager is UP! 
2016-12-05T00:04:22.553-05:00 INFO    ReplicaSajjad Manager UDP Server Is UP! 
2016-12-05T00:04:57.650-05:00 INFO    ReplicaManager is UP! 
2016-12-05T00:04:57.676-05:00 INFO    ReplicaSajjad Manager UDP Server Is UP! 
2016-12-05T00:19:26.272-05:00 INFO    ReplicaManager is UP! 
2016-12-05T00:19:26.336-05:00 INFO    ReplicaSajjad Manager UDP Server Is UP! 
2016-12-05T00:34:37.014-05:00 INFO    ReplicaManager is UP! 
2016-12-05T00:34:37.057-05:00 INFO    ReplicaFeras Manager UDP Server Is UP! 
2016-12-05T00:38:30.556-05:00 INFO    ReplicaManager is UP! 
2016-12-05T00:38:30.590-05:00 INFO    ReplicaFeras Manager UDP Server Is UP! 
2016-12-05T00:44:24.629-05:00 INFO    ReplicaManager is UP! 
2016-12-05T00:44:24.662-05:00 INFO    ReplicaFeras Manager UDP Server Is UP! 
2016-12-05T01:49:08.939-05:00 INFO    ReplicaManager is UP! 
2016-12-05T01:49:09.008-05:00 INFO    ReplicaFeras Manager UDP Server Is UP! 
2016-12-05T01:50:03.113-05:00 INFO    ReplicaManager is UP! 
2016-12-05T01:50:03.159-05:00 INFO    ReplicaFeras Manager UDP Server Is UP! 
2016-12-05T11:40:21.557-05:00 INFO    ReplicaManager is UP! 
2016-12-05T11:40:21.600-05:00 INFO    ReplicaFeras Manager UDP Server Is UP! 
2016-12-05T11:40:32.024-05:00 INFO    ReplicaManager is UP! 
2016-12-05T11:40:32.066-05:00 INFO    ReplicaFeras Manager UDP Server Is UP! 
2016-12-05T11:41:55.630-05:00 INFO    ReplicaManager is UP! 
2016-12-05T11:41:55.704-05:00 INFO    ReplicaFeras Manager UDP Server Is UP! 
2016-12-05T11:42:22.914-05:00 INFO    ReplicaManager is UP! 
2016-12-05T11:42:22.977-05:00 INFO    ReplicaFeras Manager UDP Server Is UP! 
2016-12-05T11:44:38.644-05:00 INFO    ReplicaManager is UP! 
2016-12-05T11:44:38.693-05:00 INFO    ReplicaFeras Manager UDP Server Is UP! 
2016-12-05T11:47:09.273-05:00 INFO    ReplicaManager is UP! 
2016-12-05T11:47:09.364-05:00 INFO    ReplicaFeras Manager UDP Server Is UP! 
2016-12-05T11:49:11.914-05:00 INFO    ReplicaManager is UP! 
2016-12-05T11:49:11.975-05:00 INFO    ReplicaFeras Manager UDP Server Is UP! 
2016-12-05T11:51:15.965-05:00 INFO    ReplicaManager is UP! 
2016-12-05T11:51:16.057-05:00 INFO    ReplicaFeras Manager UDP Server Is UP! 
2016-12-05T11:52:13.743-05:00 INFO    ReplicaManager is UP! 
2016-12-05T11:52:13.800-05:00 INFO    ReplicaFeras Manager UDP Server Is UP! 
2016-12-05T11:55:33.010-05:00 INFO    ReplicaManager is UP! 
2016-12-05T11:55:33.054-05:00 INFO    ReplicaFeras Manager UDP Server Is UP! 
2016-12-05T11:58:01.608-05:00 INFO    ReplicaManager is UP! 
2016-12-05T11:58:01.656-05:00 INFO    ReplicaFeras Manager UDP Server Is UP! 
2016-12-05T12:01:28.160-05:00 INFO    ReplicaManager is UP! 
2016-12-05T12:01:28.201-05:00 INFO    ReplicaFeras Manager UDP Server Is UP! 
2016-12-05T12:03:52.436-05:00 INFO    ReplicaManager is UP! 
2016-12-05T12:03:52.515-05:00 INFO    ReplicaFeras Manager UDP Server Is UP! 
2016-12-05T12:17:23.569-05:00 INFO    ReplicaManager is UP! 
2016-12-05T12:17:23.616-05:00 INFO    ReplicaFeras Manager UDP Server Is UP! 
2016-12-05T12:17:36.888-05:00 INFO    ReplicaManager is UP! 
2016-12-05T12:17:36.951-05:00 INFO    ReplicaFeras Manager UDP Server Is UP! 
2016-12-05T12:20:38.496-05:00 INFO    ReplicaManager is UP! 
2016-12-05T12:20:38.558-05:00 INFO    ReplicaFeras Manager UDP Server Is UP! 
2016-12-05T12:31:12.348-05:00 INFO    ReplicaManager is UP! 
2016-12-05T12:31:12.421-05:00 INFO    ReplicaFeras Manager UDP Server Is UP! 
2016-12-05T13:26:40.655-05:00 INFO    ReplicaManager is UP! 
2016-12-05T13:26:40.697-05:00 INFO    ReplicaFeras Manager UDP Server Is UP! 
2016-12-05T13:26:49.196-05:00 INFO    ReplicaManager is UP! 
2016-12-05T13:26:49.242-05:00 INFO    ReplicaFeras Manager UDP Server Is UP! 
2016-12-05T16:10:26.955-05:00 INFO    ReplicaManager is UP! 
2016-12-05T16:10:27.095-05:00 INFO    ReplicaFeras Manager UDP Server Is UP! 
2016-12-05T18:02:36.790-05:00 INFO    ReplicaManager is UP! 
2016-12-05T18:02:36.872-05:00 INFO    ReplicaFeras Manager UDP Server Is UP! 
2016-12-05T18:19:09.993-05:00 INFO    ReplicaManager is UP! 
2016-12-05T18:19:10.056-05:00 INFO    ReplicaFeras Manager UDP Server Is UP! 
2016-12-05T18:24:50.651-05:00 INFO    ReplicaManager is UP! 
2016-12-05T18:24:50.730-05:00 INFO    ReplicaFeras Manager UDP Server Is UP! 
2016-12-05T18:34:39.408-05:00 INFO    ReplicaManager is UP! 
2016-12-05T18:34:39.472-05:00 INFO    ReplicaFeras Manager UDP Server Is UP! 
2016-12-05T18:39:04.085-05:00 INFO    ReplicaManager is UP! 
2016-12-05T18:39:04.156-05:00 INFO    ReplicaFeras Manager UDP Server Is UP! 
2016-12-05T18:46:43.489-05:00 INFO    ReplicaManager is UP! 
2016-12-05T18:46:43.567-05:00 INFO    ReplicaFeras Manager UDP Server Is UP! 
2016-12-05T19:02:52.604-05:00 INFO    ReplicaManager is UP! 
2016-12-05T19:02:52.668-05:00 INFO    ReplicaFeras Manager UDP Server Is UP! 
2016-12-05T19:09:34.685-05:00 INFO    ReplicaManager is UP! 
2016-12-05T19:09:34.761-05:00 INFO    ReplicaFeras Manager UDP Server Is UP! 
2016-12-05T19:13:56.781-05:00 INFO    ReplicaManager is UP! 
2016-12-05T19:13:56.851-05:00 INFO    ReplicaFeras Manager UDP Server Is UP! 
2016-12-05T19:30:53.568-05:00 INFO    ReplicaManager is UP! 
2016-12-05T19:30:53.613-05:00 INFO    ReplicaFeras Manager UDP Server Is UP! 
2016-12-05T19:41:49.497-05:00 INFO    ReplicaManager is UP! 
2016-12-05T19:41:49.540-05:00 INFO    ReplicaFeras Manager UDP Server Is UP! 
2016-12-05T19:50:27.019-05:00 INFO    ReplicaManager is UP! 
2016-12-05T19:50:27.064-05:00 INFO    ReplicaFeras Manager UDP Server Is UP! 
2016-12-05T19:52:46.890-05:00 INFO    ReplicaManager is UP! 
2016-12-05T19:52:46.981-05:00 INFO    ReplicaFeras Manager UDP Server Is UP! 
2016-12-05T19:58:46.561-05:00 INFO    ReplicaManager is UP! 
2016-12-05T19:58:46.628-05:00 INFO    ReplicaFeras Manager UDP Server Is UP! 
2016-12-05T20:05:00.997-05:00 INFO    ReplicaManager is UP! 
2016-12-05T20:05:01.087-05:00 INFO    ReplicaFeras Manager UDP Server Is UP! 
2016-12-05T20:07:37.498-05:00 INFO    ReplicaManager is UP! 
2016-12-05T20:07:37.567-05:00 INFO    ReplicaFeras Manager UDP Server Is UP! 
2016-12-05T20:11:29.309-05:00 INFO    ReplicaManager is UP! 
2016-12-05T20:11:29.380-05:00 INFO    ReplicaFeras Manager UDP Server Is UP! 
2016-12-05T20:14:01.015-05:00 INFO    ReplicaManager is UP! 
2016-12-05T20:14:01.112-05:00 INFO    ReplicaFeras Manager UDP Server Is UP! 
2016-12-05T20:22:43.649-05:00 INFO    ReplicaManager is UP! 
2016-12-05T20:22:43.725-05:00 INFO    ReplicaFeras Manager UDP Server Is UP! 
2016-12-05T20:27:25.573-05:00 INFO    ReplicaManager is UP! 
2016-12-05T20:27:25.617-05:00 INFO    ReplicaFeras Manager UDP Server Is UP! 
2016-12-05T20:31:31.273-05:00 INFO    ReplicaManager is UP! 
2016-12-05T20:31:31.318-05:00 INFO    ReplicaFeras Manager UDP Server Is UP! 
2016-12-05T20:38:43.437-05:00 INFO    ReplicaManager is UP! 
2016-12-05T20:38:43.484-05:00 INFO    ReplicaFeras Manager UDP Server Is UP! 
2016-12-05T20:47:27.116-05:00 INFO    ReplicaManager is UP! 
2016-12-05T20:47:27.166-05:00 INFO    ReplicaFeras Manager UDP Server Is UP! 
2016-12-05T20:56:19.811-05:00 INFO    ReplicaManager is UP! 
2016-12-05T20:56:19.853-05:00 INFO    ReplicaFeras Manager UDP Server Is UP! 
2016-12-05T21:02:30.385-05:00 INFO    ReplicaManager is UP! 
2016-12-05T21:02:30.433-05:00 INFO    ReplicaFeras Manager UDP Server Is UP! 
2016-12-05T21:06:56.266-05:00 INFO    ReplicaManager is UP! 
2016-12-05T21:06:56.309-05:00 INFO    ReplicaFeras Manager UDP Server Is UP! 
2016-12-05T21:23:58.728-05:00 INFO    ReplicaManager is UP! 
2016-12-05T21:23:58.806-05:00 INFO    ReplicaFeras Manager UDP Server Is UP! 
2016-12-05T21:38:10.794-05:00 INFO    ReplicaManager is UP! 
2016-12-05T21:38:10.886-05:00 INFO    ReplicaFeras Manager UDP Server Is UP! 
2016-12-05T21:49:39.516-05:00 INFO    ReplicaManager is UP! 
2016-12-05T21:49:39.594-05:00 INFO    ReplicaFeras Manager UDP Server Is UP! 
2016-12-05T22:10:06.840-05:00 INFO    ReplicaManager is UP! 
2016-12-05T22:10:06.952-05:00 INFO    ReplicaFeras Manager UDP Server Is UP! 
2016-12-05T22:13:49.799-05:00 INFO    ReplicaManager is UP! 
2016-12-05T22:13:49.862-05:00 INFO    ReplicaFeras Manager UDP Server Is UP! 
2016-12-05T22:18:09.068-05:00 INFO    ReplicaManager is UP! 
2016-12-05T22:18:09.156-05:00 INFO    ReplicaFeras Manager UDP Server Is UP! 
2016-12-05T22:23:58.614-05:00 INFO    ReplicaManager is UP! 
2016-12-05T22:23:58.677-05:00 INFO    ReplicaFeras Manager UDP Server Is UP! 
2016-12-05T22:33:40.643-05:00 INFO    ReplicaManager is UP! 
2016-12-05T22:33:40.690-05:00 INFO    ReplicaFeras Manager UDP Server Is UP! 
2016-12-05T22:33:51.044-05:00 INFO    ReplicaManager is UP! 
2016-12-05T22:33:51.091-05:00 INFO    ReplicaFeras Manager UDP Server Is UP! 
2016-12-05T22:37:09.209-05:00 INFO    ReplicaManager is UP! 
2016-12-05T22:37:09.268-05:00 INFO    ReplicaFeras Manager UDP Server Is UP! 
2016-12-05T22:43:33.363-05:00 INFO    ReplicaManager is UP! 
2016-12-05T22:43:33.394-05:00 INFO    ReplicaFeras Manager UDP Server Is UP! 
2016-12-05T22:48:11.696-05:00 INFO    ReplicaManager is UP! 
2016-12-05T22:48:11.777-05:00 INFO    ReplicaFeras Manager UDP Server Is UP! 
2016-12-05T22:49:34.010-05:00 INFO    ReplicaManager is UP! 
2016-12-05T22:49:34.094-05:00 INFO    ReplicaFeras Manager UDP Server Is UP! 
2016-12-05T22:59:33.387-05:00 INFO    ReplicaManager is UP! 
2016-12-05T22:59:33.460-05:00 INFO    ReplicaFeras Manager UDP Server Is UP! 
