2016-12-04T18:00:13.011-05:00 INFO    Replica is UP! 
2016-12-04T18:00:13.073-05:00 INFO    ReplicaUmer UDP Server Is UP! 
2016-12-04T18:00:13.089-05:00 SEVERE  on starting UDP Server 
2016-12-04T18:00:27.240-05:00 INFO    Replica is UP! 
2016-12-04T18:00:27.271-05:00 INFO    ReplicaUmer UDP Server Is UP! 
2016-12-04T18:01:02.732-05:00 INFO    Replica is UP! 
2016-12-04T18:01:02.763-05:00 INFO    ReplicaUmer UDP Server Is UP! 
2016-12-04T18:01:12.819-05:00 INFO    Replica is UP! 
2016-12-04T18:01:12.850-05:00 INFO    ReplicaUmer UDP Server Is UP! 
2016-12-04T18:09:38.057-05:00 INFO    Replica is UP! 
2016-12-04T18:09:38.088-05:00 INFO    ReplicaSajjad UDP Server Is UP! 
2016-12-04T18:10:19.317-05:00 INFO    Replica is UP! 
2016-12-04T18:10:19.364-05:00 INFO    ReplicaSajjad UDP Server Is UP! 
2016-12-04T18:23:00.141-05:00 INFO    Replica is UP! 
2016-12-04T18:23:00.141-05:00 INFO    ReplicaSajjad UDP Server Is UP! 
2016-12-04T18:23:00.141-05:00 SEVERE  on starting UDP Server 
2016-12-04T18:33:21.582-05:00 INFO    Replica is UP! 
2016-12-04T18:33:21.582-05:00 INFO    ReplicaSajjad UDP Server Is UP! 
2016-12-04T18:33:32.554-05:00 INFO    Replica is UP! 
2016-12-04T18:33:32.554-05:00 INFO    ReplicaSajjad UDP Server Is UP! 
2016-12-04T18:33:32.554-05:00 SEVERE  on starting UDP Server 
2016-12-04T18:34:19.926-05:00 INFO    Replica is UP! 
2016-12-04T18:34:19.926-05:00 INFO    ReplicaSajjad UDP Server Is UP! 
2016-12-04T18:34:19.926-05:00 SEVERE  on starting UDP Server 
2016-12-04T18:34:24.196-05:00 INFO    Replica is UP! 
2016-12-04T18:34:24.196-05:00 INFO    ReplicaSajjad UDP Server Is UP! 
2016-12-04T18:34:24.196-05:00 SEVERE  on starting UDP Server 
2016-12-04T18:34:33.582-05:00 INFO    Replica is UP! 
2016-12-04T18:34:33.582-05:00 INFO    ReplicaSajjad UDP Server Is UP! 
2016-12-04T18:35:11.967-05:00 INFO    Replica is UP! 
2016-12-04T18:35:11.967-05:00 INFO    ReplicaSajjad UDP Server Is UP! 
2016-12-04T18:36:11.686-05:00 INFO    Replica is UP! 
2016-12-04T18:36:11.686-05:00 INFO    ReplicaSajjad UDP Server Is UP! 
2016-12-04T18:36:11.686-05:00 SEVERE  on starting UDP Server 
2016-12-04T18:37:51.489-05:00 INFO    Replica is UP! 
2016-12-04T18:38:49.442-05:00 INFO    ReplicaSajjad UDP Server Is UP! 
2016-12-04T18:38:49.444-05:00 SEVERE  on starting UDP Server 
2016-12-04T20:38:17.704-05:00 INFO    Replica is UP! 
2016-12-04T20:38:17.794-05:00 INFO    ReplicaSajjad UDP Server Is UP! 
2016-12-04T20:38:56.055-05:00 INFO    Replica is UP! 
2016-12-04T20:38:56.070-05:00 INFO    ReplicaSajjad UDP Server Is UP! 
2016-12-04T20:38:56.177-05:00 INFO    Executing Opernation : heatBeat, on Server :Montreal 
2016-12-04T20:39:11.085-05:00 INFO    Executing Opernation : heatBeat, on Server :Montreal 
2016-12-04T20:39:26.091-05:00 INFO    Executing Opernation : heatBeat, on Server :Montreal 
2016-12-04T20:39:41.091-05:00 INFO    Executing Opernation : heatBeat, on Server :Montreal 
2016-12-04T20:39:55.730-05:00 INFO    Replica is UP! 
2016-12-04T20:39:55.761-05:00 INFO    ReplicaSajjad UDP Server Is UP! 
2016-12-04T20:40:04.600-05:00 INFO    Executing Opernation : heatBeat, on Server :Montreal 
2016-12-04T20:40:04.605-05:00 INFO    Executing Opernation : heatBeat, on Server :Montreal 
2016-12-04T20:40:04.610-05:00 INFO    Executing Opernation : heatBeat, on Server :Montreal 
2016-12-04T20:40:04.615-05:00 INFO    Executing Opernation : heatBeat, on Server :Montreal 
2016-12-04T20:40:04.618-05:00 INFO    Executing Opernation : heatBeat, on Server :Montreal 
2016-12-04T20:40:04.622-05:00 INFO    Executing Opernation : heatBeat, on Server :Montreal 
2016-12-04T20:40:04.626-05:00 INFO    Executing Opernation : heatBeat, on Server :Montreal 
2016-12-04T20:40:04.629-05:00 INFO    Executing Opernation : heatBeat, on Server :Montreal 
2016-12-04T20:40:04.633-05:00 INFO    Executing Opernation : heatBeat, on Server :Montreal 
2016-12-04T20:40:04.636-05:00 INFO    Executing Opernation : heatBeat, on Server :Montreal 
2016-12-04T20:40:04.639-05:00 INFO    Executing Opernation : heatBeat, on Server :Montreal 
2016-12-04T20:40:04.643-05:00 INFO    Executing Opernation : heatBeat, on Server :Montreal 
2016-12-04T20:40:04.646-05:00 INFO    Executing Opernation : heatBeat, on Server :Montreal 
2016-12-04T20:40:04.649-05:00 INFO    Executing Opernation : heatBeat, on Server :Montreal 
2016-12-04T20:40:04.652-05:00 INFO    Executing Opernation : heatBeat, on Server :Montreal 
2016-12-04T20:40:04.655-05:00 INFO    Executing Opernation : heatBeat, on Server :Montreal 
2016-12-04T20:40:04.658-05:00 INFO    Executing Opernation : heatBeat, on Server :Montreal 
2016-12-04T20:40:04.661-05:00 INFO    Executing Opernation : heatBeat, on Server :Montreal 
2016-12-04T20:40:04.664-05:00 INFO    Executing Opernation : heatBeat, on Server :Montreal 
2016-12-04T20:40:04.667-05:00 INFO    Executing Opernation : heatBeat, on Server :Montreal 
2016-12-04T20:40:04.670-05:00 INFO    Executing Opernation : heatBeat, on Server :Montreal 
2016-12-04T20:40:04.676-05:00 INFO    Executing Opernation : heatBeat, on Server :Montreal 
2016-12-04T20:40:04.680-05:00 INFO    Executing Opernation : heatBeat, on Server :Montreal 
2016-12-04T20:40:04.683-05:00 INFO    Executing Opernation : heatBeat, on Server :Montreal 
2016-12-04T20:40:04.685-05:00 INFO    Executing Opernation : heatBeat, on Server :Montreal 
2016-12-04T20:40:04.689-05:00 INFO    Executing Opernation : heatBeat, on Server :Montreal 
2016-12-04T20:40:04.692-05:00 INFO    Executing Opernation : heatBeat, on Server :Montreal 
2016-12-04T20:40:04.695-05:00 INFO    Executing Opernation : heatBeat, on Server :Montreal 
2016-12-04T20:40:04.698-05:00 INFO    Executing Opernation : heatBeat, on Server :Montreal 
2016-12-04T20:40:10.811-05:00 INFO    Executing Opernation : heatBeat, on Server :Montreal 
2016-12-04T20:40:25.811-05:00 INFO    Executing Opernation : heatBeat, on Server :Montreal 
2016-12-04T20:40:40.810-05:00 INFO    Executing Opernation : heatBeat, on Server :Montreal 
2016-12-04T20:40:55.810-05:00 INFO    Executing Opernation : heatBeat, on Server :Montreal 
2016-12-04T20:41:05.603-05:00 INFO    Replica is UP! 
2016-12-04T20:41:05.604-05:00 INFO    ReplicaSajjad UDP Server Is UP! 
2016-12-04T20:41:05.688-05:00 INFO    Executing Opernation : heatBeat, on Server :Montreal 
2016-12-04T20:41:20.629-05:00 INFO    Executing Opernation : heatBeat, on Server :Montreal 
2016-12-04T20:41:35.629-05:00 INFO    Executing Opernation : heatBeat, on Server :Montreal 
2016-12-04T20:41:50.624-05:00 INFO    Executing Opernation : heatBeat, on Server :Montreal 
2016-12-04T20:42:05.640-05:00 INFO    Executing Opernation : heatBeat, on Server :Montreal 
2016-12-04T20:42:20.625-05:00 INFO    Executing Opernation : heatBeat, on Server :Montreal 
2016-12-04T20:42:35.630-05:00 INFO    Executing Opernation : heatBeat, on Server :Montreal 
2016-12-04T20:42:50.629-05:00 INFO    Executing Opernation : heatBeat, on Server :Montreal 
2016-12-04T20:43:05.632-05:00 INFO    Executing Opernation : heatBeat, on Server :Montreal 
2016-12-04T20:43:20.631-05:00 INFO    Executing Opernation : heatBeat, on Server :Montreal 
2016-12-04T20:43:35.628-05:00 INFO    Executing Opernation : heatBeat, on Server :Montreal 
2016-12-04T20:43:50.632-05:00 INFO    Executing Opernation : heatBeat, on Server :Montreal 
2016-12-04T20:44:05.636-05:00 INFO    Executing Opernation : heatBeat, on Server :Montreal 
2016-12-04T20:45:15.722-05:00 INFO    Replica is UP! 
2016-12-04T20:45:15.724-05:00 INFO    ReplicaSajjad UDP Server Is UP! 
2016-12-04T20:45:15.807-05:00 INFO    Executing Opernation : heatBeat, on Server :Montreal 
2016-12-04T20:45:30.793-05:00 INFO    Executing Opernation : heatBeat, on Server :Montreal 
2016-12-04T20:45:45.751-05:00 INFO    Executing Opernation : heatBeat, on Server :Montreal 
2016-12-04T20:46:00.760-05:00 INFO    Executing Opernation : heatBeat, on Server :Montreal 
2016-12-04T20:46:15.758-05:00 INFO    Executing Opernation : heatBeat, on Server :Montreal 
2016-12-04T20:46:30.756-05:00 INFO    Executing Opernation : heatBeat, on Server :Montreal 
2016-12-04T20:46:45.769-05:00 INFO    Executing Opernation : heatBeat, on Server :Montreal 
2016-12-04T20:47:00.755-05:00 INFO    Executing Opernation : heatBeat, on Server :Montreal 
2016-12-04T20:47:21.562-05:00 INFO    Replica is UP! 
2016-12-04T20:47:21.567-05:00 INFO    ReplicaSajjad UDP Server Is UP! 
2016-12-04T20:47:34.115-05:00 INFO    Executing Opernation : heatBeat, on Server :Montreal 
2016-12-04T20:47:48.989-05:00 INFO    Executing Opernation : heatBeat, on Server :Montreal 
2016-12-04T20:47:59.499-05:00 INFO    Replica is UP! 
2016-12-04T20:47:59.502-05:00 INFO    ReplicaSajjad UDP Server Is UP! 
2016-12-04T20:48:22.482-05:00 INFO    Executing Opernation : heatBeat, on Server :Montreal 
2016-12-04T20:48:37.145-05:00 INFO    Replica is UP! 
2016-12-04T20:48:37.148-05:00 INFO    ReplicaSajjad UDP Server Is UP! 
2016-12-04T20:48:37.232-05:00 INFO    Executing Opernation : heatBeat, on Server :Montreal 
2016-12-04T20:48:47.326-05:00 INFO    Replica is UP! 
2016-12-04T20:48:47.328-05:00 INFO    ReplicaSajjad UDP Server Is UP! 
2016-12-04T20:48:47.405-05:00 INFO    Executing Opernation : heatBeat, on Server :Montreal 
2016-12-04T20:48:55.231-05:00 INFO    Replica is UP! 
2016-12-04T20:48:55.233-05:00 INFO    ReplicaSajjad UDP Server Is UP! 
2016-12-04T20:49:43.307-05:00 INFO    Executing Opernation : heatBeat, on Server :Montreal 
2016-12-04T20:49:58.215-05:00 INFO    Executing Opernation : heatBeat, on Server :Montreal 
2016-12-04T20:52:15.769-05:00 INFO    Replica is UP! 
2016-12-04T20:52:15.770-05:00 INFO    ReplicaSajjad UDP Server Is UP! 
2016-12-04T20:52:16.577-05:00 INFO    Executing Opernation : heatBeat, on Server :Montreal 
2016-12-04T20:52:31.550-05:00 INFO    Executing Opernation : heatBeat, on Server :Montreal 
2016-12-04T20:53:05.182-05:00 INFO    Replica is UP! 
2016-12-04T20:53:05.184-05:00 INFO    ReplicaSajjad UDP Server Is UP! 
2016-12-04T20:53:05.589-05:00 INFO    Executing Opernation : heatBeat, on Server :Montreal 
2016-12-04T20:53:20.587-05:00 INFO    Executing Opernation : heatBeat, on Server :Montreal 
2016-12-04T20:53:35.590-05:00 INFO    Executing Opernation : heatBeat, on Server :Montreal 
2016-12-04T20:53:50.590-05:00 INFO    Executing Opernation : heatBeat, on Server :Montreal 
2016-12-04T20:54:05.592-05:00 INFO    Executing Opernation : heatBeat, on Server :Montreal 
2016-12-04T20:54:20.591-05:00 INFO    Executing Opernation : heatBeat, on Server :Montreal 
2016-12-04T20:54:35.593-05:00 INFO    Executing Opernation : heatBeat, on Server :Montreal 
2016-12-04T20:54:50.588-05:00 INFO    Executing Opernation : heatBeat, on Server :Montreal 
2016-12-04T20:55:05.593-05:00 INFO    Executing Opernation : heatBeat, on Server :Montreal 
2016-12-04T20:55:20.594-05:00 INFO    Executing Opernation : heatBeat, on Server :Montreal 
2016-12-04T20:55:27.230-05:00 INFO    Replica is UP! 
2016-12-04T20:55:52.965-05:00 INFO    ReplicaSajjad UDP Server Is UP! 
2016-12-04T20:56:11.764-05:00 INFO    Executing Opernation : heatBeat, on Server :Montreal 
2016-12-04T20:56:12.768-05:00 INFO    Executing Opernation : heatBeat, on Server :Montreal 
2016-12-04T20:56:13.283-05:00 INFO    Executing Opernation : heatBeat, on Server :Montreal 
2016-12-04T20:56:13.794-05:00 INFO    Executing Opernation : heatBeat, on Server :Montreal 
2016-12-04T20:56:14.000-05:00 INFO    Executing Opernation : heatBeat, on Server :Montreal 
2016-12-04T20:56:14.185-05:00 INFO    Executing Opernation : heatBeat, on Server :Montreal 
2016-12-04T20:56:14.367-05:00 INFO    Executing Opernation : heatBeat, on Server :Montreal 
2016-12-04T20:56:14.545-05:00 INFO    Executing Opernation : heatBeat, on Server :Montreal 
2016-12-04T20:56:14.751-05:00 INFO    Executing Opernation : heatBeat, on Server :Montreal 
2016-12-04T20:56:14.945-05:00 INFO    Executing Opernation : heatBeat, on Server :Montreal 
2016-12-04T20:56:15.112-05:00 INFO    Executing Opernation : heatBeat, on Server :Montreal 
2016-12-04T20:56:15.287-05:00 INFO    Executing Opernation : heatBeat, on Server :Montreal 
2016-12-04T20:56:15.491-05:00 INFO    Executing Opernation : heatBeat, on Server :Montreal 
2016-12-04T20:56:15.671-05:00 INFO    Executing Opernation : heatBeat, on Server :Montreal 
2016-12-04T20:56:15.841-05:00 INFO    Executing Opernation : heatBeat, on Server :Montreal 
2016-12-04T20:56:16.039-05:00 INFO    Executing Opernation : heatBeat, on Server :Montreal 
2016-12-04T20:56:16.208-05:00 INFO    Executing Opernation : heatBeat, on Server :Montreal 
2016-12-04T20:56:16.393-05:00 INFO    Executing Opernation : heatBeat, on Server :Montreal 
2016-12-04T20:56:16.574-05:00 INFO    Executing Opernation : heatBeat, on Server :Montreal 
2016-12-04T20:56:16.758-05:00 INFO    Executing Opernation : heatBeat, on Server :Montreal 
2016-12-04T20:56:16.945-05:00 INFO    Executing Opernation : heatBeat, on Server :Montreal 
2016-12-04T20:56:17.139-05:00 INFO    Executing Opernation : heatBeat, on Server :Montreal 
2016-12-04T20:56:17.303-05:00 INFO    Executing Opernation : heatBeat, on Server :Montreal 
2016-12-04T20:56:17.488-05:00 INFO    Executing Opernation : heatBeat, on Server :Montreal 
2016-12-04T20:56:17.679-05:00 INFO    Executing Opernation : heatBeat, on Server :Montreal 
2016-12-04T20:56:17.856-05:00 INFO    Executing Opernation : heatBeat, on Server :Montreal 
2016-12-04T20:56:18.051-05:00 INFO    Executing Opernation : heatBeat, on Server :Montreal 
2016-12-04T20:56:18.234-05:00 INFO    Executing Opernation : heatBeat, on Server :Montreal 
2016-12-04T20:56:18.424-05:00 INFO    Executing Opernation : heatBeat, on Server :Montreal 
2016-12-04T20:56:18.599-05:00 INFO    Executing Opernation : heatBeat, on Server :Montreal 
2016-12-04T20:56:18.782-05:00 INFO    Executing Opernation : heatBeat, on Server :Montreal 
2016-12-04T20:56:18.976-05:00 INFO    Executing Opernation : heatBeat, on Server :Montreal 
2016-12-04T20:56:19.158-05:00 INFO    Executing Opernation : heatBeat, on Server :Montreal 
2016-12-04T20:56:19.375-05:00 INFO    Executing Opernation : heatBeat, on Server :Montreal 
2016-12-04T20:56:19.551-05:00 INFO    Executing Opernation : heatBeat, on Server :Montreal 
2016-12-04T20:56:19.758-05:00 INFO    Executing Opernation : heatBeat, on Server :Montreal 
2016-12-04T20:56:19.943-05:00 INFO    Executing Opernation : heatBeat, on Server :Montreal 
2016-12-04T20:56:20.155-05:00 INFO    Executing Opernation : heatBeat, on Server :Montreal 
2016-12-04T20:56:20.318-05:00 INFO    Executing Opernation : heatBeat, on Server :Montreal 
2016-12-04T20:56:20.551-05:00 INFO    Executing Opernation : heatBeat, on Server :Montreal 
2016-12-04T20:56:20.745-05:00 INFO    Executing Opernation : heatBeat, on Server :Montreal 
2016-12-04T20:56:20.969-05:00 INFO    Executing Opernation : heatBeat, on Server :Montreal 
2016-12-04T20:56:21.168-05:00 INFO    Executing Opernation : heatBeat, on Server :Montreal 
2016-12-04T20:56:21.395-05:00 INFO    Executing Opernation : heatBeat, on Server :Montreal 
2016-12-04T20:56:21.597-05:00 INFO    Executing Opernation : heatBeat, on Server :Montreal 
2016-12-04T20:56:21.783-05:00 INFO    Executing Opernation : heatBeat, on Server :Montreal 
2016-12-04T20:56:21.959-05:00 INFO    Executing Opernation : heatBeat, on Server :Montreal 
2016-12-04T20:56:22.159-05:00 INFO    Executing Opernation : heatBeat, on Server :Montreal 
2016-12-04T20:56:22.330-05:00 INFO    Executing Opernation : heatBeat, on Server :Montreal 
2016-12-04T20:56:22.921-05:00 INFO    Executing Opernation : heatBeat, on Server :Montreal 
2016-12-04T20:56:25.199-05:00 INFO    Executing Opernation : heatBeat, on Server :Montreal 
2016-12-04T20:56:25.783-05:00 INFO    Executing Opernation : heatBeat, on Server :Montreal 
2016-12-04T20:56:26.390-05:00 INFO    Executing Opernation : heatBeat, on Server :Montreal 
2016-12-04T20:56:26.919-05:00 INFO    Executing Opernation : heatBeat, on Server :Montreal 
2016-12-04T20:56:27.103-05:00 INFO    Executing Opernation : heatBeat, on Server :Montreal 
2016-12-04T20:56:27.277-05:00 INFO    Executing Opernation : heatBeat, on Server :Montreal 
2016-12-04T20:56:27.471-05:00 INFO    Executing Opernation : heatBeat, on Server :Montreal 
2016-12-04T20:56:27.662-05:00 INFO    Executing Opernation : heatBeat, on Server :Montreal 
2016-12-04T20:56:27.847-05:00 INFO    Executing Opernation : heatBeat, on Server :Montreal 
2016-12-04T20:56:28.038-05:00 INFO    Executing Opernation : heatBeat, on Server :Montreal 
2016-12-04T20:56:28.214-05:00 INFO    Executing Opernation : heatBeat, on Server :Montreal 
2016-12-04T20:56:28.382-05:00 INFO    Executing Opernation : heatBeat, on Server :Montreal 
2016-12-04T20:56:28.567-05:00 INFO    Executing Opernation : heatBeat, on Server :Montreal 
2016-12-04T20:56:28.767-05:00 INFO    Executing Opernation : heatBeat, on Server :Montreal 
2016-12-04T20:56:28.959-05:00 INFO    Executing Opernation : heatBeat, on Server :Montreal 
2016-12-04T20:56:29.142-05:00 INFO    Executing Opernation : heatBeat, on Server :Montreal 
2016-12-04T20:56:29.327-05:00 INFO    Executing Opernation : heatBeat, on Server :Montreal 
2016-12-04T20:56:29.510-05:00 INFO    Executing Opernation : heatBeat, on Server :Montreal 
2016-12-04T20:56:29.687-05:00 INFO    Executing Opernation : heatBeat, on Server :Montreal 
2016-12-04T20:56:29.887-05:00 INFO    Executing Opernation : heatBeat, on Server :Montreal 
2016-12-04T20:56:44.383-05:00 INFO    Executing Opernation : heatBeat, on Server :Montreal 
2016-12-04T20:56:59.384-05:00 INFO    Executing Opernation : heatBeat, on Server :Montreal 
2016-12-04T20:59:20.365-05:00 INFO    Replica is UP! 
2016-12-04T20:59:20.373-05:00 INFO    ReplicaSajjad UDP Server Is UP! 
2016-12-04T20:59:43.987-05:00 INFO    Executing Opernation : heatBeat, on Server :Montreal 
2016-12-04T20:59:44.641-05:00 INFO    Executing Opernation : heatBeat, on Server :Montreal 
2016-12-04T20:59:44.817-05:00 INFO    Executing Opernation : heatBeat, on Server :Montreal 
2016-12-04T20:59:45.161-05:00 INFO    Executing Opernation : heatBeat, on Server :Montreal 
2016-12-04T20:59:45.312-05:00 INFO    Executing Opernation : heatBeat, on Server :Montreal 
2016-12-04T20:59:45.497-05:00 INFO    Executing Opernation : heatBeat, on Server :Montreal 
2016-12-04T20:59:45.681-05:00 INFO    Executing Opernation : heatBeat, on Server :Montreal 
2016-12-04T20:59:45.843-05:00 INFO    Executing Opernation : heatBeat, on Server :Montreal 
2016-12-04T20:59:55.577-05:00 INFO    Executing Opernation : heatBeat, on Server :Montreal 
2016-12-04T20:59:55.587-05:00 INFO    Executing Opernation : heatBeat, on Server :Montreal 
2016-12-04T20:59:55.592-05:00 INFO    Executing Opernation : heatBeat, on Server :Montreal 
2016-12-04T20:59:55.596-05:00 INFO    Executing Opernation : heatBeat, on Server :Montreal 
2016-12-04T20:59:55.601-05:00 INFO    Executing Opernation : heatBeat, on Server :Montreal 
2016-12-04T20:59:55.606-05:00 INFO    Executing Opernation : heatBeat, on Server :Montreal 
2016-12-04T20:59:55.610-05:00 INFO    Executing Opernation : heatBeat, on Server :Montreal 
2016-12-04T20:59:55.615-05:00 INFO    Executing Opernation : heatBeat, on Server :Montreal 
2016-12-04T20:59:55.620-05:00 INFO    Executing Opernation : heatBeat, on Server :Montreal 
2016-12-04T20:59:55.623-05:00 INFO    Executing Opernation : heatBeat, on Server :Montreal 
2016-12-04T20:59:55.627-05:00 INFO    Executing Opernation : heatBeat, on Server :Montreal 
2016-12-04T20:59:55.630-05:00 INFO    Executing Opernation : heatBeat, on Server :Montreal 
2016-12-04T20:59:55.633-05:00 INFO    Executing Opernation : heatBeat, on Server :Montreal 
2016-12-04T20:59:55.637-05:00 INFO    Executing Opernation : heatBeat, on Server :Montreal 
2016-12-04T20:59:55.642-05:00 INFO    Executing Opernation : heatBeat, on Server :Montreal 
2016-12-04T20:59:55.645-05:00 INFO    Executing Opernation : heatBeat, on Server :Montreal 
2016-12-04T20:59:55.649-05:00 INFO    Executing Opernation : heatBeat, on Server :Montreal 
2016-12-04T20:59:55.653-05:00 INFO    Executing Opernation : heatBeat, on Server :Montreal 
2016-12-04T20:59:55.658-05:00 INFO    Executing Opernation : heatBeat, on Server :Montreal 
2016-12-04T20:59:55.661-05:00 INFO    Executing Opernation : heatBeat, on Server :Montreal 
2016-12-04T20:59:55.664-05:00 INFO    Executing Opernation : heatBeat, on Server :Montreal 
2016-12-04T20:59:55.668-05:00 INFO    Executing Opernation : heatBeat, on Server :Montreal 
2016-12-04T20:59:55.671-05:00 INFO    Executing Opernation : heatBeat, on Server :Montreal 
2016-12-04T20:59:55.674-05:00 INFO    Executing Opernation : heatBeat, on Server :Montreal 
2016-12-04T20:59:55.677-05:00 INFO    Executing Opernation : heatBeat, on Server :Montreal 
2016-12-04T20:59:55.680-05:00 INFO    Executing Opernation : heatBeat, on Server :Montreal 
2016-12-04T20:59:55.683-05:00 INFO    Executing Opernation : heatBeat, on Server :Montreal 
2016-12-04T20:59:55.688-05:00 INFO    Executing Opernation : heatBeat, on Server :Montreal 
2016-12-04T20:59:55.692-05:00 INFO    Executing Opernation : heatBeat, on Server :Montreal 
2016-12-04T20:59:55.695-05:00 INFO    Executing Opernation : heatBeat, on Server :Montreal 
2016-12-04T20:59:55.698-05:00 INFO    Executing Opernation : heatBeat, on Server :Montreal 
2016-12-04T20:59:55.700-05:00 INFO    Executing Opernation : heatBeat, on Server :Montreal 
2016-12-04T20:59:55.703-05:00 INFO    Executing Opernation : heatBeat, on Server :Montreal 
2016-12-04T20:59:55.706-05:00 INFO    Executing Opernation : heatBeat, on Server :Montreal 
2016-12-04T20:59:55.708-05:00 INFO    Executing Opernation : heatBeat, on Server :Montreal 
2016-12-04T20:59:55.712-05:00 INFO    Executing Opernation : heatBeat, on Server :Montreal 
2016-12-04T20:59:55.715-05:00 INFO    Executing Opernation : heatBeat, on Server :Montreal 
2016-12-04T20:59:55.717-05:00 INFO    Executing Opernation : heatBeat, on Server :Montreal 
2016-12-04T21:00:05.789-05:00 INFO    Executing Opernation : heatBeat, on Server :Montreal 
2016-12-04T21:00:20.782-05:00 INFO    Executing Opernation : heatBeat, on Server :Montreal 
2016-12-04T21:00:35.789-05:00 INFO    Executing Opernation : heatBeat, on Server :Montreal 
2016-12-04T21:00:50.791-05:00 INFO    Executing Opernation : heatBeat, on Server :Montreal 
2016-12-04T21:01:05.785-05:00 INFO    Executing Opernation : heatBeat, on Server :Montreal 
2016-12-04T21:01:20.783-05:00 INFO    Executing Opernation : heatBeat, on Server :Montreal 
2016-12-04T21:01:35.791-05:00 INFO    Executing Opernation : heatBeat, on Server :Montreal 
2016-12-04T21:09:44.780-05:00 INFO    Replica is UP! 
2016-12-04T21:09:44.786-05:00 INFO    ReplicaSajjad UDP Server Is UP! 
2016-12-04T21:09:59.285-05:00 INFO    Executing Opernation : heatBeat, on Server :Montreal 
2016-12-04T21:10:08.849-05:00 INFO    Executing Opernation : heatBeat, on Server :Montreal 
2016-12-04T21:10:48.131-05:00 INFO    Replica is UP! 
2016-12-04T21:10:48.141-05:00 INFO    ReplicaSajjad UDP Server Is UP! 
2016-12-04T21:10:51.387-05:00 INFO    Executing Opernation : heatBeat, on Server :Montreal 
2016-12-04T21:18:41.483-05:00 INFO    Replica is UP! 
2016-12-04T21:18:41.486-05:00 INFO    ReplicaSajjad UDP Server Is UP! 
2016-12-04T21:18:41.907-05:00 INFO    Executing Opernation : heatBeat, on Server :Montreal 
2016-12-04T21:21:11.905-05:00 INFO    Executing Opernation : heatBeat, on Server :Montreal 
2016-12-04T21:23:41.904-05:00 INFO    Executing Opernation : heatBeat, on Server :Montreal 
2016-12-04T21:26:11.906-05:00 INFO    Executing Opernation : heatBeat, on Server :Montreal 
2016-12-04T21:28:41.913-05:00 INFO    Executing Opernation : heatBeat, on Server :Montreal 
2016-12-04T21:31:11.925-05:00 INFO    Executing Opernation : heatBeat, on Server :Montreal 
2016-12-04T21:33:41.932-05:00 INFO    Executing Opernation : heatBeat, on Server :Montreal 
2016-12-04T21:36:11.945-05:00 INFO    Executing Opernation : heatBeat, on Server :Montreal 
2016-12-04T21:38:41.948-05:00 INFO    Executing Opernation : heatBeat, on Server :Montreal 
2016-12-04T23:45:48.546-05:00 INFO    Replica is UP! 
2016-12-04T23:45:48.546-05:00 INFO    ReplicaUmer UDP Server Is UP! 
2016-12-04T23:45:49.987-05:00 INFO    Executing Opernation : heatBeat, on Server :Montreal 
2016-12-04T23:45:50.293-05:00 INFO    Executing Opernation : heatBeat, on Server :Montreal 
2016-12-04T23:45:50.832-05:00 INFO    Executing Opernation : heatBeat, on Server :Montreal 
2016-12-04T23:45:51.906-05:00 INFO    Executing Opernation : heatBeat, on Server :Montreal 
2016-12-04T23:46:04.978-05:00 INFO    Executing Opernation : heatBeat, on Server :Montreal 
2016-12-04T23:46:05.307-05:00 INFO    Executing Opernation : heatBeat, on Server :Montreal 
2016-12-04T23:46:05.844-05:00 INFO    Executing Opernation : heatBeat, on Server :Montreal 
2016-12-05T00:04:22.565-05:00 INFO    Replica is UP! 
2016-12-05T00:04:22.597-05:00 INFO    ReplicaSajjad UDP Server Is UP! 
2016-12-05T00:04:24.162-05:00 INFO    Executing Opernation : heatBeat, on Server :Montreal 
2016-12-05T00:04:39.116-05:00 INFO    Executing Opernation : heatBeat, on Server :Montreal 
2016-12-05T00:04:57.677-05:00 INFO    Replica is UP! 
2016-12-05T00:04:57.678-05:00 INFO    ReplicaSajjad UDP Server Is UP! 
2016-12-05T00:04:58.247-05:00 INFO    Executing Opernation : heatBeat, on Server :Montreal 
2016-12-05T00:05:13.246-05:00 INFO    Executing Opernation : heatBeat, on Server :Montreal 
2016-12-05T00:05:28.245-05:00 INFO    Executing Opernation : heatBeat, on Server :Montreal 
2016-12-05T00:19:26.323-05:00 INFO    Replica is UP! 
2016-12-05T00:19:26.332-05:00 INFO    ReplicaSajjad UDP Server Is UP! 
2016-12-05T00:19:26.801-05:00 INFO    Executing Opernation : heatBeat, on Server :Montreal 
2016-12-05T00:19:41.795-05:00 INFO    Executing Opernation : heatBeat, on Server :Montreal 
2016-12-05T00:34:37.053-05:00 INFO    Replica is UP! 
2016-12-05T00:34:37.058-05:00 INFO    ReplicaFeras UDP Server Is UP! 
2016-12-05T00:34:37.525-05:00 INFO    Executing Opernation : heatBeat, on Server :Montreal 
2016-12-05T00:34:52.520-05:00 INFO    Executing Opernation : heatBeat, on Server :Montreal 
2016-12-05T00:35:07.521-05:00 INFO    Executing Opernation : heatBeat, on Server :Montreal 
2016-12-05T00:35:22.520-05:00 INFO    Executing Opernation : heatBeat, on Server :Montreal 
2016-12-05T00:35:37.520-05:00 INFO    Executing Opernation : heatBeat, on Server :Montreal 
2016-12-05T00:35:52.520-05:00 INFO    Executing Opernation : heatBeat, on Server :Montreal 
2016-12-05T00:36:07.520-05:00 INFO    Executing Opernation : heatBeat, on Server :Montreal 
2016-12-05T00:36:22.520-05:00 INFO    Executing Opernation : heatBeat, on Server :Montreal 
2016-12-05T00:36:37.520-05:00 INFO    Executing Opernation : heatBeat, on Server :Montreal 
2016-12-05T00:36:52.521-05:00 INFO    Executing Opernation : heatBeat, on Server :Montreal 
2016-12-05T00:37:07.521-05:00 INFO    Executing Opernation : heatBeat, on Server :Montreal 
2016-12-05T00:37:22.521-05:00 INFO    Executing Opernation : heatBeat, on Server :Montreal 
2016-12-05T00:37:37.521-05:00 INFO    Executing Opernation : heatBeat, on Server :Montreal 
2016-12-05T00:37:52.521-05:00 INFO    Executing Opernation : heatBeat, on Server :Montreal 
2016-12-05T00:38:07.521-05:00 INFO    Executing Opernation : heatBeat, on Server :Montreal 
2016-12-05T00:38:30.586-05:00 INFO    Replica is UP! 
2016-12-05T00:38:30.589-05:00 INFO    ReplicaFeras UDP Server Is UP! 
2016-12-05T00:38:30.973-05:00 INFO    Executing Opernation : heatBeat, on Server :Montreal 
2016-12-05T00:38:45.967-05:00 INFO    Executing Opernation : heatBeat, on Server :Montreal 
2016-12-05T00:39:00.968-05:00 INFO    Executing Opernation : heatBeat, on Server :Montreal 
2016-12-05T00:39:15.967-05:00 INFO    Executing Opernation : heatBeat, on Server :Montreal 
2016-12-05T00:39:30.968-05:00 INFO    Executing Opernation : heatBeat, on Server :Montreal 
2016-12-05T00:39:45.968-05:00 INFO    Executing Opernation : heatBeat, on Server :Montreal 
2016-12-05T00:40:00.969-05:00 INFO    Executing Opernation : heatBeat, on Server :Montreal 
2016-12-05T00:40:15.970-05:00 INFO    Executing Opernation : heatBeat, on Server :Montreal 
2016-12-05T00:40:30.970-05:00 INFO    Executing Opernation : heatBeat, on Server :Montreal 
2016-12-05T00:40:45.971-05:00 INFO    Executing Opernation : heatBeat, on Server :Montreal 
2016-12-05T00:41:00.971-05:00 INFO    Executing Opernation : heatBeat, on Server :Montreal 
2016-12-05T00:41:15.972-05:00 INFO    Executing Opernation : heatBeat, on Server :Montreal 
2016-12-05T00:41:30.972-05:00 INFO    Executing Opernation : heatBeat, on Server :Montreal 
2016-12-05T00:41:45.972-05:00 INFO    Executing Opernation : heatBeat, on Server :Montreal 
2016-12-05T00:42:00.974-05:00 INFO    Executing Opernation : heatBeat, on Server :Montreal 
2016-12-05T00:42:15.972-05:00 INFO    Executing Opernation : heatBeat, on Server :Montreal 
2016-12-05T00:42:30.972-05:00 INFO    Executing Opernation : heatBeat, on Server :Montreal 
2016-12-05T00:44:24.660-05:00 INFO    Replica is UP! 
2016-12-05T00:44:24.662-05:00 INFO    ReplicaFeras UDP Server Is UP! 
2016-12-05T00:44:25.085-05:00 INFO    Executing Opernation : heatBeat, on Server :Montreal 
2016-12-05T00:44:40.080-05:00 INFO    Executing Opernation : heatBeat, on Server :Montreal 
2016-12-05T00:44:55.081-05:00 INFO    Executing Opernation : heatBeat, on Server :Montreal 
2016-12-05T00:45:10.080-05:00 INFO    Executing Opernation : heatBeat, on Server :Montreal 
2016-12-05T00:45:25.080-05:00 INFO    Executing Opernation : heatBeat, on Server :Montreal 
2016-12-05T00:45:40.080-05:00 INFO    Executing Opernation : heatBeat, on Server :Montreal 
2016-12-05T00:45:55.080-05:00 INFO    Executing Opernation : heatBeat, on Server :Montreal 
2016-12-05T00:46:10.080-05:00 INFO    Executing Opernation : heatBeat, on Server :Montreal 
2016-12-05T00:46:25.080-05:00 INFO    Executing Opernation : heatBeat, on Server :Montreal 
2016-12-05T00:46:40.080-05:00 INFO    Executing Opernation : heatBeat, on Server :Montreal 
2016-12-05T00:46:55.081-05:00 INFO    Executing Opernation : heatBeat, on Server :Montreal 
2016-12-05T00:47:10.081-05:00 INFO    Executing Opernation : heatBeat, on Server :Montreal 
2016-12-05T00:47:25.081-05:00 INFO    Executing Opernation : heatBeat, on Server :Montreal 
2016-12-05T00:47:40.081-05:00 INFO    Executing Opernation : heatBeat, on Server :Montreal 
2016-12-05T00:47:55.081-05:00 INFO    Executing Opernation : heatBeat, on Server :Montreal 
2016-12-05T00:48:10.081-05:00 INFO    Executing Opernation : heatBeat, on Server :Montreal 
2016-12-05T00:48:25.081-05:00 INFO    Executing Opernation : heatBeat, on Server :Montreal 
2016-12-05T00:48:40.081-05:00 INFO    Executing Opernation : heatBeat, on Server :Montreal 
2016-12-05T00:48:55.081-05:00 INFO    Executing Opernation : heatBeat, on Server :Montreal 
2016-12-05T00:49:10.081-05:00 INFO    Executing Opernation : heatBeat, on Server :Montreal 
2016-12-05T00:49:25.082-05:00 INFO    Executing Opernation : heatBeat, on Server :Montreal 
2016-12-05T00:49:40.082-05:00 INFO    Executing Opernation : heatBeat, on Server :Montreal 
2016-12-05T00:49:55.082-05:00 INFO    Executing Opernation : heatBeat, on Server :Montreal 
2016-12-05T00:50:10.083-05:00 INFO    Executing Opernation : heatBeat, on Server :Montreal 
2016-12-05T00:50:25.083-05:00 INFO    Executing Opernation : heatBeat, on Server :Montreal 
2016-12-05T00:50:40.083-05:00 INFO    Executing Opernation : heatBeat, on Server :Montreal 
2016-12-05T00:50:55.084-05:00 INFO    Executing Opernation : heatBeat, on Server :Montreal 
2016-12-05T00:51:10.084-05:00 INFO    Executing Opernation : heatBeat, on Server :Montreal 
2016-12-05T00:51:25.084-05:00 INFO    Executing Opernation : heatBeat, on Server :Montreal 
2016-12-05T00:51:40.084-05:00 INFO    Executing Opernation : heatBeat, on Server :Montreal 
2016-12-05T00:51:55.085-05:00 INFO    Executing Opernation : heatBeat, on Server :Montreal 
2016-12-05T00:52:10.085-05:00 INFO    Executing Opernation : heatBeat, on Server :Montreal 
2016-12-05T00:52:25.085-05:00 INFO    Executing Opernation : heatBeat, on Server :Montreal 
2016-12-05T00:52:40.085-05:00 INFO    Executing Opernation : heatBeat, on Server :Montreal 
2016-12-05T00:52:55.086-05:00 INFO    Executing Opernation : heatBeat, on Server :Montreal 
2016-12-05T00:53:10.086-05:00 INFO    Executing Opernation : heatBeat, on Server :Montreal 
2016-12-05T00:53:25.088-05:00 INFO    Executing Opernation : heatBeat, on Server :Montreal 
2016-12-05T00:53:40.087-05:00 INFO    Executing Opernation : heatBeat, on Server :Montreal 
2016-12-05T00:53:55.086-05:00 INFO    Executing Opernation : heatBeat, on Server :Montreal 
2016-12-05T00:54:10.087-05:00 INFO    Executing Opernation : heatBeat, on Server :Montreal 
2016-12-05T00:54:25.087-05:00 INFO    Executing Opernation : heatBeat, on Server :Montreal 
2016-12-05T00:54:40.088-05:00 INFO    Executing Opernation : heatBeat, on Server :Montreal 
2016-12-05T00:54:55.088-05:00 INFO    Executing Opernation : heatBeat, on Server :Montreal 
2016-12-05T00:55:10.088-05:00 INFO    Executing Opernation : heatBeat, on Server :Montreal 
2016-12-05T00:55:25.087-05:00 INFO    Executing Opernation : heatBeat, on Server :Montreal 
2016-12-05T00:55:40.087-05:00 INFO    Executing Opernation : heatBeat, on Server :Montreal 
2016-12-05T00:55:55.089-05:00 INFO    Executing Opernation : heatBeat, on Server :Montreal 
2016-12-05T00:56:10.089-05:00 INFO    Executing Opernation : heatBeat, on Server :Montreal 
2016-12-05T00:56:25.089-05:00 INFO    Executing Opernation : heatBeat, on Server :Montreal 
2016-12-05T00:56:40.089-05:00 INFO    Executing Opernation : heatBeat, on Server :Montreal 
2016-12-05T00:56:55.089-05:00 INFO    Executing Opernation : heatBeat, on Server :Montreal 
2016-12-05T00:57:10.089-05:00 INFO    Executing Opernation : heatBeat, on Server :Montreal 
2016-12-05T00:57:25.090-05:00 INFO    Executing Opernation : heatBeat, on Server :Montreal 
2016-12-05T00:57:40.090-05:00 INFO    Executing Opernation : heatBeat, on Server :Montreal 
2016-12-05T00:57:55.091-05:00 INFO    Executing Opernation : heatBeat, on Server :Montreal 
2016-12-05T00:58:10.090-05:00 INFO    Executing Opernation : heatBeat, on Server :Montreal 
2016-12-05T00:58:25.090-05:00 INFO    Executing Opernation : heatBeat, on Server :Montreal 
2016-12-05T00:58:40.091-05:00 INFO    Executing Opernation : heatBeat, on Server :Montreal 
2016-12-05T00:58:55.090-05:00 INFO    Executing Opernation : heatBeat, on Server :Montreal 
2016-12-05T00:59:10.091-05:00 INFO    Executing Opernation : heatBeat, on Server :Montreal 
2016-12-05T00:59:18.809-05:00 SEVERE  on starting UDP Server 
2016-12-05T01:49:08.990-05:00 INFO    Replica is UP! 
2016-12-05T01:49:09.002-05:00 INFO    ReplicaFeras UDP Server Is UP! 
2016-12-05T01:49:09.656-05:00 INFO    Executing Opernation : heatBeat, on Server :Montreal 
2016-12-05T01:49:24.651-05:00 INFO    Executing Opernation : heatBeat, on Server :Montreal 
2016-12-05T01:49:39.651-05:00 INFO    Executing Opernation : heatBeat, on Server :Montreal 
2016-12-05T01:50:03.147-05:00 INFO    Replica is UP! 
2016-12-05T01:50:03.158-05:00 INFO    ReplicaFeras UDP Server Is UP! 
2016-12-05T01:50:03.544-05:00 INFO    Executing Opernation : heatBeat, on Server :Montreal 
2016-12-05T01:50:18.540-05:00 INFO    Executing Opernation : heatBeat, on Server :Montreal 
2016-12-05T01:50:27.395-05:00 SEVERE  on starting UDP Server 
2016-12-05T11:40:21.595-05:00 INFO    Replica is UP! 
2016-12-05T11:40:21.597-05:00 INFO    ReplicaFeras UDP Server Is UP! 
2016-12-05T11:40:22.831-05:00 INFO    Executing Opernation : heatBeat, on Server :Montreal 
2016-12-05T11:40:32.063-05:00 INFO    Replica is UP! 
2016-12-05T11:40:32.065-05:00 INFO    ReplicaFeras UDP Server Is UP! 
2016-12-05T11:40:32.471-05:00 INFO    Executing Opernation : heatBeat, on Server :Montreal 
2016-12-05T11:40:47.467-05:00 INFO    Executing Opernation : heatBeat, on Server :Montreal 
2016-12-05T11:41:02.470-05:00 INFO    Executing Opernation : heatBeat, on Server :Montreal 
2016-12-05T11:41:55.703-05:00 INFO    Replica is UP! 
2016-12-05T11:41:55.713-05:00 INFO    ReplicaFeras UDP Server Is UP! 
2016-12-05T11:41:56.143-05:00 INFO    Executing Opernation : heatBeat, on Server :Montreal 
2016-12-05T11:41:59.113-05:00 SEVERE  on starting UDP Server 
2016-12-05T11:42:22.973-05:00 INFO    Replica is UP! 
2016-12-05T11:42:22.975-05:00 INFO    ReplicaFeras UDP Server Is UP! 
2016-12-05T11:42:23.366-05:00 INFO    Executing Opernation : heatBeat, on Server :Montreal 
2016-12-05T11:42:38.363-05:00 INFO    Executing Opernation : heatBeat, on Server :Montreal 
2016-12-05T11:44:38.687-05:00 INFO    Replica is UP! 
2016-12-05T11:44:38.689-05:00 INFO    ReplicaFeras UDP Server Is UP! 
2016-12-05T11:44:39.146-05:00 INFO    Executing Opernation : heatBeat, on Server :Montreal 
2016-12-05T11:44:54.097-05:00 INFO    Executing Opernation : heatBeat, on Server :Montreal 
2016-12-05T11:45:09.096-05:00 INFO    Executing Opernation : heatBeat, on Server :Montreal 
2016-12-05T11:45:24.098-05:00 INFO    Executing Opernation : heatBeat, on Server :Montreal 
2016-12-05T11:45:39.098-05:00 INFO    Executing Opernation : heatBeat, on Server :Montreal 
2016-12-05T11:45:54.099-05:00 INFO    Executing Opernation : heatBeat, on Server :Montreal 
2016-12-05T11:46:09.099-05:00 INFO    Executing Opernation : heatBeat, on Server :Montreal 
2016-12-05T11:47:09.376-05:00 INFO    Replica is UP! 
2016-12-05T11:47:09.399-05:00 INFO    ReplicaFeras UDP Server Is UP! 
2016-12-05T11:47:09.929-05:00 INFO    Executing Opernation : heatBeat, on Server :Montreal 
2016-12-05T11:47:24.883-05:00 INFO    Executing Opernation : heatBeat, on Server :Montreal 
2016-12-05T11:47:39.884-05:00 INFO    Executing Opernation : heatBeat, on Server :Montreal 
2016-12-05T11:47:54.883-05:00 INFO    Executing Opernation : heatBeat, on Server :Montreal 
2016-12-05T11:49:11.967-05:00 INFO    Replica is UP! 
2016-12-05T11:49:11.975-05:00 INFO    ReplicaFeras UDP Server Is UP! 
2016-12-05T11:49:23.881-05:00 INFO    Executing Opernation : heatBeat, on Server :Montreal 
2016-12-05T11:51:16.054-05:00 INFO    Replica is UP! 
2016-12-05T11:51:16.086-05:00 INFO    ReplicaFeras UDP Server Is UP! 
2016-12-05T11:51:16.527-05:00 INFO    Executing Opernation : heatBeat, on Server :Montreal 
2016-12-05T11:51:54.596-05:00 INFO    Executing Opernation : heatBeat, on Server :Montreal 
2016-12-05T11:52:05.244-05:00 INFO    Executing Opernation : heatBeat, on Server :Montreal 
2016-12-05T11:52:13.795-05:00 INFO    Replica is UP! 
2016-12-05T11:52:13.802-05:00 INFO    ReplicaFeras UDP Server Is UP! 
2016-12-05T11:52:14.147-05:00 INFO    Executing Opernation : heatBeat, on Server :Montreal 
2016-12-05T11:54:37.044-05:00 INFO    Unknow Sender : FrontEnd 
2016-12-05T11:55:33.050-05:00 INFO    Replica is UP! 
2016-12-05T11:55:33.052-05:00 INFO    ReplicaFeras UDP Server Is UP! 
2016-12-05T11:55:33.375-05:00 INFO    Executing Opernation : heatBeat, on Server :Montreal 
2016-12-05T11:55:37.043-05:00 INFO    Unknow Sender : FrontEnd 
2016-12-05T11:58:01.652-05:00 INFO    Replica is UP! 
2016-12-05T11:58:01.655-05:00 INFO    ReplicaFeras UDP Server Is UP! 
2016-12-05T11:58:01.986-05:00 INFO    Executing Opernation : heatBeat, on Server :Montreal 
2016-12-05T11:58:04.736-05:00 INFO    Unknow Sender : FrontEnd 
2016-12-05T12:01:28.197-05:00 INFO    Replica is UP! 
2016-12-05T12:01:28.200-05:00 INFO    ReplicaFeras UDP Server Is UP! 
2016-12-05T12:01:28.517-05:00 INFO    Executing Opernation : heatBeat, on Server :Montreal 
2016-12-05T12:01:44.455-05:00 INFO    Executing Opernation : bookFlight, on Server :Montreal 
2016-12-05T12:03:52.492-05:00 INFO    Replica is UP! 
2016-12-05T12:03:52.508-05:00 INFO    ReplicaFeras UDP Server Is UP! 
2016-12-05T12:03:52.915-05:00 INFO    Executing Opernation : heatBeat, on Server :Montreal 
2016-12-05T12:04:15.213-05:00 INFO    Executing Opernation : bookFlight, on Server :Montreal 
2016-12-05T12:17:23.616-05:00 INFO    Replica is UP! 
2016-12-05T12:17:23.632-05:00 INFO    ReplicaFeras UDP Server Is UP! 
2016-12-05T12:17:36.951-05:00 INFO    Replica is UP! 
2016-12-05T12:17:36.967-05:00 INFO    ReplicaFeras UDP Server Is UP! 
2016-12-05T12:17:39.592-05:00 INFO    Executing Opernation : heatBeat, on Server :Montreal 
2016-12-05T12:18:23.610-05:00 INFO    Executing Opernation : bookFlight, on Server :Montreal 
2016-12-05T12:20:38.555-05:00 INFO    Replica is UP! 
2016-12-05T12:20:38.574-05:00 INFO    ReplicaFeras UDP Server Is UP! 
2016-12-05T12:20:39.040-05:00 INFO    Executing Opernation : heatBeat, on Server :Montreal 
2016-12-05T12:20:54.033-05:00 INFO    Executing Opernation : heatBeat, on Server :Montreal 
2016-12-05T12:20:54.327-05:00 INFO    Executing Opernation : bookFlight, on Server :Montreal 
2016-12-05T12:21:09.034-05:00 INFO    Executing Opernation : heatBeat, on Server :Montreal 
2016-12-05T12:21:24.035-05:00 INFO    Executing Opernation : heatBeat, on Server :Montreal 
2016-12-05T12:21:39.036-05:00 INFO    Executing Opernation : heatBeat, on Server :Montreal 
2016-12-05T12:21:54.036-05:00 INFO    Executing Opernation : heatBeat, on Server :Montreal 
2016-12-05T12:22:09.037-05:00 INFO    Executing Opernation : heatBeat, on Server :Montreal 
2016-12-05T12:22:24.038-05:00 INFO    Executing Opernation : heatBeat, on Server :Montreal 
2016-12-05T12:22:39.039-05:00 INFO    Executing Opernation : heatBeat, on Server :Montreal 
2016-12-05T12:22:54.040-05:00 INFO    Executing Opernation : heatBeat, on Server :Montreal 
2016-12-05T12:23:09.041-05:00 INFO    Executing Opernation : heatBeat, on Server :Montreal 
2016-12-05T12:23:24.043-05:00 INFO    Executing Opernation : heatBeat, on Server :Montreal 
2016-12-05T12:23:39.042-05:00 INFO    Executing Opernation : heatBeat, on Server :Montreal 
2016-12-05T12:23:54.043-05:00 INFO    Executing Opernation : heatBeat, on Server :Montreal 
2016-12-05T12:24:09.044-05:00 INFO    Executing Opernation : heatBeat, on Server :Montreal 
2016-12-05T12:24:24.045-05:00 INFO    Executing Opernation : heatBeat, on Server :Montreal 
2016-12-05T12:24:39.045-05:00 INFO    Executing Opernation : heatBeat, on Server :Montreal 
2016-12-05T12:24:54.048-05:00 INFO    Executing Opernation : heatBeat, on Server :Montreal 
2016-12-05T12:25:09.049-05:00 INFO    Executing Opernation : heatBeat, on Server :Montreal 
2016-12-05T12:25:24.050-05:00 INFO    Executing Opernation : heatBeat, on Server :Montreal 
2016-12-05T12:25:39.051-05:00 INFO    Executing Opernation : heatBeat, on Server :Montreal 
2016-12-05T12:25:54.049-05:00 INFO    Executing Opernation : heatBeat, on Server :Montreal 
2016-12-05T12:26:09.050-05:00 INFO    Executing Opernation : heatBeat, on Server :Montreal 
2016-12-05T12:26:24.051-05:00 INFO    Executing Opernation : heatBeat, on Server :Montreal 
2016-12-05T12:26:39.052-05:00 INFO    Executing Opernation : heatBeat, on Server :Montreal 
2016-12-05T12:26:54.053-05:00 INFO    Executing Opernation : heatBeat, on Server :Montreal 
2016-12-05T12:27:09.055-05:00 INFO    Executing Opernation : heatBeat, on Server :Montreal 
2016-12-05T12:27:24.055-05:00 INFO    Executing Opernation : heatBeat, on Server :Montreal 
2016-12-05T12:27:39.057-05:00 INFO    Executing Opernation : heatBeat, on Server :Montreal 
2016-12-05T12:27:54.058-05:00 INFO    Executing Opernation : heatBeat, on Server :Montreal 
2016-12-05T12:28:09.058-05:00 INFO    Executing Opernation : heatBeat, on Server :Montreal 
2016-12-05T12:28:24.060-05:00 INFO    Executing Opernation : heatBeat, on Server :Montreal 
2016-12-05T12:28:39.059-05:00 INFO    Executing Opernation : heatBeat, on Server :Montreal 
2016-12-05T12:28:54.060-05:00 INFO    Executing Opernation : heatBeat, on Server :Montreal 
2016-12-05T12:29:09.061-05:00 INFO    Executing Opernation : heatBeat, on Server :Montreal 
2016-12-05T12:29:24.062-05:00 INFO    Executing Opernation : heatBeat, on Server :Montreal 
2016-12-05T12:29:39.063-05:00 INFO    Executing Opernation : heatBeat, on Server :Montreal 
2016-12-05T12:29:54.064-05:00 INFO    Executing Opernation : heatBeat, on Server :Montreal 
2016-12-05T12:30:09.065-05:00 INFO    Executing Opernation : heatBeat, on Server :Montreal 
2016-12-05T12:30:24.067-05:00 INFO    Executing Opernation : heatBeat, on Server :Montreal 
2016-12-05T12:31:12.438-05:00 INFO    Replica is UP! 
2016-12-05T12:31:12.459-05:00 INFO    ReplicaFeras UDP Server Is UP! 
2016-12-05T12:31:12.979-05:00 INFO    Executing Opernation : heatBeat, on Server :Montreal 
2016-12-05T12:31:27.970-05:00 INFO    Executing Opernation : heatBeat, on Server :Montreal 
2016-12-05T12:31:41.928-05:00 INFO    Executing Opernation : bookFlight, on Server :Montreal 
2016-12-05T12:31:42.971-05:00 INFO    Executing Opernation : heatBeat, on Server :Montreal 
2016-12-05T12:31:57.971-05:00 INFO    Executing Opernation : heatBeat, on Server :Montreal 
2016-12-05T13:26:40.694-05:00 INFO    Replica is UP! 
2016-12-05T13:26:40.708-05:00 INFO    ReplicaFeras UDP Server Is UP! 
2016-12-05T13:26:41.956-05:00 INFO    Executing Opernation : heatBeat, on Server :Montreal 
2016-12-05T13:26:49.238-05:00 INFO    Replica is UP! 
2016-12-05T13:26:49.246-05:00 INFO    ReplicaFeras UDP Server Is UP! 
2016-12-05T13:26:53.658-05:00 INFO    Executing Opernation : heatBeat, on Server :Montreal 
2016-12-05T13:27:10.777-05:00 INFO    Executing Opernation : editFlightRecord, on Server :Montreal 
2016-12-05T16:10:27.111-05:00 INFO    Replica is UP! 
2016-12-05T16:10:27.220-05:00 INFO    ReplicaFeras UDP Server Is UP! 
2016-12-05T16:10:36.451-05:00 INFO    Executing Opernation : heatBeat, on Server :Montreal 
2016-12-05T16:11:17.014-05:00 INFO    Executing Opernation : editFlightRecord, on Server :Montreal 
2016-12-05T18:02:36.880-05:00 INFO    Replica is UP! 
2016-12-05T18:02:36.914-05:00 INFO    ReplicaFeras UDP Server Is UP! 
2016-12-05T18:02:37.475-05:00 INFO    Executing Opernation : heatBeat, on Server :Montreal 
2016-12-05T18:03:29.270-05:00 INFO    Executing Opernation : editFlightRecord, on Server :Montreal 
2016-12-05T18:19:10.048-05:00 INFO    Replica is UP! 
2016-12-05T18:19:10.060-05:00 INFO    ReplicaFeras UDP Server Is UP! 
2016-12-05T18:19:10.464-05:00 INFO    Executing Opernation : heatBeat, on Server :Montreal 
2016-12-05T18:20:10.782-05:00 INFO    Executing Opernation : editFlightRecord, on Server :Montreal 
2016-12-05T18:24:50.704-05:00 INFO    Replica is UP! 
2016-12-05T18:24:50.722-05:00 INFO    ReplicaFeras UDP Server Is UP! 
2016-12-05T18:24:51.125-05:00 INFO    Executing Opernation : heatBeat, on Server :Montreal 
2016-12-05T18:25:26.179-05:00 INFO    Executing Opernation : editFlightRecord, on Server :Montreal 
2016-12-05T18:34:39.467-05:00 INFO    Replica is UP! 
2016-12-05T18:34:39.487-05:00 INFO    ReplicaFeras UDP Server Is UP! 
2016-12-05T18:34:39.878-05:00 INFO    Executing Opernation : heatBeat, on Server :Montreal 
2016-12-05T18:35:19.597-05:00 INFO    Executing Opernation : getBookedFlightCount, on Server :Montreal 
2016-12-05T18:39:04.143-05:00 INFO    Replica is UP! 
2016-12-05T18:39:04.159-05:00 INFO    ReplicaFeras UDP Server Is UP! 
2016-12-05T18:39:04.599-05:00 INFO    Executing Opernation : heatBeat, on Server :Montreal 
2016-12-05T18:39:35.811-05:00 INFO    Executing Opernation : getBookedFlightCount, on Server :Montreal 
2016-12-05T18:46:43.545-05:00 INFO    Replica is UP! 
2016-12-05T18:46:43.561-05:00 INFO    ReplicaFeras UDP Server Is UP! 
2016-12-05T18:46:43.956-05:00 INFO    Executing Opernation : heatBeat, on Server :Montreal 
2016-12-05T18:47:16.755-05:00 INFO    Executing Opernation : editFlightRecord, on Server :Montreal 
2016-12-05T18:47:24.260-05:00 INFO    Executing Opernation : getBookedFlightCount, on Server :Montreal 
2016-12-05T18:52:04.865-05:00 INFO    Executing Opernation : editFlightRecord, on Server :Montreal 
2016-12-05T18:53:15.077-05:00 INFO    Executing Opernation : editFlightRecord, on Server :Montreal 
2016-12-05T19:02:52.661-05:00 INFO    Replica is UP! 
2016-12-05T19:02:52.673-05:00 INFO    ReplicaFeras UDP Server Is UP! 
2016-12-05T19:02:53.072-05:00 INFO    Executing Opernation : heatBeat, on Server :Montreal 
2016-12-05T19:03:28.018-05:00 INFO    Executing Opernation : editFlightRecord, on Server :Montreal 
2016-12-05T19:04:06.997-05:00 INFO    Executing Opernation : editFlightRecord, on Server :Montreal 
2016-12-05T19:09:34.747-05:00 INFO    Replica is UP! 
2016-12-05T19:09:34.759-05:00 INFO    ReplicaFeras UDP Server Is UP! 
2016-12-05T19:09:35.188-05:00 INFO    Executing Opernation : heatBeat, on Server :Montreal 
2016-12-05T19:10:35.289-05:00 INFO    Executing Opernation : editFlightRecord, on Server :Montreal 
2016-12-05T19:11:09.992-05:00 INFO    Executing Opernation : editFlightRecord, on Server :Montreal 
2016-12-05T19:13:56.845-05:00 INFO    Replica is UP! 
2016-12-05T19:13:56.862-05:00 INFO    ReplicaFeras UDP Server Is UP! 
2016-12-05T19:13:57.307-05:00 INFO    Executing Opernation : heatBeat, on Server :Montreal 
2016-12-05T19:14:39.380-05:00 INFO    Executing Opernation : editFlightRecord, on Server :Montreal 
2016-12-05T19:15:01.235-05:00 INFO    Executing Opernation : editFlightRecord, on Server :Montreal 
2016-12-05T19:15:40.261-05:00 INFO    Executing Opernation : getBookedFlightCount, on Server :Montreal 
2016-12-05T19:16:57.422-05:00 INFO    Executing Opernation : bookFlight, on Server :Montreal 
2016-12-05T19:18:42.533-05:00 INFO    Executing Opernation : editFlightRecord, on Server :Montreal 
2016-12-05T19:20:15.721-05:00 INFO    Executing Opernation : editFlightRecord, on Server :Montreal 
2016-12-05T19:30:53.607-05:00 INFO    Replica is UP! 
2016-12-05T19:30:53.609-05:00 INFO    ReplicaFeras UDP Server Is UP! 
2016-12-05T19:30:53.900-05:00 INFO    Executing Opernation : heatBeat, on Server :Montreal 
2016-12-05T19:32:09.563-05:00 INFO    Executing Opernation : editFlightRecord, on Server :Montreal 
2016-12-05T19:32:09.729-05:00 INFO    Executing Opernation : editFlightRecord, on Server :Montreal 
2016-12-05T19:38:09.427-05:00 INFO    Executing Opernation : editFlightRecord, on Server :Montreal 
2016-12-05T19:38:09.430-05:00 SEVERE  on starting UDP Server 
2016-12-05T19:41:49.535-05:00 INFO    Replica is UP! 
2016-12-05T19:41:49.537-05:00 INFO    ReplicaFeras UDP Server Is UP! 
2016-12-05T19:41:49.819-05:00 INFO    Executing Opernation : heatBeat, on Server :Montreal 
2016-12-05T19:43:00.184-05:00 INFO    Executing Opernation : editFlightRecord, on Server :Montreal 
2016-12-05T19:43:00.300-05:00 INFO    Executing Opernation : editFlightRecord, on Server :Montreal 
2016-12-05T19:43:00.494-05:00 INFO    Executing Opernation : editFlightRecord, on Server :Montreal 
2016-12-05T19:46:46.162-05:00 INFO    Executing Opernation : editFlightRecord, on Server :Montreal 
2016-12-05T19:48:52.556-05:00 INFO    Executing Opernation : editFlightRecord, on Server :Montreal 
2016-12-05T19:50:27.059-05:00 INFO    Replica is UP! 
2016-12-05T19:50:27.064-05:00 INFO    ReplicaFeras UDP Server Is UP! 
2016-12-05T19:50:27.403-05:00 INFO    Executing Opernation : heatBeat, on Server :Montreal 
2016-12-05T19:50:33.341-05:00 INFO    Executing Opernation : editFlightRecord, on Server :Montreal 
2016-12-05T19:50:33.466-05:00 INFO    Executing Opernation : editFlightRecord, on Server :Montreal 
2016-12-05T19:50:33.645-05:00 INFO    Executing Opernation : editFlightRecord, on Server :Montreal 
2016-12-05T19:50:33.886-05:00 INFO    Executing Opernation : editFlightRecord, on Server :Montreal 
2016-12-05T19:52:46.948-05:00 INFO    Replica is UP! 
2016-12-05T19:52:46.973-05:00 INFO    ReplicaFeras UDP Server Is UP! 
2016-12-05T19:52:47.494-05:00 INFO    Executing Opernation : heatBeat, on Server :Montreal 
2016-12-05T19:52:59.325-05:00 INFO    Executing Opernation : editFlightRecord, on Server :Montreal 
2016-12-05T19:53:59.475-05:00 INFO    Executing Opernation : editFlightRecord, on Server :Montreal 
2016-12-05T19:53:59.615-05:00 INFO    Executing Opernation : editFlightRecord, on Server :Montreal 
2016-12-05T19:53:59.881-05:00 INFO    Executing Opernation : editFlightRecord, on Server :Montreal 
2016-12-05T19:58:46.624-05:00 INFO    Replica is UP! 
2016-12-05T19:58:46.645-05:00 INFO    ReplicaFeras UDP Server Is UP! 
2016-12-05T19:58:47.023-05:00 INFO    Executing Opernation : heatBeat, on Server :Montreal 
2016-12-05T19:59:00.888-05:00 INFO    Executing Opernation : editFlightRecord, on Server :Montreal 
2016-12-05T19:59:01.083-05:00 INFO    Executing Opernation : editFlightRecord, on Server :Montreal 
2016-12-05T19:59:01.228-05:00 INFO    Executing Opernation : editFlightRecord, on Server :Montreal 
2016-12-05T19:59:01.371-05:00 INFO    Executing Opernation : editFlightRecord, on Server :Montreal 
2016-12-05T20:05:01.065-05:00 INFO    Replica is UP! 
2016-12-05T20:05:01.084-05:00 INFO    ReplicaFeras UDP Server Is UP! 
2016-12-05T20:05:01.459-05:00 INFO    Executing Opernation : heatBeat, on Server :Montreal 
2016-12-05T20:05:14.977-05:00 INFO    Executing Opernation : editFlightRecord, on Server :Montreal 
2016-12-05T20:05:15.189-05:00 INFO    Executing Opernation : editFlightRecord, on Server :Montreal 
2016-12-05T20:05:15.351-05:00 INFO    Executing Opernation : editFlightRecord, on Server :Montreal 
2016-12-05T20:05:15.503-05:00 INFO    Executing Opernation : editFlightRecord, on Server :Montreal 
2016-12-05T20:07:37.552-05:00 INFO    Replica is UP! 
2016-12-05T20:07:37.573-05:00 INFO    ReplicaFeras UDP Server Is UP! 
2016-12-05T20:07:37.938-05:00 INFO    Executing Opernation : heatBeat, on Server :Montreal 
2016-12-05T20:07:53.969-05:00 INFO    Executing Opernation : editFlightRecord, on Server :Montreal 
2016-12-05T20:07:54.146-05:00 INFO    Executing Opernation : editFlightRecord, on Server :Montreal 
2016-12-05T20:07:54.307-05:00 INFO    Executing Opernation : editFlightRecord, on Server :Montreal 
2016-12-05T20:07:54.534-05:00 INFO    Executing Opernation : editFlightRecord, on Server :Montreal 
2016-12-05T20:07:54.742-05:00 INFO    Executing Opernation : bookFlight, on Server :Montreal 
2016-12-05T20:11:29.374-05:00 INFO    Replica is UP! 
2016-12-05T20:11:29.391-05:00 INFO    ReplicaFeras UDP Server Is UP! 
2016-12-05T20:11:29.795-05:00 INFO    Executing Opernation : heatBeat, on Server :Montreal 
2016-12-05T20:12:03.657-05:00 INFO    Executing Opernation : editFlightRecord, on Server :Montreal 
2016-12-05T20:12:03.871-05:00 INFO    Executing Opernation : editFlightRecord, on Server :Montreal 
2016-12-05T20:12:03.973-05:00 INFO    Executing Opernation : editFlightRecord, on Server :Montreal 
2016-12-05T20:12:04.195-05:00 INFO    Executing Opernation : editFlightRecord, on Server :Montreal 
2016-12-05T20:12:04.403-05:00 INFO    Executing Opernation : bookFlight, on Server :Montreal 
2016-12-05T20:14:01.081-05:00 INFO    Replica is UP! 
2016-12-05T20:14:01.105-05:00 INFO    ReplicaFeras UDP Server Is UP! 
2016-12-05T20:14:01.496-05:00 INFO    Executing Opernation : heatBeat, on Server :Montreal 
2016-12-05T20:14:28.567-05:00 INFO    Executing Opernation : editFlightRecord, on Server :Montreal 
2016-12-05T20:14:28.729-05:00 INFO    Executing Opernation : editFlightRecord, on Server :Montreal 
2016-12-05T20:14:28.893-05:00 INFO    Executing Opernation : editFlightRecord, on Server :Montreal 
2016-12-05T20:14:29.098-05:00 INFO    Executing Opernation : editFlightRecord, on Server :Montreal 
2016-12-05T20:14:29.321-05:00 INFO    Executing Opernation : bookFlight, on Server :Montreal 
2016-12-05T20:22:43.732-05:00 INFO    Replica is UP! 
2016-12-05T20:22:43.759-05:00 INFO    ReplicaFeras UDP Server Is UP! 
2016-12-05T20:22:44.295-05:00 INFO    Executing Opernation : heatBeat, on Server :Montreal 
2016-12-05T20:22:48.748-05:00 INFO    Executing Opernation : editFlightRecord, on Server :Montreal 
2016-12-05T20:22:48.957-05:00 INFO    Executing Opernation : editFlightRecord, on Server :Montreal 
2016-12-05T20:22:49.129-05:00 INFO    Executing Opernation : editFlightRecord, on Server :Montreal 
2016-12-05T20:22:49.354-05:00 INFO    Executing Opernation : editFlightRecord, on Server :Montreal 
2016-12-05T20:22:49.501-05:00 INFO    Executing Opernation : bookFlight, on Server :Montreal 
2016-12-05T20:22:49.741-05:00 INFO    Executing Opernation : editFlightRecord, on Server :NewDelhi 
2016-12-05T20:22:49.932-05:00 INFO    Executing Opernation : transferReservation, on Server :Montreal 
2016-12-05T20:27:25.612-05:00 INFO    Replica is UP! 
2016-12-05T20:27:25.616-05:00 INFO    ReplicaFeras UDP Server Is UP! 
2016-12-05T20:27:25.966-05:00 INFO    Executing Opernation : heatBeat, on Server :Montreal 
2016-12-05T20:27:41.646-05:00 INFO    Executing Opernation : editFlightRecord, on Server :Montreal 
2016-12-05T20:27:41.772-05:00 INFO    Executing Opernation : editFlightRecord, on Server :Montreal 
2016-12-05T20:27:41.853-05:00 INFO    Executing Opernation : editFlightRecord, on Server :Montreal 
2016-12-05T20:27:42.027-05:00 INFO    Executing Opernation : editFlightRecord, on Server :Montreal 
2016-12-05T20:27:42.174-05:00 INFO    Executing Opernation : bookFlight, on Server :Montreal 
2016-12-05T20:27:42.377-05:00 INFO    Executing Opernation : editFlightRecord, on Server :NewDelhi 
2016-12-05T20:27:42.502-05:00 INFO    Executing Opernation : transferReservation, on Server :Montreal 
2016-12-05T20:31:31.313-05:00 INFO    Replica is UP! 
2016-12-05T20:31:31.315-05:00 INFO    ReplicaFeras UDP Server Is UP! 
2016-12-05T20:31:31.702-05:00 INFO    Executing Opernation : heatBeat, on Server :Montreal 
2016-12-05T20:31:59.436-05:00 INFO    Executing Opernation : editFlightRecord, on Server :Montreal 
2016-12-05T20:31:59.584-05:00 INFO    Executing Opernation : editFlightRecord, on Server :Montreal 
2016-12-05T20:31:59.666-05:00 INFO    Executing Opernation : editFlightRecord, on Server :Montreal 
2016-12-05T20:31:59.894-05:00 INFO    Executing Opernation : editFlightRecord, on Server :Montreal 
2016-12-05T20:32:00.048-05:00 INFO    Executing Opernation : bookFlight, on Server :Montreal 
2016-12-05T20:32:00.249-05:00 INFO    Executing Opernation : editFlightRecord, on Server :NewDelhi 
2016-12-05T20:32:00.465-05:00 INFO    Executing Opernation : transferReservation, on Server :Montreal 
2016-12-05T20:38:43.479-05:00 INFO    Replica is UP! 
2016-12-05T20:38:43.482-05:00 INFO    ReplicaFeras UDP Server Is UP! 
2016-12-05T20:38:43.780-05:00 INFO    Executing Opernation : heatBeat, on Server :Montreal 
2016-12-05T20:39:35.193-05:00 INFO    Executing Opernation : editFlightRecord, on Server :Montreal 
2016-12-05T20:39:35.338-05:00 INFO    Executing Opernation : editFlightRecord, on Server :Montreal 
2016-12-05T20:39:35.475-05:00 INFO    Executing Opernation : editFlightRecord, on Server :Montreal 
2016-12-05T20:39:35.636-05:00 INFO    Executing Opernation : editFlightRecord, on Server :Montreal 
2016-12-05T20:39:35.788-05:00 INFO    Executing Opernation : bookFlight, on Server :Montreal 
2016-12-05T20:40:26.608-05:00 INFO    Executing Opernation : editFlightRecord, on Server :NewDelhi 
2016-12-05T20:40:26.735-05:00 INFO    Executing Opernation : transferReservation, on Server :Montreal 
2016-12-05T20:47:27.173-05:00 INFO    Replica is UP! 
2016-12-05T20:47:27.183-05:00 INFO    ReplicaFeras UDP Server Is UP! 
2016-12-05T20:47:27.540-05:00 INFO    Executing Opernation : heatBeat, on Server :Montreal 
2016-12-05T20:48:43.276-05:00 INFO    Executing Opernation : editFlightRecord, on Server :Montreal 
2016-12-05T20:48:43.518-05:00 INFO    Executing Opernation : editFlightRecord, on Server :Montreal 
2016-12-05T20:48:43.827-05:00 INFO    Executing Opernation : editFlightRecord, on Server :Montreal 
2016-12-05T20:48:44.980-05:00 INFO    Executing Opernation : editFlightRecord, on Server :Montreal 
2016-12-05T20:48:45.197-05:00 INFO    Executing Opernation : bookFlight, on Server :Montreal 
2016-12-05T20:48:45.543-05:00 INFO    Executing Opernation : editFlightRecord, on Server :NewDelhi 
2016-12-05T20:48:46.126-05:00 INFO    Executing Opernation : transferReservation, on Server :Montreal 
2016-12-05T20:56:19.858-05:00 INFO    Replica is UP! 
2016-12-05T20:56:19.869-05:00 INFO    ReplicaFeras UDP Server Is UP! 
2016-12-05T20:56:20.220-05:00 INFO    Executing Opernation : heatBeat, on Server :Montreal 
2016-12-05T20:56:37.001-05:00 INFO    Executing Opernation : editFlightRecord, on Server :Montreal 
2016-12-05T20:56:37.300-05:00 INFO    Executing Opernation : editFlightRecord, on Server :Montreal 
2016-12-05T20:56:37.471-05:00 INFO    Executing Opernation : editFlightRecord, on Server :Montreal 
2016-12-05T20:56:37.779-05:00 INFO    Executing Opernation : editFlightRecord, on Server :Montreal 
2016-12-05T20:56:38.098-05:00 INFO    Executing Opernation : bookFlight, on Server :Montreal 
2016-12-05T20:56:38.426-05:00 INFO    Executing Opernation : editFlightRecord, on Server :NewDelhi 
2016-12-05T20:56:38.659-05:00 INFO    Executing Opernation : transferReservation, on Server :Montreal 
2016-12-05T21:02:30.425-05:00 INFO    Replica is UP! 
2016-12-05T21:02:30.432-05:00 INFO    ReplicaFeras UDP Server Is UP! 
2016-12-05T21:02:30.875-05:00 INFO    Executing Opernation : heatBeat, on Server :Montreal 
2016-12-05T21:02:40.595-05:00 INFO    Executing Opernation : editFlightRecord, on Server :Montreal 
2016-12-05T21:02:40.753-05:00 INFO    Executing Opernation : editFlightRecord, on Server :Montreal 
2016-12-05T21:02:40.936-05:00 INFO    Executing Opernation : editFlightRecord, on Server :Montreal 
2016-12-05T21:02:41.114-05:00 INFO    Executing Opernation : editFlightRecord, on Server :Montreal 
2016-12-05T21:02:41.381-05:00 INFO    Executing Opernation : bookFlight, on Server :Montreal 
2016-12-05T21:02:41.770-05:00 INFO    Executing Opernation : editFlightRecord, on Server :NewDelhi 
2016-12-05T21:02:42.000-05:00 INFO    Executing Opernation : transferReservation, on Server :Montreal 
2016-12-05T21:06:56.304-05:00 INFO    Replica is UP! 
2016-12-05T21:06:56.307-05:00 INFO    ReplicaFeras UDP Server Is UP! 
2016-12-05T21:06:56.627-05:00 INFO    Executing Opernation : heatBeat, on Server :Montreal 
2016-12-05T21:07:14.326-05:00 INFO    Executing Opernation : editFlightRecord, on Server :Montreal 
2016-12-05T21:10:13.181-05:00 INFO    Executing Opernation : editFlightRecord, on Server :Montreal 
2016-12-05T21:11:54.280-05:00 INFO    Executing Opernation : editFlightRecord, on Server :Montreal 
2016-12-05T21:14:57.994-05:00 INFO    Executing Opernation : editFlightRecord, on Server :Montreal 
2016-12-05T21:15:38.559-05:00 INFO    Executing Opernation : editFlightRecord, on Server :Montreal 
2016-12-05T21:23:58.797-05:00 INFO    Replica is UP! 
2016-12-05T21:23:58.857-05:00 INFO    ReplicaFeras UDP Server Is UP! 
2016-12-05T21:23:59.372-05:00 INFO    Executing Opernation : heatBeat, on Server :Montreal 
2016-12-05T21:24:27.097-05:00 INFO    Executing Opernation : editFlightRecord, on Server :Montreal 
2016-12-05T21:38:10.853-05:00 INFO    Replica is UP! 
2016-12-05T21:38:10.878-05:00 INFO    ReplicaFeras UDP Server Is UP! 
2016-12-05T21:38:11.279-05:00 INFO    Executing Opernation : heatBeat, on Server :Montreal 
2016-12-05T21:38:49.107-05:00 INFO    Executing Opernation : editFlightRecord, on Server :Montreal 
2016-12-05T21:49:39.571-05:00 INFO    Replica is UP! 
2016-12-05T21:49:39.587-05:00 INFO    ReplicaFeras UDP Server Is UP! 
2016-12-05T21:49:40.006-05:00 INFO    Executing Opernation : heatBeat, on Server :Montreal 
2016-12-05T21:50:38.939-05:00 INFO    Executing Opernation : editFlightRecord, on Server :Montreal 
2016-12-05T22:10:06.956-05:00 INFO    Replica is UP! 
2016-12-05T22:10:07.073-05:00 INFO    ReplicaFeras UDP Server Is UP! 
2016-12-05T22:10:07.730-05:00 INFO    Executing Opernation : heatBeat, on Server :Montreal 
2016-12-05T22:10:18.115-05:00 INFO    Executing Opernation : editFlightRecord, on Server :Montreal 
2016-12-05T22:10:22.703-05:00 INFO    Executing Opernation : heatBeat, on Server :Montreal 
2016-12-05T22:10:37.704-05:00 INFO    Executing Opernation : heatBeat, on Server :Montreal 
2016-12-05T22:10:52.705-05:00 INFO    Executing Opernation : heatBeat, on Server :Montreal 
2016-12-05T22:13:49.866-05:00 INFO    Replica is UP! 
2016-12-05T22:13:49.875-05:00 INFO    ReplicaFeras UDP Server Is UP! 
2016-12-05T22:13:50.344-05:00 INFO    Executing Opernation : heatBeat, on Server :Montreal 
2016-12-05T22:13:52.063-05:00 INFO    Executing Opernation : editFlightRecord, on Server :Montreal 
2016-12-05T22:13:52.229-05:00 INFO    Executing Opernation : editFlightRecord, on Server :Montreal 
2016-12-05T22:13:52.396-05:00 INFO    Executing Opernation : editFlightRecord, on Server :Montreal 
2016-12-05T22:13:52.623-05:00 INFO    Executing Opernation : editFlightRecord, on Server :Montreal 
2016-12-05T22:13:52.832-05:00 INFO    Executing Opernation : bookFlight, on Server :Montreal 
2016-12-05T22:13:53.233-05:00 INFO    Executing Opernation : editFlightRecord, on Server :NewDelhi 
2016-12-05T22:13:53.346-05:00 INFO    Executing Opernation : transferReservation, on Server :Montreal 
2016-12-05T22:14:05.335-05:00 INFO    Executing Opernation : heatBeat, on Server :Montreal 
2016-12-05T22:14:20.337-05:00 INFO    Executing Opernation : heatBeat, on Server :Montreal 
2016-12-05T22:14:35.338-05:00 INFO    Executing Opernation : heatBeat, on Server :Montreal 
2016-12-05T22:14:50.339-05:00 INFO    Executing Opernation : heatBeat, on Server :Montreal 
2016-12-05T22:15:05.339-05:00 INFO    Executing Opernation : heatBeat, on Server :Montreal 
2016-12-05T22:15:20.341-05:00 INFO    Executing Opernation : heatBeat, on Server :Montreal 
2016-12-05T22:15:35.342-05:00 INFO    Executing Opernation : heatBeat, on Server :Montreal 
2016-12-05T22:15:50.342-05:00 INFO    Executing Opernation : heatBeat, on Server :Montreal 
2016-12-05T22:16:05.343-05:00 INFO    Executing Opernation : heatBeat, on Server :Montreal 
2016-12-05T22:16:20.343-05:00 INFO    Executing Opernation : heatBeat, on Server :Montreal 
2016-12-05T22:16:35.343-05:00 INFO    Executing Opernation : heatBeat, on Server :Montreal 
2016-12-05T22:16:50.344-05:00 INFO    Executing Opernation : heatBeat, on Server :Montreal 
2016-12-05T22:18:09.141-05:00 INFO    Replica is UP! 
2016-12-05T22:18:09.158-05:00 INFO    ReplicaFeras UDP Server Is UP! 
2016-12-05T22:18:09.765-05:00 INFO    Executing Opernation : heatBeat, on Server :Montreal 
2016-12-05T22:18:24.757-05:00 INFO    Executing Opernation : heatBeat, on Server :Montreal 
2016-12-05T22:18:39.758-05:00 INFO    Executing Opernation : heatBeat, on Server :Montreal 
2016-12-05T22:18:46.131-05:00 INFO    Executing Opernation : editFlightRecord, on Server :Montreal 
2016-12-05T22:18:46.351-05:00 INFO    Executing Opernation : editFlightRecord, on Server :Montreal 
2016-12-05T22:18:46.484-05:00 INFO    Executing Opernation : editFlightRecord, on Server :Montreal 
2016-12-05T22:18:46.625-05:00 INFO    Executing Opernation : editFlightRecord, on Server :Montreal 
2016-12-05T22:18:46.772-05:00 INFO    Executing Opernation : bookFlight, on Server :Montreal 
2016-12-05T22:18:46.945-05:00 INFO    Executing Opernation : editFlightRecord, on Server :NewDelhi 
2016-12-05T22:18:47.181-05:00 INFO    Executing Opernation : transferReservation, on Server :Montreal 
2016-12-05T22:18:54.759-05:00 INFO    Executing Opernation : heatBeat, on Server :Montreal 
2016-12-05T22:19:09.760-05:00 INFO    Executing Opernation : heatBeat, on Server :Montreal 
2016-12-05T22:19:24.761-05:00 INFO    Executing Opernation : heatBeat, on Server :Montreal 
2016-12-05T22:19:39.762-05:00 INFO    Executing Opernation : heatBeat, on Server :Montreal 
2016-12-05T22:19:54.762-05:00 INFO    Executing Opernation : heatBeat, on Server :Montreal 
2016-12-05T22:20:09.762-05:00 INFO    Executing Opernation : heatBeat, on Server :Montreal 
2016-12-05T22:20:24.764-05:00 INFO    Executing Opernation : heatBeat, on Server :Montreal 
2016-12-05T22:20:39.765-05:00 INFO    Executing Opernation : heatBeat, on Server :Montreal 
2016-12-05T22:20:54.764-05:00 INFO    Executing Opernation : heatBeat, on Server :Montreal 
2016-12-05T22:21:09.765-05:00 INFO    Executing Opernation : heatBeat, on Server :Montreal 
2016-12-05T22:21:24.766-05:00 INFO    Executing Opernation : heatBeat, on Server :Montreal 
2016-12-05T22:21:39.766-05:00 INFO    Executing Opernation : heatBeat, on Server :Montreal 
2016-12-05T22:21:54.768-05:00 INFO    Executing Opernation : heatBeat, on Server :Montreal 
2016-12-05T22:22:09.768-05:00 INFO    Executing Opernation : heatBeat, on Server :Montreal 
2016-12-05T22:22:24.768-05:00 INFO    Executing Opernation : heatBeat, on Server :Montreal 
2016-12-05T22:22:39.769-05:00 INFO    Executing Opernation : heatBeat, on Server :Montreal 
2016-12-05T22:22:54.771-05:00 INFO    Executing Opernation : heatBeat, on Server :Montreal 
2016-12-05T22:23:09.782-05:00 INFO    Executing Opernation : heatBeat, on Server :Montreal 
2016-12-05T22:23:58.669-05:00 INFO    Replica is UP! 
2016-12-05T22:23:58.683-05:00 INFO    ReplicaFeras UDP Server Is UP! 
2016-12-05T22:23:59.078-05:00 INFO    Executing Opernation : heatBeat, on Server :Montreal 
2016-12-05T22:24:05.898-05:00 INFO    Executing Opernation : editFlightRecord, on Server :Montreal 
2016-12-05T22:24:05.994-05:00 INFO    Executing Opernation : editFlightRecord, on Server :Montreal 
2016-12-05T22:24:06.143-05:00 INFO    Executing Opernation : editFlightRecord, on Server :Montreal 
2016-12-05T22:24:06.309-05:00 INFO    Executing Opernation : editFlightRecord, on Server :Montreal 
2016-12-05T22:24:06.471-05:00 INFO    Executing Opernation : bookFlight, on Server :Montreal 
2016-12-05T22:24:06.777-05:00 INFO    Executing Opernation : editFlightRecord, on Server :NewDelhi 
2016-12-05T22:24:07.001-05:00 INFO    Executing Opernation : transferReservation, on Server :Montreal 
2016-12-05T22:24:14.070-05:00 INFO    Executing Opernation : heatBeat, on Server :Montreal 
2016-12-05T22:24:29.072-05:00 INFO    Executing Opernation : heatBeat, on Server :Montreal 
2016-12-05T22:24:44.073-05:00 INFO    Executing Opernation : heatBeat, on Server :Montreal 
2016-12-05T22:24:59.073-05:00 INFO    Executing Opernation : heatBeat, on Server :Montreal 
2016-12-05T22:25:14.074-05:00 INFO    Executing Opernation : heatBeat, on Server :Montreal 
2016-12-05T22:25:29.076-05:00 INFO    Executing Opernation : heatBeat, on Server :Montreal 
2016-12-05T22:25:44.077-05:00 INFO    Executing Opernation : heatBeat, on Server :Montreal 
2016-12-05T22:25:59.077-05:00 INFO    Executing Opernation : heatBeat, on Server :Montreal 
2016-12-05T22:26:14.079-05:00 INFO    Executing Opernation : heatBeat, on Server :Montreal 
2016-12-05T22:26:29.080-05:00 INFO    Executing Opernation : heatBeat, on Server :Montreal 
2016-12-05T22:26:44.081-05:00 INFO    Executing Opernation : heatBeat, on Server :Montreal 
2016-12-05T22:26:59.082-05:00 INFO    Executing Opernation : heatBeat, on Server :Montreal 
2016-12-05T22:27:14.083-05:00 INFO    Executing Opernation : heatBeat, on Server :Montreal 
2016-12-05T22:27:29.084-05:00 INFO    Executing Opernation : heatBeat, on Server :Montreal 
2016-12-05T22:27:44.085-05:00 INFO    Executing Opernation : heatBeat, on Server :Montreal 
2016-12-05T22:27:59.086-05:00 INFO    Executing Opernation : heatBeat, on Server :Montreal 
2016-12-05T22:28:14.086-05:00 INFO    Executing Opernation : heatBeat, on Server :Montreal 
2016-12-05T22:28:29.087-05:00 INFO    Executing Opernation : heatBeat, on Server :Montreal 
2016-12-05T22:28:44.087-05:00 INFO    Executing Opernation : heatBeat, on Server :Montreal 
2016-12-05T22:28:59.089-05:00 INFO    Executing Opernation : heatBeat, on Server :Montreal 
2016-12-05T22:29:14.090-05:00 INFO    Executing Opernation : heatBeat, on Server :Montreal 
2016-12-05T22:29:29.090-05:00 INFO    Executing Opernation : heatBeat, on Server :Montreal 
2016-12-05T22:29:44.090-05:00 INFO    Executing Opernation : heatBeat, on Server :Montreal 
2016-12-05T22:29:59.091-05:00 INFO    Executing Opernation : heatBeat, on Server :Montreal 
2016-12-05T22:30:14.092-05:00 INFO    Executing Opernation : heatBeat, on Server :Montreal 
2016-12-05T22:30:29.093-05:00 INFO    Executing Opernation : heatBeat, on Server :Montreal 
2016-12-05T22:30:44.094-05:00 INFO    Executing Opernation : heatBeat, on Server :Montreal 
2016-12-05T22:30:59.095-05:00 INFO    Executing Opernation : heatBeat, on Server :Montreal 
2016-12-05T22:31:14.096-05:00 INFO    Executing Opernation : heatBeat, on Server :Montreal 
2016-12-05T22:31:29.097-05:00 INFO    Executing Opernation : heatBeat, on Server :Montreal 
2016-12-05T22:31:44.098-05:00 INFO    Executing Opernation : heatBeat, on Server :Montreal 
2016-12-05T22:31:59.099-05:00 INFO    Executing Opernation : heatBeat, on Server :Montreal 
2016-12-05T22:32:14.105-05:00 INFO    Executing Opernation : heatBeat, on Server :Montreal 
2016-12-05T22:32:29.101-05:00 INFO    Executing Opernation : heatBeat, on Server :Montreal 
2016-12-05T22:32:44.101-05:00 INFO    Executing Opernation : heatBeat, on Server :Montreal 
2016-12-05T22:32:59.102-05:00 INFO    Executing Opernation : heatBeat, on Server :Montreal 
2016-12-05T22:33:40.690-05:00 INFO    Replica is UP! 
2016-12-05T22:33:40.690-05:00 INFO    ReplicaFeras UDP Server Is UP! 
2016-12-05T22:33:41.933-05:00 INFO    Executing Opernation : heatBeat, on Server :Montreal 
2016-12-05T22:33:51.091-05:00 INFO    Replica is UP! 
2016-12-05T22:33:51.091-05:00 INFO    ReplicaFeras UDP Server Is UP! 
2016-12-05T22:33:51.404-05:00 INFO    Executing Opernation : heatBeat, on Server :Montreal 
2016-12-05T22:34:06.405-05:00 INFO    Executing Opernation : heatBeat, on Server :Montreal 
2016-12-05T22:34:14.004-05:00 INFO    Executing Opernation : editFlightRecord, on Server :Montreal 
2016-12-05T22:34:14.152-05:00 INFO    Executing Opernation : editFlightRecord, on Server :Montreal 
2016-12-05T22:34:14.281-05:00 INFO    Executing Opernation : editFlightRecord, on Server :Montreal 
2016-12-05T22:34:14.526-05:00 INFO    Executing Opernation : editFlightRecord, on Server :Montreal 
2016-12-05T22:34:14.620-05:00 INFO    Executing Opernation : bookFlight, on Server :Montreal 
2016-12-05T22:34:18.539-05:00 INFO    Executing Opernation : editFlightRecord, on Server :NewDelhi 
2016-12-05T22:34:18.791-05:00 INFO    Executing Opernation : getBookedFlightCount, on Server :Montreal 
2016-12-05T22:34:21.406-05:00 INFO    Executing Opernation : heatBeat, on Server :Montreal 
2016-12-05T22:34:36.407-05:00 INFO    Executing Opernation : heatBeat, on Server :Montreal 
2016-12-05T22:34:51.408-05:00 INFO    Executing Opernation : heatBeat, on Server :Montreal 
2016-12-05T22:35:06.409-05:00 INFO    Executing Opernation : heatBeat, on Server :Montreal 
2016-12-05T22:35:21.410-05:00 INFO    Executing Opernation : heatBeat, on Server :Montreal 
2016-12-05T22:35:36.411-05:00 INFO    Executing Opernation : heatBeat, on Server :Montreal 
2016-12-05T22:35:51.411-05:00 INFO    Executing Opernation : heatBeat, on Server :Montreal 
2016-12-05T22:36:06.413-05:00 INFO    Executing Opernation : heatBeat, on Server :Montreal 
2016-12-05T22:36:21.414-05:00 INFO    Executing Opernation : heatBeat, on Server :Montreal 
2016-12-05T22:36:36.414-05:00 INFO    Executing Opernation : heatBeat, on Server :Montreal 
2016-12-05T22:37:09.271-05:00 INFO    Replica is UP! 
2016-12-05T22:37:09.285-05:00 INFO    ReplicaFeras UDP Server Is UP! 
2016-12-05T22:37:09.667-05:00 INFO    Executing Opernation : heatBeat, on Server :Montreal 
2016-12-05T22:37:24.660-05:00 INFO    Executing Opernation : heatBeat, on Server :Montreal 
2016-12-05T22:37:28.031-05:00 INFO    Executing Opernation : editFlightRecord, on Server :Montreal 
2016-12-05T22:37:28.178-05:00 INFO    Executing Opernation : editFlightRecord, on Server :Montreal 
2016-12-05T22:37:28.369-05:00 INFO    Executing Opernation : editFlightRecord, on Server :Montreal 
2016-12-05T22:37:28.536-05:00 INFO    Executing Opernation : editFlightRecord, on Server :Montreal 
2016-12-05T22:37:28.734-05:00 INFO    Executing Opernation : bookFlight, on Server :Montreal 
2016-12-05T22:37:28.930-05:00 INFO    Executing Opernation : editFlightRecord, on Server :NewDelhi 
2016-12-05T22:37:29.106-05:00 INFO    Executing Opernation : getBookedFlightCount, on Server :Montreal 
2016-12-05T22:37:39.661-05:00 INFO    Executing Opernation : heatBeat, on Server :Montreal 
2016-12-05T22:37:54.662-05:00 INFO    Executing Opernation : heatBeat, on Server :Montreal 
2016-12-05T22:38:09.663-05:00 INFO    Executing Opernation : heatBeat, on Server :Montreal 
2016-12-05T22:38:24.664-05:00 INFO    Executing Opernation : heatBeat, on Server :Montreal 
2016-12-05T22:38:39.665-05:00 INFO    Executing Opernation : heatBeat, on Server :Montreal 
2016-12-05T22:38:54.666-05:00 INFO    Executing Opernation : heatBeat, on Server :Montreal 
2016-12-05T22:39:09.666-05:00 INFO    Executing Opernation : heatBeat, on Server :Montreal 
2016-12-05T22:39:24.668-05:00 INFO    Executing Opernation : heatBeat, on Server :Montreal 
2016-12-05T22:39:39.668-05:00 INFO    Executing Opernation : heatBeat, on Server :Montreal 
2016-12-05T22:39:54.667-05:00 INFO    Executing Opernation : heatBeat, on Server :Montreal 
2016-12-05T22:40:09.668-05:00 INFO    Executing Opernation : heatBeat, on Server :Montreal 
2016-12-05T22:40:24.670-05:00 INFO    Executing Opernation : heatBeat, on Server :Montreal 
2016-12-05T22:40:39.671-05:00 INFO    Executing Opernation : heatBeat, on Server :Montreal 
2016-12-05T22:40:54.672-05:00 INFO    Executing Opernation : heatBeat, on Server :Montreal 
2016-12-05T22:41:09.673-05:00 INFO    Executing Opernation : heatBeat, on Server :Montreal 
2016-12-05T22:41:24.673-05:00 INFO    Executing Opernation : heatBeat, on Server :Montreal 
2016-12-05T22:41:39.674-05:00 INFO    Executing Opernation : heatBeat, on Server :Montreal 
2016-12-05T22:41:54.675-05:00 INFO    Executing Opernation : heatBeat, on Server :Montreal 
2016-12-05T22:42:09.676-05:00 INFO    Executing Opernation : heatBeat, on Server :Montreal 
2016-12-05T22:42:24.677-05:00 INFO    Executing Opernation : heatBeat, on Server :Montreal 
2016-12-05T22:42:39.678-05:00 INFO    Executing Opernation : heatBeat, on Server :Montreal 
2016-12-05T22:42:54.679-05:00 INFO    Executing Opernation : heatBeat, on Server :Montreal 
2016-12-05T22:43:09.680-05:00 INFO    Executing Opernation : heatBeat, on Server :Montreal 
2016-12-05T22:43:33.394-05:00 INFO    Replica is UP! 
2016-12-05T22:43:33.394-05:00 INFO    ReplicaFeras UDP Server Is UP! 
2016-12-05T22:43:33.691-05:00 INFO    Executing Opernation : heatBeat, on Server :Montreal 
2016-12-05T22:43:48.692-05:00 INFO    Executing Opernation : heatBeat, on Server :Montreal 
2016-12-05T22:44:03.693-05:00 INFO    Executing Opernation : heatBeat, on Server :Montreal 
2016-12-05T22:44:08.278-05:00 INFO    Executing Opernation : editFlightRecord, on Server :Montreal 
2016-12-05T22:44:08.395-05:00 INFO    Executing Opernation : editFlightRecord, on Server :Montreal 
2016-12-05T22:44:08.557-05:00 INFO    Executing Opernation : editFlightRecord, on Server :Montreal 
2016-12-05T22:44:08.785-05:00 INFO    Executing Opernation : editFlightRecord, on Server :Montreal 
2016-12-05T22:44:08.947-05:00 INFO    Executing Opernation : bookFlight, on Server :Montreal 
2016-12-05T22:44:09.209-05:00 INFO    Executing Opernation : editFlightRecord, on Server :NewDelhi 
2016-12-05T22:44:09.423-05:00 INFO    Executing Opernation : getBookedFlightCount, on Server :Montreal 
2016-12-05T22:44:18.693-05:00 INFO    Executing Opernation : heatBeat, on Server :Montreal 
2016-12-05T22:44:33.694-05:00 INFO    Executing Opernation : heatBeat, on Server :Montreal 
2016-12-05T22:44:48.695-05:00 INFO    Executing Opernation : heatBeat, on Server :Montreal 
2016-12-05T22:45:03.696-05:00 INFO    Executing Opernation : heatBeat, on Server :Montreal 
2016-12-05T22:45:18.697-05:00 INFO    Executing Opernation : heatBeat, on Server :Montreal 
2016-12-05T22:45:33.697-05:00 INFO    Executing Opernation : heatBeat, on Server :Montreal 
2016-12-05T22:45:48.699-05:00 INFO    Executing Opernation : heatBeat, on Server :Montreal 
2016-12-05T22:46:03.700-05:00 INFO    Executing Opernation : heatBeat, on Server :Montreal 
2016-12-05T22:46:18.700-05:00 INFO    Executing Opernation : heatBeat, on Server :Montreal 
2016-12-05T22:46:33.701-05:00 INFO    Executing Opernation : heatBeat, on Server :Montreal 
2016-12-05T22:46:48.703-05:00 INFO    Executing Opernation : heatBeat, on Server :Montreal 
2016-12-05T22:47:03.704-05:00 INFO    Executing Opernation : heatBeat, on Server :Montreal 
2016-12-05T22:48:11.754-05:00 INFO    Replica is UP! 
2016-12-05T22:48:11.772-05:00 INFO    ReplicaFeras UDP Server Is UP! 
2016-12-05T22:48:12.161-05:00 INFO    Executing Opernation : heatBeat, on Server :Montreal 
2016-12-05T22:48:27.001-05:00 INFO    Executing Opernation : editFlightRecord, on Server :Montreal 
2016-12-05T22:48:27.162-05:00 INFO    Executing Opernation : heatBeat, on Server :Montreal 
2016-12-05T22:48:27.208-05:00 INFO    Executing Opernation : editFlightRecord, on Server :Montreal 
2016-12-05T22:48:27.355-05:00 INFO    Executing Opernation : editFlightRecord, on Server :Montreal 
2016-12-05T22:48:27.553-05:00 INFO    Executing Opernation : editFlightRecord, on Server :Montreal 
2016-12-05T22:48:27.715-05:00 INFO    Executing Opernation : bookFlight, on Server :Montreal 
2016-12-05T22:48:27.931-05:00 INFO    Executing Opernation : editFlightRecord, on Server :NewDelhi 
2016-12-05T22:48:28.211-05:00 INFO    Executing Opernation : getBookedFlightCount, on Server :Montreal 
2016-12-05T22:48:42.155-05:00 INFO    Executing Opernation : heatBeat, on Server :Montreal 
2016-12-05T22:48:57.156-05:00 INFO    Executing Opernation : heatBeat, on Server :Montreal 
2016-12-05T22:49:34.062-05:00 INFO    Replica is UP! 
2016-12-05T22:49:34.090-05:00 INFO    ReplicaFeras UDP Server Is UP! 
2016-12-05T22:49:34.475-05:00 INFO    Executing Opernation : heatBeat, on Server :Montreal 
2016-12-05T22:49:49.467-05:00 INFO    Executing Opernation : heatBeat, on Server :Montreal 
2016-12-05T22:50:04.468-05:00 INFO    Executing Opernation : heatBeat, on Server :Montreal 
2016-12-05T22:50:09.631-05:00 INFO    Executing Opernation : editFlightRecord, on Server :Montreal 
2016-12-05T22:50:09.792-05:00 INFO    Executing Opernation : editFlightRecord, on Server :Montreal 
2016-12-05T22:50:10.005-05:00 INFO    Executing Opernation : editFlightRecord, on Server :Montreal 
2016-12-05T22:50:10.169-05:00 INFO    Executing Opernation : editFlightRecord, on Server :Montreal 
2016-12-05T22:50:10.396-05:00 INFO    Executing Opernation : bookFlight, on Server :Montreal 
2016-12-05T22:50:10.556-05:00 INFO    Executing Opernation : editFlightRecord, on Server :NewDelhi 
2016-12-05T22:50:10.751-05:00 INFO    Executing Opernation : getBookedFlightCount, on Server :Montreal 
2016-12-05T22:50:11.114-05:00 INFO    Executing Opernation : transferReservation, on Server :Montreal 
2016-12-05T22:50:19.469-05:00 INFO    Executing Opernation : heatBeat, on Server :Montreal 
2016-12-05T22:50:34.469-05:00 INFO    Executing Opernation : heatBeat, on Server :Montreal 
2016-12-05T22:50:49.470-05:00 INFO    Executing Opernation : heatBeat, on Server :Montreal 
2016-12-05T22:51:04.471-05:00 INFO    Executing Opernation : heatBeat, on Server :Montreal 
2016-12-05T22:51:19.472-05:00 INFO    Executing Opernation : heatBeat, on Server :Montreal 
2016-12-05T22:51:34.472-05:00 INFO    Executing Opernation : heatBeat, on Server :Montreal 
2016-12-05T22:51:49.474-05:00 INFO    Executing Opernation : heatBeat, on Server :Montreal 
2016-12-05T22:52:04.475-05:00 INFO    Executing Opernation : heatBeat, on Server :Montreal 
2016-12-05T22:52:19.475-05:00 INFO    Executing Opernation : heatBeat, on Server :Montreal 
2016-12-05T22:52:34.477-05:00 INFO    Executing Opernation : heatBeat, on Server :Montreal 
2016-12-05T22:52:49.478-05:00 INFO    Executing Opernation : heatBeat, on Server :Montreal 
2016-12-05T22:53:04.479-05:00 INFO    Executing Opernation : heatBeat, on Server :Montreal 
2016-12-05T22:53:19.480-05:00 INFO    Executing Opernation : heatBeat, on Server :Montreal 
2016-12-05T22:53:34.480-05:00 INFO    Executing Opernation : heatBeat, on Server :Montreal 
2016-12-05T22:53:49.482-05:00 INFO    Executing Opernation : heatBeat, on Server :Montreal 
2016-12-05T22:54:04.482-05:00 INFO    Executing Opernation : heatBeat, on Server :Montreal 
2016-12-05T22:54:19.483-05:00 INFO    Executing Opernation : heatBeat, on Server :Montreal 
2016-12-05T22:59:33.441-05:00 INFO    Replica is UP! 
2016-12-05T22:59:33.457-05:00 INFO    ReplicaFeras UDP Server Is UP! 
2016-12-05T22:59:33.867-05:00 INFO    Executing Opernation : heatBeat, on Server :Montreal 
2016-12-05T22:59:41.625-05:00 INFO    Executing Opernation : editFlightRecord, on Server :Montreal 
2016-12-05T22:59:41.747-05:00 INFO    Executing Opernation : editFlightRecord, on Server :Montreal 
2016-12-05T22:59:41.906-05:00 INFO    Executing Opernation : editFlightRecord, on Server :Montreal 
2016-12-05T22:59:42.064-05:00 INFO    Executing Opernation : editFlightRecord, on Server :Montreal 
2016-12-05T22:59:42.206-05:00 INFO    Executing Opernation : bookFlight, on Server :Montreal 
2016-12-05T22:59:46.558-05:00 INFO    Executing Opernation : editFlightRecord, on Server :NewDelhi 
2016-12-05T22:59:46.700-05:00 INFO    Executing Opernation : getBookedFlightCount, on Server :Montreal 
2016-12-05T22:59:47.142-05:00 INFO    Executing Opernation : transferReservation, on Server :Montreal 
2016-12-05T22:59:48.859-05:00 INFO    Executing Opernation : heatBeat, on Server :Montreal 
2016-12-05T23:00:03.862-05:00 INFO    Executing Opernation : heatBeat, on Server :Montreal 
2016-12-05T23:00:18.861-05:00 INFO    Executing Opernation : heatBeat, on Server :Montreal 
2016-12-05T23:00:33.863-05:00 INFO    Executing Opernation : heatBeat, on Server :Montreal 
2016-12-05T23:00:48.864-05:00 INFO    Executing Opernation : heatBeat, on Server :Montreal 
2016-12-05T23:01:03.865-05:00 INFO    Executing Opernation : heatBeat, on Server :Montreal 
2016-12-05T23:01:18.866-05:00 INFO    Executing Opernation : heatBeat, on Server :Montreal 
2016-12-05T23:01:33.867-05:00 INFO    Executing Opernation : heatBeat, on Server :Montreal 
2016-12-05T23:01:48.868-05:00 INFO    Executing Opernation : heatBeat, on Server :Montreal 
2016-12-05T23:02:03.869-05:00 INFO    Executing Opernation : heatBeat, on Server :Montreal 
2016-12-05T23:02:18.869-05:00 INFO    Executing Opernation : heatBeat, on Server :Montreal 
2016-12-05T23:02:33.871-05:00 INFO    Executing Opernation : heatBeat, on Server :Montreal 
2016-12-05T23:02:48.872-05:00 INFO    Executing Opernation : heatBeat, on Server :Montreal 
2016-12-05T23:03:03.872-05:00 INFO    Executing Opernation : heatBeat, on Server :Montreal 
2016-12-05T23:03:18.874-05:00 INFO    Executing Opernation : heatBeat, on Server :Montreal 
2016-12-05T23:03:33.874-05:00 INFO    Executing Opernation : heatBeat, on Server :Montreal 
2016-12-05T23:03:48.875-05:00 INFO    Executing Opernation : heatBeat, on Server :Montreal 
2016-12-05T23:04:03.875-05:00 INFO    Executing Opernation : heatBeat, on Server :Montreal 
2016-12-05T23:04:18.875-05:00 INFO    Executing Opernation : heatBeat, on Server :Montreal 
2016-12-05T23:04:33.877-05:00 INFO    Executing Opernation : heatBeat, on Server :Montreal 
2016-12-05T23:04:48.878-05:00 INFO    Executing Opernation : heatBeat, on Server :Montreal 
