2016-12-04T18:11:29.926-05:00 INFO     Replica is UP! 
2016-12-04T18:11:29.973-05:00 INFO    ReplicaSajjad UDP Server Is UP! 
2016-12-04T18:33:21.551-05:00 INFO     Replica is UP! 
2016-12-04T18:33:21.567-05:00 INFO    ReplicaSajjad UDP Server Is UP! 
2016-12-04T18:33:21.582-05:00 SEVERE  on starting UDP Server 
2016-12-04T18:33:32.522-05:00 INFO     Replica is UP! 
2016-12-04T18:33:32.554-05:00 INFO    ReplicaSajjad UDP Server Is UP! 
2016-12-04T18:34:19.879-05:00 INFO     Replica is UP! 
2016-12-04T18:34:19.926-05:00 INFO    ReplicaSajjad UDP Server Is UP! 
2016-12-04T18:34:24.149-05:00 INFO     Replica is UP! 
2016-12-04T18:34:24.180-05:00 INFO    ReplicaSajjad UDP Server Is UP! 
2016-12-04T18:34:33.551-05:00 INFO     Replica is UP! 
2016-12-04T18:34:33.582-05:00 INFO    ReplicaSajjad UDP Server Is UP! 
2016-12-04T18:34:33.582-05:00 SEVERE  on starting UDP Server 
2016-12-04T18:35:11.936-05:00 INFO     Replica is UP! 
2016-12-04T18:35:11.967-05:00 INFO    ReplicaSajjad UDP Server Is UP! 
2016-12-04T18:35:11.967-05:00 SEVERE  on starting UDP Server 
2016-12-04T18:36:11.640-05:00 INFO     Replica is UP! 
2016-12-04T18:36:11.686-05:00 INFO    ReplicaSajjad UDP Server Is UP! 
2016-12-04T18:37:05.122-05:00 INFO     Replica is UP! 
2016-12-04T18:38:00.517-05:00 INFO    ReplicaSajjad UDP Server Is UP! 
2016-12-04T20:38:55.979-05:00 INFO    ReplicaManager is UP! 
2016-12-04T20:38:56.068-05:00 INFO    ReplicaSajjad Manager UDP Server Is UP! 
2016-12-04T20:39:55.679-05:00 INFO    ReplicaManager is UP! 
2016-12-04T20:39:55.738-05:00 INFO    ReplicaSajjad Manager UDP Server Is UP! 
2016-12-04T20:41:05.564-05:00 INFO    ReplicaManager is UP! 
2016-12-04T20:41:05.605-05:00 INFO    ReplicaSajjad Manager UDP Server Is UP! 
2016-12-04T20:45:15.669-05:00 INFO    ReplicaManager is UP! 
2016-12-04T20:45:15.722-05:00 INFO    ReplicaSajjad Manager UDP Server Is UP! 
2016-12-04T20:47:12.096-05:00 INFO    ReplicaManager is UP! 
2016-12-04T20:47:12.137-05:00 INFO    ReplicaSajjad Manager UDP Server Is UP! 
2016-12-04T20:47:56.097-05:00 INFO    ReplicaManager is UP! 
2016-12-04T20:47:56.145-05:00 INFO    ReplicaSajjad Manager UDP Server Is UP! 
2016-12-04T20:48:37.108-05:00 INFO    ReplicaManager is UP! 
2016-12-04T20:48:37.148-05:00 INFO    ReplicaSajjad Manager UDP Server Is UP! 
2016-12-04T20:48:47.291-05:00 INFO    ReplicaManager is UP! 
2016-12-04T20:48:47.329-05:00 INFO    ReplicaSajjad Manager UDP Server Is UP! 
2016-12-04T20:48:55.184-05:00 INFO    ReplicaManager is UP! 
2016-12-04T20:48:55.233-05:00 INFO    ReplicaSajjad Manager UDP Server Is UP! 
2016-12-04T20:52:15.742-05:00 INFO    ReplicaManager is UP! 
2016-12-04T20:52:15.768-05:00 INFO    ReplicaSajjad Manager UDP Server Is UP! 
2016-12-04T20:53:05.150-05:00 INFO    ReplicaManager is UP! 
2016-12-04T20:53:05.182-05:00 INFO    ReplicaSajjad Manager UDP Server Is UP! 
2016-12-04T20:55:27.190-05:00 INFO    ReplicaManager is UP! 
2016-12-04T20:55:27.232-05:00 INFO    ReplicaSajjad Manager UDP Server Is UP! 
2016-12-04T20:59:20.326-05:00 INFO    ReplicaManager is UP! 
2016-12-04T20:59:20.368-05:00 INFO    ReplicaSajjad Manager UDP Server Is UP! 
2016-12-04T21:09:44.741-05:00 INFO    ReplicaManager is UP! 
2016-12-04T21:09:44.784-05:00 INFO    ReplicaSajjad Manager UDP Server Is UP! 
2016-12-04T21:10:48.081-05:00 INFO    ReplicaManager is UP! 
2016-12-04T21:10:48.138-05:00 INFO    ReplicaSajjad Manager UDP Server Is UP! 
2016-12-04T21:18:41.449-05:00 INFO    ReplicaManager is UP! 
2016-12-04T21:18:41.486-05:00 INFO    ReplicaSajjad Manager UDP Server Is UP! 
2016-12-04T23:45:48.500-05:00 INFO    ReplicaManager is UP! 
2016-12-04T23:45:48.546-05:00 INFO    ReplicaUmer Manager UDP Server Is UP! 
2016-12-05T00:04:22.474-05:00 INFO    ReplicaManager is UP! 
2016-12-05T00:04:22.553-05:00 INFO    ReplicaSajjad Manager UDP Server Is UP! 
2016-12-05T00:04:57.650-05:00 INFO    ReplicaManager is UP! 
2016-12-05T00:04:57.676-05:00 INFO    ReplicaSajjad Manager UDP Server Is UP! 
2016-12-05T00:19:26.272-05:00 INFO    ReplicaManager is UP! 
2016-12-05T00:19:26.336-05:00 INFO    ReplicaSajjad Manager UDP Server Is UP! 
2016-12-05T00:34:53.158-05:00 INFO    ReplicaManager is UP! 
2016-12-05T00:34:53.205-05:00 INFO    ReplicaSajjad Manager UDP Server Is UP! 
2016-12-05T00:38:41.888-05:00 INFO    ReplicaManager is UP! 
2016-12-05T00:38:41.922-05:00 INFO    ReplicaSajjad Manager UDP Server Is UP! 
2016-12-05T00:44:32.838-05:00 INFO    ReplicaManager is UP! 
2016-12-05T00:44:32.878-05:00 INFO    ReplicaSajjad Manager UDP Server Is UP! 
2016-12-05T01:14:42.144-05:00 INFO    ReplicaManager is UP! 
2016-12-05T01:14:47.997-05:00 INFO    ReplicaSajjad Manager UDP Server Is UP! 
2016-12-05T01:26:05.752-05:00 INFO    ReplicaManager is UP! 
2016-12-05T01:26:05.788-05:00 INFO    ReplicaSajjad Manager UDP Server Is UP! 
2016-12-05T01:34:45.679-05:00 INFO    ReplicaManager is UP! 
2016-12-05T01:34:45.713-05:00 INFO    ReplicaSajjad Manager UDP Server Is UP! 
2016-12-05T01:40:12.059-05:00 INFO    ReplicaManager is UP! 
2016-12-05T01:40:31.985-05:00 INFO    ReplicaSajjad Manager UDP Server Is UP! 
2016-12-05T01:45:06.813-05:00 INFO    ReplicaManager is UP! 
2016-12-05T01:45:06.847-05:00 INFO    ReplicaSajjad Manager UDP Server Is UP! 
2016-12-05T01:45:30.037-05:00 INFO    ReplicaManager is UP! 
2016-12-05T01:45:30.096-05:00 INFO    ReplicaSajjad Manager UDP Server Is UP! 
2016-12-05T01:49:13.003-05:00 INFO    ReplicaManager is UP! 
2016-12-05T01:49:13.064-05:00 INFO    ReplicaSajjad Manager UDP Server Is UP! 
2016-12-05T01:50:00.913-05:00 INFO    ReplicaManager is UP! 
2016-12-05T01:50:00.948-05:00 INFO    ReplicaSajjad Manager UDP Server Is UP! 
2016-12-05T01:52:35.554-05:00 INFO    ReplicaManager is UP! 
2016-12-05T01:52:35.618-05:00 INFO    ReplicaSajjad Manager UDP Server Is UP! 
2016-12-05T01:52:53.443-05:00 INFO    ReplicaManager is UP! 
2016-12-05T01:52:53.478-05:00 INFO    ReplicaSajjad Manager UDP Server Is UP! 
2016-12-05T01:54:03.577-05:00 INFO    ReplicaManager is UP! 
2016-12-05T01:54:03.613-05:00 INFO    ReplicaSajjad Manager UDP Server Is UP! 
2016-12-05T01:56:46.740-05:00 INFO    ReplicaManager is UP! 
2016-12-05T01:56:46.771-05:00 INFO    ReplicaSajjad Manager UDP Server Is UP! 
2016-12-05T01:58:22.800-05:00 INFO    ReplicaManager is UP! 
2016-12-05T01:58:22.833-05:00 INFO    ReplicaSajjad Manager UDP Server Is UP! 
2016-12-05T02:02:10.387-05:00 INFO    ReplicaManager is UP! 
2016-12-05T02:02:10.420-05:00 INFO    ReplicaSajjad Manager UDP Server Is UP! 
2016-12-05T02:03:10.005-05:00 INFO    ReplicaManager is UP! 
2016-12-05T02:03:10.046-05:00 INFO    ReplicaSajjad Manager UDP Server Is UP! 
2016-12-05T02:04:37.511-05:00 INFO    ReplicaManager is UP! 
2016-12-05T02:04:37.561-05:00 INFO    ReplicaSajjad Manager UDP Server Is UP! 
2016-12-05T02:10:32.365-05:00 INFO    ReplicaManager is UP! 
2016-12-05T02:10:32.400-05:00 INFO    ReplicaSajjad Manager UDP Server Is UP! 
2016-12-05T02:14:03.091-05:00 INFO    ReplicaManager is UP! 
2016-12-05T02:14:03.142-05:00 INFO    ReplicaSajjad Manager UDP Server Is UP! 
2016-12-05T02:19:34.678-05:00 INFO    ReplicaManager is UP! 
2016-12-05T02:19:34.713-05:00 INFO    ReplicaSajjad Manager UDP Server Is UP! 
2016-12-05T02:21:36.758-05:00 INFO    ReplicaManager is UP! 
2016-12-05T02:21:36.793-05:00 INFO    ReplicaSajjad Manager UDP Server Is UP! 
2016-12-05T02:22:47.312-05:00 INFO    ReplicaManager is UP! 
2016-12-05T02:22:47.368-05:00 INFO    ReplicaSajjad Manager UDP Server Is UP! 
2016-12-05T02:27:11.182-05:00 INFO    ReplicaManager is UP! 
2016-12-05T02:27:11.215-05:00 INFO    ReplicaSajjad Manager UDP Server Is UP! 
2016-12-05T02:28:29.662-05:00 INFO    ReplicaManager is UP! 
2016-12-05T02:28:29.695-05:00 INFO    ReplicaSajjad Manager UDP Server Is UP! 
2016-12-05T11:11:24.048-05:00 INFO    ReplicaManager is UP! 
2016-12-05T11:11:24.157-05:00 INFO    ReplicaSajjad Manager UDP Server Is UP! 
2016-12-05T11:13:13.509-05:00 INFO    ReplicaManager is UP! 
2016-12-05T11:13:13.541-05:00 INFO    ReplicaSajjad Manager UDP Server Is UP! 
2016-12-05T11:15:23.306-05:00 INFO    ReplicaManager is UP! 
2016-12-05T11:15:23.443-05:00 INFO    ReplicaSajjad Manager UDP Server Is UP! 
2016-12-05T11:18:43.404-05:00 INFO    ReplicaManager is UP! 
2016-12-05T11:18:43.453-05:00 INFO    ReplicaSajjad Manager UDP Server Is UP! 
2016-12-05T11:23:30.495-05:00 INFO    ReplicaManager is UP! 
2016-12-05T11:23:30.546-05:00 INFO    ReplicaSajjad Manager UDP Server Is UP! 
2016-12-05T11:31:50.032-05:00 INFO    ReplicaManager is UP! 
2016-12-05T11:31:50.312-05:00 INFO    ReplicaSajjad Manager UDP Server Is UP! 
2016-12-05T11:32:02.461-05:00 INFO    ReplicaManager is UP! 
2016-12-05T11:32:02.504-05:00 INFO    ReplicaSajjad Manager UDP Server Is UP! 
2016-12-05T11:34:26.320-05:00 INFO    ReplicaManager is UP! 
2016-12-05T11:34:26.364-05:00 INFO    ReplicaSajjad Manager UDP Server Is UP! 
2016-12-05T11:35:42.787-05:00 INFO    ReplicaManager is UP! 
2016-12-05T11:35:42.833-05:00 INFO    ReplicaSajjad Manager UDP Server Is UP! 
2016-12-05T11:36:34.083-05:00 INFO    ReplicaManager is UP! 
2016-12-05T11:36:34.127-05:00 INFO    ReplicaSajjad Manager UDP Server Is UP! 
2016-12-05T11:37:21.983-05:00 INFO    ReplicaManager is UP! 
2016-12-05T11:37:22.030-05:00 INFO    ReplicaSajjad Manager UDP Server Is UP! 
2016-12-05T11:37:50.982-05:00 INFO    ReplicaManager is UP! 
2016-12-05T11:37:51.032-05:00 INFO    ReplicaSajjad Manager UDP Server Is UP! 
2016-12-05T11:59:28.463-05:00 INFO    ReplicaManager is UP! 
2016-12-05T11:59:28.514-05:00 INFO    ReplicaSajjad Manager UDP Server Is UP! 
2016-12-05T12:00:34.813-05:00 INFO    ReplicaManager is UP! 
2016-12-05T12:00:34.855-05:00 INFO    ReplicaSajjad Manager UDP Server Is UP! 
2016-12-05T12:03:48.481-05:00 INFO    ReplicaManager is UP! 
2016-12-05T12:03:48.556-05:00 INFO    ReplicaSajjad Manager UDP Server Is UP! 
2016-12-05T12:09:34.146-05:00 INFO    ReplicaManager is UP! 
2016-12-05T12:09:34.197-05:00 INFO    ReplicaSajjad Manager UDP Server Is UP! 
2016-12-05T12:09:47.130-05:00 INFO    ReplicaManager is UP! 
2016-12-05T12:09:47.177-05:00 INFO    ReplicaSajjad Manager UDP Server Is UP! 
2016-12-05T12:09:51.340-05:00 INFO    ReplicaManager is UP! 
2016-12-05T12:09:51.387-05:00 INFO    ReplicaSajjad Manager UDP Server Is UP! 
2016-12-05T12:11:23.765-05:00 INFO    ReplicaManager is UP! 
2016-12-05T12:11:23.827-05:00 INFO    ReplicaSajjad Manager UDP Server Is UP! 
2016-12-05T12:20:33.159-05:00 INFO    ReplicaManager is UP! 
2016-12-05T12:20:33.244-05:00 INFO    ReplicaSajjad Manager UDP Server Is UP! 
2016-12-05T12:31:05.605-05:00 INFO    ReplicaManager is UP! 
2016-12-05T12:31:05.690-05:00 INFO    ReplicaSajjad Manager UDP Server Is UP! 
2016-12-05T13:11:42.575-05:00 INFO    ReplicaManager is UP! 
2016-12-05T13:11:42.637-05:00 INFO    ReplicaSajjad Manager UDP Server Is UP! 
2016-12-05T13:11:56.388-05:00 INFO    ReplicaManager is UP! 
2016-12-05T13:11:56.439-05:00 INFO    ReplicaSajjad Manager UDP Server Is UP! 
2016-12-05T13:15:31.676-05:00 INFO    ReplicaManager is UP! 
2016-12-05T13:15:31.727-05:00 INFO    ReplicaSajjad Manager UDP Server Is UP! 
2016-12-05T13:18:16.085-05:00 INFO    ReplicaManager is UP! 
2016-12-05T13:18:16.133-05:00 INFO    ReplicaSajjad Manager UDP Server Is UP! 
2016-12-05T13:20:14.634-05:00 INFO    ReplicaManager is UP! 
2016-12-05T13:20:14.678-05:00 INFO    ReplicaSajjad Manager UDP Server Is UP! 
2016-12-05T13:20:47.068-05:00 INFO    ReplicaManager is UP! 
2016-12-05T13:20:47.131-05:00 INFO    ReplicaSajjad Manager UDP Server Is UP! 
2016-12-05T14:43:05.559-05:00 INFO    ReplicaManager is UP! 
2016-12-05T14:43:05.609-05:00 INFO    ReplicaSajjad Manager UDP Server Is UP! 
2016-12-05T14:43:59.998-05:00 INFO    ReplicaManager is UP! 
2016-12-05T14:44:00.068-05:00 INFO    ReplicaSajjad Manager UDP Server Is UP! 
2016-12-05T14:47:54.105-05:00 INFO    ReplicaManager is UP! 
2016-12-05T14:47:54.149-05:00 INFO    ReplicaSajjad Manager UDP Server Is UP! 
2016-12-05T14:48:17.907-05:00 INFO    ReplicaManager is UP! 
2016-12-05T14:48:17.957-05:00 INFO    ReplicaSajjad Manager UDP Server Is UP! 
2016-12-05T14:58:26.627-05:00 INFO    ReplicaManager is UP! 
2016-12-05T14:58:26.700-05:00 INFO    ReplicaSajjad Manager UDP Server Is UP! 
2016-12-05T15:05:11.391-05:00 INFO    ReplicaManager is UP! 
2016-12-05T15:05:11.521-05:00 INFO    ReplicaSajjad Manager UDP Server Is UP! 
2016-12-05T15:10:43.759-05:00 INFO    ReplicaManager is UP! 
2016-12-05T15:10:43.831-05:00 INFO    ReplicaSajjad Manager UDP Server Is UP! 
2016-12-05T16:08:16.315-05:00 INFO    ReplicaManager is UP! 
2016-12-05T16:08:16.377-05:00 INFO    ReplicaSajjad Manager UDP Server Is UP! 
2016-12-05T16:08:41.991-05:00 INFO    ReplicaManager is UP! 
2016-12-05T16:08:42.037-05:00 INFO    ReplicaSajjad Manager UDP Server Is UP! 
2016-12-05T18:01:56.905-05:00 INFO    ReplicaManager is UP! 
2016-12-05T18:01:56.972-05:00 INFO    ReplicaUlan Manager UDP Server Is UP! 
2016-12-05T18:18:52.266-05:00 INFO    ReplicaManager is UP! 
2016-12-05T18:18:52.316-05:00 INFO    ReplicaUlan Manager UDP Server Is UP! 
2016-12-05T18:24:38.936-05:00 INFO    ReplicaManager is UP! 
2016-12-05T18:24:38.978-05:00 INFO    ReplicaUlan Manager UDP Server Is UP! 
2016-12-05T18:34:29.743-05:00 INFO    ReplicaManager is UP! 
2016-12-05T18:34:29.801-05:00 INFO    ReplicaUlan Manager UDP Server Is UP! 
2016-12-05T18:38:54.171-05:00 INFO    ReplicaManager is UP! 
2016-12-05T18:38:54.215-05:00 INFO    ReplicaUlan Manager UDP Server Is UP! 
2016-12-05T18:46:34.563-05:00 INFO    ReplicaManager is UP! 
2016-12-05T18:46:34.603-05:00 INFO    ReplicaUlan Manager UDP Server Is UP! 
2016-12-05T19:02:47.158-05:00 INFO    ReplicaManager is UP! 
2016-12-05T19:02:47.235-05:00 INFO    ReplicaUlan Manager UDP Server Is UP! 
2016-12-05T19:09:29.623-05:00 INFO    ReplicaManager is UP! 
2016-12-05T19:09:29.685-05:00 INFO    ReplicaUlan Manager UDP Server Is UP! 
2016-12-05T19:13:54.590-05:00 INFO    ReplicaManager is UP! 
2016-12-05T19:13:54.634-05:00 INFO    ReplicaUlan Manager UDP Server Is UP! 
2016-12-05T19:30:55.893-05:00 INFO    ReplicaManager is UP! 
2016-12-05T19:30:55.937-05:00 INFO    ReplicaUlan Manager UDP Server Is UP! 
2016-12-05T19:41:51.258-05:00 INFO    ReplicaManager is UP! 
2016-12-05T19:41:51.321-05:00 INFO    ReplicaUlan Manager UDP Server Is UP! 
2016-12-05T19:50:28.813-05:00 INFO    ReplicaManager is UP! 
2016-12-05T19:50:28.856-05:00 INFO    ReplicaUlan Manager UDP Server Is UP! 
2016-12-05T19:52:41.202-05:00 INFO    ReplicaManager is UP! 
2016-12-05T19:52:41.245-05:00 INFO    ReplicaUlan Manager UDP Server Is UP! 
2016-12-05T19:58:34.125-05:00 INFO    ReplicaManager is UP! 
2016-12-05T19:58:34.172-05:00 INFO    ReplicaUlan Manager UDP Server Is UP! 
2016-12-05T20:04:58.124-05:00 INFO    ReplicaManager is UP! 
2016-12-05T20:04:58.167-05:00 INFO    ReplicaUlan Manager UDP Server Is UP! 
2016-12-05T20:07:34.144-05:00 INFO    ReplicaManager is UP! 
2016-12-05T20:07:34.188-05:00 INFO    ReplicaUlan Manager UDP Server Is UP! 
2016-12-05T20:11:19.515-05:00 INFO    ReplicaManager is UP! 
2016-12-05T20:11:19.559-05:00 INFO    ReplicaUlan Manager UDP Server Is UP! 
2016-12-05T20:13:58.496-05:00 INFO    ReplicaManager is UP! 
2016-12-05T20:13:58.537-05:00 INFO    ReplicaUlan Manager UDP Server Is UP! 
2016-12-05T20:22:39.886-05:00 INFO    ReplicaManager is UP! 
2016-12-05T20:22:39.935-05:00 INFO    ReplicaUlan Manager UDP Server Is UP! 
2016-12-05T20:27:28.068-05:00 INFO    ReplicaManager is UP! 
2016-12-05T20:27:28.111-05:00 INFO    ReplicaUlan Manager UDP Server Is UP! 
2016-12-05T20:31:45.886-05:00 INFO    ReplicaManager is UP! 
2016-12-05T20:31:45.928-05:00 INFO    ReplicaUlan Manager UDP Server Is UP! 
2016-12-05T20:39:10.066-05:00 INFO    ReplicaManager is UP! 
2016-12-05T20:39:10.107-05:00 INFO    ReplicaUlan Manager UDP Server Is UP! 
2016-12-05T20:47:42.888-05:00 INFO    ReplicaManager is UP! 
2016-12-05T20:47:42.954-05:00 INFO    ReplicaUlan Manager UDP Server Is UP! 
2016-12-05T20:56:24.913-05:00 INFO    ReplicaManager is UP! 
2016-12-05T20:56:24.956-05:00 INFO    ReplicaUlan Manager UDP Server Is UP! 
2016-12-05T21:02:32.305-05:00 INFO    ReplicaManager is UP! 
2016-12-05T21:02:32.366-05:00 INFO    ReplicaUlan Manager UDP Server Is UP! 
2016-12-05T21:06:59.296-05:00 INFO    ReplicaManager is UP! 
2016-12-05T21:06:59.344-05:00 INFO    ReplicaUlan Manager UDP Server Is UP! 
2016-12-05T21:17:31.654-05:00 INFO    ReplicaManager is UP! 
2016-12-05T21:17:31.719-05:00 INFO    ReplicaUlan Manager UDP Server Is UP! 
2016-12-05T21:37:57.078-05:00 INFO    ReplicaManager is UP! 
2016-12-05T21:37:57.160-05:00 INFO    ReplicaUlan Manager UDP Server Is UP! 
2016-12-05T21:48:12.140-05:00 INFO    ReplicaManager is UP! 
2016-12-05T21:48:12.210-05:00 INFO    ReplicaUlan Manager UDP Server Is UP! 
2016-12-05T21:48:50.281-05:00 INFO    ReplicaManager is UP! 
2016-12-05T21:48:50.322-05:00 INFO    ReplicaUlan Manager UDP Server Is UP! 
2016-12-05T21:49:13.400-05:00 INFO    ReplicaManager is UP! 
2016-12-05T21:49:13.444-05:00 INFO    ReplicaUlan Manager UDP Server Is UP! 
2016-12-05T22:09:59.394-05:00 INFO    ReplicaManager is UP! 
2016-12-05T22:09:59.472-05:00 INFO    ReplicaUlan Manager UDP Server Is UP! 
2016-12-05T22:13:45.123-05:00 INFO    ReplicaManager is UP! 
2016-12-05T22:13:45.170-05:00 INFO    ReplicaUlan Manager UDP Server Is UP! 
2016-12-05T22:17:59.019-05:00 INFO    ReplicaManager is UP! 
2016-12-05T22:17:59.066-05:00 INFO    ReplicaUlan Manager UDP Server Is UP! 
2016-12-05T22:23:40.601-05:00 INFO    ReplicaManager is UP! 
2016-12-05T22:23:40.632-05:00 INFO    ReplicaUlan Manager UDP Server Is UP! 
2016-12-05T22:33:57.341-05:00 INFO    ReplicaManager is UP! 
2016-12-05T22:33:57.404-05:00 INFO    ReplicaUlan Manager UDP Server Is UP! 
2016-12-05T22:37:03.834-05:00 INFO    ReplicaManager is UP! 
2016-12-05T22:37:03.881-05:00 INFO    ReplicaUlan Manager UDP Server Is UP! 
2016-12-05T22:43:35.642-05:00 INFO    ReplicaManager is UP! 
2016-12-05T22:43:35.689-05:00 INFO    ReplicaUlan Manager UDP Server Is UP! 
2016-12-05T22:47:59.685-05:00 INFO    ReplicaManager is UP! 
2016-12-05T22:47:59.732-05:00 INFO    ReplicaUlan Manager UDP Server Is UP! 
2016-12-05T22:49:30.224-05:00 INFO    ReplicaManager is UP! 
2016-12-05T22:49:30.271-05:00 INFO    ReplicaUlan Manager UDP Server Is UP! 
2016-12-05T22:58:55.410-05:00 INFO    ReplicaManager is UP! 
2016-12-05T22:58:55.441-05:00 INFO    ReplicaUlan Manager UDP Server Is UP! 
2016-12-05T22:59:28.649-05:00 INFO    ReplicaManager is UP! 
2016-12-05T22:59:28.696-05:00 INFO    ReplicaUlan Manager UDP Server Is UP! 
