2016-12-05T00:46:25.137-05:00 INFO    Client strat Initiated. 
2016-12-05T00:48:25.219-05:00 INFO    createFlight(seatsInFirstClass:20, seatsInBusinessClass:7, seatsInEconomyClass:100, flightDate:2016/12/05, flightTime:13;00, destinaition:NewDelhi). 
2016-12-05T00:48:26.253-05:00 SEVERE  an exception was thrown 
2016-12-05T00:50:57.350-05:00 INFO    Client strat Initiated. 
2016-12-05T00:51:10.375-05:00 INFO    Client strat Initiated. 
2016-12-05T00:53:21.791-05:00 INFO    createFlight(seatsInFirstClass:10, seatsInBusinessClass:10, seatsInEconomyClass:10, flightDate:2016/12/05, flightTime:13;00, destinaition:NewDelhi). 
2016-12-05T00:54:26.119-05:00 SEVERE  an exception was thrown 
2016-12-05T00:58:58.157-05:00 INFO    Client strat Initiated. 
2016-12-05T00:59:18.649-05:00 INFO    createFlight(seatsInFirstClass:20, seatsInBusinessClass:20, seatsInEconomyClass:20, flightDate:2016/12/05, flightTime:13;00, destinaition:NewDelhi). 
2016-12-05T00:59:19.832-05:00 INFO    X 
2016-12-05T14:00:33.418-05:00 INFO    Client strat Initiated. 
2016-12-05T14:01:26.605-05:00 INFO    Client strat Initiated. 
2016-12-05T14:02:24.123-05:00 INFO    createFlight(seatsInFirstClass:10, seatsInBusinessClass:10, seatsInEconomyClass:10, flightDate:2016/12/12, flightTime:12;12, destinaition:Washington). 
2016-12-05T14:08:01.104-05:00 SEVERE  an exception was thrown 
2016-12-05T14:20:00.175-05:00 INFO    Client strat Initiated. 
2016-12-05T14:20:31.655-05:00 INFO    editFlightRecord(recordID:1, fieldName:flightDate, newValue:2016/12/13). 
2016-12-05T14:22:48.490-05:00 SEVERE  an exception was thrown 
2016-12-05T14:23:04.476-05:00 INFO    Client strat Initiated. 
2016-12-05T14:23:18.543-05:00 INFO    Getting BookedFlightCount for Class Economy.... 
2016-12-05T14:25:22.747-05:00 SEVERE  an exception was thrown 
2016-12-05T14:31:20.661-05:00 INFO    Client strat Initiated. 
2016-12-05T14:31:46.931-05:00 INFO    transferFlight(passengerID:1, currentCity:Washington, otherCity:NewDelhi) 
2016-12-05T14:35:21.140-05:00 SEVERE  an exception was thrown 
2016-12-05T16:02:23.447-05:00 INFO    Client strat Initiated. 
2016-12-05T16:03:57.365-05:00 SEVERE  an exception was thrown 
2016-12-05T16:39:33.329-05:00 INFO    Client strat Initiated. 
2016-12-05T16:39:51.310-05:00 SEVERE  an exception was thrown 
2016-12-05T16:40:07.298-05:00 INFO    Client strat Initiated. 
2016-12-05T16:42:25.256-05:00 INFO    editFlightRecord(recordID:1, fieldName:flightDate, newValue:2016/12/13). 
2016-12-05T16:46:19.778-05:00 SEVERE  an exception was thrown 
2016-12-05T16:46:54.114-05:00 INFO    Client strat Initiated. 
2016-12-05T16:47:54.168-05:00 INFO    Client strat Initiated. 
2016-12-05T16:50:24.101-05:00 SEVERE  an exception was thrown 
2016-12-05T16:50:41.623-05:00 INFO    Client strat Initiated. 
2016-12-05T16:52:34.056-05:00 SEVERE  an exception was thrown 
2016-12-05T16:53:00.853-05:00 INFO    Client strat Initiated. 
2016-12-05T16:53:27.760-05:00 SEVERE  an exception was thrown 
2016-12-05T16:54:34.334-05:00 INFO    Client strat Initiated. 
2016-12-05T16:55:13.968-05:00 INFO    editFlightRecord(recordID:1, fieldName:destinaition, newValue:Washington). 
2016-12-05T16:57:35.632-05:00 SEVERE  an exception was thrown 
2016-12-05T17:01:36.442-05:00 INFO    Client strat Initiated. 
2016-12-05T17:02:38.899-05:00 INFO    createFlight(seatsInFirstClass:10, seatsInBusinessClass:10, seatsInEconomyClass:10, flightDate:2016/12/12, flightTime:12;12, destinaition:Washington). 
2016-12-05T17:03:46.904-05:00 SEVERE  an exception was thrown 
2016-12-05T17:05:14.444-05:00 INFO    editFlightRecord(recordID:10, fieldName:flightTime, newValue:13;12). 
2016-12-05T17:05:15.479-05:00 SEVERE  an exception was thrown 
2016-12-05T17:05:33.487-05:00 INFO    Client strat Initiated. 
2016-12-05T17:05:58.587-05:00 INFO    createFlight(seatsInFirstClass:10, seatsInBusinessClass:10, seatsInEconomyClass:10, flightDate:2016/12/12, flightTime:13;13, destinaition:Washington). 
2016-12-05T17:07:03.159-05:00 SEVERE  an exception was thrown 
2016-12-05T17:07:28.966-05:00 INFO    Client strat Initiated. 
2016-12-05T17:08:06.637-05:00 INFO    editFlightRecord(recordID:10, fieldName:flightTime, newValue:12;12). 
2016-12-05T17:08:57.949-05:00 SEVERE  an exception was thrown 
2016-12-05T17:09:25.465-05:00 INFO    Client strat Initiated. 
2016-12-05T17:12:58.569-05:00 SEVERE  an exception was thrown 
2016-12-05T17:13:16.631-05:00 INFO    Client strat Initiated. 
2016-12-05T17:14:23.170-05:00 SEVERE  an exception was thrown 
2016-12-05T18:02:45.730-05:00 INFO    Client strat Initiated. 
2016-12-05T18:03:29.135-05:00 INFO    createFlight(seatsInFirstClass:10, seatsInBusinessClass:10, seatsInEconomyClass:10, flightDate:2016/12/16, flightTime:13;13, destinaition:Washington). 
2016-12-05T18:03:29.698-05:00 SEVERE  an exception was thrown 
2016-12-05T18:19:27.556-05:00 INFO    Client strat Initiated. 
2016-12-05T18:20:10.675-05:00 INFO    createFlight(seatsInFirstClass:10, seatsInBusinessClass:10, seatsInEconomyClass:10, flightDate:2016/12/05, flightTime:13;13, destinaition:Washington). 
2016-12-05T18:20:10.874-05:00 INFO    true:1 
2016-12-05T18:24:57.290-05:00 INFO    Client strat Initiated. 
2016-12-05T18:25:26.085-05:00 INFO    createFlight(seatsInFirstClass:10, seatsInBusinessClass:10, seatsInEconomyClass:10, flightDate:2016/10/16, flightTime:13;13, destinaition:Washington). 
2016-12-05T18:25:26.304-05:00 INFO    true:1 
2016-12-05T18:33:20.104-05:00 INFO    Getting BookedFlightCount for Class All.... 
2016-12-05T18:33:21.164-05:00 SEVERE  an exception was thrown 
2016-12-05T18:34:48.040-05:00 INFO    Client strat Initiated. 
2016-12-05T18:35:04.263-05:00 INFO    Getting BookedFlightCount for Class All.... 
2016-12-05T18:37:23.457-05:00 SEVERE  an exception was thrown 
2016-12-05T18:39:22.329-05:00 INFO    Client strat Initiated. 
2016-12-05T18:39:35.741-05:00 INFO    Getting BookedFlightCount for Class All.... 
2016-12-05T18:46:45.950-05:00 INFO    Client strat Initiated. 
2016-12-05T18:47:16.683-05:00 INFO    createFlight(seatsInFirstClass:10, seatsInBusinessClass:10, seatsInEconomyClass:10, flightDate:2016/12/12, flightTime:12;12, destinaition:Washington). 
2016-12-05T18:47:16.874-05:00 INFO    true:1 
2016-12-05T18:47:24.167-05:00 INFO    Getting BookedFlightCount for Class All.... 
2016-12-05T18:49:33.637-05:00 INFO    Client strat Initiated. 
2016-12-05T18:51:29.218-05:00 INFO    Client strat Initiated. 
2016-12-05T18:52:04.811-05:00 INFO    createFlight(seatsInFirstClass:5, seatsInBusinessClass:7, seatsInEconomyClass:8, flightDate:2016/12/05, flightTime:13;55, destinaition:Washington). 
2016-12-05T18:52:04.944-05:00 INFO    true:2 
2016-12-05T18:53:15.024-05:00 INFO    editFlightRecord(recordID:2, fieldName:flightDate, newValue:2016/12/06). 
2016-12-05T18:53:15.140-05:00 INFO    null:null 
2016-12-05T19:02:59.738-05:00 INFO    Client strat Initiated. 
2016-12-05T19:03:27.866-05:00 INFO    createFlight(seatsInFirstClass:20, seatsInBusinessClass:23, seatsInEconomyClass:11, flightDate:2016/12/05, flightTime:13;55, destinaition:Washington). 
2016-12-05T19:03:28.227-05:00 INFO    true:1 
2016-12-05T19:04:06.921-05:00 INFO    editFlightRecord(recordID:1, fieldName:flightDate, newValue:2016/12/03). 
2016-12-05T19:05:47.592-05:00 INFO    true:-1 
2016-12-05T19:09:09.854-05:00 INFO    Client strat Initiated. 
2016-12-05T19:10:35.151-05:00 INFO    createFlight(seatsInFirstClass:10, seatsInBusinessClass:10, seatsInEconomyClass:10, flightDate:2016/12/06, flightTime:13;13, destinaition:Washington). 
2016-12-05T19:10:35.402-05:00 INFO    true:1 
2016-12-05T19:11:09.950-05:00 INFO    editFlightRecord(recordID:1, fieldName:flightDate, newValue:2016/12/05). 
2016-12-05T19:11:10.031-05:00 INFO    true 
2016-12-05T19:13:49.142-05:00 INFO    Client strat Initiated. 
2016-12-05T19:14:39.271-05:00 INFO    createFlight(seatsInFirstClass:23, seatsInBusinessClass:23, seatsInEconomyClass:23, flightDate:2016/12/05, flightTime:13;55, destinaition:Washington). 
2016-12-05T19:14:39.467-05:00 INFO    true:1 
2016-12-05T19:15:01.158-05:00 INFO    editFlightRecord(recordID:1, fieldName:flightDate, newValue:2016/12/02). 
2016-12-05T19:15:01.284-05:00 INFO    true 
2016-12-05T19:15:40.202-05:00 INFO    Getting BookedFlightCount for Class All.... 
2016-12-05T19:16:11.244-05:00 INFO    Client strat Initiated. 
2016-12-05T19:16:57.390-05:00 INFO    bookFlight(firstName:Montreal:-1:Muhammad, lastName:Umer, address:sfsdf sdf sd, phone:4444444444, destination:Washington, date:2016/12/02, Class:Economy) 
2016-12-05T19:16:57.495-05:00 INFO    true:1 
2016-12-05T19:18:42.575-05:00 INFO    deleteFlight(flightID:1) 
2016-12-05T19:18:42.576-05:00 INFO    true 
2016-12-05T19:20:25.756-05:00 SEVERE  an exception was thrown 
