2016-12-04T18:00:13.011-05:00 INFO    Replica is UP! 
2016-12-04T18:00:13.073-05:00 INFO    ReplicaUmer UDP Server Is UP! 
2016-12-04T18:00:13.089-05:00 SEVERE  on starting UDP Server 
2016-12-04T18:00:27.240-05:00 INFO    Replica is UP! 
2016-12-04T18:00:27.271-05:00 INFO    ReplicaUmer UDP Server Is UP! 
2016-12-04T18:01:02.732-05:00 INFO    Replica is UP! 
2016-12-04T18:01:02.763-05:00 INFO    ReplicaUmer UDP Server Is UP! 
2016-12-04T18:01:12.819-05:00 INFO    Replica is UP! 
2016-12-04T18:01:12.850-05:00 INFO    ReplicaUmer UDP Server Is UP! 
2016-12-04T18:09:38.057-05:00 INFO    Replica is UP! 
2016-12-04T18:09:38.088-05:00 INFO    ReplicaSajjad UDP Server Is UP! 
2016-12-04T18:10:19.317-05:00 INFO    Replica is UP! 
2016-12-04T18:10:19.364-05:00 INFO    ReplicaSajjad UDP Server Is UP! 
2016-12-04T18:23:00.141-05:00 INFO    Replica is UP! 
2016-12-04T18:23:00.141-05:00 INFO    ReplicaSajjad UDP Server Is UP! 
2016-12-04T18:23:00.141-05:00 SEVERE  on starting UDP Server 
2016-12-04T18:33:21.582-05:00 INFO    Replica is UP! 
2016-12-04T18:33:21.582-05:00 INFO    ReplicaSajjad UDP Server Is UP! 
2016-12-04T18:33:32.554-05:00 INFO    Replica is UP! 
2016-12-04T18:33:32.554-05:00 INFO    ReplicaSajjad UDP Server Is UP! 
2016-12-04T18:33:32.554-05:00 SEVERE  on starting UDP Server 
2016-12-04T18:34:19.926-05:00 INFO    Replica is UP! 
2016-12-04T18:34:19.926-05:00 INFO    ReplicaSajjad UDP Server Is UP! 
2016-12-04T18:34:19.926-05:00 SEVERE  on starting UDP Server 
2016-12-04T18:34:24.196-05:00 INFO    Replica is UP! 
2016-12-04T18:34:24.196-05:00 INFO    ReplicaSajjad UDP Server Is UP! 
2016-12-04T18:34:24.196-05:00 SEVERE  on starting UDP Server 
2016-12-04T18:34:33.582-05:00 INFO    Replica is UP! 
2016-12-04T18:34:33.582-05:00 INFO    ReplicaSajjad UDP Server Is UP! 
2016-12-04T18:35:11.967-05:00 INFO    Replica is UP! 
2016-12-04T18:35:11.967-05:00 INFO    ReplicaSajjad UDP Server Is UP! 
2016-12-04T18:36:11.686-05:00 INFO    Replica is UP! 
2016-12-04T18:36:11.686-05:00 INFO    ReplicaSajjad UDP Server Is UP! 
2016-12-04T18:36:11.686-05:00 SEVERE  on starting UDP Server 
2016-12-04T18:37:51.489-05:00 INFO    Replica is UP! 
2016-12-04T18:38:49.442-05:00 INFO    ReplicaSajjad UDP Server Is UP! 
2016-12-04T18:38:49.444-05:00 SEVERE  on starting UDP Server 
2016-12-04T20:38:17.704-05:00 INFO    Replica is UP! 
2016-12-04T20:38:17.794-05:00 INFO    ReplicaSajjad UDP Server Is UP! 
2016-12-04T20:38:56.055-05:00 INFO    Replica is UP! 
2016-12-04T20:38:56.070-05:00 INFO    ReplicaSajjad UDP Server Is UP! 
2016-12-04T20:38:56.177-05:00 INFO    Executing Opernation : heatBeat, on Server :Montreal 
2016-12-04T20:39:11.085-05:00 INFO    Executing Opernation : heatBeat, on Server :Montreal 
2016-12-04T20:39:26.091-05:00 INFO    Executing Opernation : heatBeat, on Server :Montreal 
2016-12-04T20:39:41.091-05:00 INFO    Executing Opernation : heatBeat, on Server :Montreal 
2016-12-04T20:39:55.730-05:00 INFO    Replica is UP! 
2016-12-04T20:39:55.761-05:00 INFO    ReplicaSajjad UDP Server Is UP! 
2016-12-04T20:40:04.600-05:00 INFO    Executing Opernation : heatBeat, on Server :Montreal 
2016-12-04T20:40:04.605-05:00 INFO    Executing Opernation : heatBeat, on Server :Montreal 
2016-12-04T20:40:04.610-05:00 INFO    Executing Opernation : heatBeat, on Server :Montreal 
2016-12-04T20:40:04.615-05:00 INFO    Executing Opernation : heatBeat, on Server :Montreal 
2016-12-04T20:40:04.618-05:00 INFO    Executing Opernation : heatBeat, on Server :Montreal 
2016-12-04T20:40:04.622-05:00 INFO    Executing Opernation : heatBeat, on Server :Montreal 
2016-12-04T20:40:04.626-05:00 INFO    Executing Opernation : heatBeat, on Server :Montreal 
2016-12-04T20:40:04.629-05:00 INFO    Executing Opernation : heatBeat, on Server :Montreal 
2016-12-04T20:40:04.633-05:00 INFO    Executing Opernation : heatBeat, on Server :Montreal 
2016-12-04T20:40:04.636-05:00 INFO    Executing Opernation : heatBeat, on Server :Montreal 
2016-12-04T20:40:04.639-05:00 INFO    Executing Opernation : heatBeat, on Server :Montreal 
2016-12-04T20:40:04.643-05:00 INFO    Executing Opernation : heatBeat, on Server :Montreal 
2016-12-04T20:40:04.646-05:00 INFO    Executing Opernation : heatBeat, on Server :Montreal 
2016-12-04T20:40:04.649-05:00 INFO    Executing Opernation : heatBeat, on Server :Montreal 
2016-12-04T20:40:04.652-05:00 INFO    Executing Opernation : heatBeat, on Server :Montreal 
2016-12-04T20:40:04.655-05:00 INFO    Executing Opernation : heatBeat, on Server :Montreal 
2016-12-04T20:40:04.658-05:00 INFO    Executing Opernation : heatBeat, on Server :Montreal 
2016-12-04T20:40:04.661-05:00 INFO    Executing Opernation : heatBeat, on Server :Montreal 
2016-12-04T20:40:04.664-05:00 INFO    Executing Opernation : heatBeat, on Server :Montreal 
2016-12-04T20:40:04.667-05:00 INFO    Executing Opernation : heatBeat, on Server :Montreal 
2016-12-04T20:40:04.670-05:00 INFO    Executing Opernation : heatBeat, on Server :Montreal 
2016-12-04T20:40:04.676-05:00 INFO    Executing Opernation : heatBeat, on Server :Montreal 
2016-12-04T20:40:04.680-05:00 INFO    Executing Opernation : heatBeat, on Server :Montreal 
2016-12-04T20:40:04.683-05:00 INFO    Executing Opernation : heatBeat, on Server :Montreal 
2016-12-04T20:40:04.685-05:00 INFO    Executing Opernation : heatBeat, on Server :Montreal 
2016-12-04T20:40:04.689-05:00 INFO    Executing Opernation : heatBeat, on Server :Montreal 
2016-12-04T20:40:04.692-05:00 INFO    Executing Opernation : heatBeat, on Server :Montreal 
2016-12-04T20:40:04.695-05:00 INFO    Executing Opernation : heatBeat, on Server :Montreal 
2016-12-04T20:40:04.698-05:00 INFO    Executing Opernation : heatBeat, on Server :Montreal 
2016-12-04T20:40:10.811-05:00 INFO    Executing Opernation : heatBeat, on Server :Montreal 
2016-12-04T20:40:25.811-05:00 INFO    Executing Opernation : heatBeat, on Server :Montreal 
2016-12-04T20:40:40.810-05:00 INFO    Executing Opernation : heatBeat, on Server :Montreal 
2016-12-04T20:40:55.810-05:00 INFO    Executing Opernation : heatBeat, on Server :Montreal 
2016-12-04T20:41:05.603-05:00 INFO    Replica is UP! 
2016-12-04T20:41:05.604-05:00 INFO    ReplicaSajjad UDP Server Is UP! 
2016-12-04T20:41:05.688-05:00 INFO    Executing Opernation : heatBeat, on Server :Montreal 
2016-12-04T20:41:20.629-05:00 INFO    Executing Opernation : heatBeat, on Server :Montreal 
2016-12-04T20:41:35.629-05:00 INFO    Executing Opernation : heatBeat, on Server :Montreal 
2016-12-04T20:41:50.624-05:00 INFO    Executing Opernation : heatBeat, on Server :Montreal 
2016-12-04T20:42:05.640-05:00 INFO    Executing Opernation : heatBeat, on Server :Montreal 
2016-12-04T20:42:20.625-05:00 INFO    Executing Opernation : heatBeat, on Server :Montreal 
2016-12-04T20:42:35.630-05:00 INFO    Executing Opernation : heatBeat, on Server :Montreal 
2016-12-04T20:42:50.629-05:00 INFO    Executing Opernation : heatBeat, on Server :Montreal 
2016-12-04T20:43:05.632-05:00 INFO    Executing Opernation : heatBeat, on Server :Montreal 
2016-12-04T20:43:20.631-05:00 INFO    Executing Opernation : heatBeat, on Server :Montreal 
2016-12-04T20:43:35.628-05:00 INFO    Executing Opernation : heatBeat, on Server :Montreal 
2016-12-04T20:43:50.632-05:00 INFO    Executing Opernation : heatBeat, on Server :Montreal 
2016-12-04T20:44:05.636-05:00 INFO    Executing Opernation : heatBeat, on Server :Montreal 
2016-12-04T20:45:15.722-05:00 INFO    Replica is UP! 
2016-12-04T20:45:15.724-05:00 INFO    ReplicaSajjad UDP Server Is UP! 
2016-12-04T20:45:15.807-05:00 INFO    Executing Opernation : heatBeat, on Server :Montreal 
2016-12-04T20:45:30.793-05:00 INFO    Executing Opernation : heatBeat, on Server :Montreal 
2016-12-04T20:45:45.751-05:00 INFO    Executing Opernation : heatBeat, on Server :Montreal 
2016-12-04T20:46:00.760-05:00 INFO    Executing Opernation : heatBeat, on Server :Montreal 
2016-12-04T20:46:15.758-05:00 INFO    Executing Opernation : heatBeat, on Server :Montreal 
2016-12-04T20:46:30.756-05:00 INFO    Executing Opernation : heatBeat, on Server :Montreal 
2016-12-04T20:46:45.769-05:00 INFO    Executing Opernation : heatBeat, on Server :Montreal 
2016-12-04T20:47:00.755-05:00 INFO    Executing Opernation : heatBeat, on Server :Montreal 
2016-12-04T20:47:21.562-05:00 INFO    Replica is UP! 
2016-12-04T20:47:21.567-05:00 INFO    ReplicaSajjad UDP Server Is UP! 
2016-12-04T20:47:34.115-05:00 INFO    Executing Opernation : heatBeat, on Server :Montreal 
2016-12-04T20:47:48.989-05:00 INFO    Executing Opernation : heatBeat, on Server :Montreal 
2016-12-04T20:47:59.499-05:00 INFO    Replica is UP! 
2016-12-04T20:47:59.502-05:00 INFO    ReplicaSajjad UDP Server Is UP! 
2016-12-04T20:48:22.482-05:00 INFO    Executing Opernation : heatBeat, on Server :Montreal 
2016-12-04T20:48:37.145-05:00 INFO    Replica is UP! 
2016-12-04T20:48:37.148-05:00 INFO    ReplicaSajjad UDP Server Is UP! 
2016-12-04T20:48:37.232-05:00 INFO    Executing Opernation : heatBeat, on Server :Montreal 
2016-12-04T20:48:47.326-05:00 INFO    Replica is UP! 
2016-12-04T20:48:47.328-05:00 INFO    ReplicaSajjad UDP Server Is UP! 
2016-12-04T20:48:47.405-05:00 INFO    Executing Opernation : heatBeat, on Server :Montreal 
2016-12-04T20:48:55.231-05:00 INFO    Replica is UP! 
2016-12-04T20:48:55.233-05:00 INFO    ReplicaSajjad UDP Server Is UP! 
2016-12-04T20:49:43.307-05:00 INFO    Executing Opernation : heatBeat, on Server :Montreal 
2016-12-04T20:49:58.215-05:00 INFO    Executing Opernation : heatBeat, on Server :Montreal 
2016-12-04T20:52:15.769-05:00 INFO    Replica is UP! 
2016-12-04T20:52:15.770-05:00 INFO    ReplicaSajjad UDP Server Is UP! 
2016-12-04T20:52:16.577-05:00 INFO    Executing Opernation : heatBeat, on Server :Montreal 
2016-12-04T20:52:31.550-05:00 INFO    Executing Opernation : heatBeat, on Server :Montreal 
2016-12-04T20:53:05.182-05:00 INFO    Replica is UP! 
2016-12-04T20:53:05.184-05:00 INFO    ReplicaSajjad UDP Server Is UP! 
2016-12-04T20:53:05.589-05:00 INFO    Executing Opernation : heatBeat, on Server :Montreal 
2016-12-04T20:53:20.587-05:00 INFO    Executing Opernation : heatBeat, on Server :Montreal 
2016-12-04T20:53:35.590-05:00 INFO    Executing Opernation : heatBeat, on Server :Montreal 
2016-12-04T20:53:50.590-05:00 INFO    Executing Opernation : heatBeat, on Server :Montreal 
2016-12-04T20:54:05.592-05:00 INFO    Executing Opernation : heatBeat, on Server :Montreal 
2016-12-04T20:54:20.591-05:00 INFO    Executing Opernation : heatBeat, on Server :Montreal 
2016-12-04T20:54:35.593-05:00 INFO    Executing Opernation : heatBeat, on Server :Montreal 
2016-12-04T20:54:50.588-05:00 INFO    Executing Opernation : heatBeat, on Server :Montreal 
2016-12-04T20:55:05.593-05:00 INFO    Executing Opernation : heatBeat, on Server :Montreal 
2016-12-04T20:55:20.594-05:00 INFO    Executing Opernation : heatBeat, on Server :Montreal 
2016-12-04T20:55:27.230-05:00 INFO    Replica is UP! 
2016-12-04T20:55:52.965-05:00 INFO    ReplicaSajjad UDP Server Is UP! 
2016-12-04T20:56:11.764-05:00 INFO    Executing Opernation : heatBeat, on Server :Montreal 
2016-12-04T20:56:12.768-05:00 INFO    Executing Opernation : heatBeat, on Server :Montreal 
2016-12-04T20:56:13.283-05:00 INFO    Executing Opernation : heatBeat, on Server :Montreal 
2016-12-04T20:56:13.794-05:00 INFO    Executing Opernation : heatBeat, on Server :Montreal 
2016-12-04T20:56:14.000-05:00 INFO    Executing Opernation : heatBeat, on Server :Montreal 
2016-12-04T20:56:14.185-05:00 INFO    Executing Opernation : heatBeat, on Server :Montreal 
2016-12-04T20:56:14.367-05:00 INFO    Executing Opernation : heatBeat, on Server :Montreal 
2016-12-04T20:56:14.545-05:00 INFO    Executing Opernation : heatBeat, on Server :Montreal 
2016-12-04T20:56:14.751-05:00 INFO    Executing Opernation : heatBeat, on Server :Montreal 
2016-12-04T20:56:14.945-05:00 INFO    Executing Opernation : heatBeat, on Server :Montreal 
2016-12-04T20:56:15.112-05:00 INFO    Executing Opernation : heatBeat, on Server :Montreal 
2016-12-04T20:56:15.287-05:00 INFO    Executing Opernation : heatBeat, on Server :Montreal 
2016-12-04T20:56:15.491-05:00 INFO    Executing Opernation : heatBeat, on Server :Montreal 
2016-12-04T20:56:15.671-05:00 INFO    Executing Opernation : heatBeat, on Server :Montreal 
2016-12-04T20:56:15.841-05:00 INFO    Executing Opernation : heatBeat, on Server :Montreal 
2016-12-04T20:56:16.039-05:00 INFO    Executing Opernation : heatBeat, on Server :Montreal 
2016-12-04T20:56:16.208-05:00 INFO    Executing Opernation : heatBeat, on Server :Montreal 
2016-12-04T20:56:16.393-05:00 INFO    Executing Opernation : heatBeat, on Server :Montreal 
2016-12-04T20:56:16.574-05:00 INFO    Executing Opernation : heatBeat, on Server :Montreal 
2016-12-04T20:56:16.758-05:00 INFO    Executing Opernation : heatBeat, on Server :Montreal 
2016-12-04T20:56:16.945-05:00 INFO    Executing Opernation : heatBeat, on Server :Montreal 
2016-12-04T20:56:17.139-05:00 INFO    Executing Opernation : heatBeat, on Server :Montreal 
2016-12-04T20:56:17.303-05:00 INFO    Executing Opernation : heatBeat, on Server :Montreal 
2016-12-04T20:56:17.488-05:00 INFO    Executing Opernation : heatBeat, on Server :Montreal 
2016-12-04T20:56:17.679-05:00 INFO    Executing Opernation : heatBeat, on Server :Montreal 
2016-12-04T20:56:17.856-05:00 INFO    Executing Opernation : heatBeat, on Server :Montreal 
2016-12-04T20:56:18.051-05:00 INFO    Executing Opernation : heatBeat, on Server :Montreal 
2016-12-04T20:56:18.234-05:00 INFO    Executing Opernation : heatBeat, on Server :Montreal 
2016-12-04T20:56:18.424-05:00 INFO    Executing Opernation : heatBeat, on Server :Montreal 
2016-12-04T20:56:18.599-05:00 INFO    Executing Opernation : heatBeat, on Server :Montreal 
2016-12-04T20:56:18.782-05:00 INFO    Executing Opernation : heatBeat, on Server :Montreal 
2016-12-04T20:56:18.976-05:00 INFO    Executing Opernation : heatBeat, on Server :Montreal 
2016-12-04T20:56:19.158-05:00 INFO    Executing Opernation : heatBeat, on Server :Montreal 
2016-12-04T20:56:19.375-05:00 INFO    Executing Opernation : heatBeat, on Server :Montreal 
2016-12-04T20:56:19.551-05:00 INFO    Executing Opernation : heatBeat, on Server :Montreal 
2016-12-04T20:56:19.758-05:00 INFO    Executing Opernation : heatBeat, on Server :Montreal 
2016-12-04T20:56:19.943-05:00 INFO    Executing Opernation : heatBeat, on Server :Montreal 
2016-12-04T20:56:20.155-05:00 INFO    Executing Opernation : heatBeat, on Server :Montreal 
2016-12-04T20:56:20.318-05:00 INFO    Executing Opernation : heatBeat, on Server :Montreal 
2016-12-04T20:56:20.551-05:00 INFO    Executing Opernation : heatBeat, on Server :Montreal 
2016-12-04T20:56:20.745-05:00 INFO    Executing Opernation : heatBeat, on Server :Montreal 
2016-12-04T20:56:20.969-05:00 INFO    Executing Opernation : heatBeat, on Server :Montreal 
2016-12-04T20:56:21.168-05:00 INFO    Executing Opernation : heatBeat, on Server :Montreal 
2016-12-04T20:56:21.395-05:00 INFO    Executing Opernation : heatBeat, on Server :Montreal 
2016-12-04T20:56:21.597-05:00 INFO    Executing Opernation : heatBeat, on Server :Montreal 
2016-12-04T20:56:21.783-05:00 INFO    Executing Opernation : heatBeat, on Server :Montreal 
2016-12-04T20:56:21.959-05:00 INFO    Executing Opernation : heatBeat, on Server :Montreal 
2016-12-04T20:56:22.159-05:00 INFO    Executing Opernation : heatBeat, on Server :Montreal 
2016-12-04T20:56:22.330-05:00 INFO    Executing Opernation : heatBeat, on Server :Montreal 
2016-12-04T20:56:22.921-05:00 INFO    Executing Opernation : heatBeat, on Server :Montreal 
2016-12-04T20:56:25.199-05:00 INFO    Executing Opernation : heatBeat, on Server :Montreal 
2016-12-04T20:56:25.783-05:00 INFO    Executing Opernation : heatBeat, on Server :Montreal 
2016-12-04T20:56:26.390-05:00 INFO    Executing Opernation : heatBeat, on Server :Montreal 
2016-12-04T20:56:26.919-05:00 INFO    Executing Opernation : heatBeat, on Server :Montreal 
2016-12-04T20:56:27.103-05:00 INFO    Executing Opernation : heatBeat, on Server :Montreal 
2016-12-04T20:56:27.277-05:00 INFO    Executing Opernation : heatBeat, on Server :Montreal 
2016-12-04T20:56:27.471-05:00 INFO    Executing Opernation : heatBeat, on Server :Montreal 
2016-12-04T20:56:27.662-05:00 INFO    Executing Opernation : heatBeat, on Server :Montreal 
2016-12-04T20:56:27.847-05:00 INFO    Executing Opernation : heatBeat, on Server :Montreal 
2016-12-04T20:56:28.038-05:00 INFO    Executing Opernation : heatBeat, on Server :Montreal 
2016-12-04T20:56:28.214-05:00 INFO    Executing Opernation : heatBeat, on Server :Montreal 
2016-12-04T20:56:28.382-05:00 INFO    Executing Opernation : heatBeat, on Server :Montreal 
2016-12-04T20:56:28.567-05:00 INFO    Executing Opernation : heatBeat, on Server :Montreal 
2016-12-04T20:56:28.767-05:00 INFO    Executing Opernation : heatBeat, on Server :Montreal 
2016-12-04T20:56:28.959-05:00 INFO    Executing Opernation : heatBeat, on Server :Montreal 
2016-12-04T20:56:29.142-05:00 INFO    Executing Opernation : heatBeat, on Server :Montreal 
2016-12-04T20:56:29.327-05:00 INFO    Executing Opernation : heatBeat, on Server :Montreal 
2016-12-04T20:56:29.510-05:00 INFO    Executing Opernation : heatBeat, on Server :Montreal 
2016-12-04T20:56:29.687-05:00 INFO    Executing Opernation : heatBeat, on Server :Montreal 
2016-12-04T20:56:29.887-05:00 INFO    Executing Opernation : heatBeat, on Server :Montreal 
2016-12-04T20:56:44.383-05:00 INFO    Executing Opernation : heatBeat, on Server :Montreal 
2016-12-04T20:56:59.384-05:00 INFO    Executing Opernation : heatBeat, on Server :Montreal 
2016-12-04T20:59:20.365-05:00 INFO    Replica is UP! 
2016-12-04T20:59:20.373-05:00 INFO    ReplicaSajjad UDP Server Is UP! 
2016-12-04T20:59:43.987-05:00 INFO    Executing Opernation : heatBeat, on Server :Montreal 
2016-12-04T20:59:44.641-05:00 INFO    Executing Opernation : heatBeat, on Server :Montreal 
2016-12-04T20:59:44.817-05:00 INFO    Executing Opernation : heatBeat, on Server :Montreal 
2016-12-04T20:59:45.161-05:00 INFO    Executing Opernation : heatBeat, on Server :Montreal 
2016-12-04T20:59:45.312-05:00 INFO    Executing Opernation : heatBeat, on Server :Montreal 
2016-12-04T20:59:45.497-05:00 INFO    Executing Opernation : heatBeat, on Server :Montreal 
2016-12-04T20:59:45.681-05:00 INFO    Executing Opernation : heatBeat, on Server :Montreal 
2016-12-04T20:59:45.843-05:00 INFO    Executing Opernation : heatBeat, on Server :Montreal 
2016-12-04T20:59:55.577-05:00 INFO    Executing Opernation : heatBeat, on Server :Montreal 
2016-12-04T20:59:55.587-05:00 INFO    Executing Opernation : heatBeat, on Server :Montreal 
2016-12-04T20:59:55.592-05:00 INFO    Executing Opernation : heatBeat, on Server :Montreal 
2016-12-04T20:59:55.596-05:00 INFO    Executing Opernation : heatBeat, on Server :Montreal 
2016-12-04T20:59:55.601-05:00 INFO    Executing Opernation : heatBeat, on Server :Montreal 
2016-12-04T20:59:55.606-05:00 INFO    Executing Opernation : heatBeat, on Server :Montreal 
2016-12-04T20:59:55.610-05:00 INFO    Executing Opernation : heatBeat, on Server :Montreal 
2016-12-04T20:59:55.615-05:00 INFO    Executing Opernation : heatBeat, on Server :Montreal 
2016-12-04T20:59:55.620-05:00 INFO    Executing Opernation : heatBeat, on Server :Montreal 
2016-12-04T20:59:55.623-05:00 INFO    Executing Opernation : heatBeat, on Server :Montreal 
2016-12-04T20:59:55.627-05:00 INFO    Executing Opernation : heatBeat, on Server :Montreal 
2016-12-04T20:59:55.630-05:00 INFO    Executing Opernation : heatBeat, on Server :Montreal 
2016-12-04T20:59:55.633-05:00 INFO    Executing Opernation : heatBeat, on Server :Montreal 
2016-12-04T20:59:55.637-05:00 INFO    Executing Opernation : heatBeat, on Server :Montreal 
2016-12-04T20:59:55.642-05:00 INFO    Executing Opernation : heatBeat, on Server :Montreal 
2016-12-04T20:59:55.645-05:00 INFO    Executing Opernation : heatBeat, on Server :Montreal 
2016-12-04T20:59:55.649-05:00 INFO    Executing Opernation : heatBeat, on Server :Montreal 
2016-12-04T20:59:55.653-05:00 INFO    Executing Opernation : heatBeat, on Server :Montreal 
2016-12-04T20:59:55.658-05:00 INFO    Executing Opernation : heatBeat, on Server :Montreal 
2016-12-04T20:59:55.661-05:00 INFO    Executing Opernation : heatBeat, on Server :Montreal 
2016-12-04T20:59:55.664-05:00 INFO    Executing Opernation : heatBeat, on Server :Montreal 
2016-12-04T20:59:55.668-05:00 INFO    Executing Opernation : heatBeat, on Server :Montreal 
2016-12-04T20:59:55.671-05:00 INFO    Executing Opernation : heatBeat, on Server :Montreal 
2016-12-04T20:59:55.674-05:00 INFO    Executing Opernation : heatBeat, on Server :Montreal 
2016-12-04T20:59:55.677-05:00 INFO    Executing Opernation : heatBeat, on Server :Montreal 
2016-12-04T20:59:55.680-05:00 INFO    Executing Opernation : heatBeat, on Server :Montreal 
2016-12-04T20:59:55.683-05:00 INFO    Executing Opernation : heatBeat, on Server :Montreal 
2016-12-04T20:59:55.688-05:00 INFO    Executing Opernation : heatBeat, on Server :Montreal 
2016-12-04T20:59:55.692-05:00 INFO    Executing Opernation : heatBeat, on Server :Montreal 
2016-12-04T20:59:55.695-05:00 INFO    Executing Opernation : heatBeat, on Server :Montreal 
2016-12-04T20:59:55.698-05:00 INFO    Executing Opernation : heatBeat, on Server :Montreal 
2016-12-04T20:59:55.700-05:00 INFO    Executing Opernation : heatBeat, on Server :Montreal 
2016-12-04T20:59:55.703-05:00 INFO    Executing Opernation : heatBeat, on Server :Montreal 
2016-12-04T20:59:55.706-05:00 INFO    Executing Opernation : heatBeat, on Server :Montreal 
2016-12-04T20:59:55.708-05:00 INFO    Executing Opernation : heatBeat, on Server :Montreal 
2016-12-04T20:59:55.712-05:00 INFO    Executing Opernation : heatBeat, on Server :Montreal 
2016-12-04T20:59:55.715-05:00 INFO    Executing Opernation : heatBeat, on Server :Montreal 
2016-12-04T20:59:55.717-05:00 INFO    Executing Opernation : heatBeat, on Server :Montreal 
2016-12-04T21:00:05.789-05:00 INFO    Executing Opernation : heatBeat, on Server :Montreal 
2016-12-04T21:00:20.782-05:00 INFO    Executing Opernation : heatBeat, on Server :Montreal 
2016-12-04T21:00:35.789-05:00 INFO    Executing Opernation : heatBeat, on Server :Montreal 
2016-12-04T21:00:50.791-05:00 INFO    Executing Opernation : heatBeat, on Server :Montreal 
2016-12-04T21:01:05.785-05:00 INFO    Executing Opernation : heatBeat, on Server :Montreal 
2016-12-04T21:01:20.783-05:00 INFO    Executing Opernation : heatBeat, on Server :Montreal 
2016-12-04T21:01:35.791-05:00 INFO    Executing Opernation : heatBeat, on Server :Montreal 
2016-12-04T21:09:44.780-05:00 INFO    Replica is UP! 
2016-12-04T21:09:44.786-05:00 INFO    ReplicaSajjad UDP Server Is UP! 
2016-12-04T21:09:59.285-05:00 INFO    Executing Opernation : heatBeat, on Server :Montreal 
2016-12-04T21:10:08.849-05:00 INFO    Executing Opernation : heatBeat, on Server :Montreal 
2016-12-04T21:10:48.131-05:00 INFO    Replica is UP! 
2016-12-04T21:10:48.141-05:00 INFO    ReplicaSajjad UDP Server Is UP! 
2016-12-04T21:10:51.387-05:00 INFO    Executing Opernation : heatBeat, on Server :Montreal 
2016-12-04T21:18:41.483-05:00 INFO    Replica is UP! 
2016-12-04T21:18:41.486-05:00 INFO    ReplicaSajjad UDP Server Is UP! 
2016-12-04T21:18:41.907-05:00 INFO    Executing Opernation : heatBeat, on Server :Montreal 
2016-12-04T21:21:11.905-05:00 INFO    Executing Opernation : heatBeat, on Server :Montreal 
2016-12-04T21:23:41.904-05:00 INFO    Executing Opernation : heatBeat, on Server :Montreal 
2016-12-04T21:26:11.906-05:00 INFO    Executing Opernation : heatBeat, on Server :Montreal 
2016-12-04T21:28:41.913-05:00 INFO    Executing Opernation : heatBeat, on Server :Montreal 
2016-12-04T21:31:11.925-05:00 INFO    Executing Opernation : heatBeat, on Server :Montreal 
2016-12-04T21:33:41.932-05:00 INFO    Executing Opernation : heatBeat, on Server :Montreal 
2016-12-04T21:36:11.945-05:00 INFO    Executing Opernation : heatBeat, on Server :Montreal 
2016-12-04T21:38:41.948-05:00 INFO    Executing Opernation : heatBeat, on Server :Montreal 
2016-12-04T23:45:48.546-05:00 INFO    Replica is UP! 
2016-12-04T23:45:48.546-05:00 INFO    ReplicaUmer UDP Server Is UP! 
2016-12-04T23:45:49.987-05:00 INFO    Executing Opernation : heatBeat, on Server :Montreal 
2016-12-04T23:45:50.293-05:00 INFO    Executing Opernation : heatBeat, on Server :Montreal 
2016-12-04T23:45:50.832-05:00 INFO    Executing Opernation : heatBeat, on Server :Montreal 
2016-12-04T23:45:51.906-05:00 INFO    Executing Opernation : heatBeat, on Server :Montreal 
2016-12-04T23:46:04.978-05:00 INFO    Executing Opernation : heatBeat, on Server :Montreal 
2016-12-04T23:46:05.307-05:00 INFO    Executing Opernation : heatBeat, on Server :Montreal 
2016-12-04T23:46:05.844-05:00 INFO    Executing Opernation : heatBeat, on Server :Montreal 
2016-12-05T00:04:22.565-05:00 INFO    Replica is UP! 
2016-12-05T00:04:22.597-05:00 INFO    ReplicaSajjad UDP Server Is UP! 
2016-12-05T00:04:24.162-05:00 INFO    Executing Opernation : heatBeat, on Server :Montreal 
2016-12-05T00:04:39.116-05:00 INFO    Executing Opernation : heatBeat, on Server :Montreal 
2016-12-05T00:04:57.677-05:00 INFO    Replica is UP! 
2016-12-05T00:04:57.678-05:00 INFO    ReplicaSajjad UDP Server Is UP! 
2016-12-05T00:04:58.247-05:00 INFO    Executing Opernation : heatBeat, on Server :Montreal 
2016-12-05T00:05:13.246-05:00 INFO    Executing Opernation : heatBeat, on Server :Montreal 
2016-12-05T00:05:28.245-05:00 INFO    Executing Opernation : heatBeat, on Server :Montreal 
2016-12-05T00:19:26.323-05:00 INFO    Replica is UP! 
2016-12-05T00:19:26.332-05:00 INFO    ReplicaSajjad UDP Server Is UP! 
2016-12-05T00:19:26.801-05:00 INFO    Executing Opernation : heatBeat, on Server :Montreal 
2016-12-05T00:19:41.795-05:00 INFO    Executing Opernation : heatBeat, on Server :Montreal 
2016-12-05T00:34:53.211-05:00 INFO    Replica is UP! 
2016-12-05T00:34:53.233-05:00 INFO    ReplicaSajjad UDP Server Is UP! 
2016-12-05T00:34:53.896-05:00 INFO    Executing Opernation : heatBeat, on Server :Montreal 
2016-12-05T00:35:08.889-05:00 INFO    Executing Opernation : heatBeat, on Server :Montreal 
2016-12-05T00:35:23.890-05:00 INFO    Executing Opernation : heatBeat, on Server :Montreal 
2016-12-05T00:35:38.890-05:00 INFO    Executing Opernation : heatBeat, on Server :Montreal 
2016-12-05T00:35:53.890-05:00 INFO    Executing Opernation : heatBeat, on Server :Montreal 
2016-12-05T00:36:08.891-05:00 INFO    Executing Opernation : heatBeat, on Server :Montreal 
2016-12-05T00:36:23.891-05:00 INFO    Executing Opernation : heatBeat, on Server :Montreal 
2016-12-05T00:36:38.891-05:00 INFO    Executing Opernation : heatBeat, on Server :Montreal 
2016-12-05T00:36:53.891-05:00 INFO    Executing Opernation : heatBeat, on Server :Montreal 
2016-12-05T00:38:41.920-05:00 INFO    Replica is UP! 
2016-12-05T00:38:41.922-05:00 INFO    ReplicaSajjad UDP Server Is UP! 
2016-12-05T00:38:42.301-05:00 INFO    Executing Opernation : heatBeat, on Server :Montreal 
2016-12-05T00:38:57.296-05:00 INFO    Executing Opernation : heatBeat, on Server :Montreal 
2016-12-05T00:39:12.297-05:00 INFO    Executing Opernation : heatBeat, on Server :Montreal 
2016-12-05T00:39:27.297-05:00 INFO    Executing Opernation : heatBeat, on Server :Montreal 
2016-12-05T00:39:42.297-05:00 INFO    Executing Opernation : heatBeat, on Server :Montreal 
2016-12-05T00:39:57.298-05:00 INFO    Executing Opernation : heatBeat, on Server :Montreal 
2016-12-05T00:40:12.298-05:00 INFO    Executing Opernation : heatBeat, on Server :Montreal 
2016-12-05T00:40:27.298-05:00 INFO    Executing Opernation : heatBeat, on Server :Montreal 
2016-12-05T00:40:42.298-05:00 INFO    Executing Opernation : heatBeat, on Server :Montreal 
2016-12-05T00:40:57.299-05:00 INFO    Executing Opernation : heatBeat, on Server :Montreal 
2016-12-05T00:41:12.299-05:00 INFO    Executing Opernation : heatBeat, on Server :Montreal 
2016-12-05T00:41:27.298-05:00 INFO    Executing Opernation : heatBeat, on Server :Montreal 
2016-12-05T00:41:42.298-05:00 INFO    Executing Opernation : heatBeat, on Server :Montreal 
2016-12-05T00:41:57.298-05:00 INFO    Executing Opernation : heatBeat, on Server :Montreal 
2016-12-05T00:42:12.300-05:00 INFO    Executing Opernation : heatBeat, on Server :Montreal 
2016-12-05T00:42:27.299-05:00 INFO    Executing Opernation : heatBeat, on Server :Montreal 
2016-12-05T00:44:32.876-05:00 INFO    Replica is UP! 
2016-12-05T00:44:32.878-05:00 INFO    ReplicaSajjad UDP Server Is UP! 
2016-12-05T00:44:33.277-05:00 INFO    Executing Opernation : heatBeat, on Server :Montreal 
2016-12-05T00:44:48.272-05:00 INFO    Executing Opernation : heatBeat, on Server :Montreal 
2016-12-05T00:45:03.272-05:00 INFO    Executing Opernation : heatBeat, on Server :Montreal 
2016-12-05T00:45:18.272-05:00 INFO    Executing Opernation : heatBeat, on Server :Montreal 
2016-12-05T00:45:33.273-05:00 INFO    Executing Opernation : heatBeat, on Server :Montreal 
2016-12-05T00:45:48.273-05:00 INFO    Executing Opernation : heatBeat, on Server :Montreal 
2016-12-05T00:46:03.273-05:00 INFO    Executing Opernation : heatBeat, on Server :Montreal 
2016-12-05T00:46:18.273-05:00 INFO    Executing Opernation : heatBeat, on Server :Montreal 
2016-12-05T00:46:33.273-05:00 INFO    Executing Opernation : heatBeat, on Server :Montreal 
2016-12-05T00:46:48.273-05:00 INFO    Executing Opernation : heatBeat, on Server :Montreal 
2016-12-05T00:47:03.273-05:00 INFO    Executing Opernation : heatBeat, on Server :Montreal 
2016-12-05T00:47:18.273-05:00 INFO    Executing Opernation : heatBeat, on Server :Montreal 
2016-12-05T00:47:33.274-05:00 INFO    Executing Opernation : heatBeat, on Server :Montreal 
2016-12-05T00:47:48.274-05:00 INFO    Executing Opernation : heatBeat, on Server :Montreal 
2016-12-05T00:48:03.276-05:00 INFO    Executing Opernation : heatBeat, on Server :Montreal 
2016-12-05T00:48:18.276-05:00 INFO    Executing Opernation : heatBeat, on Server :Montreal 
2016-12-05T00:48:33.276-05:00 INFO    Executing Opernation : heatBeat, on Server :Montreal 
2016-12-05T00:48:48.277-05:00 INFO    Executing Opernation : heatBeat, on Server :Montreal 
2016-12-05T00:49:03.277-05:00 INFO    Executing Opernation : heatBeat, on Server :Montreal 
2016-12-05T00:49:18.277-05:00 INFO    Executing Opernation : heatBeat, on Server :Montreal 
2016-12-05T00:49:33.277-05:00 INFO    Executing Opernation : heatBeat, on Server :Montreal 
2016-12-05T00:49:48.278-05:00 INFO    Executing Opernation : heatBeat, on Server :Montreal 
2016-12-05T00:50:03.278-05:00 INFO    Executing Opernation : heatBeat, on Server :Montreal 
2016-12-05T00:50:18.278-05:00 INFO    Executing Opernation : heatBeat, on Server :Montreal 
2016-12-05T00:50:33.278-05:00 INFO    Executing Opernation : heatBeat, on Server :Montreal 
2016-12-05T00:50:48.278-05:00 INFO    Executing Opernation : heatBeat, on Server :Montreal 
2016-12-05T00:51:03.278-05:00 INFO    Executing Opernation : heatBeat, on Server :Montreal 
2016-12-05T00:51:18.278-05:00 INFO    Executing Opernation : heatBeat, on Server :Montreal 
2016-12-05T00:51:33.278-05:00 INFO    Executing Opernation : heatBeat, on Server :Montreal 
2016-12-05T00:51:48.278-05:00 INFO    Executing Opernation : heatBeat, on Server :Montreal 
2016-12-05T00:52:03.278-05:00 INFO    Executing Opernation : heatBeat, on Server :Montreal 
2016-12-05T00:52:18.278-05:00 INFO    Executing Opernation : heatBeat, on Server :Montreal 
2016-12-05T00:52:33.277-05:00 INFO    Executing Opernation : heatBeat, on Server :Montreal 
2016-12-05T00:52:48.278-05:00 INFO    Executing Opernation : heatBeat, on Server :Montreal 
2016-12-05T00:53:03.278-05:00 INFO    Executing Opernation : heatBeat, on Server :Montreal 
2016-12-05T00:53:18.278-05:00 INFO    Executing Opernation : heatBeat, on Server :Montreal 
2016-12-05T00:53:33.278-05:00 INFO    Executing Opernation : heatBeat, on Server :Montreal 
2016-12-05T00:53:48.278-05:00 INFO    Executing Opernation : heatBeat, on Server :Montreal 
2016-12-05T00:54:03.280-05:00 INFO    Executing Opernation : heatBeat, on Server :Montreal 
2016-12-05T00:54:18.279-05:00 INFO    Executing Opernation : heatBeat, on Server :Montreal 
2016-12-05T00:54:33.280-05:00 INFO    Executing Opernation : heatBeat, on Server :Montreal 
2016-12-05T00:54:48.280-05:00 INFO    Executing Opernation : heatBeat, on Server :Montreal 
2016-12-05T00:55:03.280-05:00 INFO    Executing Opernation : heatBeat, on Server :Montreal 
2016-12-05T00:55:18.280-05:00 INFO    Executing Opernation : heatBeat, on Server :Montreal 
2016-12-05T00:55:33.280-05:00 INFO    Executing Opernation : heatBeat, on Server :Montreal 
2016-12-05T00:55:48.279-05:00 INFO    Executing Opernation : heatBeat, on Server :Montreal 
2016-12-05T00:56:03.280-05:00 INFO    Executing Opernation : heatBeat, on Server :Montreal 
2016-12-05T00:56:18.279-05:00 INFO    Executing Opernation : heatBeat, on Server :Montreal 
2016-12-05T00:56:33.280-05:00 INFO    Executing Opernation : heatBeat, on Server :Montreal 
2016-12-05T00:56:48.280-05:00 INFO    Executing Opernation : heatBeat, on Server :Montreal 
2016-12-05T00:57:03.281-05:00 INFO    Executing Opernation : heatBeat, on Server :Montreal 
2016-12-05T00:57:18.281-05:00 INFO    Executing Opernation : heatBeat, on Server :Montreal 
2016-12-05T00:57:33.282-05:00 INFO    Executing Opernation : heatBeat, on Server :Montreal 
2016-12-05T00:57:48.282-05:00 INFO    Executing Opernation : heatBeat, on Server :Montreal 
2016-12-05T00:58:03.282-05:00 INFO    Executing Opernation : heatBeat, on Server :Montreal 
2016-12-05T00:58:18.281-05:00 INFO    Executing Opernation : heatBeat, on Server :Montreal 
2016-12-05T00:58:33.286-05:00 INFO    Executing Opernation : heatBeat, on Server :Montreal 
2016-12-05T00:58:48.285-05:00 INFO    Executing Opernation : heatBeat, on Server :Montreal 
2016-12-05T00:59:03.286-05:00 INFO    Executing Opernation : heatBeat, on Server :Montreal 
2016-12-05T00:59:18.287-05:00 INFO    Executing Opernation : heatBeat, on Server :Montreal 
2016-12-05T00:59:18.810-05:00 SEVERE  on starting UDP Server 
2016-12-05T01:14:42.181-05:00 INFO    Replica is UP! 
2016-12-05T01:14:42.185-05:00 INFO    ReplicaSajjad UDP Server Is UP! 
2016-12-05T01:14:42.765-05:00 INFO    Executing Opernation : heatBeat, on Server :Montreal 
2016-12-05T01:14:57.757-05:00 INFO    Executing Opernation : heatBeat, on Server :Montreal 
2016-12-05T01:15:12.757-05:00 INFO    Executing Opernation : heatBeat, on Server :Montreal 
2016-12-05T01:15:27.757-05:00 INFO    Executing Opernation : heatBeat, on Server :Montreal 
2016-12-05T01:15:42.757-05:00 INFO    Executing Opernation : heatBeat, on Server :Montreal 
2016-12-05T01:15:57.758-05:00 INFO    Executing Opernation : heatBeat, on Server :Montreal 
2016-12-05T01:16:12.757-05:00 INFO    Executing Opernation : heatBeat, on Server :Montreal 
2016-12-05T01:16:25.354-05:00 SEVERE  on starting UDP Server 
2016-12-05T01:26:05.786-05:00 INFO    Replica is UP! 
2016-12-05T01:26:05.787-05:00 INFO    ReplicaSajjad UDP Server Is UP! 
2016-12-05T01:26:06.191-05:00 INFO    Executing Opernation : heatBeat, on Server :Montreal 
2016-12-05T01:26:21.187-05:00 INFO    Executing Opernation : heatBeat, on Server :Montreal 
2016-12-05T01:26:36.187-05:00 INFO    Executing Opernation : heatBeat, on Server :Montreal 
2016-12-05T01:26:51.187-05:00 INFO    Executing Opernation : heatBeat, on Server :Montreal 
2016-12-05T01:27:06.188-05:00 INFO    Executing Opernation : heatBeat, on Server :Montreal 
2016-12-05T01:27:21.188-05:00 INFO    Executing Opernation : heatBeat, on Server :Montreal 
2016-12-05T01:27:36.188-05:00 INFO    Executing Opernation : heatBeat, on Server :Montreal 
2016-12-05T01:27:51.188-05:00 INFO    Executing Opernation : heatBeat, on Server :Montreal 
2016-12-05T01:28:06.188-05:00 INFO    Executing Opernation : heatBeat, on Server :Montreal 
2016-12-05T01:28:21.190-05:00 INFO    Executing Opernation : heatBeat, on Server :Montreal 
2016-12-05T01:28:36.188-05:00 INFO    Executing Opernation : heatBeat, on Server :Montreal 
2016-12-05T01:28:51.188-05:00 INFO    Executing Opernation : heatBeat, on Server :Montreal 
2016-12-05T01:29:06.188-05:00 INFO    Executing Opernation : heatBeat, on Server :Montreal 
2016-12-05T01:34:45.710-05:00 INFO    Replica is UP! 
2016-12-05T01:34:45.712-05:00 INFO    ReplicaSajjad UDP Server Is UP! 
2016-12-05T01:34:46.108-05:00 INFO    Executing Opernation : heatBeat, on Server :Montreal 
2016-12-05T01:35:01.103-05:00 INFO    Executing Opernation : heatBeat, on Server :Montreal 
2016-12-05T01:35:16.105-05:00 INFO    Executing Opernation : heatBeat, on Server :Montreal 
2016-12-05T01:35:31.105-05:00 INFO    Executing Opernation : heatBeat, on Server :Montreal 
2016-12-05T01:35:46.106-05:00 INFO    Executing Opernation : heatBeat, on Server :Montreal 
2016-12-05T01:36:00.021-05:00 SEVERE  on starting UDP Server 
2016-12-05T01:40:12.104-05:00 INFO    Replica is UP! 
2016-12-05T01:40:12.112-05:00 INFO    ReplicaSajjad UDP Server Is UP! 
2016-12-05T01:40:24.479-05:00 INFO    Executing Opernation : heatBeat, on Server :Montreal 
2016-12-05T01:41:30.112-05:00 SEVERE  on starting UDP Server 
2016-12-05T01:45:06.844-05:00 INFO    Replica is UP! 
2016-12-05T01:45:06.846-05:00 INFO    ReplicaSajjad UDP Server Is UP! 
2016-12-05T01:45:07.242-05:00 INFO    Executing Opernation : heatBeat, on Server :Montreal 
2016-12-05T01:45:30.083-05:00 INFO    Replica is UP! 
2016-12-05T01:45:30.094-05:00 INFO    ReplicaSajjad UDP Server Is UP! 
2016-12-05T01:45:30.507-05:00 INFO    Executing Opernation : heatBeat, on Server :Montreal 
2016-12-05T01:45:40.584-05:00 INFO    Executing Opernation : bookFlight, on Server :Montreal 
2016-12-05T01:49:13.048-05:00 INFO    Replica is UP! 
2016-12-05T01:49:13.060-05:00 INFO    ReplicaSajjad UDP Server Is UP! 
2016-12-05T01:49:13.649-05:00 INFO    Executing Opernation : heatBeat, on Server :Montreal 
2016-12-05T01:50:00.946-05:00 INFO    Replica is UP! 
2016-12-05T01:50:00.948-05:00 INFO    ReplicaSajjad UDP Server Is UP! 
2016-12-05T01:50:01.342-05:00 INFO    Executing Opernation : heatBeat, on Server :Montreal 
2016-12-05T01:50:16.336-05:00 INFO    Executing Opernation : heatBeat, on Server :Montreal 
2016-12-05T01:50:27.391-05:00 SEVERE  on starting UDP Server 
2016-12-05T01:52:35.625-05:00 INFO    Replica is UP! 
2016-12-05T01:52:35.634-05:00 INFO    ReplicaSajjad UDP Server Is UP! 
2016-12-05T01:52:37.157-05:00 INFO    Executing Opernation : heatBeat, on Server :Montreal 
2016-12-05T01:52:53.476-05:00 INFO    Replica is UP! 
2016-12-05T01:52:53.478-05:00 INFO    ReplicaSajjad UDP Server Is UP! 
2016-12-05T01:52:53.896-05:00 INFO    Executing Opernation : heatBeat, on Server :Montreal 
2016-12-05T01:53:08.891-05:00 INFO    Executing Opernation : heatBeat, on Server :Montreal 
2016-12-05T01:53:22.923-05:00 INFO    Executing Opernation : bookFlight, on Server :Montreal 
2016-12-05T01:53:23.891-05:00 INFO    Executing Opernation : heatBeat, on Server :Montreal 
2016-12-05T01:53:38.892-05:00 INFO    Executing Opernation : heatBeat, on Server :Montreal 
2016-12-05T01:54:03.610-05:00 INFO    Replica is UP! 
2016-12-05T01:54:03.613-05:00 INFO    ReplicaSajjad UDP Server Is UP! 
2016-12-05T01:54:03.998-05:00 INFO    Executing Opernation : heatBeat, on Server :Montreal 
2016-12-05T01:54:18.992-05:00 INFO    Executing Opernation : heatBeat, on Server :Montreal 
2016-12-05T01:54:31.695-05:00 SEVERE  on starting UDP Server 
2016-12-05T01:56:46.770-05:00 INFO    Replica is UP! 
2016-12-05T01:56:46.773-05:00 INFO    ReplicaSajjad UDP Server Is UP! 
2016-12-05T01:56:47.154-05:00 INFO    Executing Opernation : heatBeat, on Server :Montreal 
2016-12-05T01:56:58.241-05:00 SEVERE  on starting UDP Server 
2016-12-05T01:58:22.830-05:00 INFO    Replica is UP! 
2016-12-05T01:58:22.832-05:00 INFO    ReplicaSajjad UDP Server Is UP! 
2016-12-05T01:58:23.234-05:00 INFO    Executing Opernation : heatBeat, on Server :Montreal 
2016-12-05T01:58:32.392-05:00 SEVERE  on starting UDP Server 
2016-12-05T02:02:10.418-05:00 INFO    Replica is UP! 
2016-12-05T02:02:10.421-05:00 INFO    ReplicaSajjad UDP Server Is UP! 
2016-12-05T02:02:10.828-05:00 INFO    Executing Opernation : heatBeat, on Server :Montreal 
2016-12-05T02:02:15.798-05:00 SEVERE  on starting UDP Server 
2016-12-05T02:03:10.044-05:00 INFO    Replica is UP! 
2016-12-05T02:03:10.049-05:00 INFO    ReplicaSajjad UDP Server Is UP! 
2016-12-05T02:03:18.581-05:00 INFO    Executing Opernation : heatBeat, on Server :Montreal 
2016-12-05T02:03:29.539-05:00 INFO    Executing Opernation : heatBeat, on Server :Montreal 
2016-12-05T02:04:04.352-05:00 SEVERE  on starting UDP Server 
2016-12-05T02:04:37.557-05:00 INFO    Replica is UP! 
2016-12-05T02:04:37.563-05:00 INFO    ReplicaSajjad UDP Server Is UP! 
2016-12-05T02:04:40.556-05:00 INFO    Executing Opernation : heatBeat, on Server :Montreal 
2016-12-05T02:10:32.397-05:00 INFO    Replica is UP! 
2016-12-05T02:10:32.398-05:00 INFO    ReplicaSajjad UDP Server Is UP! 
2016-12-05T02:10:32.791-05:00 INFO    Executing Opernation : heatBeat, on Server :Montreal 
2016-12-05T02:12:40.016-05:00 SEVERE  on starting UDP Server 
2016-12-05T02:14:03.137-05:00 INFO    Replica is UP! 
2016-12-05T02:14:03.146-05:00 INFO    ReplicaSajjad UDP Server Is UP! 
2016-12-05T02:14:10.988-05:00 INFO    Executing Opernation : heatBeat, on Server :Montreal 
2016-12-05T02:15:30.956-05:00 SEVERE  on starting UDP Server 
2016-12-05T02:19:34.709-05:00 INFO    Replica is UP! 
2016-12-05T02:19:34.711-05:00 INFO    ReplicaSajjad UDP Server Is UP! 
2016-12-05T02:19:35.115-05:00 INFO    Executing Opernation : heatBeat, on Server :Montreal 
2016-12-05T02:19:47.792-05:00 SEVERE  on starting UDP Server 
2016-12-05T02:21:36.791-05:00 INFO    Replica is UP! 
2016-12-05T02:21:36.793-05:00 INFO    ReplicaSajjad UDP Server Is UP! 
2016-12-05T02:21:37.187-05:00 INFO    Executing Opernation : heatBeat, on Server :Montreal 
2016-12-05T02:21:47.062-05:00 SEVERE  on starting UDP Server 
2016-12-05T02:22:47.365-05:00 INFO    Replica is UP! 
2016-12-05T02:22:47.371-05:00 INFO    ReplicaSajjad UDP Server Is UP! 
2016-12-05T02:22:47.843-05:00 INFO    Executing Opernation : heatBeat, on Server :Montreal 
2016-12-05T02:22:51.361-05:00 SEVERE  on starting UDP Server 
2016-12-05T02:27:11.212-05:00 INFO    Replica is UP! 
2016-12-05T02:27:11.214-05:00 INFO    ReplicaSajjad UDP Server Is UP! 
2016-12-05T02:27:11.595-05:00 INFO    Executing Opernation : heatBeat, on Server :Montreal 
2016-12-05T02:28:19.286-05:00 SEVERE  on starting UDP Server 
2016-12-05T02:28:29.692-05:00 INFO    Replica is UP! 
2016-12-05T02:28:29.694-05:00 INFO    ReplicaSajjad UDP Server Is UP! 
2016-12-05T02:28:30.092-05:00 INFO    Executing Opernation : heatBeat, on Server :Montreal 
2016-12-05T02:28:33.796-05:00 SEVERE  on starting UDP Server 
2016-12-05T11:11:24.157-05:00 INFO    Replica is UP! 
2016-12-05T11:11:24.173-05:00 INFO    ReplicaSajjad UDP Server Is UP! 
2016-12-05T11:11:24.657-05:00 INFO    Executing Opernation : heatBeat, on Server :Montreal 
2016-12-05T11:11:46.919-05:00 SEVERE  on starting UDP Server 
2016-12-05T11:13:13.541-05:00 INFO    Replica is UP! 
2016-12-05T11:13:13.541-05:00 INFO    ReplicaSajjad UDP Server Is UP! 
2016-12-05T11:13:13.884-05:00 INFO    Executing Opernation : heatBeat, on Server :Montreal 
2016-12-05T11:13:20.587-05:00 SEVERE  on starting UDP Server 
2016-12-05T11:15:23.459-05:00 INFO    Replica is UP! 
2016-12-05T11:15:23.474-05:00 INFO    ReplicaSajjad UDP Server Is UP! 
2016-12-05T11:15:24.084-05:00 INFO    Executing Opernation : heatBeat, on Server :Montreal 
2016-12-05T11:15:27.422-05:00 SEVERE  on starting UDP Server 
2016-12-05T11:18:43.448-05:00 INFO    Replica is UP! 
2016-12-05T11:18:43.450-05:00 INFO    ReplicaSajjad UDP Server Is UP! 
2016-12-05T11:18:43.870-05:00 INFO    Executing Opernation : heatBeat, on Server :Montreal 
2016-12-05T11:19:03.240-05:00 SEVERE  on starting UDP Server 
2016-12-05T11:23:30.539-05:00 INFO    Replica is UP! 
2016-12-05T11:23:30.547-05:00 INFO    ReplicaSajjad UDP Server Is UP! 
2016-12-05T11:23:30.953-05:00 INFO    Executing Opernation : heatBeat, on Server :Montreal 
2016-12-05T11:31:50.303-05:00 INFO    Replica is UP! 
2016-12-05T11:31:50.329-05:00 INFO    ReplicaSajjad UDP Server Is UP! 
2016-12-05T11:31:51.879-05:00 INFO    Executing Opernation : heatBeat, on Server :Montreal 
2016-12-05T11:32:02.501-05:00 INFO    Replica is UP! 
2016-12-05T11:32:02.504-05:00 INFO    ReplicaSajjad UDP Server Is UP! 
2016-12-05T11:32:02.878-05:00 INFO    Executing Opernation : heatBeat, on Server :Montreal 
2016-12-05T11:32:23.935-05:00 SEVERE  on starting UDP Server 
2016-12-05T11:34:26.360-05:00 INFO    Replica is UP! 
2016-12-05T11:34:26.363-05:00 INFO    ReplicaSajjad UDP Server Is UP! 
2016-12-05T11:34:26.729-05:00 INFO    Executing Opernation : heatBeat, on Server :Montreal 
2016-12-05T11:34:38.493-05:00 SEVERE  on starting UDP Server 
2016-12-05T11:35:42.830-05:00 INFO    Replica is UP! 
2016-12-05T11:35:42.834-05:00 INFO    ReplicaSajjad UDP Server Is UP! 
2016-12-05T11:35:43.210-05:00 INFO    Executing Opernation : heatBeat, on Server :Montreal 
2016-12-05T11:36:34.124-05:00 INFO    Replica is UP! 
2016-12-05T11:36:34.130-05:00 INFO    ReplicaSajjad UDP Server Is UP! 
2016-12-05T11:36:34.480-05:00 INFO    Executing Opernation : heatBeat, on Server :Montreal 
2016-12-05T11:36:41.932-05:00 SEVERE  on starting UDP Server 
2016-12-05T11:37:22.026-05:00 INFO    Replica is UP! 
2016-12-05T11:37:22.028-05:00 INFO    ReplicaSajjad UDP Server Is UP! 
2016-12-05T11:37:22.418-05:00 INFO    Executing Opernation : heatBeat, on Server :Montreal 
2016-12-05T11:37:44.874-05:00 INFO    Executing Opernation : heatBeat, on Server :Montreal 
2016-12-05T11:37:51.025-05:00 INFO    Replica is UP! 
2016-12-05T11:37:51.028-05:00 INFO    ReplicaSajjad UDP Server Is UP! 
2016-12-05T11:37:51.369-05:00 INFO    Executing Opernation : heatBeat, on Server :Montreal 
2016-12-05T11:38:12.313-05:00 INFO    Executing Opernation : bookFlight, on Server :Montreal 
2016-12-05T11:59:28.512-05:00 INFO    Replica is UP! 
2016-12-05T11:59:28.531-05:00 INFO    ReplicaSajjad UDP Server Is UP! 
2016-12-05T11:59:28.923-05:00 INFO    Executing Opernation : heatBeat, on Server :Montreal 
2016-12-05T11:59:47.817-05:00 INFO    Unknow Sender : FrontEnd 
2016-12-05T12:00:34.851-05:00 INFO    Replica is UP! 
2016-12-05T12:00:34.854-05:00 INFO    ReplicaSajjad UDP Server Is UP! 
2016-12-05T12:00:35.203-05:00 INFO    Executing Opernation : heatBeat, on Server :Montreal 
2016-12-05T12:00:59.724-05:00 INFO    Executing Opernation : bookFlight, on Server :Montreal 
2016-12-05T12:03:48.547-05:00 INFO    Replica is UP! 
2016-12-05T12:03:48.565-05:00 INFO    ReplicaSajjad UDP Server Is UP! 
2016-12-05T12:03:48.949-05:00 INFO    Executing Opernation : heatBeat, on Server :Montreal 
2016-12-05T12:04:15.197-05:00 INFO    Executing Opernation : bookFlight, on Server :Montreal 
2016-12-05T12:09:34.192-05:00 INFO    Replica is UP! 
2016-12-05T12:09:34.195-05:00 INFO    ReplicaSajjad UDP Server Is UP! 
2016-12-05T12:09:34.634-05:00 INFO    Executing Opernation : heatBeat, on Server :Montreal 
2016-12-05T12:09:47.177-05:00 INFO    Replica is UP! 
2016-12-05T12:09:47.177-05:00 INFO    ReplicaSajjad UDP Server Is UP! 
2016-12-05T12:09:47.521-05:00 INFO    Executing Opernation : heatBeat, on Server :Montreal 
2016-12-05T12:09:51.387-05:00 INFO    Replica is UP! 
2016-12-05T12:09:51.387-05:00 INFO    ReplicaSajjad UDP Server Is UP! 
2016-12-05T12:10:00.237-05:00 INFO    Executing Opernation : heatBeat, on Server :Montreal 
2016-12-05T12:10:08.643-05:00 INFO    Unknow Sender : FrontEnd 
2016-12-05T12:11:23.811-05:00 INFO    Replica is UP! 
2016-12-05T12:11:23.827-05:00 INFO    ReplicaSajjad UDP Server Is UP! 
2016-12-05T12:11:27.486-05:00 INFO    Executing Opernation : heatBeat, on Server :Montreal 
2016-12-05T12:12:39.705-05:00 INFO    Executing Opernation : bookFlight, on Server :Montreal 
2016-12-05T12:20:33.229-05:00 INFO    Replica is UP! 
2016-12-05T12:20:33.250-05:00 INFO    ReplicaSajjad UDP Server Is UP! 
2016-12-05T12:20:33.730-05:00 INFO    Executing Opernation : heatBeat, on Server :Montreal 
2016-12-05T12:20:48.722-05:00 INFO    Executing Opernation : heatBeat, on Server :Montreal 
2016-12-05T12:20:54.308-05:00 INFO    Executing Opernation : bookFlight, on Server :Montreal 
2016-12-05T12:21:03.723-05:00 INFO    Executing Opernation : heatBeat, on Server :Montreal 
2016-12-05T12:21:18.723-05:00 INFO    Executing Opernation : heatBeat, on Server :Montreal 
2016-12-05T12:21:33.724-05:00 INFO    Executing Opernation : heatBeat, on Server :Montreal 
2016-12-05T12:21:48.725-05:00 INFO    Executing Opernation : heatBeat, on Server :Montreal 
2016-12-05T12:22:03.726-05:00 INFO    Executing Opernation : heatBeat, on Server :Montreal 
2016-12-05T12:22:18.727-05:00 INFO    Executing Opernation : heatBeat, on Server :Montreal 
2016-12-05T12:22:33.728-05:00 INFO    Executing Opernation : heatBeat, on Server :Montreal 
2016-12-05T12:22:48.729-05:00 INFO    Executing Opernation : heatBeat, on Server :Montreal 
2016-12-05T12:23:03.729-05:00 INFO    Executing Opernation : heatBeat, on Server :Montreal 
2016-12-05T12:23:18.730-05:00 INFO    Executing Opernation : heatBeat, on Server :Montreal 
2016-12-05T12:23:33.730-05:00 INFO    Executing Opernation : heatBeat, on Server :Montreal 
2016-12-05T12:23:48.731-05:00 INFO    Executing Opernation : heatBeat, on Server :Montreal 
2016-12-05T12:24:03.732-05:00 INFO    Executing Opernation : heatBeat, on Server :Montreal 
2016-12-05T12:24:18.733-05:00 INFO    Executing Opernation : heatBeat, on Server :Montreal 
2016-12-05T12:24:33.733-05:00 INFO    Executing Opernation : heatBeat, on Server :Montreal 
2016-12-05T12:24:48.734-05:00 INFO    Executing Opernation : heatBeat, on Server :Montreal 
2016-12-05T12:25:03.736-05:00 INFO    Executing Opernation : heatBeat, on Server :Montreal 
2016-12-05T12:25:18.736-05:00 INFO    Executing Opernation : heatBeat, on Server :Montreal 
2016-12-05T12:25:33.738-05:00 INFO    Executing Opernation : heatBeat, on Server :Montreal 
2016-12-05T12:25:48.738-05:00 INFO    Executing Opernation : heatBeat, on Server :Montreal 
2016-12-05T12:26:03.739-05:00 INFO    Executing Opernation : heatBeat, on Server :Montreal 
2016-12-05T12:26:18.740-05:00 INFO    Executing Opernation : heatBeat, on Server :Montreal 
2016-12-05T12:26:33.741-05:00 INFO    Executing Opernation : heatBeat, on Server :Montreal 
2016-12-05T12:26:48.742-05:00 INFO    Executing Opernation : heatBeat, on Server :Montreal 
2016-12-05T12:27:03.744-05:00 INFO    Executing Opernation : heatBeat, on Server :Montreal 
2016-12-05T12:27:18.744-05:00 INFO    Executing Opernation : heatBeat, on Server :Montreal 
2016-12-05T12:27:33.745-05:00 INFO    Executing Opernation : heatBeat, on Server :Montreal 
2016-12-05T12:27:48.745-05:00 INFO    Executing Opernation : heatBeat, on Server :Montreal 
2016-12-05T12:28:03.746-05:00 INFO    Executing Opernation : heatBeat, on Server :Montreal 
2016-12-05T12:28:18.748-05:00 INFO    Executing Opernation : heatBeat, on Server :Montreal 
2016-12-05T12:28:33.748-05:00 INFO    Executing Opernation : heatBeat, on Server :Montreal 
2016-12-05T12:28:48.749-05:00 INFO    Executing Opernation : heatBeat, on Server :Montreal 
2016-12-05T12:29:03.750-05:00 INFO    Executing Opernation : heatBeat, on Server :Montreal 
2016-12-05T12:29:18.751-05:00 INFO    Executing Opernation : heatBeat, on Server :Montreal 
2016-12-05T12:29:33.752-05:00 INFO    Executing Opernation : heatBeat, on Server :Montreal 
2016-12-05T12:29:48.753-05:00 INFO    Executing Opernation : heatBeat, on Server :Montreal 
2016-12-05T12:30:03.754-05:00 INFO    Executing Opernation : heatBeat, on Server :Montreal 
2016-12-05T12:30:18.755-05:00 INFO    Executing Opernation : heatBeat, on Server :Montreal 
2016-12-05T12:30:33.757-05:00 INFO    Executing Opernation : heatBeat, on Server :Montreal 
2016-12-05T12:31:05.680-05:00 INFO    Replica is UP! 
2016-12-05T12:31:05.727-05:00 INFO    ReplicaSajjad UDP Server Is UP! 
2016-12-05T12:31:06.268-05:00 INFO    Executing Opernation : heatBeat, on Server :Montreal 
2016-12-05T12:31:21.247-05:00 INFO    Executing Opernation : heatBeat, on Server :Montreal 
2016-12-05T12:31:36.248-05:00 INFO    Executing Opernation : heatBeat, on Server :Montreal 
2016-12-05T12:31:41.931-05:00 INFO    Executing Opernation : bookFlight, on Server :Montreal 
2016-12-05T12:31:51.249-05:00 INFO    Executing Opernation : heatBeat, on Server :Montreal 
2016-12-05T13:11:42.622-05:00 INFO    Replica is UP! 
2016-12-05T13:11:42.633-05:00 INFO    ReplicaSajjad UDP Server Is UP! 
2016-12-05T13:11:43.975-05:00 INFO    Executing Opernation : heatBeat, on Server :Montreal 
2016-12-05T13:11:56.435-05:00 INFO    Replica is UP! 
2016-12-05T13:11:56.441-05:00 INFO    ReplicaSajjad UDP Server Is UP! 
2016-12-05T13:11:56.873-05:00 INFO    Executing Opernation : heatBeat, on Server :Montreal 
2016-12-05T13:13:32.301-05:00 INFO    Unknow Sender : FrontEnd 
2016-12-05T13:15:31.722-05:00 INFO    Replica is UP! 
2016-12-05T13:15:31.730-05:00 INFO    ReplicaSajjad UDP Server Is UP! 
2016-12-05T13:15:35.276-05:00 INFO    Executing Opernation : heatBeat, on Server :Montreal 
2016-12-05T13:17:59.608-05:00 INFO    Unknow Sender : FrontEnd 
2016-12-05T13:18:16.130-05:00 INFO    Replica is UP! 
2016-12-05T13:18:16.137-05:00 INFO    ReplicaSajjad UDP Server Is UP! 
2016-12-05T13:18:20.890-05:00 INFO    Executing Opernation : heatBeat, on Server :Montreal 
2016-12-05T13:18:40.731-05:00 INFO    Executing Opernation : editFlightRecord, on Server :Montreal 
2016-12-05T13:19:52.690-05:00 SEVERE  on starting UDP Server 
2016-12-05T13:20:14.675-05:00 INFO    Replica is UP! 
2016-12-05T13:20:14.679-05:00 INFO    ReplicaSajjad UDP Server Is UP! 
2016-12-05T13:20:15.004-05:00 INFO    Executing Opernation : heatBeat, on Server :Montreal 
2016-12-05T13:20:18.274-05:00 INFO    Executing Opernation : editFlightRecord, on Server :Montreal 
2016-12-05T13:20:18.288-05:00 SEVERE  on starting UDP Server 
2016-12-05T13:20:47.124-05:00 INFO    Replica is UP! 
2016-12-05T13:20:47.138-05:00 INFO    ReplicaSajjad UDP Server Is UP! 
2016-12-05T13:20:49.198-05:00 INFO    Executing Opernation : heatBeat, on Server :Montreal 
2016-12-05T13:21:05.605-05:00 INFO    Executing Opernation : editFlightRecord, on Server :Montreal 
2016-12-05T13:21:39.782-05:00 SEVERE  on starting UDP Server 
2016-12-05T14:43:05.605-05:00 INFO    Replica is UP! 
2016-12-05T14:43:05.611-05:00 INFO    ReplicaSajjad UDP Server Is UP! 
2016-12-05T14:43:12.695-05:00 INFO    Executing Opernation : heatBeat, on Server :Montreal 
2016-12-05T14:44:00.064-05:00 INFO    Replica is UP! 
2016-12-05T14:44:00.072-05:00 INFO    ReplicaSajjad UDP Server Is UP! 
2016-12-05T14:44:00.486-05:00 INFO    Executing Opernation : heatBeat, on Server :Montreal 
2016-12-05T14:44:51.531-05:00 INFO    Executing Opernation : getBookedFlightCount, on Server :Montreal 
2016-12-05T14:47:54.144-05:00 INFO    Replica is UP! 
2016-12-05T14:47:54.147-05:00 INFO    ReplicaSajjad UDP Server Is UP! 
2016-12-05T14:47:54.525-05:00 INFO    Executing Opernation : heatBeat, on Server :Montreal 
2016-12-05T14:48:01.823-05:00 INFO    Executing Opernation : getBookedFlightCount, on Server :Montreal 
2016-12-05T14:48:01.996-05:00 SEVERE  on starting UDP Server 
2016-12-05T14:48:17.951-05:00 INFO    Replica is UP! 
2016-12-05T14:48:17.954-05:00 INFO    ReplicaSajjad UDP Server Is UP! 
2016-12-05T14:48:18.313-05:00 INFO    Executing Opernation : heatBeat, on Server :Montreal 
2016-12-05T14:48:21.180-05:00 INFO    Executing Opernation : getBookedFlightCount, on Server :Montreal 
2016-12-05T14:48:58.118-05:00 SEVERE  on starting UDP Server 
2016-12-05T14:58:26.695-05:00 INFO    Replica is UP! 
2016-12-05T14:58:26.709-05:00 INFO    ReplicaSajjad UDP Server Is UP! 
2016-12-05T14:58:27.201-05:00 INFO    Executing Opernation : heatBeat, on Server :Montreal 
2016-12-05T14:58:33.678-05:00 INFO    Executing Opernation : editFlightRecord, on Server :Montreal 
2016-12-05T14:59:38.809-05:00 INFO    ReplicaSajjad UDP Server Is UP! 
2016-12-05T14:59:38.811-05:00 SEVERE  on starting UDP Server 
2016-12-05T15:05:11.527-05:00 INFO    Replica is UP! 
2016-12-05T15:05:11.543-05:00 INFO    ReplicaSajjad UDP Server Is UP! 
2016-12-05T15:05:12.175-05:00 INFO    Executing Opernation : heatBeat, on Server :Montreal 
2016-12-05T15:05:17.174-05:00 INFO    Executing Opernation : editFlightRecord, on Server :Montreal 
2016-12-05T15:07:23.211-05:00 SEVERE  on starting UDP Server 
2016-12-05T15:10:43.825-05:00 INFO    Replica is UP! 
2016-12-05T15:10:43.835-05:00 INFO    ReplicaSajjad UDP Server Is UP! 
2016-12-05T15:10:44.262-05:00 INFO    Executing Opernation : heatBeat, on Server :Montreal 
2016-12-05T15:10:49.961-05:00 INFO    Executing Opernation : transferReservation, on Server :Montreal 
2016-12-05T15:12:20.057-05:00 SEVERE  on starting UDP Server 
2016-12-05T16:08:16.393-05:00 INFO    Replica is UP! 
2016-12-05T16:08:16.409-05:00 INFO    ReplicaSajjad UDP Server Is UP! 
2016-12-05T16:08:16.846-05:00 INFO    Executing Opernation : heatBeat, on Server :Montreal 
2016-12-05T16:08:42.037-05:00 INFO    Replica is UP! 
2016-12-05T16:08:42.053-05:00 INFO    ReplicaSajjad UDP Server Is UP! 
2016-12-05T16:08:42.412-05:00 INFO    Executing Opernation : heatBeat, on Server :Montreal 
2016-12-05T16:08:47.403-05:00 INFO    Executing Opernation : editFlightRecord, on Server :Montreal 
2016-12-05T16:09:23.746-05:00 SEVERE  on starting UDP Server 
2016-12-05T18:02:27.985-05:00 INFO    Replica is UP! 
2016-12-05T18:02:28.015-05:00 INFO    ReplicaSajjad UDP Server Is UP! 
2016-12-05T18:02:28.650-05:00 INFO    Executing Opernation : heatBeat, on Server :Montreal 
2016-12-05T18:03:29.269-05:00 INFO    Executing Opernation : editFlightRecord, on Server :Montreal 
2016-12-05T18:18:56.379-05:00 INFO    Replica is UP! 
2016-12-05T18:18:56.394-05:00 INFO    ReplicaSajjad UDP Server Is UP! 
2016-12-05T18:18:56.915-05:00 INFO    Executing Opernation : heatBeat, on Server :Montreal 
2016-12-05T18:20:10.805-05:00 INFO    Executing Opernation : editFlightRecord, on Server :Montreal 
2016-12-05T18:24:43.928-05:00 INFO    Replica is UP! 
2016-12-05T18:24:43.944-05:00 INFO    ReplicaSajjad UDP Server Is UP! 
2016-12-05T18:24:44.405-05:00 INFO    Executing Opernation : heatBeat, on Server :Montreal 
2016-12-05T18:25:26.155-05:00 INFO    Executing Opernation : editFlightRecord, on Server :Montreal 
2016-12-05T18:34:32.749-05:00 INFO    Replica is UP! 
2016-12-05T18:34:32.770-05:00 INFO    ReplicaSajjad UDP Server Is UP! 
2016-12-05T18:34:33.155-05:00 INFO    Executing Opernation : heatBeat, on Server :Montreal 
2016-12-05T18:35:19.606-05:00 INFO    Executing Opernation : getBookedFlightCount, on Server :Montreal 
2016-12-05T18:38:58.111-05:00 INFO    Replica is UP! 
2016-12-05T18:38:58.128-05:00 INFO    ReplicaSajjad UDP Server Is UP! 
2016-12-05T18:38:58.531-05:00 INFO    Executing Opernation : heatBeat, on Server :Montreal 
2016-12-05T18:39:35.825-05:00 INFO    Executing Opernation : getBookedFlightCount, on Server :Montreal 
2016-12-05T18:46:38.178-05:00 INFO    Replica is UP! 
2016-12-05T18:46:38.193-05:00 INFO    ReplicaSajjad UDP Server Is UP! 
2016-12-05T18:46:38.618-05:00 INFO    Executing Opernation : heatBeat, on Server :Montreal 
2016-12-05T18:47:16.759-05:00 INFO    Executing Opernation : editFlightRecord, on Server :Montreal 
2016-12-05T18:47:24.219-05:00 INFO    Executing Opernation : getBookedFlightCount, on Server :Montreal 
2016-12-05T18:52:04.847-05:00 INFO    Executing Opernation : editFlightRecord, on Server :Montreal 
2016-12-05T18:53:15.070-05:00 INFO    Executing Opernation : editFlightRecord, on Server :Montreal 
2016-12-05T19:02:50.295-05:00 INFO    Replica is UP! 
2016-12-05T19:02:50.313-05:00 INFO    ReplicaSajjad UDP Server Is UP! 
2016-12-05T19:02:50.832-05:00 INFO    Executing Opernation : heatBeat, on Server :Montreal 
2016-12-05T19:03:28.009-05:00 INFO    Executing Opernation : editFlightRecord, on Server :Montreal 
2016-12-05T19:04:06.950-05:00 INFO    Executing Opernation : editFlightRecord, on Server :Montreal 
2016-12-05T19:09:32.189-05:00 INFO    Replica is UP! 
2016-12-05T19:09:32.198-05:00 INFO    ReplicaSajjad UDP Server Is UP! 
2016-12-05T19:09:32.725-05:00 INFO    Executing Opernation : heatBeat, on Server :Montreal 
2016-12-05T19:10:35.289-05:00 INFO    Executing Opernation : editFlightRecord, on Server :Montreal 
2016-12-05T19:11:09.973-05:00 INFO    Executing Opernation : editFlightRecord, on Server :Montreal 
2016-12-05T19:13:52.557-05:00 INFO    Replica is UP! 
2016-12-05T19:13:52.561-05:00 INFO    ReplicaSajjad UDP Server Is UP! 
2016-12-05T19:13:52.844-05:00 INFO    Executing Opernation : heatBeat, on Server :Montreal 
2016-12-05T19:14:39.373-05:00 INFO    Executing Opernation : editFlightRecord, on Server :Montreal 
2016-12-05T19:15:01.201-05:00 INFO    Executing Opernation : editFlightRecord, on Server :Montreal 
2016-12-05T19:15:40.233-05:00 INFO    Executing Opernation : getBookedFlightCount, on Server :Montreal 
2016-12-05T19:16:57.439-05:00 INFO    Executing Opernation : bookFlight, on Server :Montreal 
2016-12-05T19:18:42.532-05:00 INFO    Executing Opernation : editFlightRecord, on Server :Montreal 
2016-12-05T19:20:15.707-05:00 INFO    Executing Opernation : editFlightRecord, on Server :Montreal 
2016-12-05T19:30:52.208-05:00 INFO    Replica is UP! 
2016-12-05T19:30:52.211-05:00 INFO    ReplicaSajjad UDP Server Is UP! 
2016-12-05T19:30:52.500-05:00 INFO    Executing Opernation : heatBeat, on Server :Montreal 
2016-12-05T19:32:09.561-05:00 INFO    Executing Opernation : editFlightRecord, on Server :Montreal 
2016-12-05T19:32:09.710-05:00 INFO    Executing Opernation : editFlightRecord, on Server :Montreal 
2016-12-05T19:38:09.409-05:00 INFO    Executing Opernation : editFlightRecord, on Server :Montreal 
2016-12-05T19:38:09.411-05:00 SEVERE  on starting UDP Server 
2016-12-05T19:41:47.970-05:00 INFO    Replica is UP! 
2016-12-05T19:41:47.972-05:00 INFO    ReplicaSajjad UDP Server Is UP! 
2016-12-05T19:41:48.323-05:00 INFO    Executing Opernation : heatBeat, on Server :Montreal 
2016-12-05T19:43:00.165-05:00 INFO    Executing Opernation : editFlightRecord, on Server :Montreal 
2016-12-05T19:43:00.297-05:00 INFO    Executing Opernation : editFlightRecord, on Server :Montreal 
2016-12-05T19:43:00.475-05:00 INFO    Executing Opernation : editFlightRecord, on Server :Montreal 
2016-12-05T19:46:46.137-05:00 INFO    Executing Opernation : editFlightRecord, on Server :Montreal 
2016-12-05T19:48:52.546-05:00 INFO    Executing Opernation : editFlightRecord, on Server :Montreal 
2016-12-05T19:50:25.330-05:00 INFO    Replica is UP! 
2016-12-05T19:50:25.336-05:00 INFO    ReplicaSajjad UDP Server Is UP! 
2016-12-05T19:50:25.698-05:00 INFO    Executing Opernation : heatBeat, on Server :Montreal 
2016-12-05T19:50:33.322-05:00 INFO    Executing Opernation : editFlightRecord, on Server :Montreal 
2016-12-05T19:50:33.454-05:00 INFO    Executing Opernation : editFlightRecord, on Server :Montreal 
2016-12-05T19:50:33.626-05:00 INFO    Executing Opernation : editFlightRecord, on Server :Montreal 
2016-12-05T19:50:33.858-05:00 INFO    Executing Opernation : editFlightRecord, on Server :Montreal 
2016-12-05T19:52:16.531-05:00 INFO    Replica is UP! 
2016-12-05T19:52:16.537-05:00 INFO    ReplicaSajjad UDP Server Is UP! 
2016-12-05T19:52:16.895-05:00 INFO    Executing Opernation : heatBeat, on Server :Montreal 
2016-12-05T19:52:32.173-05:00 INFO    Replica is UP! 
2016-12-05T19:52:32.184-05:00 INFO    ReplicaSajjad UDP Server Is UP! 
2016-12-05T19:52:32.579-05:00 INFO    Executing Opernation : heatBeat, on Server :Montreal 
2016-12-05T19:52:59.322-05:00 INFO    Executing Opernation : editFlightRecord, on Server :Montreal 
2016-12-05T19:53:59.456-05:00 INFO    Executing Opernation : editFlightRecord, on Server :Montreal 
2016-12-05T19:53:59.604-05:00 INFO    Executing Opernation : editFlightRecord, on Server :Montreal 
2016-12-05T19:53:59.855-05:00 INFO    Executing Opernation : editFlightRecord, on Server :Montreal 
2016-12-05T19:58:39.273-05:00 INFO    Replica is UP! 
2016-12-05T19:58:39.287-05:00 INFO    ReplicaSajjad UDP Server Is UP! 
2016-12-05T19:58:39.703-05:00 INFO    Executing Opernation : heatBeat, on Server :Montreal 
2016-12-05T19:59:00.883-05:00 INFO    Executing Opernation : editFlightRecord, on Server :Montreal 
2016-12-05T19:59:01.064-05:00 INFO    Executing Opernation : editFlightRecord, on Server :Montreal 
2016-12-05T19:59:01.198-05:00 INFO    Executing Opernation : editFlightRecord, on Server :Montreal 
2016-12-05T19:59:01.347-05:00 INFO    Executing Opernation : editFlightRecord, on Server :Montreal 
2016-12-05T20:04:50.374-05:00 INFO    Replica is UP! 
2016-12-05T20:04:50.378-05:00 INFO    ReplicaSajjad UDP Server Is UP! 
2016-12-05T20:04:50.672-05:00 INFO    Executing Opernation : heatBeat, on Server :Montreal 
2016-12-05T20:05:15.006-05:00 INFO    Executing Opernation : editFlightRecord, on Server :Montreal 
2016-12-05T20:05:15.172-05:00 INFO    Executing Opernation : editFlightRecord, on Server :Montreal 
2016-12-05T20:05:15.328-05:00 INFO    Executing Opernation : editFlightRecord, on Server :Montreal 
2016-12-05T20:05:15.499-05:00 INFO    Executing Opernation : editFlightRecord, on Server :Montreal 
2016-12-05T20:07:28.740-05:00 INFO    Replica is UP! 
2016-12-05T20:07:28.742-05:00 INFO    ReplicaSajjad UDP Server Is UP! 
2016-12-05T20:07:29.030-05:00 INFO    Executing Opernation : heatBeat, on Server :Montreal 
2016-12-05T20:07:53.970-05:00 INFO    Executing Opernation : editFlightRecord, on Server :Montreal 
2016-12-05T20:07:54.136-05:00 INFO    Executing Opernation : editFlightRecord, on Server :Montreal 
2016-12-05T20:07:54.290-05:00 INFO    Executing Opernation : editFlightRecord, on Server :Montreal 
2016-12-05T20:07:54.512-05:00 INFO    Executing Opernation : editFlightRecord, on Server :Montreal 
2016-12-05T20:07:54.710-05:00 INFO    Executing Opernation : bookFlight, on Server :Montreal 
2016-12-05T20:11:22.636-05:00 INFO    Replica is UP! 
2016-12-05T20:11:22.659-05:00 INFO    ReplicaSajjad UDP Server Is UP! 
2016-12-05T20:11:23.035-05:00 INFO    Executing Opernation : heatBeat, on Server :Montreal 
2016-12-05T20:12:03.662-05:00 INFO    Executing Opernation : editFlightRecord, on Server :Montreal 
2016-12-05T20:12:03.855-05:00 INFO    Executing Opernation : editFlightRecord, on Server :Montreal 
2016-12-05T20:12:04.011-05:00 INFO    Executing Opernation : editFlightRecord, on Server :Montreal 
2016-12-05T20:12:04.175-05:00 INFO    Executing Opernation : editFlightRecord, on Server :Montreal 
2016-12-05T20:12:04.386-05:00 INFO    Executing Opernation : bookFlight, on Server :Montreal 
2016-12-05T20:13:34.033-05:00 INFO    Replica is UP! 
2016-12-05T20:13:34.038-05:00 INFO    ReplicaSajjad UDP Server Is UP! 
2016-12-05T20:13:34.342-05:00 INFO    Executing Opernation : heatBeat, on Server :Montreal 
2016-12-05T20:13:42.092-05:00 INFO    Executing Opernation : heatBeat, on Server :Montreal 
2016-12-05T20:14:28.562-05:00 INFO    Executing Opernation : editFlightRecord, on Server :Montreal 
2016-12-05T20:14:28.717-05:00 INFO    Executing Opernation : editFlightRecord, on Server :Montreal 
2016-12-05T20:14:28.874-05:00 INFO    Executing Opernation : editFlightRecord, on Server :Montreal 
2016-12-05T20:14:29.071-05:00 INFO    Executing Opernation : editFlightRecord, on Server :Montreal 
2016-12-05T20:14:29.302-05:00 INFO    Executing Opernation : bookFlight, on Server :Montreal 
2016-12-05T20:22:25.106-05:00 INFO    Replica is UP! 
2016-12-05T20:22:25.117-05:00 INFO    ReplicaSajjad UDP Server Is UP! 
2016-12-05T20:22:25.513-05:00 INFO    Executing Opernation : heatBeat, on Server :Montreal 
2016-12-05T20:22:48.759-05:00 INFO    Executing Opernation : editFlightRecord, on Server :Montreal 
2016-12-05T20:22:48.952-05:00 INFO    Executing Opernation : editFlightRecord, on Server :Montreal 
2016-12-05T20:22:49.106-05:00 INFO    Executing Opernation : editFlightRecord, on Server :Montreal 
2016-12-05T20:22:49.328-05:00 INFO    Executing Opernation : editFlightRecord, on Server :Montreal 
2016-12-05T20:22:49.484-05:00 INFO    Executing Opernation : bookFlight, on Server :Montreal 
2016-12-05T20:22:49.723-05:00 INFO    Executing Opernation : editFlightRecord, on Server :NewDelhi 
2016-12-05T20:22:49.914-05:00 INFO    Executing Opernation : transferReservation, on Server :Montreal 
2016-12-05T20:27:02.310-05:00 INFO    Replica is UP! 
2016-12-05T20:27:02.313-05:00 INFO    ReplicaSajjad UDP Server Is UP! 
2016-12-05T20:27:02.640-05:00 INFO    Executing Opernation : heatBeat, on Server :Montreal 
2016-12-05T20:27:41.642-05:00 INFO    Executing Opernation : editFlightRecord, on Server :Montreal 
2016-12-05T20:27:41.759-05:00 INFO    Executing Opernation : editFlightRecord, on Server :Montreal 
2016-12-05T20:27:41.832-05:00 INFO    Executing Opernation : editFlightRecord, on Server :Montreal 
2016-12-05T20:27:42.002-05:00 INFO    Executing Opernation : editFlightRecord, on Server :Montreal 
2016-12-05T20:27:42.159-05:00 INFO    Executing Opernation : bookFlight, on Server :Montreal 
2016-12-05T20:27:42.360-05:00 INFO    Executing Opernation : editFlightRecord, on Server :NewDelhi 
2016-12-05T20:27:42.507-05:00 INFO    Executing Opernation : transferReservation, on Server :Montreal 
2016-12-05T20:31:10.699-05:00 INFO    Replica is UP! 
2016-12-05T20:31:10.702-05:00 INFO    ReplicaSajjad UDP Server Is UP! 
2016-12-05T20:31:11.072-05:00 INFO    Executing Opernation : heatBeat, on Server :Montreal 
2016-12-05T20:31:59.438-05:00 INFO    Executing Opernation : editFlightRecord, on Server :Montreal 
2016-12-05T20:31:59.566-05:00 INFO    Executing Opernation : editFlightRecord, on Server :Montreal 
2016-12-05T20:31:59.648-05:00 INFO    Executing Opernation : editFlightRecord, on Server :Montreal 
2016-12-05T20:31:59.856-05:00 INFO    Executing Opernation : editFlightRecord, on Server :Montreal 
2016-12-05T20:32:00.027-05:00 INFO    Executing Opernation : bookFlight, on Server :Montreal 
2016-12-05T20:32:00.231-05:00 INFO    Executing Opernation : editFlightRecord, on Server :NewDelhi 
2016-12-05T20:32:00.466-05:00 INFO    Executing Opernation : transferReservation, on Server :Montreal 
2016-12-05T20:37:48.480-05:00 INFO    Replica is UP! 
2016-12-05T20:37:48.484-05:00 INFO    ReplicaSajjad UDP Server Is UP! 
2016-12-05T20:37:48.892-05:00 INFO    Executing Opernation : heatBeat, on Server :Montreal 
2016-12-05T20:39:35.170-05:00 INFO    Executing Opernation : editFlightRecord, on Server :Montreal 
2016-12-05T20:39:35.317-05:00 INFO    Executing Opernation : editFlightRecord, on Server :Montreal 
2016-12-05T20:39:35.456-05:00 INFO    Executing Opernation : editFlightRecord, on Server :Montreal 
2016-12-05T20:39:35.581-05:00 INFO    Executing Opernation : editFlightRecord, on Server :Montreal 
2016-12-05T20:39:35.741-05:00 INFO    Executing Opernation : bookFlight, on Server :Montreal 
2016-12-05T20:40:26.583-05:00 INFO    Executing Opernation : editFlightRecord, on Server :NewDelhi 
2016-12-05T20:40:26.717-05:00 INFO    Executing Opernation : transferReservation, on Server :Montreal 
2016-12-05T20:47:23.304-05:00 INFO    Replica is UP! 
2016-12-05T20:47:23.320-05:00 INFO    ReplicaSajjad UDP Server Is UP! 
2016-12-05T20:47:23.753-05:00 INFO    Executing Opernation : heatBeat, on Server :Montreal 
2016-12-05T20:48:43.261-05:00 INFO    Executing Opernation : editFlightRecord, on Server :Montreal 
2016-12-05T20:48:43.499-05:00 INFO    Executing Opernation : editFlightRecord, on Server :Montreal 
2016-12-05T20:48:43.774-05:00 INFO    Executing Opernation : editFlightRecord, on Server :Montreal 
2016-12-05T20:48:44.953-05:00 INFO    Executing Opernation : editFlightRecord, on Server :Montreal 
2016-12-05T20:48:45.158-05:00 INFO    Executing Opernation : bookFlight, on Server :Montreal 
2016-12-05T20:48:45.574-05:00 INFO    Executing Opernation : editFlightRecord, on Server :NewDelhi 
2016-12-05T20:48:46.090-05:00 INFO    Executing Opernation : transferReservation, on Server :Montreal 
2016-12-05T20:56:17.685-05:00 INFO    Replica is UP! 
2016-12-05T20:56:17.696-05:00 INFO    ReplicaSajjad UDP Server Is UP! 
2016-12-05T20:56:18.068-05:00 INFO    Executing Opernation : heatBeat, on Server :Montreal 
2016-12-05T20:56:37.010-05:00 INFO    Executing Opernation : editFlightRecord, on Server :Montreal 
2016-12-05T20:56:37.288-05:00 INFO    Executing Opernation : editFlightRecord, on Server :Montreal 
2016-12-05T20:56:37.456-05:00 INFO    Executing Opernation : editFlightRecord, on Server :Montreal 
2016-12-05T20:56:37.739-05:00 INFO    Executing Opernation : editFlightRecord, on Server :Montreal 
2016-12-05T20:56:38.077-05:00 INFO    Executing Opernation : bookFlight, on Server :Montreal 
2016-12-05T20:56:38.387-05:00 INFO    Executing Opernation : editFlightRecord, on Server :NewDelhi 
2016-12-05T20:56:38.610-05:00 INFO    Executing Opernation : transferReservation, on Server :Montreal 
2016-12-05T21:02:28.192-05:00 INFO    Replica is UP! 
2016-12-05T21:02:28.196-05:00 INFO    ReplicaSajjad UDP Server Is UP! 
2016-12-05T21:02:28.632-05:00 INFO    Executing Opernation : heatBeat, on Server :Montreal 
2016-12-05T21:02:40.605-05:00 INFO    Executing Opernation : editFlightRecord, on Server :Montreal 
2016-12-05T21:02:40.738-05:00 INFO    Executing Opernation : editFlightRecord, on Server :Montreal 
2016-12-05T21:02:40.920-05:00 INFO    Executing Opernation : editFlightRecord, on Server :Montreal 
2016-12-05T21:02:41.096-05:00 INFO    Executing Opernation : editFlightRecord, on Server :Montreal 
2016-12-05T21:02:41.358-05:00 INFO    Executing Opernation : bookFlight, on Server :Montreal 
2016-12-05T21:02:41.756-05:00 INFO    Executing Opernation : editFlightRecord, on Server :NewDelhi 
2016-12-05T21:02:41.993-05:00 INFO    Executing Opernation : transferReservation, on Server :Montreal 
2016-12-05T21:07:01.982-05:00 INFO    Replica is UP! 
2016-12-05T21:07:01.989-05:00 INFO    ReplicaSajjad UDP Server Is UP! 
2016-12-05T21:07:02.430-05:00 INFO    Executing Opernation : heatBeat, on Server :Montreal 
2016-12-05T21:07:14.320-05:00 INFO    Executing Opernation : editFlightRecord, on Server :Montreal 
2016-12-05T21:10:13.165-05:00 INFO    Executing Opernation : editFlightRecord, on Server :Montreal 
2016-12-05T21:11:54.270-05:00 INFO    Executing Opernation : editFlightRecord, on Server :Montreal 
2016-12-05T21:14:58.029-05:00 INFO    Executing Opernation : editFlightRecord, on Server :Montreal 
2016-12-05T21:15:38.561-05:00 INFO    Executing Opernation : editFlightRecord, on Server :Montreal 
2016-12-05T21:23:02.297-05:00 INFO    Replica is UP! 
2016-12-05T21:23:02.319-05:00 INFO    ReplicaSajjad UDP Server Is UP! 
2016-12-05T21:23:03.022-05:00 INFO    Executing Opernation : heatBeat, on Server :Montreal 
2016-12-05T21:24:27.076-05:00 INFO    Executing Opernation : editFlightRecord, on Server :Montreal 
2016-12-05T21:38:03.592-05:00 INFO    Replica is UP! 
2016-12-05T21:38:03.601-05:00 INFO    ReplicaSajjad UDP Server Is UP! 
2016-12-05T21:38:04.048-05:00 INFO    Executing Opernation : heatBeat, on Server :Montreal 
2016-12-05T21:38:49.104-05:00 INFO    Executing Opernation : editFlightRecord, on Server :Montreal 
2016-12-05T21:49:35.814-05:00 INFO    Replica is UP! 
2016-12-05T21:49:35.833-05:00 INFO    ReplicaSajjad UDP Server Is UP! 
2016-12-05T21:49:36.308-05:00 INFO    Executing Opernation : heatBeat, on Server :Montreal 
2016-12-05T21:50:38.951-05:00 INFO    Executing Opernation : editFlightRecord, on Server :Montreal 
2016-12-05T22:10:02.248-05:00 INFO    Replica is UP! 
2016-12-05T22:10:02.282-05:00 INFO    ReplicaSajjad UDP Server Is UP! 
2016-12-05T22:10:02.877-05:00 INFO    Executing Opernation : heatBeat, on Server :Montreal 
2016-12-05T22:10:17.831-05:00 INFO    Executing Opernation : heatBeat, on Server :Montreal 
2016-12-05T22:10:18.113-05:00 INFO    Executing Opernation : editFlightRecord, on Server :Montreal 
2016-12-05T22:10:32.832-05:00 INFO    Executing Opernation : heatBeat, on Server :Montreal 
2016-12-05T22:10:47.832-05:00 INFO    Executing Opernation : heatBeat, on Server :Montreal 
2016-12-05T22:13:46.851-05:00 INFO    Replica is UP! 
2016-12-05T22:13:46.869-05:00 INFO    ReplicaSajjad UDP Server Is UP! 
2016-12-05T22:13:47.284-05:00 INFO    Executing Opernation : heatBeat, on Server :Montreal 
2016-12-05T22:13:52.051-05:00 INFO    Executing Opernation : editFlightRecord, on Server :Montreal 
2016-12-05T22:13:52.208-05:00 INFO    Executing Opernation : editFlightRecord, on Server :Montreal 
2016-12-05T22:13:52.385-05:00 INFO    Executing Opernation : editFlightRecord, on Server :Montreal 
2016-12-05T22:13:52.575-05:00 INFO    Executing Opernation : editFlightRecord, on Server :Montreal 
2016-12-05T22:13:52.823-05:00 INFO    Executing Opernation : bookFlight, on Server :Montreal 
2016-12-05T22:13:53.174-05:00 INFO    Executing Opernation : editFlightRecord, on Server :NewDelhi 
2016-12-05T22:13:53.310-05:00 INFO    Executing Opernation : transferReservation, on Server :Montreal 
2016-12-05T22:14:02.277-05:00 INFO    Executing Opernation : heatBeat, on Server :Montreal 
2016-12-05T22:14:17.278-05:00 INFO    Executing Opernation : heatBeat, on Server :Montreal 
2016-12-05T22:14:32.279-05:00 INFO    Executing Opernation : heatBeat, on Server :Montreal 
2016-12-05T22:14:47.280-05:00 INFO    Executing Opernation : heatBeat, on Server :Montreal 
2016-12-05T22:15:02.280-05:00 INFO    Executing Opernation : heatBeat, on Server :Montreal 
2016-12-05T22:15:17.281-05:00 INFO    Executing Opernation : heatBeat, on Server :Montreal 
2016-12-05T22:15:32.282-05:00 INFO    Executing Opernation : heatBeat, on Server :Montreal 
2016-12-05T22:15:47.282-05:00 INFO    Executing Opernation : heatBeat, on Server :Montreal 
2016-12-05T22:16:02.284-05:00 INFO    Executing Opernation : heatBeat, on Server :Montreal 
2016-12-05T22:16:17.284-05:00 INFO    Executing Opernation : heatBeat, on Server :Montreal 
2016-12-05T22:16:32.285-05:00 INFO    Executing Opernation : heatBeat, on Server :Montreal 
2016-12-05T22:16:47.285-05:00 INFO    Executing Opernation : heatBeat, on Server :Montreal 
2016-12-05T22:17:02.297-05:00 INFO    Executing Opernation : heatBeat, on Server :Montreal 
2016-12-05T22:18:17.013-05:00 INFO    Replica is UP! 
2016-12-05T22:18:17.029-05:00 INFO    ReplicaSajjad UDP Server Is UP! 
2016-12-05T22:18:17.625-05:00 INFO    Executing Opernation : heatBeat, on Server :Montreal 
2016-12-05T22:18:32.617-05:00 INFO    Executing Opernation : heatBeat, on Server :Montreal 
2016-12-05T22:18:46.168-05:00 INFO    Executing Opernation : editFlightRecord, on Server :Montreal 
2016-12-05T22:18:46.325-05:00 INFO    Executing Opernation : editFlightRecord, on Server :Montreal 
2016-12-05T22:18:46.463-05:00 INFO    Executing Opernation : editFlightRecord, on Server :Montreal 
2016-12-05T22:18:46.594-05:00 INFO    Executing Opernation : editFlightRecord, on Server :Montreal 
2016-12-05T22:18:46.745-05:00 INFO    Executing Opernation : bookFlight, on Server :Montreal 
2016-12-05T22:18:46.926-05:00 INFO    Executing Opernation : editFlightRecord, on Server :NewDelhi 
2016-12-05T22:18:47.105-05:00 INFO    Executing Opernation : transferReservation, on Server :Montreal 
2016-12-05T22:18:47.617-05:00 INFO    Executing Opernation : heatBeat, on Server :Montreal 
2016-12-05T22:19:02.618-05:00 INFO    Executing Opernation : heatBeat, on Server :Montreal 
2016-12-05T22:19:17.619-05:00 INFO    Executing Opernation : heatBeat, on Server :Montreal 
2016-12-05T22:19:32.620-05:00 INFO    Executing Opernation : heatBeat, on Server :Montreal 
2016-12-05T22:19:47.621-05:00 INFO    Executing Opernation : heatBeat, on Server :Montreal 
2016-12-05T22:20:02.621-05:00 INFO    Executing Opernation : heatBeat, on Server :Montreal 
2016-12-05T22:20:17.623-05:00 INFO    Executing Opernation : heatBeat, on Server :Montreal 
2016-12-05T22:20:32.623-05:00 INFO    Executing Opernation : heatBeat, on Server :Montreal 
2016-12-05T22:20:47.623-05:00 INFO    Executing Opernation : heatBeat, on Server :Montreal 
2016-12-05T22:21:02.636-05:00 INFO    Executing Opernation : heatBeat, on Server :Montreal 
2016-12-05T22:21:17.637-05:00 INFO    Executing Opernation : heatBeat, on Server :Montreal 
2016-12-05T22:21:32.638-05:00 INFO    Executing Opernation : heatBeat, on Server :Montreal 
2016-12-05T22:21:47.638-05:00 INFO    Executing Opernation : heatBeat, on Server :Montreal 
2016-12-05T22:22:02.639-05:00 INFO    Executing Opernation : heatBeat, on Server :Montreal 
2016-12-05T22:22:17.639-05:00 INFO    Executing Opernation : heatBeat, on Server :Montreal 
2016-12-05T22:22:32.640-05:00 INFO    Executing Opernation : heatBeat, on Server :Montreal 
2016-12-05T22:22:47.641-05:00 INFO    Executing Opernation : heatBeat, on Server :Montreal 
2016-12-05T22:23:02.642-05:00 INFO    Executing Opernation : heatBeat, on Server :Montreal 
2016-12-05T22:23:53.078-05:00 INFO    Replica is UP! 
2016-12-05T22:23:53.094-05:00 INFO    ReplicaSajjad UDP Server Is UP! 
2016-12-05T22:23:53.518-05:00 INFO    Executing Opernation : heatBeat, on Server :Montreal 
2016-12-05T22:24:05.878-05:00 INFO    Executing Opernation : editFlightRecord, on Server :Montreal 
2016-12-05T22:24:05.971-05:00 INFO    Executing Opernation : editFlightRecord, on Server :Montreal 
2016-12-05T22:24:06.121-05:00 INFO    Executing Opernation : editFlightRecord, on Server :Montreal 
2016-12-05T22:24:06.281-05:00 INFO    Executing Opernation : editFlightRecord, on Server :Montreal 
2016-12-05T22:24:06.451-05:00 INFO    Executing Opernation : bookFlight, on Server :Montreal 
2016-12-05T22:24:06.769-05:00 INFO    Executing Opernation : editFlightRecord, on Server :NewDelhi 
2016-12-05T22:24:06.967-05:00 INFO    Executing Opernation : transferReservation, on Server :Montreal 
2016-12-05T22:24:08.510-05:00 INFO    Executing Opernation : heatBeat, on Server :Montreal 
2016-12-05T22:24:23.510-05:00 INFO    Executing Opernation : heatBeat, on Server :Montreal 
2016-12-05T22:24:38.511-05:00 INFO    Executing Opernation : heatBeat, on Server :Montreal 
2016-12-05T22:24:53.512-05:00 INFO    Executing Opernation : heatBeat, on Server :Montreal 
2016-12-05T22:25:08.513-05:00 INFO    Executing Opernation : heatBeat, on Server :Montreal 
2016-12-05T22:25:23.514-05:00 INFO    Executing Opernation : heatBeat, on Server :Montreal 
2016-12-05T22:25:38.514-05:00 INFO    Executing Opernation : heatBeat, on Server :Montreal 
2016-12-05T22:25:53.516-05:00 INFO    Executing Opernation : heatBeat, on Server :Montreal 
2016-12-05T22:26:08.517-05:00 INFO    Executing Opernation : heatBeat, on Server :Montreal 
2016-12-05T22:26:23.518-05:00 INFO    Executing Opernation : heatBeat, on Server :Montreal 
2016-12-05T22:26:38.517-05:00 INFO    Executing Opernation : heatBeat, on Server :Montreal 
2016-12-05T22:26:53.518-05:00 INFO    Executing Opernation : heatBeat, on Server :Montreal 
2016-12-05T22:27:08.520-05:00 INFO    Executing Opernation : heatBeat, on Server :Montreal 
2016-12-05T22:27:23.521-05:00 INFO    Executing Opernation : heatBeat, on Server :Montreal 
2016-12-05T22:27:38.522-05:00 INFO    Executing Opernation : heatBeat, on Server :Montreal 
2016-12-05T22:27:53.522-05:00 INFO    Executing Opernation : heatBeat, on Server :Montreal 
2016-12-05T22:28:08.523-05:00 INFO    Executing Opernation : heatBeat, on Server :Montreal 
2016-12-05T22:28:23.524-05:00 INFO    Executing Opernation : heatBeat, on Server :Montreal 
2016-12-05T22:28:38.524-05:00 INFO    Executing Opernation : heatBeat, on Server :Montreal 
2016-12-05T22:28:53.525-05:00 INFO    Executing Opernation : heatBeat, on Server :Montreal 
2016-12-05T22:29:08.526-05:00 INFO    Executing Opernation : heatBeat, on Server :Montreal 
2016-12-05T22:29:23.528-05:00 INFO    Executing Opernation : heatBeat, on Server :Montreal 
2016-12-05T22:29:38.528-05:00 INFO    Executing Opernation : heatBeat, on Server :Montreal 
2016-12-05T22:29:53.529-05:00 INFO    Executing Opernation : heatBeat, on Server :Montreal 
2016-12-05T22:30:08.530-05:00 INFO    Executing Opernation : heatBeat, on Server :Montreal 
2016-12-05T22:30:23.531-05:00 INFO    Executing Opernation : heatBeat, on Server :Montreal 
2016-12-05T22:30:38.531-05:00 INFO    Executing Opernation : heatBeat, on Server :Montreal 
2016-12-05T22:30:53.533-05:00 INFO    Executing Opernation : heatBeat, on Server :Montreal 
2016-12-05T22:31:08.533-05:00 INFO    Executing Opernation : heatBeat, on Server :Montreal 
2016-12-05T22:31:23.534-05:00 INFO    Executing Opernation : heatBeat, on Server :Montreal 
2016-12-05T22:31:38.535-05:00 INFO    Executing Opernation : heatBeat, on Server :Montreal 
2016-12-05T22:31:53.536-05:00 INFO    Executing Opernation : heatBeat, on Server :Montreal 
2016-12-05T22:32:08.537-05:00 INFO    Executing Opernation : heatBeat, on Server :Montreal 
2016-12-05T22:32:23.538-05:00 INFO    Executing Opernation : heatBeat, on Server :Montreal 
2016-12-05T22:32:38.540-05:00 INFO    Executing Opernation : heatBeat, on Server :Montreal 
2016-12-05T22:32:53.539-05:00 INFO    Executing Opernation : heatBeat, on Server :Montreal 
2016-12-05T22:33:08.540-05:00 INFO    Executing Opernation : heatBeat, on Server :Montreal 
2016-12-05T22:34:01.844-05:00 INFO    Replica is UP! 
2016-12-05T22:34:01.864-05:00 INFO    ReplicaSajjad UDP Server Is UP! 
2016-12-05T22:34:02.233-05:00 INFO    Executing Opernation : heatBeat, on Server :Montreal 
2016-12-05T22:34:14.028-05:00 INFO    Executing Opernation : editFlightRecord, on Server :Montreal 
2016-12-05T22:34:14.138-05:00 INFO    Executing Opernation : editFlightRecord, on Server :Montreal 
2016-12-05T22:34:14.273-05:00 INFO    Executing Opernation : editFlightRecord, on Server :Montreal 
2016-12-05T22:34:14.441-05:00 INFO    Executing Opernation : editFlightRecord, on Server :Montreal 
2016-12-05T22:34:14.593-05:00 INFO    Executing Opernation : bookFlight, on Server :Montreal 
2016-12-05T22:34:14.742-05:00 INFO    Executing Opernation : editFlightRecord, on Server :NewDelhi 
2016-12-05T22:34:17.226-05:00 INFO    Executing Opernation : heatBeat, on Server :Montreal 
2016-12-05T22:34:18.753-05:00 INFO    Executing Opernation : getBookedFlightCount, on Server :Montreal 
2016-12-05T22:34:32.227-05:00 INFO    Executing Opernation : heatBeat, on Server :Montreal 
2016-12-05T22:34:47.227-05:00 INFO    Executing Opernation : heatBeat, on Server :Montreal 
2016-12-05T22:35:02.229-05:00 INFO    Executing Opernation : heatBeat, on Server :Montreal 
2016-12-05T22:35:17.229-05:00 INFO    Executing Opernation : heatBeat, on Server :Montreal 
2016-12-05T22:35:32.230-05:00 INFO    Executing Opernation : heatBeat, on Server :Montreal 
2016-12-05T22:35:47.231-05:00 INFO    Executing Opernation : heatBeat, on Server :Montreal 
2016-12-05T22:36:02.231-05:00 INFO    Executing Opernation : heatBeat, on Server :Montreal 
2016-12-05T22:36:17.233-05:00 INFO    Executing Opernation : heatBeat, on Server :Montreal 
2016-12-05T22:36:32.234-05:00 INFO    Executing Opernation : heatBeat, on Server :Montreal 
2016-12-05T22:37:01.628-05:00 INFO    Replica is UP! 
2016-12-05T22:37:01.628-05:00 INFO    ReplicaSajjad UDP Server Is UP! 
2016-12-05T22:37:01.924-05:00 INFO    Executing Opernation : heatBeat, on Server :Montreal 
2016-12-05T22:37:07.406-05:00 INFO    Executing Opernation : heatBeat, on Server :Montreal 
2016-12-05T22:37:16.911-05:00 INFO    Executing Opernation : heatBeat, on Server :Montreal 
2016-12-05T22:37:28.046-05:00 INFO    Executing Opernation : editFlightRecord, on Server :Montreal 
2016-12-05T22:37:28.161-05:00 INFO    Executing Opernation : editFlightRecord, on Server :Montreal 
2016-12-05T22:37:28.347-05:00 INFO    Executing Opernation : editFlightRecord, on Server :Montreal 
2016-12-05T22:37:28.503-05:00 INFO    Executing Opernation : editFlightRecord, on Server :Montreal 
2016-12-05T22:37:28.702-05:00 INFO    Executing Opernation : bookFlight, on Server :Montreal 
2016-12-05T22:37:28.916-05:00 INFO    Executing Opernation : editFlightRecord, on Server :NewDelhi 
2016-12-05T22:37:29.120-05:00 INFO    Executing Opernation : getBookedFlightCount, on Server :Montreal 
2016-12-05T22:37:31.912-05:00 INFO    Executing Opernation : heatBeat, on Server :Montreal 
2016-12-05T22:37:46.913-05:00 INFO    Executing Opernation : heatBeat, on Server :Montreal 
2016-12-05T22:38:01.914-05:00 INFO    Executing Opernation : heatBeat, on Server :Montreal 
2016-12-05T22:38:16.915-05:00 INFO    Executing Opernation : heatBeat, on Server :Montreal 
2016-12-05T22:38:31.916-05:00 INFO    Executing Opernation : heatBeat, on Server :Montreal 
2016-12-05T22:38:46.917-05:00 INFO    Executing Opernation : heatBeat, on Server :Montreal 
2016-12-05T22:39:01.918-05:00 INFO    Executing Opernation : heatBeat, on Server :Montreal 
2016-12-05T22:39:16.918-05:00 INFO    Executing Opernation : heatBeat, on Server :Montreal 
2016-12-05T22:39:31.919-05:00 INFO    Executing Opernation : heatBeat, on Server :Montreal 
2016-12-05T22:39:46.919-05:00 INFO    Executing Opernation : heatBeat, on Server :Montreal 
2016-12-05T22:40:01.919-05:00 INFO    Executing Opernation : heatBeat, on Server :Montreal 
2016-12-05T22:40:16.921-05:00 INFO    Executing Opernation : heatBeat, on Server :Montreal 
2016-12-05T22:40:31.922-05:00 INFO    Executing Opernation : heatBeat, on Server :Montreal 
2016-12-05T22:40:46.923-05:00 INFO    Executing Opernation : heatBeat, on Server :Montreal 
2016-12-05T22:41:01.924-05:00 INFO    Executing Opernation : heatBeat, on Server :Montreal 
2016-12-05T22:41:16.924-05:00 INFO    Executing Opernation : heatBeat, on Server :Montreal 
2016-12-05T22:41:31.926-05:00 INFO    Executing Opernation : heatBeat, on Server :Montreal 
2016-12-05T22:41:46.926-05:00 INFO    Executing Opernation : heatBeat, on Server :Montreal 
2016-12-05T22:42:01.927-05:00 INFO    Executing Opernation : heatBeat, on Server :Montreal 
2016-12-05T22:42:16.928-05:00 INFO    Executing Opernation : heatBeat, on Server :Montreal 
2016-12-05T22:42:31.930-05:00 INFO    Executing Opernation : heatBeat, on Server :Montreal 
2016-12-05T22:42:46.930-05:00 INFO    Executing Opernation : heatBeat, on Server :Montreal 
2016-12-05T22:43:01.930-05:00 INFO    Executing Opernation : heatBeat, on Server :Montreal 
2016-12-05T22:43:37.922-05:00 INFO    Replica is UP! 
2016-12-05T22:43:37.941-05:00 INFO    ReplicaSajjad UDP Server Is UP! 
2016-12-05T22:43:38.327-05:00 INFO    Executing Opernation : heatBeat, on Server :Montreal 
2016-12-05T22:43:53.321-05:00 INFO    Executing Opernation : heatBeat, on Server :Montreal 
2016-12-05T22:44:08.267-05:00 INFO    Executing Opernation : editFlightRecord, on Server :Montreal 
2016-12-05T22:44:08.321-05:00 INFO    Executing Opernation : heatBeat, on Server :Montreal 
2016-12-05T22:44:08.381-05:00 INFO    Executing Opernation : editFlightRecord, on Server :Montreal 
2016-12-05T22:44:08.543-05:00 INFO    Executing Opernation : editFlightRecord, on Server :Montreal 
2016-12-05T22:44:08.745-05:00 INFO    Executing Opernation : editFlightRecord, on Server :Montreal 
2016-12-05T22:44:08.907-05:00 INFO    Executing Opernation : bookFlight, on Server :Montreal 
2016-12-05T22:44:09.212-05:00 INFO    Executing Opernation : editFlightRecord, on Server :NewDelhi 
2016-12-05T22:44:09.395-05:00 INFO    Executing Opernation : getBookedFlightCount, on Server :Montreal 
2016-12-05T22:44:23.322-05:00 INFO    Executing Opernation : heatBeat, on Server :Montreal 
2016-12-05T22:44:38.323-05:00 INFO    Executing Opernation : heatBeat, on Server :Montreal 
2016-12-05T22:44:53.324-05:00 INFO    Executing Opernation : heatBeat, on Server :Montreal 
2016-12-05T22:45:08.325-05:00 INFO    Executing Opernation : heatBeat, on Server :Montreal 
2016-12-05T22:45:23.326-05:00 INFO    Executing Opernation : heatBeat, on Server :Montreal 
2016-12-05T22:45:38.326-05:00 INFO    Executing Opernation : heatBeat, on Server :Montreal 
2016-12-05T22:45:53.328-05:00 INFO    Executing Opernation : heatBeat, on Server :Montreal 
2016-12-05T22:46:08.329-05:00 INFO    Executing Opernation : heatBeat, on Server :Montreal 
2016-12-05T22:46:23.329-05:00 INFO    Executing Opernation : heatBeat, on Server :Montreal 
2016-12-05T22:46:38.330-05:00 INFO    Executing Opernation : heatBeat, on Server :Montreal 
2016-12-05T22:46:53.331-05:00 INFO    Executing Opernation : heatBeat, on Server :Montreal 
2016-12-05T22:47:08.333-05:00 INFO    Executing Opernation : heatBeat, on Server :Montreal 
2016-12-05T22:48:07.559-05:00 INFO    Replica is UP! 
2016-12-05T22:48:07.568-05:00 INFO    ReplicaSajjad UDP Server Is UP! 
2016-12-05T22:48:07.997-05:00 INFO    Executing Opernation : heatBeat, on Server :Montreal 
2016-12-05T22:48:22.990-05:00 INFO    Executing Opernation : heatBeat, on Server :Montreal 
2016-12-05T22:48:27.017-05:00 INFO    Executing Opernation : editFlightRecord, on Server :Montreal 
2016-12-05T22:48:27.153-05:00 INFO    Executing Opernation : editFlightRecord, on Server :Montreal 
2016-12-05T22:48:27.342-05:00 INFO    Executing Opernation : editFlightRecord, on Server :Montreal 
2016-12-05T22:48:27.528-05:00 INFO    Executing Opernation : editFlightRecord, on Server :Montreal 
2016-12-05T22:48:27.696-05:00 INFO    Executing Opernation : bookFlight, on Server :Montreal 
2016-12-05T22:48:27.925-05:00 INFO    Executing Opernation : editFlightRecord, on Server :NewDelhi 
2016-12-05T22:48:28.175-05:00 INFO    Executing Opernation : getBookedFlightCount, on Server :Montreal 
2016-12-05T22:48:37.991-05:00 INFO    Executing Opernation : heatBeat, on Server :Montreal 
2016-12-05T22:48:52.992-05:00 INFO    Executing Opernation : heatBeat, on Server :Montreal 
2016-12-05T22:49:07.993-05:00 INFO    Executing Opernation : heatBeat, on Server :Montreal 
2016-12-05T22:49:46.119-05:00 INFO    Replica is UP! 
2016-12-05T22:49:46.130-05:00 INFO    ReplicaSajjad UDP Server Is UP! 
2016-12-05T22:49:46.582-05:00 INFO    Executing Opernation : heatBeat, on Server :Montreal 
2016-12-05T22:50:01.576-05:00 INFO    Executing Opernation : heatBeat, on Server :Montreal 
2016-12-05T22:50:09.606-05:00 INFO    Executing Opernation : editFlightRecord, on Server :Montreal 
2016-12-05T22:50:09.768-05:00 INFO    Executing Opernation : editFlightRecord, on Server :Montreal 
2016-12-05T22:50:09.984-05:00 INFO    Executing Opernation : editFlightRecord, on Server :Montreal 
2016-12-05T22:50:10.145-05:00 INFO    Executing Opernation : editFlightRecord, on Server :Montreal 
2016-12-05T22:50:10.371-05:00 INFO    Executing Opernation : bookFlight, on Server :Montreal 
2016-12-05T22:50:10.533-05:00 INFO    Executing Opernation : editFlightRecord, on Server :NewDelhi 
2016-12-05T22:50:10.713-05:00 INFO    Executing Opernation : getBookedFlightCount, on Server :Montreal 
2016-12-05T22:50:11.104-05:00 INFO    Executing Opernation : transferReservation, on Server :Montreal 
2016-12-05T22:50:16.577-05:00 INFO    Executing Opernation : heatBeat, on Server :Montreal 
2016-12-05T22:50:31.578-05:00 INFO    Executing Opernation : heatBeat, on Server :Montreal 
2016-12-05T22:50:46.578-05:00 INFO    Executing Opernation : heatBeat, on Server :Montreal 
2016-12-05T22:51:01.579-05:00 INFO    Executing Opernation : heatBeat, on Server :Montreal 
2016-12-05T22:51:16.580-05:00 INFO    Executing Opernation : heatBeat, on Server :Montreal 
2016-12-05T22:51:31.580-05:00 INFO    Executing Opernation : heatBeat, on Server :Montreal 
2016-12-05T22:51:46.581-05:00 INFO    Executing Opernation : heatBeat, on Server :Montreal 
2016-12-05T22:52:01.583-05:00 INFO    Executing Opernation : heatBeat, on Server :Montreal 
2016-12-05T22:52:16.583-05:00 INFO    Executing Opernation : heatBeat, on Server :Montreal 
2016-12-05T22:52:31.584-05:00 INFO    Executing Opernation : heatBeat, on Server :Montreal 
2016-12-05T22:52:46.586-05:00 INFO    Executing Opernation : heatBeat, on Server :Montreal 
2016-12-05T22:53:01.587-05:00 INFO    Executing Opernation : heatBeat, on Server :Montreal 
2016-12-05T22:53:16.588-05:00 INFO    Executing Opernation : heatBeat, on Server :Montreal 
2016-12-05T22:53:31.589-05:00 INFO    Executing Opernation : heatBeat, on Server :Montreal 
2016-12-05T22:53:46.589-05:00 INFO    Executing Opernation : heatBeat, on Server :Montreal 
2016-12-05T22:54:01.590-05:00 INFO    Executing Opernation : heatBeat, on Server :Montreal 
2016-12-05T22:54:16.591-05:00 INFO    Executing Opernation : heatBeat, on Server :Montreal 
2016-12-05T22:59:23.533-05:00 INFO    Replica is UP! 
2016-12-05T22:59:23.533-05:00 INFO    ReplicaSajjad UDP Server Is UP! 
2016-12-05T22:59:23.830-05:00 INFO    Executing Opernation : heatBeat, on Server :Montreal 
2016-12-05T22:59:38.817-05:00 INFO    Executing Opernation : heatBeat, on Server :Montreal 
2016-12-05T22:59:41.620-05:00 INFO    Executing Opernation : editFlightRecord, on Server :Montreal 
2016-12-05T22:59:41.729-05:00 INFO    Executing Opernation : editFlightRecord, on Server :Montreal 
2016-12-05T22:59:41.879-05:00 INFO    Executing Opernation : editFlightRecord, on Server :Montreal 
2016-12-05T22:59:42.022-05:00 INFO    Executing Opernation : editFlightRecord, on Server :Montreal 
2016-12-05T22:59:42.190-05:00 INFO    Executing Opernation : bookFlight, on Server :Montreal 
2016-12-05T22:59:46.548-05:00 INFO    Executing Opernation : editFlightRecord, on Server :NewDelhi 
2016-12-05T22:59:46.699-05:00 INFO    Executing Opernation : getBookedFlightCount, on Server :Montreal 
2016-12-05T22:59:47.127-05:00 INFO    Executing Opernation : transferReservation, on Server :Montreal 
2016-12-05T22:59:53.818-05:00 INFO    Executing Opernation : heatBeat, on Server :Montreal 
2016-12-05T23:00:08.819-05:00 INFO    Executing Opernation : heatBeat, on Server :Montreal 
2016-12-05T23:00:23.820-05:00 INFO    Executing Opernation : heatBeat, on Server :Montreal 
2016-12-05T23:00:38.821-05:00 INFO    Executing Opernation : heatBeat, on Server :Montreal 
2016-12-05T23:00:53.821-05:00 INFO    Executing Opernation : heatBeat, on Server :Montreal 
2016-12-05T23:01:08.821-05:00 INFO    Executing Opernation : heatBeat, on Server :Montreal 
2016-12-05T23:01:23.822-05:00 INFO    Executing Opernation : heatBeat, on Server :Montreal 
2016-12-05T23:01:38.823-05:00 INFO    Executing Opernation : heatBeat, on Server :Montreal 
2016-12-05T23:01:53.825-05:00 INFO    Executing Opernation : heatBeat, on Server :Montreal 
2016-12-05T23:02:08.826-05:00 INFO    Executing Opernation : heatBeat, on Server :Montreal 
2016-12-05T23:02:23.827-05:00 INFO    Executing Opernation : heatBeat, on Server :Montreal 
2016-12-05T23:02:38.828-05:00 INFO    Executing Opernation : heatBeat, on Server :Montreal 
2016-12-05T23:02:53.829-05:00 INFO    Executing Opernation : heatBeat, on Server :Montreal 
2016-12-05T23:03:08.830-05:00 INFO    Executing Opernation : heatBeat, on Server :Montreal 
2016-12-05T23:03:23.830-05:00 INFO    Executing Opernation : heatBeat, on Server :Montreal 
2016-12-05T23:03:38.831-05:00 INFO    Executing Opernation : heatBeat, on Server :Montreal 
2016-12-05T23:03:53.833-05:00 INFO    Executing Opernation : heatBeat, on Server :Montreal 
2016-12-05T23:04:08.832-05:00 INFO    Executing Opernation : heatBeat, on Server :Montreal 
2016-12-05T23:04:23.834-05:00 INFO    Executing Opernation : heatBeat, on Server :Montreal 
2016-12-05T23:04:38.835-05:00 INFO    Executing Opernation : heatBeat, on Server :Montreal 
2016-12-05T23:04:53.836-05:00 INFO    Executing Opernation : heatBeat, on Server :Montreal 
